[3.438s] Invoking command in '/home/joe/workspaces/ros2_ws/src/canny_edge': PYTHONPATH=/home/joe/workspaces/ros2_ws/build/canny_edge/prefix_override:/home/joe/workspaces/ros2_ws/install/canny_edge/lib/python3.10/site-packages:${PYTHONPATH} /usr/bin/python3 -W ignore:setup.py install is deprecated setup.py egg_info --egg-base ../../build/canny_edge build --build-base /home/joe/workspaces/ros2_ws/build/canny_edge/build install --record /home/joe/workspaces/ros2_ws/build/canny_edge/install.log --single-version-externally-managed install_data
[4.068s] running egg_info
[4.070s] creating ../../build/canny_edge/canny_edge.egg-info
[4.071s] writing ../../build/canny_edge/canny_edge.egg-info/PKG-INFO
[4.071s] writing dependency_links to ../../build/canny_edge/canny_edge.egg-info/dependency_links.txt
[4.072s] writing entry points to ../../build/canny_edge/canny_edge.egg-info/entry_points.txt
[4.073s] writing requirements to ../../build/canny_edge/canny_edge.egg-info/requires.txt
[4.073s] writing top-level names to ../../build/canny_edge/canny_edge.egg-info/top_level.txt
[4.073s] writing manifest file '../../build/canny_edge/canny_edge.egg-info/SOURCES.txt'
[4.076s] reading manifest file '../../build/canny_edge/canny_edge.egg-info/SOURCES.txt'
[4.078s] writing manifest file '../../build/canny_edge/canny_edge.egg-info/SOURCES.txt'
[4.078s] running build
[4.078s] running build_py
[4.079s] creating /home/joe/workspaces/ros2_ws/build/canny_edge/build
[4.079s] creating /home/joe/workspaces/ros2_ws/build/canny_edge/build/lib
[4.079s] creating /home/joe/workspaces/ros2_ws/build/canny_edge/build/lib/canny_edge
[4.080s] copying canny_edge/canny_edge_node.py -> /home/joe/workspaces/ros2_ws/build/canny_edge/build/lib/canny_edge
[4.080s] copying canny_edge/__init__.py -> /home/joe/workspaces/ros2_ws/build/canny_edge/build/lib/canny_edge
[4.080s] running install
[4.081s] running install_lib
[4.082s] creating /home/joe/workspaces/ros2_ws/install/canny_edge/lib/python3.10/site-packages/canny_edge
[4.082s] copying /home/joe/workspaces/ros2_ws/build/canny_edge/build/lib/canny_edge/canny_edge_node.py -> /home/joe/workspaces/ros2_ws/install/canny_edge/lib/python3.10/site-packages/canny_edge
[4.083s] copying /home/joe/workspaces/ros2_ws/build/canny_edge/build/lib/canny_edge/__init__.py -> /home/joe/workspaces/ros2_ws/install/canny_edge/lib/python3.10/site-packages/canny_edge
[4.084s] byte-compiling /home/joe/workspaces/ros2_ws/install/canny_edge/lib/python3.10/site-packages/canny_edge/canny_edge_node.py to canny_edge_node.cpython-310.pyc
[4.086s] byte-compiling /home/joe/workspaces/ros2_ws/install/canny_edge/lib/python3.10/site-packages/canny_edge/__init__.py to __init__.cpython-310.pyc
[4.086s] running install_data
[4.087s] creating /home/joe/workspaces/ros2_ws/install/canny_edge/share/ament_index
[4.087s] creating /home/joe/workspaces/ros2_ws/install/canny_edge/share/ament_index/resource_index
[4.087s] creating /home/joe/workspaces/ros2_ws/install/canny_edge/share/ament_index/resource_index/packages
[4.087s] copying resource/canny_edge -> /home/joe/workspaces/ros2_ws/install/canny_edge/share/ament_index/resource_index/packages
[4.088s] copying package.xml -> /home/joe/workspaces/ros2_ws/install/canny_edge/share/canny_edge
[4.088s] running install_egg_info
[4.092s] Copying ../../build/canny_edge/canny_edge.egg-info to /home/joe/workspaces/ros2_ws/install/canny_edge/lib/python3.10/site-packages/canny_edge-0.0.0-py3.10.egg-info
[4.094s] running install_scripts
[4.153s] Installing canny_edge_node script to /home/joe/workspaces/ros2_ws/install/canny_edge/lib/canny_edge
[4.154s] writing list of installed files to '/home/joe/workspaces/ros2_ws/build/canny_edge/install.log'
[5.011s] Invoked command in '/home/joe/workspaces/ros2_ws/src/canny_edge' returned '0': PYTHONPATH=/home/joe/workspaces/ros2_ws/build/canny_edge/prefix_override:/home/joe/workspaces/ros2_ws/install/canny_edge/lib/python3.10/site-packages:${PYTHONPATH} /usr/bin/python3 -W ignore:setup.py install is deprecated setup.py egg_info --egg-base ../../build/canny_edge build --build-base /home/joe/workspaces/ros2_ws/build/canny_edge/build install --record /home/joe/workspaces/ros2_ws/build/canny_edge/install.log --single-version-externally-managed install_data
