[3.089s] Invoking command in '/home/joe/workspaces/ros2_ws/src/py_launch': PYTHONPATH=/home/joe/workspaces/ros2_ws/build/py_launch/prefix_override:/home/joe/workspaces/ros2_ws/install/py_launch/lib/python3.10/site-packages:${PYTHONPATH} /usr/bin/python3 -W ignore:setup.py install is deprecated setup.py egg_info --egg-base ../../build/py_launch build --build-base /home/joe/workspaces/ros2_ws/build/py_launch/build install --record /home/joe/workspaces/ros2_ws/build/py_launch/install.log --single-version-externally-managed install_data
[3.781s] running egg_info
[3.783s] writing ../../build/py_launch/py_launch.egg-info/PKG-INFO
[3.783s] writing dependency_links to ../../build/py_launch/py_launch.egg-info/dependency_links.txt
[3.784s] writing entry points to ../../build/py_launch/py_launch.egg-info/entry_points.txt
[3.784s] writing requirements to ../../build/py_launch/py_launch.egg-info/requires.txt
[3.784s] writing top-level names to ../../build/py_launch/py_launch.egg-info/top_level.txt
[3.795s] reading manifest file '../../build/py_launch/py_launch.egg-info/SOURCES.txt'
[3.797s] writing manifest file '../../build/py_launch/py_launch.egg-info/SOURCES.txt'
[3.797s] running build
[3.798s] running build_py
[3.798s] running install
[3.799s] running install_lib
[3.804s] running install_data
[3.805s] running install_egg_info
[3.810s] removing '/home/joe/workspaces/ros2_ws/install/py_launch/lib/python3.10/site-packages/py_launch-0.0.0-py3.10.egg-info' (and everything under it)
[3.811s] Copying ../../build/py_launch/py_launch.egg-info to /home/joe/workspaces/ros2_ws/install/py_launch/lib/python3.10/site-packages/py_launch-0.0.0-py3.10.egg-info
[3.814s] running install_scripts
[3.868s] writing list of installed files to '/home/joe/workspaces/ros2_ws/build/py_launch/install.log'
[3.965s] Invoked command in '/home/joe/workspaces/ros2_ws/src/py_launch' returned '0': PYTHONPATH=/home/joe/workspaces/ros2_ws/build/py_launch/prefix_override:/home/joe/workspaces/ros2_ws/install/py_launch/lib/python3.10/site-packages:${PYTHONPATH} /usr/bin/python3 -W ignore:setup.py install is deprecated setup.py egg_info --egg-base ../../build/py_launch build --build-base /home/joe/workspaces/ros2_ws/build/py_launch/build install --record /home/joe/workspaces/ros2_ws/build/py_launch/install.log --single-version-externally-managed install_data
