[3.196s] Invoking command in '/home/joe/workspaces/ros2_ws/src/cv2_contour': PYTHONPATH=/home/joe/workspaces/ros2_ws/build/cv2_contour/prefix_override:/home/joe/workspaces/ros2_ws/install/cv2_contour/lib/python3.10/site-packages:${PYTHONPATH} /usr/bin/python3 -W ignore:setup.py install is deprecated setup.py egg_info --egg-base ../../build/cv2_contour build --build-base /home/joe/workspaces/ros2_ws/build/cv2_contour/build install --record /home/joe/workspaces/ros2_ws/build/cv2_contour/install.log --single-version-externally-managed install_data
[3.717s] running egg_info
[3.717s] writing ../../build/cv2_contour/cv2_contour.egg-info/PKG-INFO
[3.718s] writing dependency_links to ../../build/cv2_contour/cv2_contour.egg-info/dependency_links.txt
[3.718s] writing entry points to ../../build/cv2_contour/cv2_contour.egg-info/entry_points.txt
[3.718s] writing requirements to ../../build/cv2_contour/cv2_contour.egg-info/requires.txt
[3.718s] writing top-level names to ../../build/cv2_contour/cv2_contour.egg-info/top_level.txt
[3.720s] reading manifest file '../../build/cv2_contour/cv2_contour.egg-info/SOURCES.txt'
[3.723s] writing manifest file '../../build/cv2_contour/cv2_contour.egg-info/SOURCES.txt'
[3.723s] running build
[3.723s] running build_py
[3.723s] running install
[3.723s] running install_lib
[3.727s] running install_data
[3.728s] running install_egg_info
[3.734s] removing '/home/joe/workspaces/ros2_ws/install/cv2_contour/lib/python3.10/site-packages/cv2_contour-0.0.0-py3.10.egg-info' (and everything under it)
[3.734s] Copying ../../build/cv2_contour/cv2_contour.egg-info to /home/joe/workspaces/ros2_ws/install/cv2_contour/lib/python3.10/site-packages/cv2_contour-0.0.0-py3.10.egg-info
[3.734s] running install_scripts
[3.780s] Installing cv2_contour_node script to /home/joe/workspaces/ros2_ws/install/cv2_contour/lib/cv2_contour
[3.781s] writing list of installed files to '/home/joe/workspaces/ros2_ws/build/cv2_contour/install.log'
[3.867s] Invoked command in '/home/joe/workspaces/ros2_ws/src/cv2_contour' returned '0': PYTHONPATH=/home/joe/workspaces/ros2_ws/build/cv2_contour/prefix_override:/home/joe/workspaces/ros2_ws/install/cv2_contour/lib/python3.10/site-packages:${PYTHONPATH} /usr/bin/python3 -W ignore:setup.py install is deprecated setup.py egg_info --egg-base ../../build/cv2_contour build --build-base /home/joe/workspaces/ros2_ws/build/cv2_contour/build install --record /home/joe/workspaces/ros2_ws/build/cv2_contour/install.log --single-version-externally-managed install_data
