[3.469s] Invoking command in '/home/joe/workspaces/ros2_ws/src/cv2_contour': PYTHONPATH=/home/joe/workspaces/ros2_ws/build/cv2_contour/prefix_override:/home/joe/workspaces/ros2_ws/install/cv2_contour/lib/python3.10/site-packages:${PYTHONPATH} /usr/bin/python3 -W ignore:setup.py install is deprecated setup.py egg_info --egg-base ../../build/cv2_contour build --build-base /home/joe/workspaces/ros2_ws/build/cv2_contour/build install --record /home/joe/workspaces/ros2_ws/build/cv2_contour/install.log --single-version-externally-managed install_data
[4.062s] running egg_info
[4.062s] writing ../../build/cv2_contour/cv2_contour.egg-info/PKG-INFO
[4.063s] writing dependency_links to ../../build/cv2_contour/cv2_contour.egg-info/dependency_links.txt
[4.063s] writing entry points to ../../build/cv2_contour/cv2_contour.egg-info/entry_points.txt
[4.063s] writing requirements to ../../build/cv2_contour/cv2_contour.egg-info/requires.txt
[4.063s] writing top-level names to ../../build/cv2_contour/cv2_contour.egg-info/top_level.txt
[4.066s] reading manifest file '../../build/cv2_contour/cv2_contour.egg-info/SOURCES.txt'
[4.068s] writing manifest file '../../build/cv2_contour/cv2_contour.egg-info/SOURCES.txt'
[4.068s] running build
[4.068s] running build_py
[4.069s] running install
[4.074s] running install_lib
[4.074s] running install_data
[4.074s] running install_egg_info
[4.076s] removing '/home/joe/workspaces/ros2_ws/install/cv2_contour/lib/python3.10/site-packages/cv2_contour-0.0.0-py3.10.egg-info' (and everything under it)
[4.076s] Copying ../../build/cv2_contour/cv2_contour.egg-info to /home/joe/workspaces/ros2_ws/install/cv2_contour/lib/python3.10/site-packages/cv2_contour-0.0.0-py3.10.egg-info
[4.078s] running install_scripts
[4.124s] Installing cv2_contour_node script to /home/joe/workspaces/ros2_ws/install/cv2_contour/lib/cv2_contour
[4.125s] writing list of installed files to '/home/joe/workspaces/ros2_ws/build/cv2_contour/install.log'
[4.198s] Invoked command in '/home/joe/workspaces/ros2_ws/src/cv2_contour' returned '0': PYTHONPATH=/home/joe/workspaces/ros2_ws/build/cv2_contour/prefix_override:/home/joe/workspaces/ros2_ws/install/cv2_contour/lib/python3.10/site-packages:${PYTHONPATH} /usr/bin/python3 -W ignore:setup.py install is deprecated setup.py egg_info --egg-base ../../build/cv2_contour build --build-base /home/joe/workspaces/ros2_ws/build/cv2_contour/build install --record /home/joe/workspaces/ros2_ws/build/cv2_contour/install.log --single-version-externally-managed install_data
