[0.137s] DEBUG:colcon:Command line arguments: ['/usr/bin/colcon', 'build']
[0.138s] DEBUG:colcon:Parsed command line arguments: Namespace(log_base=None, log_level=None, verb_name='build', build_base='build', install_base='install', merge_install=False, symlink_install=False, test_result_base=None, continue_on_error=False, executor='parallel', parallel_workers=8, event_handlers=None, ignore_user_meta=False, metas=['./colcon.meta'], base_paths=['.'], packages_ignore=None, packages_ignore_regex=None, paths=None, packages_up_to=None, packages_up_to_regex=None, packages_above=None, packages_above_and_dependencies=None, packages_above_depth=None, packages_select_by_dep=None, packages_skip_by_dep=None, packages_skip_up_to=None, packages_select_build_failed=False, packages_skip_build_finished=False, packages_select_test_failures=False, packages_skip_test_passed=False, packages_select=None, packages_skip=None, packages_select_regex=None, packages_skip_regex=None, packages_start=None, packages_end=None, allow_overriding=[], cmake_args=None, cmake_target=None, cmake_target_skip_unavailable=False, cmake_clean_cache=False, cmake_clean_first=False, cmake_force_configure=False, ament_cmake_args=None, catkin_cmake_args=None, catkin_skip_building_tests=False, verb_parser=<colcon_defaults.argument_parser.defaults.DefaultArgumentsDecorator object at 0x778c254403d0>, verb_extension=<colcon_core.verb.build.BuildVerb object at 0x778c255a42b0>, main=<bound method BuildVerb.main of <colcon_core.verb.build.BuildVerb object at 0x778c255a42b0>>)
[0.356s] Level 1:colcon.colcon_core.package_discovery:discover_packages(colcon_meta) check parameters
[0.356s] Level 1:colcon.colcon_core.package_discovery:discover_packages(recursive) check parameters
[0.356s] Level 1:colcon.colcon_core.package_discovery:discover_packages(ignore) check parameters
[0.356s] Level 1:colcon.colcon_core.package_discovery:discover_packages(path) check parameters
[0.356s] Level 1:colcon.colcon_core.package_discovery:discover_packages(colcon_meta) discover
[0.357s] Level 1:colcon.colcon_core.package_discovery:discover_packages(recursive) discover
[0.357s] INFO:colcon.colcon_core.package_discovery:Crawling recursively for packages in '/home/joe/workspaces/ros2_ws'
[0.357s] Level 1:colcon.colcon_core.package_identification:_identify(.) by extensions ['ignore', 'ignore_ament_install']
[0.357s] Level 1:colcon.colcon_core.package_identification:_identify(.) by extension 'ignore'
[0.357s] Level 1:colcon.colcon_core.package_identification:_identify(.) by extension 'ignore_ament_install'
[0.357s] Level 1:colcon.colcon_core.package_identification:_identify(.) by extensions ['colcon_pkg']
[0.357s] Level 1:colcon.colcon_core.package_identification:_identify(.) by extension 'colcon_pkg'
[0.357s] Level 1:colcon.colcon_core.package_identification:_identify(.) by extensions ['colcon_meta']
[0.357s] Level 1:colcon.colcon_core.package_identification:_identify(.) by extension 'colcon_meta'
[0.357s] Level 1:colcon.colcon_core.package_identification:_identify(.) by extensions ['ros']
[0.357s] Level 1:colcon.colcon_core.package_identification:_identify(.) by extension 'ros'
[0.371s] Level 1:colcon.colcon_core.package_identification:_identify(.) by extensions ['cmake', 'python']
[0.371s] Level 1:colcon.colcon_core.package_identification:_identify(.) by extension 'cmake'
[0.371s] Level 1:colcon.colcon_core.package_identification:_identify(.) by extension 'python'
[0.371s] Level 1:colcon.colcon_core.package_identification:_identify(.) by extensions ['python_setup_py']
[0.371s] Level 1:colcon.colcon_core.package_identification:_identify(.) by extension 'python_setup_py'
[0.371s] Level 1:colcon.colcon_core.package_identification:_identify(build) by extensions ['ignore', 'ignore_ament_install']
[0.371s] Level 1:colcon.colcon_core.package_identification:_identify(build) by extension 'ignore'
[0.371s] Level 1:colcon.colcon_core.package_identification:_identify(build) ignored
[0.371s] Level 1:colcon.colcon_core.package_identification:_identify(install) by extensions ['ignore', 'ignore_ament_install']
[0.371s] Level 1:colcon.colcon_core.package_identification:_identify(install) by extension 'ignore'
[0.371s] Level 1:colcon.colcon_core.package_identification:_identify(install) ignored
[0.372s] Level 1:colcon.colcon_core.package_identification:_identify(log) by extensions ['ignore', 'ignore_ament_install']
[0.372s] Level 1:colcon.colcon_core.package_identification:_identify(log) by extension 'ignore'
[0.372s] Level 1:colcon.colcon_core.package_identification:_identify(log) ignored
[0.372s] Level 1:colcon.colcon_core.package_identification:_identify(src) by extensions ['ignore', 'ignore_ament_install']
[0.372s] Level 1:colcon.colcon_core.package_identification:_identify(src) by extension 'ignore'
[0.372s] Level 1:colcon.colcon_core.package_identification:_identify(src) by extension 'ignore_ament_install'
[0.372s] Level 1:colcon.colcon_core.package_identification:_identify(src) by extensions ['colcon_pkg']
[0.372s] Level 1:colcon.colcon_core.package_identification:_identify(src) by extension 'colcon_pkg'
[0.372s] Level 1:colcon.colcon_core.package_identification:_identify(src) by extensions ['colcon_meta']
[0.372s] Level 1:colcon.colcon_core.package_identification:_identify(src) by extension 'colcon_meta'
[0.372s] Level 1:colcon.colcon_core.package_identification:_identify(src) by extensions ['ros']
[0.372s] Level 1:colcon.colcon_core.package_identification:_identify(src) by extension 'ros'
[0.373s] Level 1:colcon.colcon_core.package_identification:_identify(src) by extensions ['cmake', 'python']
[0.373s] Level 1:colcon.colcon_core.package_identification:_identify(src) by extension 'cmake'
[0.373s] Level 1:colcon.colcon_core.package_identification:_identify(src) by extension 'python'
[0.373s] Level 1:colcon.colcon_core.package_identification:_identify(src) by extensions ['python_setup_py']
[0.373s] Level 1:colcon.colcon_core.package_identification:_identify(src) by extension 'python_setup_py'
[0.373s] Level 1:colcon.colcon_core.package_identification:_identify(src/build) by extensions ['ignore', 'ignore_ament_install']
[0.373s] Level 1:colcon.colcon_core.package_identification:_identify(src/build) by extension 'ignore'
[0.373s] Level 1:colcon.colcon_core.package_identification:_identify(src/build) ignored
[0.373s] Level 1:colcon.colcon_core.package_identification:_identify(src/cv2_contour) by extensions ['ignore', 'ignore_ament_install']
[0.373s] Level 1:colcon.colcon_core.package_identification:_identify(src/cv2_contour) by extension 'ignore'
[0.373s] Level 1:colcon.colcon_core.package_identification:_identify(src/cv2_contour) by extension 'ignore_ament_install'
[0.373s] Level 1:colcon.colcon_core.package_identification:_identify(src/cv2_contour) by extensions ['colcon_pkg']
[0.373s] Level 1:colcon.colcon_core.package_identification:_identify(src/cv2_contour) by extension 'colcon_pkg'
[0.373s] Level 1:colcon.colcon_core.package_identification:_identify(src/cv2_contour) by extensions ['colcon_meta']
[0.374s] Level 1:colcon.colcon_core.package_identification:_identify(src/cv2_contour) by extension 'colcon_meta'
[0.374s] Level 1:colcon.colcon_core.package_identification:_identify(src/cv2_contour) by extensions ['ros']
[0.374s] Level 1:colcon.colcon_core.package_identification:_identify(src/cv2_contour) by extension 'ros'
[0.376s] DEBUG:colcon.colcon_core.package_identification:Package 'src/cv2_contour' with type 'ros.ament_python' and name 'cv2_contour'
[0.377s] Level 1:colcon.colcon_core.package_identification:_identify(src/gaussian_blur) by extensions ['ignore', 'ignore_ament_install']
[0.377s] Level 1:colcon.colcon_core.package_identification:_identify(src/gaussian_blur) by extension 'ignore'
[0.377s] Level 1:colcon.colcon_core.package_identification:_identify(src/gaussian_blur) by extension 'ignore_ament_install'
[0.377s] Level 1:colcon.colcon_core.package_identification:_identify(src/gaussian_blur) by extensions ['colcon_pkg']
[0.377s] Level 1:colcon.colcon_core.package_identification:_identify(src/gaussian_blur) by extension 'colcon_pkg'
[0.377s] Level 1:colcon.colcon_core.package_identification:_identify(src/gaussian_blur) by extensions ['colcon_meta']
[0.377s] Level 1:colcon.colcon_core.package_identification:_identify(src/gaussian_blur) by extension 'colcon_meta'
[0.377s] Level 1:colcon.colcon_core.package_identification:_identify(src/gaussian_blur) by extensions ['ros']
[0.377s] Level 1:colcon.colcon_core.package_identification:_identify(src/gaussian_blur) by extension 'ros'
[0.378s] DEBUG:colcon.colcon_core.package_identification:Package 'src/gaussian_blur' with type 'ros.ament_python' and name 'gaussian_blur'
[0.378s] Level 1:colcon.colcon_core.package_identification:_identify(src/install) by extensions ['ignore', 'ignore_ament_install']
[0.378s] Level 1:colcon.colcon_core.package_identification:_identify(src/install) by extension 'ignore'
[0.378s] Level 1:colcon.colcon_core.package_identification:_identify(src/install) ignored
[0.378s] Level 1:colcon.colcon_core.package_identification:_identify(src/log) by extensions ['ignore', 'ignore_ament_install']
[0.378s] Level 1:colcon.colcon_core.package_identification:_identify(src/log) by extension 'ignore'
[0.378s] Level 1:colcon.colcon_core.package_identification:_identify(src/log) ignored
[0.378s] Level 1:colcon.colcon_core.package_identification:_identify(src/py_controller_pub) by extensions ['ignore', 'ignore_ament_install']
[0.378s] Level 1:colcon.colcon_core.package_identification:_identify(src/py_controller_pub) by extension 'ignore'
[0.378s] Level 1:colcon.colcon_core.package_identification:_identify(src/py_controller_pub) by extension 'ignore_ament_install'
[0.379s] Level 1:colcon.colcon_core.package_identification:_identify(src/py_controller_pub) by extensions ['colcon_pkg']
[0.379s] Level 1:colcon.colcon_core.package_identification:_identify(src/py_controller_pub) by extension 'colcon_pkg'
[0.379s] Level 1:colcon.colcon_core.package_identification:_identify(src/py_controller_pub) by extensions ['colcon_meta']
[0.379s] Level 1:colcon.colcon_core.package_identification:_identify(src/py_controller_pub) by extension 'colcon_meta'
[0.379s] Level 1:colcon.colcon_core.package_identification:_identify(src/py_controller_pub) by extensions ['ros']
[0.379s] Level 1:colcon.colcon_core.package_identification:_identify(src/py_controller_pub) by extension 'ros'
[0.379s] DEBUG:colcon.colcon_core.package_identification:Package 'src/py_controller_pub' with type 'ros.ament_python' and name 'py_controller_pub'
[0.379s] Level 1:colcon.colcon_core.package_identification:_identify(src/py_kinematics) by extensions ['ignore', 'ignore_ament_install']
[0.379s] Level 1:colcon.colcon_core.package_identification:_identify(src/py_kinematics) by extension 'ignore'
[0.380s] Level 1:colcon.colcon_core.package_identification:_identify(src/py_kinematics) by extension 'ignore_ament_install'
[0.380s] Level 1:colcon.colcon_core.package_identification:_identify(src/py_kinematics) by extensions ['colcon_pkg']
[0.380s] Level 1:colcon.colcon_core.package_identification:_identify(src/py_kinematics) by extension 'colcon_pkg'
[0.380s] Level 1:colcon.colcon_core.package_identification:_identify(src/py_kinematics) by extensions ['colcon_meta']
[0.380s] Level 1:colcon.colcon_core.package_identification:_identify(src/py_kinematics) by extension 'colcon_meta'
[0.380s] Level 1:colcon.colcon_core.package_identification:_identify(src/py_kinematics) by extensions ['ros']
[0.380s] Level 1:colcon.colcon_core.package_identification:_identify(src/py_kinematics) by extension 'ros'
[0.380s] DEBUG:colcon.colcon_core.package_identification:Package 'src/py_kinematics' with type 'ros.ament_python' and name 'py_kinematics'
[0.381s] Level 1:colcon.colcon_core.package_identification:_identify(src/py_launch) by extensions ['ignore', 'ignore_ament_install']
[0.381s] Level 1:colcon.colcon_core.package_identification:_identify(src/py_launch) by extension 'ignore'
[0.381s] Level 1:colcon.colcon_core.package_identification:_identify(src/py_launch) by extension 'ignore_ament_install'
[0.381s] Level 1:colcon.colcon_core.package_identification:_identify(src/py_launch) by extensions ['colcon_pkg']
[0.381s] Level 1:colcon.colcon_core.package_identification:_identify(src/py_launch) by extension 'colcon_pkg'
[0.381s] Level 1:colcon.colcon_core.package_identification:_identify(src/py_launch) by extensions ['colcon_meta']
[0.381s] Level 1:colcon.colcon_core.package_identification:_identify(src/py_launch) by extension 'colcon_meta'
[0.381s] Level 1:colcon.colcon_core.package_identification:_identify(src/py_launch) by extensions ['ros']
[0.381s] Level 1:colcon.colcon_core.package_identification:_identify(src/py_launch) by extension 'ros'
[0.382s] DEBUG:colcon.colcon_core.package_identification:Package 'src/py_launch' with type 'ros.ament_python' and name 'py_launch'
[0.382s] Level 1:colcon.colcon_core.package_identification:_identify(src/py_pid) by extensions ['ignore', 'ignore_ament_install']
[0.382s] Level 1:colcon.colcon_core.package_identification:_identify(src/py_pid) by extension 'ignore'
[0.382s] Level 1:colcon.colcon_core.package_identification:_identify(src/py_pid) by extension 'ignore_ament_install'
[0.382s] Level 1:colcon.colcon_core.package_identification:_identify(src/py_pid) by extensions ['colcon_pkg']
[0.382s] Level 1:colcon.colcon_core.package_identification:_identify(src/py_pid) by extension 'colcon_pkg'
[0.382s] Level 1:colcon.colcon_core.package_identification:_identify(src/py_pid) by extensions ['colcon_meta']
[0.382s] Level 1:colcon.colcon_core.package_identification:_identify(src/py_pid) by extension 'colcon_meta'
[0.382s] Level 1:colcon.colcon_core.package_identification:_identify(src/py_pid) by extensions ['ros']
[0.382s] Level 1:colcon.colcon_core.package_identification:_identify(src/py_pid) by extension 'ros'
[0.383s] DEBUG:colcon.colcon_core.package_identification:Package 'src/py_pid' with type 'ros.ament_python' and name 'py_pid'
[0.383s] Level 1:colcon.colcon_core.package_discovery:discover_packages(recursive) using defaults
[0.383s] Level 1:colcon.colcon_core.package_discovery:discover_packages(ignore) discover
[0.383s] Level 1:colcon.colcon_core.package_discovery:discover_packages(ignore) using defaults
[0.383s] Level 1:colcon.colcon_core.package_discovery:discover_packages(path) discover
[0.383s] Level 1:colcon.colcon_core.package_discovery:discover_packages(path) using defaults
[0.407s] Level 1:colcon.colcon_core.package_discovery:discover_packages(prefix_path) check parameters
[0.407s] Level 1:colcon.colcon_core.package_discovery:discover_packages(prefix_path) discover
[0.409s] DEBUG:colcon.colcon_installed_package_information.package_discovery:Found 6 installed packages in /home/joe/workspaces/ros2_ws/install
[0.411s] DEBUG:colcon.colcon_installed_package_information.package_discovery:Found 277 installed packages in /opt/ros/humble
[0.413s] Level 1:colcon.colcon_core.package_discovery:discover_packages(prefix_path) using defaults
[0.476s] Level 5:colcon.colcon_core.verb:set package 'cv2_contour' build argument 'cmake_args' from command line to 'None'
[0.476s] Level 5:colcon.colcon_core.verb:set package 'cv2_contour' build argument 'cmake_target' from command line to 'None'
[0.477s] Level 5:colcon.colcon_core.verb:set package 'cv2_contour' build argument 'cmake_target_skip_unavailable' from command line to 'False'
[0.477s] Level 5:colcon.colcon_core.verb:set package 'cv2_contour' build argument 'cmake_clean_cache' from command line to 'False'
[0.477s] Level 5:colcon.colcon_core.verb:set package 'cv2_contour' build argument 'cmake_clean_first' from command line to 'False'
[0.477s] Level 5:colcon.colcon_core.verb:set package 'cv2_contour' build argument 'cmake_force_configure' from command line to 'False'
[0.477s] Level 5:colcon.colcon_core.verb:set package 'cv2_contour' build argument 'ament_cmake_args' from command line to 'None'
[0.477s] Level 5:colcon.colcon_core.verb:set package 'cv2_contour' build argument 'catkin_cmake_args' from command line to 'None'
[0.477s] Level 5:colcon.colcon_core.verb:set package 'cv2_contour' build argument 'catkin_skip_building_tests' from command line to 'False'
[0.477s] DEBUG:colcon.colcon_core.verb:Building package 'cv2_contour' with the following arguments: {'ament_cmake_args': None, 'build_base': '/home/joe/workspaces/ros2_ws/build/cv2_contour', 'catkin_cmake_args': None, 'catkin_skip_building_tests': False, 'cmake_args': None, 'cmake_clean_cache': False, 'cmake_clean_first': False, 'cmake_force_configure': False, 'cmake_target': None, 'cmake_target_skip_unavailable': False, 'install_base': '/home/joe/workspaces/ros2_ws/install/cv2_contour', 'merge_install': False, 'path': '/home/joe/workspaces/ros2_ws/src/cv2_contour', 'symlink_install': False, 'test_result_base': None}
[0.477s] Level 5:colcon.colcon_core.verb:set package 'gaussian_blur' build argument 'cmake_args' from command line to 'None'
[0.477s] Level 5:colcon.colcon_core.verb:set package 'gaussian_blur' build argument 'cmake_target' from command line to 'None'
[0.477s] Level 5:colcon.colcon_core.verb:set package 'gaussian_blur' build argument 'cmake_target_skip_unavailable' from command line to 'False'
[0.477s] Level 5:colcon.colcon_core.verb:set package 'gaussian_blur' build argument 'cmake_clean_cache' from command line to 'False'
[0.477s] Level 5:colcon.colcon_core.verb:set package 'gaussian_blur' build argument 'cmake_clean_first' from command line to 'False'
[0.477s] Level 5:colcon.colcon_core.verb:set package 'gaussian_blur' build argument 'cmake_force_configure' from command line to 'False'
[0.477s] Level 5:colcon.colcon_core.verb:set package 'gaussian_blur' build argument 'ament_cmake_args' from command line to 'None'
[0.477s] Level 5:colcon.colcon_core.verb:set package 'gaussian_blur' build argument 'catkin_cmake_args' from command line to 'None'
[0.477s] Level 5:colcon.colcon_core.verb:set package 'gaussian_blur' build argument 'catkin_skip_building_tests' from command line to 'False'
[0.478s] DEBUG:colcon.colcon_core.verb:Building package 'gaussian_blur' with the following arguments: {'ament_cmake_args': None, 'build_base': '/home/joe/workspaces/ros2_ws/build/gaussian_blur', 'catkin_cmake_args': None, 'catkin_skip_building_tests': False, 'cmake_args': None, 'cmake_clean_cache': False, 'cmake_clean_first': False, 'cmake_force_configure': False, 'cmake_target': None, 'cmake_target_skip_unavailable': False, 'install_base': '/home/joe/workspaces/ros2_ws/install/gaussian_blur', 'merge_install': False, 'path': '/home/joe/workspaces/ros2_ws/src/gaussian_blur', 'symlink_install': False, 'test_result_base': None}
[0.478s] Level 5:colcon.colcon_core.verb:set package 'py_controller_pub' build argument 'cmake_args' from command line to 'None'
[0.478s] Level 5:colcon.colcon_core.verb:set package 'py_controller_pub' build argument 'cmake_target' from command line to 'None'
[0.478s] Level 5:colcon.colcon_core.verb:set package 'py_controller_pub' build argument 'cmake_target_skip_unavailable' from command line to 'False'
[0.478s] Level 5:colcon.colcon_core.verb:set package 'py_controller_pub' build argument 'cmake_clean_cache' from command line to 'False'
[0.478s] Level 5:colcon.colcon_core.verb:set package 'py_controller_pub' build argument 'cmake_clean_first' from command line to 'False'
[0.478s] Level 5:colcon.colcon_core.verb:set package 'py_controller_pub' build argument 'cmake_force_configure' from command line to 'False'
[0.478s] Level 5:colcon.colcon_core.verb:set package 'py_controller_pub' build argument 'ament_cmake_args' from command line to 'None'
[0.478s] Level 5:colcon.colcon_core.verb:set package 'py_controller_pub' build argument 'catkin_cmake_args' from command line to 'None'
[0.478s] Level 5:colcon.colcon_core.verb:set package 'py_controller_pub' build argument 'catkin_skip_building_tests' from command line to 'False'
[0.478s] DEBUG:colcon.colcon_core.verb:Building package 'py_controller_pub' with the following arguments: {'ament_cmake_args': None, 'build_base': '/home/joe/workspaces/ros2_ws/build/py_controller_pub', 'catkin_cmake_args': None, 'catkin_skip_building_tests': False, 'cmake_args': None, 'cmake_clean_cache': False, 'cmake_clean_first': False, 'cmake_force_configure': False, 'cmake_target': None, 'cmake_target_skip_unavailable': False, 'install_base': '/home/joe/workspaces/ros2_ws/install/py_controller_pub', 'merge_install': False, 'path': '/home/joe/workspaces/ros2_ws/src/py_controller_pub', 'symlink_install': False, 'test_result_base': None}
[0.479s] Level 5:colcon.colcon_core.verb:set package 'py_kinematics' build argument 'cmake_args' from command line to 'None'
[0.479s] Level 5:colcon.colcon_core.verb:set package 'py_kinematics' build argument 'cmake_target' from command line to 'None'
[0.479s] Level 5:colcon.colcon_core.verb:set package 'py_kinematics' build argument 'cmake_target_skip_unavailable' from command line to 'False'
[0.479s] Level 5:colcon.colcon_core.verb:set package 'py_kinematics' build argument 'cmake_clean_cache' from command line to 'False'
[0.479s] Level 5:colcon.colcon_core.verb:set package 'py_kinematics' build argument 'cmake_clean_first' from command line to 'False'
[0.479s] Level 5:colcon.colcon_core.verb:set package 'py_kinematics' build argument 'cmake_force_configure' from command line to 'False'
[0.479s] Level 5:colcon.colcon_core.verb:set package 'py_kinematics' build argument 'ament_cmake_args' from command line to 'None'
[0.479s] Level 5:colcon.colcon_core.verb:set package 'py_kinematics' build argument 'catkin_cmake_args' from command line to 'None'
[0.479s] Level 5:colcon.colcon_core.verb:set package 'py_kinematics' build argument 'catkin_skip_building_tests' from command line to 'False'
[0.479s] DEBUG:colcon.colcon_core.verb:Building package 'py_kinematics' with the following arguments: {'ament_cmake_args': None, 'build_base': '/home/joe/workspaces/ros2_ws/build/py_kinematics', 'catkin_cmake_args': None, 'catkin_skip_building_tests': False, 'cmake_args': None, 'cmake_clean_cache': False, 'cmake_clean_first': False, 'cmake_force_configure': False, 'cmake_target': None, 'cmake_target_skip_unavailable': False, 'install_base': '/home/joe/workspaces/ros2_ws/install/py_kinematics', 'merge_install': False, 'path': '/home/joe/workspaces/ros2_ws/src/py_kinematics', 'symlink_install': False, 'test_result_base': None}
[0.479s] Level 5:colcon.colcon_core.verb:set package 'py_launch' build argument 'cmake_args' from command line to 'None'
[0.479s] Level 5:colcon.colcon_core.verb:set package 'py_launch' build argument 'cmake_target' from command line to 'None'
[0.479s] Level 5:colcon.colcon_core.verb:set package 'py_launch' build argument 'cmake_target_skip_unavailable' from command line to 'False'
[0.479s] Level 5:colcon.colcon_core.verb:set package 'py_launch' build argument 'cmake_clean_cache' from command line to 'False'
[0.479s] Level 5:colcon.colcon_core.verb:set package 'py_launch' build argument 'cmake_clean_first' from command line to 'False'
[0.479s] Level 5:colcon.colcon_core.verb:set package 'py_launch' build argument 'cmake_force_configure' from command line to 'False'
[0.479s] Level 5:colcon.colcon_core.verb:set package 'py_launch' build argument 'ament_cmake_args' from command line to 'None'
[0.479s] Level 5:colcon.colcon_core.verb:set package 'py_launch' build argument 'catkin_cmake_args' from command line to 'None'
[0.479s] Level 5:colcon.colcon_core.verb:set package 'py_launch' build argument 'catkin_skip_building_tests' from command line to 'False'
[0.480s] DEBUG:colcon.colcon_core.verb:Building package 'py_launch' with the following arguments: {'ament_cmake_args': None, 'build_base': '/home/joe/workspaces/ros2_ws/build/py_launch', 'catkin_cmake_args': None, 'catkin_skip_building_tests': False, 'cmake_args': None, 'cmake_clean_cache': False, 'cmake_clean_first': False, 'cmake_force_configure': False, 'cmake_target': None, 'cmake_target_skip_unavailable': False, 'install_base': '/home/joe/workspaces/ros2_ws/install/py_launch', 'merge_install': False, 'path': '/home/joe/workspaces/ros2_ws/src/py_launch', 'symlink_install': False, 'test_result_base': None}
[0.480s] Level 5:colcon.colcon_core.verb:set package 'py_pid' build argument 'cmake_args' from command line to 'None'
[0.480s] Level 5:colcon.colcon_core.verb:set package 'py_pid' build argument 'cmake_target' from command line to 'None'
[0.480s] Level 5:colcon.colcon_core.verb:set package 'py_pid' build argument 'cmake_target_skip_unavailable' from command line to 'False'
[0.480s] Level 5:colcon.colcon_core.verb:set package 'py_pid' build argument 'cmake_clean_cache' from command line to 'False'
[0.480s] Level 5:colcon.colcon_core.verb:set package 'py_pid' build argument 'cmake_clean_first' from command line to 'False'
[0.480s] Level 5:colcon.colcon_core.verb:set package 'py_pid' build argument 'cmake_force_configure' from command line to 'False'
[0.480s] Level 5:colcon.colcon_core.verb:set package 'py_pid' build argument 'ament_cmake_args' from command line to 'None'
[0.480s] Level 5:colcon.colcon_core.verb:set package 'py_pid' build argument 'catkin_cmake_args' from command line to 'None'
[0.480s] Level 5:colcon.colcon_core.verb:set package 'py_pid' build argument 'catkin_skip_building_tests' from command line to 'False'
[0.480s] DEBUG:colcon.colcon_core.verb:Building package 'py_pid' with the following arguments: {'ament_cmake_args': None, 'build_base': '/home/joe/workspaces/ros2_ws/build/py_pid', 'catkin_cmake_args': None, 'catkin_skip_building_tests': False, 'cmake_args': None, 'cmake_clean_cache': False, 'cmake_clean_first': False, 'cmake_force_configure': False, 'cmake_target': None, 'cmake_target_skip_unavailable': False, 'install_base': '/home/joe/workspaces/ros2_ws/install/py_pid', 'merge_install': False, 'path': '/home/joe/workspaces/ros2_ws/src/py_pid', 'symlink_install': False, 'test_result_base': None}
[0.480s] INFO:colcon.colcon_core.executor:Executing jobs using 'parallel' executor
[0.481s] DEBUG:colcon.colcon_parallel_executor.executor.parallel:run_until_complete
[0.482s] INFO:colcon.colcon_ros.task.ament_python.build:Building ROS package in '/home/joe/workspaces/ros2_ws/src/cv2_contour' with build type 'ament_python'
[0.482s] Level 1:colcon.colcon_core.shell:create_environment_hook('cv2_contour', 'ament_prefix_path')
[0.485s] INFO:colcon.colcon_core.plugin_system:Skipping extension 'colcon_core.shell.bat': Not used on non-Windows systems
[0.485s] INFO:colcon.colcon_core.shell:Creating environment hook '/home/joe/workspaces/ros2_ws/install/cv2_contour/share/cv2_contour/hook/ament_prefix_path.ps1'
[0.486s] INFO:colcon.colcon_core.shell:Creating environment descriptor '/home/joe/workspaces/ros2_ws/install/cv2_contour/share/cv2_contour/hook/ament_prefix_path.dsv'
[0.486s] INFO:colcon.colcon_core.shell:Creating environment hook '/home/joe/workspaces/ros2_ws/install/cv2_contour/share/cv2_contour/hook/ament_prefix_path.sh'
[0.487s] INFO:colcon.colcon_core.shell:Skip shell extension 'powershell' for command environment: Not usable outside of PowerShell
[0.487s] DEBUG:colcon.colcon_core.shell:Skip shell extension 'dsv' for command environment
[0.492s] INFO:colcon.colcon_ros.task.ament_python.build:Building ROS package in '/home/joe/workspaces/ros2_ws/src/gaussian_blur' with build type 'ament_python'
[0.492s] Level 1:colcon.colcon_core.shell:create_environment_hook('gaussian_blur', 'ament_prefix_path')
[0.493s] INFO:colcon.colcon_core.shell:Creating environment hook '/home/joe/workspaces/ros2_ws/install/gaussian_blur/share/gaussian_blur/hook/ament_prefix_path.ps1'
[0.493s] INFO:colcon.colcon_core.shell:Creating environment descriptor '/home/joe/workspaces/ros2_ws/install/gaussian_blur/share/gaussian_blur/hook/ament_prefix_path.dsv'
[0.494s] INFO:colcon.colcon_core.shell:Creating environment hook '/home/joe/workspaces/ros2_ws/install/gaussian_blur/share/gaussian_blur/hook/ament_prefix_path.sh'
[0.495s] INFO:colcon.colcon_core.shell:Skip shell extension 'powershell' for command environment: Not usable outside of PowerShell
[0.495s] DEBUG:colcon.colcon_core.shell:Skip shell extension 'dsv' for command environment
[0.501s] INFO:colcon.colcon_ros.task.ament_python.build:Building ROS package in '/home/joe/workspaces/ros2_ws/src/py_controller_pub' with build type 'ament_python'
[0.501s] Level 1:colcon.colcon_core.shell:create_environment_hook('py_controller_pub', 'ament_prefix_path')
[0.502s] INFO:colcon.colcon_core.shell:Creating environment hook '/home/joe/workspaces/ros2_ws/install/py_controller_pub/share/py_controller_pub/hook/ament_prefix_path.ps1'
[0.503s] INFO:colcon.colcon_core.shell:Creating environment descriptor '/home/joe/workspaces/ros2_ws/install/py_controller_pub/share/py_controller_pub/hook/ament_prefix_path.dsv'
[0.503s] INFO:colcon.colcon_core.shell:Creating environment hook '/home/joe/workspaces/ros2_ws/install/py_controller_pub/share/py_controller_pub/hook/ament_prefix_path.sh'
[0.504s] INFO:colcon.colcon_core.shell:Skip shell extension 'powershell' for command environment: Not usable outside of PowerShell
[0.504s] DEBUG:colcon.colcon_core.shell:Skip shell extension 'dsv' for command environment
[0.508s] INFO:colcon.colcon_ros.task.ament_python.build:Building ROS package in '/home/joe/workspaces/ros2_ws/src/py_kinematics' with build type 'ament_python'
[0.509s] Level 1:colcon.colcon_core.shell:create_environment_hook('py_kinematics', 'ament_prefix_path')
[0.509s] INFO:colcon.colcon_core.shell:Creating environment hook '/home/joe/workspaces/ros2_ws/install/py_kinematics/share/py_kinematics/hook/ament_prefix_path.ps1'
[0.510s] INFO:colcon.colcon_core.shell:Creating environment descriptor '/home/joe/workspaces/ros2_ws/install/py_kinematics/share/py_kinematics/hook/ament_prefix_path.dsv'
[0.510s] INFO:colcon.colcon_core.shell:Creating environment hook '/home/joe/workspaces/ros2_ws/install/py_kinematics/share/py_kinematics/hook/ament_prefix_path.sh'
[0.511s] INFO:colcon.colcon_core.shell:Skip shell extension 'powershell' for command environment: Not usable outside of PowerShell
[0.511s] DEBUG:colcon.colcon_core.shell:Skip shell extension 'dsv' for command environment
[0.517s] INFO:colcon.colcon_ros.task.ament_python.build:Building ROS package in '/home/joe/workspaces/ros2_ws/src/py_launch' with build type 'ament_python'
[0.517s] Level 1:colcon.colcon_core.shell:create_environment_hook('py_launch', 'ament_prefix_path')
[0.518s] INFO:colcon.colcon_core.shell:Creating environment hook '/home/joe/workspaces/ros2_ws/install/py_launch/share/py_launch/hook/ament_prefix_path.ps1'
[0.518s] INFO:colcon.colcon_core.shell:Creating environment descriptor '/home/joe/workspaces/ros2_ws/install/py_launch/share/py_launch/hook/ament_prefix_path.dsv'
[0.519s] INFO:colcon.colcon_core.shell:Creating environment hook '/home/joe/workspaces/ros2_ws/install/py_launch/share/py_launch/hook/ament_prefix_path.sh'
[0.519s] INFO:colcon.colcon_core.shell:Skip shell extension 'powershell' for command environment: Not usable outside of PowerShell
[0.520s] DEBUG:colcon.colcon_core.shell:Skip shell extension 'dsv' for command environment
[0.524s] INFO:colcon.colcon_ros.task.ament_python.build:Building ROS package in '/home/joe/workspaces/ros2_ws/src/py_pid' with build type 'ament_python'
[0.525s] Level 1:colcon.colcon_core.shell:create_environment_hook('py_pid', 'ament_prefix_path')
[0.525s] INFO:colcon.colcon_core.shell:Creating environment hook '/home/joe/workspaces/ros2_ws/install/py_pid/share/py_pid/hook/ament_prefix_path.ps1'
[0.526s] INFO:colcon.colcon_core.shell:Creating environment descriptor '/home/joe/workspaces/ros2_ws/install/py_pid/share/py_pid/hook/ament_prefix_path.dsv'
[0.527s] INFO:colcon.colcon_core.shell:Creating environment hook '/home/joe/workspaces/ros2_ws/install/py_pid/share/py_pid/hook/ament_prefix_path.sh'
[0.528s] INFO:colcon.colcon_core.shell:Skip shell extension 'powershell' for command environment: Not usable outside of PowerShell
[0.529s] DEBUG:colcon.colcon_core.shell:Skip shell extension 'dsv' for command environment
[0.872s] INFO:colcon.colcon_core.task.python.build:Building Python package in '/home/joe/workspaces/ros2_ws/src/cv2_contour'
[0.873s] INFO:colcon.colcon_core.shell:Skip shell extension 'powershell' for command environment: Not usable outside of PowerShell
[0.873s] DEBUG:colcon.colcon_core.shell:Skip shell extension 'dsv' for command environment
[1.185s] INFO:colcon.colcon_core.task.python.build:Building Python package in '/home/joe/workspaces/ros2_ws/src/gaussian_blur'
[1.185s] INFO:colcon.colcon_core.shell:Skip shell extension 'powershell' for command environment: Not usable outside of PowerShell
[1.185s] DEBUG:colcon.colcon_core.shell:Skip shell extension 'dsv' for command environment
[1.499s] INFO:colcon.colcon_core.task.python.build:Building Python package in '/home/joe/workspaces/ros2_ws/src/py_controller_pub'
[1.499s] INFO:colcon.colcon_core.shell:Skip shell extension 'powershell' for command environment: Not usable outside of PowerShell
[1.499s] DEBUG:colcon.colcon_core.shell:Skip shell extension 'dsv' for command environment
[1.824s] INFO:colcon.colcon_core.task.python.build:Building Python package in '/home/joe/workspaces/ros2_ws/src/py_kinematics'
[1.825s] INFO:colcon.colcon_core.shell:Skip shell extension 'powershell' for command environment: Not usable outside of PowerShell
[1.825s] DEBUG:colcon.colcon_core.shell:Skip shell extension 'dsv' for command environment
[2.138s] INFO:colcon.colcon_core.task.python.build:Building Python package in '/home/joe/workspaces/ros2_ws/src/py_launch'
[2.138s] INFO:colcon.colcon_core.shell:Skip shell extension 'powershell' for command environment: Not usable outside of PowerShell
[2.138s] DEBUG:colcon.colcon_core.shell:Skip shell extension 'dsv' for command environment
[2.468s] INFO:colcon.colcon_core.task.python.build:Building Python package in '/home/joe/workspaces/ros2_ws/src/py_pid'
[2.469s] INFO:colcon.colcon_core.shell:Skip shell extension 'powershell' for command environment: Not usable outside of PowerShell
[2.469s] DEBUG:colcon.colcon_core.shell:Skip shell extension 'dsv' for command environment
[3.030s] DEBUG:colcon.colcon_core.event_handler.log_command:Invoking command in '/home/joe/workspaces/ros2_ws/src/gaussian_blur': PYTHONPATH=/home/joe/workspaces/ros2_ws/build/gaussian_blur/prefix_override:/home/joe/workspaces/ros2_ws/install/gaussian_blur/lib/python3.10/site-packages:${PYTHONPATH} /usr/bin/python3 -W ignore:setup.py install is deprecated setup.py egg_info --egg-base ../../build/gaussian_blur build --build-base /home/joe/workspaces/ros2_ws/build/gaussian_blur/build install --record /home/joe/workspaces/ros2_ws/build/gaussian_blur/install.log --single-version-externally-managed install_data
[3.044s] DEBUG:colcon.colcon_core.event_handler.log_command:Invoking command in '/home/joe/workspaces/ros2_ws/src/py_controller_pub': PYTHONPATH=/home/joe/workspaces/ros2_ws/build/py_controller_pub/prefix_override:/home/joe/workspaces/ros2_ws/install/py_controller_pub/lib/python3.10/site-packages:${PYTHONPATH} /usr/bin/python3 -W ignore:setup.py install is deprecated setup.py egg_info --egg-base ../../build/py_controller_pub build --build-base /home/joe/workspaces/ros2_ws/build/py_controller_pub/build install --record /home/joe/workspaces/ros2_ws/build/py_controller_pub/install.log --single-version-externally-managed install_data
[3.147s] DEBUG:colcon.colcon_core.event_handler.log_command:Invoking command in '/home/joe/workspaces/ros2_ws/src/cv2_contour': PYTHONPATH=/home/joe/workspaces/ros2_ws/build/cv2_contour/prefix_override:/home/joe/workspaces/ros2_ws/install/cv2_contour/lib/python3.10/site-packages:${PYTHONPATH} /usr/bin/python3 -W ignore:setup.py install is deprecated setup.py egg_info --egg-base ../../build/cv2_contour build --build-base /home/joe/workspaces/ros2_ws/build/cv2_contour/build install --record /home/joe/workspaces/ros2_ws/build/cv2_contour/install.log --single-version-externally-managed install_data
[3.174s] DEBUG:colcon.colcon_core.event_handler.log_command:Invoking command in '/home/joe/workspaces/ros2_ws/src/py_kinematics': PYTHONPATH=/home/joe/workspaces/ros2_ws/build/py_kinematics/prefix_override:/home/joe/workspaces/ros2_ws/install/py_kinematics/lib/python3.10/site-packages:${PYTHONPATH} /usr/bin/python3 -W ignore:setup.py install is deprecated setup.py egg_info --egg-base ../../build/py_kinematics build --build-base /home/joe/workspaces/ros2_ws/build/py_kinematics/build install --record /home/joe/workspaces/ros2_ws/build/py_kinematics/install.log --single-version-externally-managed install_data
[3.183s] DEBUG:colcon.colcon_core.event_handler.log_command:Invoking command in '/home/joe/workspaces/ros2_ws/src/py_pid': PYTHONPATH=/home/joe/workspaces/ros2_ws/build/py_pid/prefix_override:/home/joe/workspaces/ros2_ws/install/py_pid/lib/python3.10/site-packages:${PYTHONPATH} /usr/bin/python3 -W ignore:setup.py install is deprecated setup.py egg_info --egg-base ../../build/py_pid build --build-base /home/joe/workspaces/ros2_ws/build/py_pid/build install --record /home/joe/workspaces/ros2_ws/build/py_pid/install.log --single-version-externally-managed install_data
[3.227s] DEBUG:colcon.colcon_core.event_handler.log_command:Invoking command in '/home/joe/workspaces/ros2_ws/src/py_launch': PYTHONPATH=/home/joe/workspaces/ros2_ws/build/py_launch/prefix_override:/home/joe/workspaces/ros2_ws/install/py_launch/lib/python3.10/site-packages:${PYTHONPATH} /usr/bin/python3 -W ignore:setup.py install is deprecated setup.py egg_info --egg-base ../../build/py_launch build --build-base /home/joe/workspaces/ros2_ws/build/py_launch/build install --record /home/joe/workspaces/ros2_ws/build/py_launch/install.log --single-version-externally-managed install_data
[3.661s] DEBUG:colcon.colcon_core.event_handler.log_command:Invoked command in '/home/joe/workspaces/ros2_ws/src/py_controller_pub' returned '0': PYTHONPATH=/home/joe/workspaces/ros2_ws/build/py_controller_pub/prefix_override:/home/joe/workspaces/ros2_ws/install/py_controller_pub/lib/python3.10/site-packages:${PYTHONPATH} /usr/bin/python3 -W ignore:setup.py install is deprecated setup.py egg_info --egg-base ../../build/py_controller_pub build --build-base /home/joe/workspaces/ros2_ws/build/py_controller_pub/build install --record /home/joe/workspaces/ros2_ws/build/py_controller_pub/install.log --single-version-externally-managed install_data
[3.665s] Level 1:colcon.colcon_core.environment:checking '/home/joe/workspaces/ros2_ws/install/py_controller_pub' for CMake module files
[3.666s] Level 1:colcon.colcon_core.environment:checking '/home/joe/workspaces/ros2_ws/install/py_controller_pub' for CMake config files
[3.667s] Level 1:colcon.colcon_core.environment:checking '/home/joe/workspaces/ros2_ws/install/py_controller_pub/lib'
[3.667s] Level 1:colcon.colcon_core.environment:checking '/home/joe/workspaces/ros2_ws/install/py_controller_pub/bin'
[3.667s] Level 1:colcon.colcon_core.environment:checking '/home/joe/workspaces/ros2_ws/install/py_controller_pub/lib/pkgconfig/py_controller_pub.pc'
[3.668s] Level 1:colcon.colcon_core.environment:checking '/home/joe/workspaces/ros2_ws/install/py_controller_pub/lib/python3.10/site-packages'
[3.668s] Level 1:colcon.colcon_core.shell:create_environment_hook('py_controller_pub', 'pythonpath')
[3.668s] INFO:colcon.colcon_core.shell:Creating environment hook '/home/joe/workspaces/ros2_ws/install/py_controller_pub/share/py_controller_pub/hook/pythonpath.ps1'
[3.669s] INFO:colcon.colcon_core.shell:Creating environment descriptor '/home/joe/workspaces/ros2_ws/install/py_controller_pub/share/py_controller_pub/hook/pythonpath.dsv'
[3.669s] INFO:colcon.colcon_core.shell:Creating environment hook '/home/joe/workspaces/ros2_ws/install/py_controller_pub/share/py_controller_pub/hook/pythonpath.sh'
[3.670s] Level 1:colcon.colcon_core.environment:checking '/home/joe/workspaces/ros2_ws/install/py_controller_pub/bin'
[3.670s] Level 1:colcon.colcon_core.environment:create_environment_scripts_only(py_controller_pub)
[3.671s] INFO:colcon.colcon_core.shell:Creating package script '/home/joe/workspaces/ros2_ws/install/py_controller_pub/share/py_controller_pub/package.ps1'
[3.672s] INFO:colcon.colcon_core.shell:Creating package descriptor '/home/joe/workspaces/ros2_ws/install/py_controller_pub/share/py_controller_pub/package.dsv'
[3.673s] INFO:colcon.colcon_core.shell:Creating package script '/home/joe/workspaces/ros2_ws/install/py_controller_pub/share/py_controller_pub/package.sh'
[3.674s] INFO:colcon.colcon_core.shell:Creating package script '/home/joe/workspaces/ros2_ws/install/py_controller_pub/share/py_controller_pub/package.bash'
[3.675s] INFO:colcon.colcon_core.shell:Creating package script '/home/joe/workspaces/ros2_ws/install/py_controller_pub/share/py_controller_pub/package.zsh'
[3.677s] Level 1:colcon.colcon_core.environment:create_file_with_runtime_dependencies(/home/joe/workspaces/ros2_ws/install/py_controller_pub/share/colcon-core/packages/py_controller_pub)
[3.680s] Level 1:colcon.colcon_core.environment:checking '/home/joe/workspaces/ros2_ws/install/gaussian_blur' for CMake module files
[3.681s] Level 1:colcon.colcon_core.environment:checking '/home/joe/workspaces/ros2_ws/install/gaussian_blur' for CMake config files
[3.682s] Level 1:colcon.colcon_core.environment:checking '/home/joe/workspaces/ros2_ws/install/gaussian_blur/lib'
[3.683s] Level 1:colcon.colcon_core.environment:checking '/home/joe/workspaces/ros2_ws/install/gaussian_blur/bin'
[3.683s] Level 1:colcon.colcon_core.environment:checking '/home/joe/workspaces/ros2_ws/install/gaussian_blur/lib/pkgconfig/gaussian_blur.pc'
[3.684s] Level 1:colcon.colcon_core.environment:checking '/home/joe/workspaces/ros2_ws/install/gaussian_blur/lib/python3.10/site-packages'
[3.684s] Level 1:colcon.colcon_core.shell:create_environment_hook('gaussian_blur', 'pythonpath')
[3.685s] INFO:colcon.colcon_core.shell:Creating environment hook '/home/joe/workspaces/ros2_ws/install/gaussian_blur/share/gaussian_blur/hook/pythonpath.ps1'
[3.687s] INFO:colcon.colcon_core.shell:Creating environment descriptor '/home/joe/workspaces/ros2_ws/install/gaussian_blur/share/gaussian_blur/hook/pythonpath.dsv'
[3.688s] INFO:colcon.colcon_core.shell:Creating environment hook '/home/joe/workspaces/ros2_ws/install/gaussian_blur/share/gaussian_blur/hook/pythonpath.sh'
[3.689s] DEBUG:colcon.colcon_core.event_handler.log_command:Invoked command in '/home/joe/workspaces/ros2_ws/src/gaussian_blur' returned '0': PYTHONPATH=/home/joe/workspaces/ros2_ws/build/gaussian_blur/prefix_override:/home/joe/workspaces/ros2_ws/install/gaussian_blur/lib/python3.10/site-packages:${PYTHONPATH} /usr/bin/python3 -W ignore:setup.py install is deprecated setup.py egg_info --egg-base ../../build/gaussian_blur build --build-base /home/joe/workspaces/ros2_ws/build/gaussian_blur/build install --record /home/joe/workspaces/ros2_ws/build/gaussian_blur/install.log --single-version-externally-managed install_data
[3.690s] Level 1:colcon.colcon_core.environment:checking '/home/joe/workspaces/ros2_ws/install/gaussian_blur/bin'
[3.690s] Level 1:colcon.colcon_core.environment:create_environment_scripts_only(gaussian_blur)
[3.691s] INFO:colcon.colcon_core.shell:Creating package script '/home/joe/workspaces/ros2_ws/install/gaussian_blur/share/gaussian_blur/package.ps1'
[3.693s] INFO:colcon.colcon_core.shell:Creating package descriptor '/home/joe/workspaces/ros2_ws/install/gaussian_blur/share/gaussian_blur/package.dsv'
[3.694s] INFO:colcon.colcon_core.shell:Creating package script '/home/joe/workspaces/ros2_ws/install/gaussian_blur/share/gaussian_blur/package.sh'
[3.695s] INFO:colcon.colcon_core.shell:Creating package script '/home/joe/workspaces/ros2_ws/install/gaussian_blur/share/gaussian_blur/package.bash'
[3.696s] INFO:colcon.colcon_core.shell:Creating package script '/home/joe/workspaces/ros2_ws/install/gaussian_blur/share/gaussian_blur/package.zsh'
[3.697s] Level 1:colcon.colcon_core.environment:create_file_with_runtime_dependencies(/home/joe/workspaces/ros2_ws/install/gaussian_blur/share/colcon-core/packages/gaussian_blur)
[3.715s] Level 1:colcon.colcon_core.environment:checking '/home/joe/workspaces/ros2_ws/install/cv2_contour' for CMake module files
[3.716s] DEBUG:colcon.colcon_core.event_handler.log_command:Invoked command in '/home/joe/workspaces/ros2_ws/src/cv2_contour' returned '0': PYTHONPATH=/home/joe/workspaces/ros2_ws/build/cv2_contour/prefix_override:/home/joe/workspaces/ros2_ws/install/cv2_contour/lib/python3.10/site-packages:${PYTHONPATH} /usr/bin/python3 -W ignore:setup.py install is deprecated setup.py egg_info --egg-base ../../build/cv2_contour build --build-base /home/joe/workspaces/ros2_ws/build/cv2_contour/build install --record /home/joe/workspaces/ros2_ws/build/cv2_contour/install.log --single-version-externally-managed install_data
[3.717s] Level 1:colcon.colcon_core.environment:checking '/home/joe/workspaces/ros2_ws/install/cv2_contour' for CMake config files
[3.719s] Level 1:colcon.colcon_core.environment:checking '/home/joe/workspaces/ros2_ws/install/cv2_contour/lib'
[3.719s] Level 1:colcon.colcon_core.environment:checking '/home/joe/workspaces/ros2_ws/install/cv2_contour/bin'
[3.719s] Level 1:colcon.colcon_core.environment:checking '/home/joe/workspaces/ros2_ws/install/cv2_contour/lib/pkgconfig/cv2_contour.pc'
[3.720s] Level 1:colcon.colcon_core.environment:checking '/home/joe/workspaces/ros2_ws/install/cv2_contour/lib/python3.10/site-packages'
[3.720s] Level 1:colcon.colcon_core.shell:create_environment_hook('cv2_contour', 'pythonpath')
[3.720s] INFO:colcon.colcon_core.shell:Creating environment hook '/home/joe/workspaces/ros2_ws/install/cv2_contour/share/cv2_contour/hook/pythonpath.ps1'
[3.721s] INFO:colcon.colcon_core.shell:Creating environment descriptor '/home/joe/workspaces/ros2_ws/install/cv2_contour/share/cv2_contour/hook/pythonpath.dsv'
[3.722s] INFO:colcon.colcon_core.shell:Creating environment hook '/home/joe/workspaces/ros2_ws/install/cv2_contour/share/cv2_contour/hook/pythonpath.sh'
[3.724s] Level 1:colcon.colcon_core.environment:checking '/home/joe/workspaces/ros2_ws/install/cv2_contour/bin'
[3.724s] Level 1:colcon.colcon_core.environment:create_environment_scripts_only(cv2_contour)
[3.725s] INFO:colcon.colcon_core.shell:Creating package script '/home/joe/workspaces/ros2_ws/install/cv2_contour/share/cv2_contour/package.ps1'
[3.726s] INFO:colcon.colcon_core.shell:Creating package descriptor '/home/joe/workspaces/ros2_ws/install/cv2_contour/share/cv2_contour/package.dsv'
[3.727s] INFO:colcon.colcon_core.shell:Creating package script '/home/joe/workspaces/ros2_ws/install/cv2_contour/share/cv2_contour/package.sh'
[3.729s] INFO:colcon.colcon_core.shell:Creating package script '/home/joe/workspaces/ros2_ws/install/cv2_contour/share/cv2_contour/package.bash'
[3.729s] INFO:colcon.colcon_core.shell:Creating package script '/home/joe/workspaces/ros2_ws/install/cv2_contour/share/cv2_contour/package.zsh'
[3.730s] Level 1:colcon.colcon_core.environment:create_file_with_runtime_dependencies(/home/joe/workspaces/ros2_ws/install/cv2_contour/share/colcon-core/packages/cv2_contour)
[3.763s] Level 1:colcon.colcon_core.environment:checking '/home/joe/workspaces/ros2_ws/install/py_kinematics' for CMake module files
[3.764s] DEBUG:colcon.colcon_core.event_handler.log_command:Invoked command in '/home/joe/workspaces/ros2_ws/src/py_kinematics' returned '0': PYTHONPATH=/home/joe/workspaces/ros2_ws/build/py_kinematics/prefix_override:/home/joe/workspaces/ros2_ws/install/py_kinematics/lib/python3.10/site-packages:${PYTHONPATH} /usr/bin/python3 -W ignore:setup.py install is deprecated setup.py egg_info --egg-base ../../build/py_kinematics build --build-base /home/joe/workspaces/ros2_ws/build/py_kinematics/build install --record /home/joe/workspaces/ros2_ws/build/py_kinematics/install.log --single-version-externally-managed install_data
[3.765s] Level 1:colcon.colcon_core.environment:checking '/home/joe/workspaces/ros2_ws/install/py_kinematics' for CMake config files
[3.766s] Level 1:colcon.colcon_core.environment:checking '/home/joe/workspaces/ros2_ws/install/py_kinematics/lib'
[3.766s] Level 1:colcon.colcon_core.environment:checking '/home/joe/workspaces/ros2_ws/install/py_kinematics/bin'
[3.766s] Level 1:colcon.colcon_core.environment:checking '/home/joe/workspaces/ros2_ws/install/py_kinematics/lib/pkgconfig/py_kinematics.pc'
[3.767s] Level 1:colcon.colcon_core.environment:checking '/home/joe/workspaces/ros2_ws/install/py_kinematics/lib/python3.10/site-packages'
[3.767s] Level 1:colcon.colcon_core.shell:create_environment_hook('py_kinematics', 'pythonpath')
[3.768s] INFO:colcon.colcon_core.shell:Creating environment hook '/home/joe/workspaces/ros2_ws/install/py_kinematics/share/py_kinematics/hook/pythonpath.ps1'
[3.768s] INFO:colcon.colcon_core.shell:Creating environment descriptor '/home/joe/workspaces/ros2_ws/install/py_kinematics/share/py_kinematics/hook/pythonpath.dsv'
[3.769s] INFO:colcon.colcon_core.shell:Creating environment hook '/home/joe/workspaces/ros2_ws/install/py_kinematics/share/py_kinematics/hook/pythonpath.sh'
[3.770s] Level 1:colcon.colcon_core.environment:checking '/home/joe/workspaces/ros2_ws/install/py_kinematics/bin'
[3.770s] Level 1:colcon.colcon_core.environment:create_environment_scripts_only(py_kinematics)
[3.771s] INFO:colcon.colcon_core.shell:Creating package script '/home/joe/workspaces/ros2_ws/install/py_kinematics/share/py_kinematics/package.ps1'
[3.772s] INFO:colcon.colcon_core.shell:Creating package descriptor '/home/joe/workspaces/ros2_ws/install/py_kinematics/share/py_kinematics/package.dsv'
[3.773s] INFO:colcon.colcon_core.shell:Creating package script '/home/joe/workspaces/ros2_ws/install/py_kinematics/share/py_kinematics/package.sh'
[3.773s] INFO:colcon.colcon_core.shell:Creating package script '/home/joe/workspaces/ros2_ws/install/py_kinematics/share/py_kinematics/package.bash'
[3.774s] INFO:colcon.colcon_core.shell:Creating package script '/home/joe/workspaces/ros2_ws/install/py_kinematics/share/py_kinematics/package.zsh'
[3.775s] Level 1:colcon.colcon_core.environment:create_file_with_runtime_dependencies(/home/joe/workspaces/ros2_ws/install/py_kinematics/share/colcon-core/packages/py_kinematics)
[3.777s] Level 1:colcon.colcon_core.environment:checking '/home/joe/workspaces/ros2_ws/install/py_launch' for CMake module files
[3.780s] DEBUG:colcon.colcon_core.event_handler.log_command:Invoked command in '/home/joe/workspaces/ros2_ws/src/py_launch' returned '0': PYTHONPATH=/home/joe/workspaces/ros2_ws/build/py_launch/prefix_override:/home/joe/workspaces/ros2_ws/install/py_launch/lib/python3.10/site-packages:${PYTHONPATH} /usr/bin/python3 -W ignore:setup.py install is deprecated setup.py egg_info --egg-base ../../build/py_launch build --build-base /home/joe/workspaces/ros2_ws/build/py_launch/build install --record /home/joe/workspaces/ros2_ws/build/py_launch/install.log --single-version-externally-managed install_data
[3.780s] Level 1:colcon.colcon_core.environment:checking '/home/joe/workspaces/ros2_ws/install/py_launch' for CMake config files
[3.782s] Level 1:colcon.colcon_core.environment:checking '/home/joe/workspaces/ros2_ws/install/py_launch/lib'
[3.783s] Level 1:colcon.colcon_core.environment:checking '/home/joe/workspaces/ros2_ws/install/py_launch/bin'
[3.783s] Level 1:colcon.colcon_core.environment:checking '/home/joe/workspaces/ros2_ws/install/py_launch/lib/pkgconfig/py_launch.pc'
[3.784s] Level 1:colcon.colcon_core.environment:checking '/home/joe/workspaces/ros2_ws/install/py_launch/lib/python3.10/site-packages'
[3.784s] Level 1:colcon.colcon_core.shell:create_environment_hook('py_launch', 'pythonpath')
[3.785s] INFO:colcon.colcon_core.shell:Creating environment hook '/home/joe/workspaces/ros2_ws/install/py_launch/share/py_launch/hook/pythonpath.ps1'
[3.786s] INFO:colcon.colcon_core.shell:Creating environment descriptor '/home/joe/workspaces/ros2_ws/install/py_launch/share/py_launch/hook/pythonpath.dsv'
[3.787s] INFO:colcon.colcon_core.shell:Creating environment hook '/home/joe/workspaces/ros2_ws/install/py_launch/share/py_launch/hook/pythonpath.sh'
[3.788s] Level 1:colcon.colcon_core.environment:checking '/home/joe/workspaces/ros2_ws/install/py_launch/bin'
[3.788s] Level 1:colcon.colcon_core.environment:create_environment_scripts_only(py_launch)
[3.789s] INFO:colcon.colcon_core.shell:Creating package script '/home/joe/workspaces/ros2_ws/install/py_launch/share/py_launch/package.ps1'
[3.790s] INFO:colcon.colcon_core.shell:Creating package descriptor '/home/joe/workspaces/ros2_ws/install/py_launch/share/py_launch/package.dsv'
[3.791s] INFO:colcon.colcon_core.shell:Creating package script '/home/joe/workspaces/ros2_ws/install/py_launch/share/py_launch/package.sh'
[3.791s] INFO:colcon.colcon_core.shell:Creating package script '/home/joe/workspaces/ros2_ws/install/py_launch/share/py_launch/package.bash'
[3.792s] INFO:colcon.colcon_core.shell:Creating package script '/home/joe/workspaces/ros2_ws/install/py_launch/share/py_launch/package.zsh'
[3.793s] Level 1:colcon.colcon_core.environment:create_file_with_runtime_dependencies(/home/joe/workspaces/ros2_ws/install/py_launch/share/colcon-core/packages/py_launch)
[3.894s] Level 1:colcon.colcon_core.environment:checking '/home/joe/workspaces/ros2_ws/install/py_pid' for CMake module files
[3.895s] DEBUG:colcon.colcon_core.event_handler.log_command:Invoked command in '/home/joe/workspaces/ros2_ws/src/py_pid' returned '0': PYTHONPATH=/home/joe/workspaces/ros2_ws/build/py_pid/prefix_override:/home/joe/workspaces/ros2_ws/install/py_pid/lib/python3.10/site-packages:${PYTHONPATH} /usr/bin/python3 -W ignore:setup.py install is deprecated setup.py egg_info --egg-base ../../build/py_pid build --build-base /home/joe/workspaces/ros2_ws/build/py_pid/build install --record /home/joe/workspaces/ros2_ws/build/py_pid/install.log --single-version-externally-managed install_data
[3.896s] Level 1:colcon.colcon_core.environment:checking '/home/joe/workspaces/ros2_ws/install/py_pid' for CMake config files
[3.897s] Level 1:colcon.colcon_core.environment:checking '/home/joe/workspaces/ros2_ws/install/py_pid/lib'
[3.897s] Level 1:colcon.colcon_core.environment:checking '/home/joe/workspaces/ros2_ws/install/py_pid/bin'
[3.898s] Level 1:colcon.colcon_core.environment:checking '/home/joe/workspaces/ros2_ws/install/py_pid/lib/pkgconfig/py_pid.pc'
[3.898s] Level 1:colcon.colcon_core.environment:checking '/home/joe/workspaces/ros2_ws/install/py_pid/lib/python3.10/site-packages'
[3.898s] Level 1:colcon.colcon_core.shell:create_environment_hook('py_pid', 'pythonpath')
[3.899s] INFO:colcon.colcon_core.shell:Creating environment hook '/home/joe/workspaces/ros2_ws/install/py_pid/share/py_pid/hook/pythonpath.ps1'
[3.900s] INFO:colcon.colcon_core.shell:Creating environment descriptor '/home/joe/workspaces/ros2_ws/install/py_pid/share/py_pid/hook/pythonpath.dsv'
[3.900s] INFO:colcon.colcon_core.shell:Creating environment hook '/home/joe/workspaces/ros2_ws/install/py_pid/share/py_pid/hook/pythonpath.sh'
[3.901s] Level 1:colcon.colcon_core.environment:checking '/home/joe/workspaces/ros2_ws/install/py_pid/bin'
[3.902s] Level 1:colcon.colcon_core.environment:create_environment_scripts_only(py_pid)
[3.902s] INFO:colcon.colcon_core.shell:Creating package script '/home/joe/workspaces/ros2_ws/install/py_pid/share/py_pid/package.ps1'
[3.903s] INFO:colcon.colcon_core.shell:Creating package descriptor '/home/joe/workspaces/ros2_ws/install/py_pid/share/py_pid/package.dsv'
[3.904s] INFO:colcon.colcon_core.shell:Creating package script '/home/joe/workspaces/ros2_ws/install/py_pid/share/py_pid/package.sh'
[3.905s] INFO:colcon.colcon_core.shell:Creating package script '/home/joe/workspaces/ros2_ws/install/py_pid/share/py_pid/package.bash'
[3.906s] INFO:colcon.colcon_core.shell:Creating package script '/home/joe/workspaces/ros2_ws/install/py_pid/share/py_pid/package.zsh'
[3.907s] Level 1:colcon.colcon_core.environment:create_file_with_runtime_dependencies(/home/joe/workspaces/ros2_ws/install/py_pid/share/colcon-core/packages/py_pid)
[3.907s] DEBUG:colcon.colcon_parallel_executor.executor.parallel:closing loop
[3.908s] DEBUG:colcon.colcon_parallel_executor.executor.parallel:loop closed
[3.908s] DEBUG:colcon.colcon_parallel_executor.executor.parallel:run_until_complete finished with '0'
[3.909s] DEBUG:colcon.colcon_core.event_reactor:joining thread
[3.922s] INFO:colcon.colcon_core.plugin_system:Skipping extension 'colcon_notification.desktop_notification.terminal_notifier': Not used on non-Darwin systems
[3.922s] INFO:colcon.colcon_core.plugin_system:Skipping extension 'colcon_notification.desktop_notification.win32': Not used on non-Windows systems
[3.922s] INFO:colcon.colcon_notification.desktop_notification:Sending desktop notification using 'notify2'
[3.946s] DEBUG:colcon.colcon_core.event_reactor:joined thread
[3.946s] INFO:colcon.colcon_core.shell:Creating prefix script '/home/joe/workspaces/ros2_ws/install/local_setup.ps1'
[3.948s] INFO:colcon.colcon_core.shell:Creating prefix util module '/home/joe/workspaces/ros2_ws/install/_local_setup_util_ps1.py'
[3.951s] INFO:colcon.colcon_core.shell:Creating prefix chain script '/home/joe/workspaces/ros2_ws/install/setup.ps1'
[3.954s] INFO:colcon.colcon_core.shell:Creating prefix script '/home/joe/workspaces/ros2_ws/install/local_setup.sh'
[3.955s] INFO:colcon.colcon_core.shell:Creating prefix util module '/home/joe/workspaces/ros2_ws/install/_local_setup_util_sh.py'
[3.956s] INFO:colcon.colcon_core.shell:Creating prefix chain script '/home/joe/workspaces/ros2_ws/install/setup.sh'
[3.959s] INFO:colcon.colcon_core.shell:Creating prefix script '/home/joe/workspaces/ros2_ws/install/local_setup.bash'
[3.960s] INFO:colcon.colcon_core.shell:Creating prefix chain script '/home/joe/workspaces/ros2_ws/install/setup.bash'
[3.962s] INFO:colcon.colcon_core.shell:Creating prefix script '/home/joe/workspaces/ros2_ws/install/local_setup.zsh'
[3.963s] INFO:colcon.colcon_core.shell:Creating prefix chain script '/home/joe/workspaces/ros2_ws/install/setup.zsh'
