[0.139s] DEBUG:colcon:Command line arguments: ['/usr/bin/colcon', 'build']
[0.139s] DEBUG:colcon:Parsed command line arguments: Namespace(log_base=None, log_level=None, verb_name='build', build_base='build', install_base='install', merge_install=False, symlink_install=False, test_result_base=None, continue_on_error=False, executor='parallel', parallel_workers=8, event_handlers=None, ignore_user_meta=False, metas=['./colcon.meta'], base_paths=['.'], packages_ignore=None, packages_ignore_regex=None, paths=None, packages_up_to=None, packages_up_to_regex=None, packages_above=None, packages_above_and_dependencies=None, packages_above_depth=None, packages_select_by_dep=None, packages_skip_by_dep=None, packages_skip_up_to=None, packages_select_build_failed=False, packages_skip_build_finished=False, packages_select_test_failures=False, packages_skip_test_passed=False, packages_select=None, packages_skip=None, packages_select_regex=None, packages_skip_regex=None, packages_start=None, packages_end=None, allow_overriding=[], cmake_args=None, cmake_target=None, cmake_target_skip_unavailable=False, cmake_clean_cache=False, cmake_clean_first=False, cmake_force_configure=False, ament_cmake_args=None, catkin_cmake_args=None, catkin_skip_building_tests=False, verb_parser=<colcon_defaults.argument_parser.defaults.DefaultArgumentsDecorator object at 0x7f59dc1b12a0>, verb_extension=<colcon_core.verb.build.BuildVerb object at 0x7f59dc315060>, main=<bound method BuildVerb.main of <colcon_core.verb.build.BuildVerb object at 0x7f59dc315060>>)
[0.332s] Level 1:colcon.colcon_core.package_discovery:discover_packages(colcon_meta) check parameters
[0.332s] Level 1:colcon.colcon_core.package_discovery:discover_packages(recursive) check parameters
[0.332s] Level 1:colcon.colcon_core.package_discovery:discover_packages(ignore) check parameters
[0.332s] Level 1:colcon.colcon_core.package_discovery:discover_packages(path) check parameters
[0.332s] Level 1:colcon.colcon_core.package_discovery:discover_packages(colcon_meta) discover
[0.332s] Level 1:colcon.colcon_core.package_discovery:discover_packages(recursive) discover
[0.333s] INFO:colcon.colcon_core.package_discovery:Crawling recursively for packages in '/home/joe/workspaces/ros2_ws/src'
[0.333s] Level 1:colcon.colcon_core.package_identification:_identify(.) by extensions ['ignore', 'ignore_ament_install']
[0.333s] Level 1:colcon.colcon_core.package_identification:_identify(.) by extension 'ignore'
[0.333s] Level 1:colcon.colcon_core.package_identification:_identify(.) by extension 'ignore_ament_install'
[0.333s] Level 1:colcon.colcon_core.package_identification:_identify(.) by extensions ['colcon_pkg']
[0.333s] Level 1:colcon.colcon_core.package_identification:_identify(.) by extension 'colcon_pkg'
[0.333s] Level 1:colcon.colcon_core.package_identification:_identify(.) by extensions ['colcon_meta']
[0.333s] Level 1:colcon.colcon_core.package_identification:_identify(.) by extension 'colcon_meta'
[0.333s] Level 1:colcon.colcon_core.package_identification:_identify(.) by extensions ['ros']
[0.333s] Level 1:colcon.colcon_core.package_identification:_identify(.) by extension 'ros'
[0.346s] Level 1:colcon.colcon_core.package_identification:_identify(.) by extensions ['cmake', 'python']
[0.346s] Level 1:colcon.colcon_core.package_identification:_identify(.) by extension 'cmake'
[0.346s] Level 1:colcon.colcon_core.package_identification:_identify(.) by extension 'python'
[0.347s] Level 1:colcon.colcon_core.package_identification:_identify(.) by extensions ['python_setup_py']
[0.347s] Level 1:colcon.colcon_core.package_identification:_identify(.) by extension 'python_setup_py'
[0.347s] Level 1:colcon.colcon_core.package_identification:_identify(build) by extensions ['ignore', 'ignore_ament_install']
[0.347s] Level 1:colcon.colcon_core.package_identification:_identify(build) by extension 'ignore'
[0.347s] Level 1:colcon.colcon_core.package_identification:_identify(build) ignored
[0.347s] Level 1:colcon.colcon_core.package_identification:_identify(cv2_contour) by extensions ['ignore', 'ignore_ament_install']
[0.347s] Level 1:colcon.colcon_core.package_identification:_identify(cv2_contour) by extension 'ignore'
[0.347s] Level 1:colcon.colcon_core.package_identification:_identify(cv2_contour) by extension 'ignore_ament_install'
[0.347s] Level 1:colcon.colcon_core.package_identification:_identify(cv2_contour) by extensions ['colcon_pkg']
[0.347s] Level 1:colcon.colcon_core.package_identification:_identify(cv2_contour) by extension 'colcon_pkg'
[0.347s] Level 1:colcon.colcon_core.package_identification:_identify(cv2_contour) by extensions ['colcon_meta']
[0.347s] Level 1:colcon.colcon_core.package_identification:_identify(cv2_contour) by extension 'colcon_meta'
[0.347s] Level 1:colcon.colcon_core.package_identification:_identify(cv2_contour) by extensions ['ros']
[0.348s] Level 1:colcon.colcon_core.package_identification:_identify(cv2_contour) by extension 'ros'
[0.350s] DEBUG:colcon.colcon_core.package_identification:Package 'cv2_contour' with type 'ros.ament_python' and name 'cv2_contour'
[0.350s] Level 1:colcon.colcon_core.package_identification:_identify(gaussian_blur) by extensions ['ignore', 'ignore_ament_install']
[0.350s] Level 1:colcon.colcon_core.package_identification:_identify(gaussian_blur) by extension 'ignore'
[0.350s] Level 1:colcon.colcon_core.package_identification:_identify(gaussian_blur) by extension 'ignore_ament_install'
[0.351s] Level 1:colcon.colcon_core.package_identification:_identify(gaussian_blur) by extensions ['colcon_pkg']
[0.351s] Level 1:colcon.colcon_core.package_identification:_identify(gaussian_blur) by extension 'colcon_pkg'
[0.351s] Level 1:colcon.colcon_core.package_identification:_identify(gaussian_blur) by extensions ['colcon_meta']
[0.351s] Level 1:colcon.colcon_core.package_identification:_identify(gaussian_blur) by extension 'colcon_meta'
[0.351s] Level 1:colcon.colcon_core.package_identification:_identify(gaussian_blur) by extensions ['ros']
[0.351s] Level 1:colcon.colcon_core.package_identification:_identify(gaussian_blur) by extension 'ros'
[0.351s] DEBUG:colcon.colcon_core.package_identification:Package 'gaussian_blur' with type 'ros.ament_python' and name 'gaussian_blur'
[0.351s] Level 1:colcon.colcon_core.package_identification:_identify(install) by extensions ['ignore', 'ignore_ament_install']
[0.351s] Level 1:colcon.colcon_core.package_identification:_identify(install) by extension 'ignore'
[0.352s] Level 1:colcon.colcon_core.package_identification:_identify(install) ignored
[0.352s] Level 1:colcon.colcon_core.package_identification:_identify(log) by extensions ['ignore', 'ignore_ament_install']
[0.352s] Level 1:colcon.colcon_core.package_identification:_identify(log) by extension 'ignore'
[0.352s] Level 1:colcon.colcon_core.package_identification:_identify(log) ignored
[0.352s] Level 1:colcon.colcon_core.package_identification:_identify(py_controller_pub) by extensions ['ignore', 'ignore_ament_install']
[0.352s] Level 1:colcon.colcon_core.package_identification:_identify(py_controller_pub) by extension 'ignore'
[0.352s] Level 1:colcon.colcon_core.package_identification:_identify(py_controller_pub) by extension 'ignore_ament_install'
[0.352s] Level 1:colcon.colcon_core.package_identification:_identify(py_controller_pub) by extensions ['colcon_pkg']
[0.352s] Level 1:colcon.colcon_core.package_identification:_identify(py_controller_pub) by extension 'colcon_pkg'
[0.352s] Level 1:colcon.colcon_core.package_identification:_identify(py_controller_pub) by extensions ['colcon_meta']
[0.352s] Level 1:colcon.colcon_core.package_identification:_identify(py_controller_pub) by extension 'colcon_meta'
[0.352s] Level 1:colcon.colcon_core.package_identification:_identify(py_controller_pub) by extensions ['ros']
[0.352s] Level 1:colcon.colcon_core.package_identification:_identify(py_controller_pub) by extension 'ros'
[0.353s] DEBUG:colcon.colcon_core.package_identification:Package 'py_controller_pub' with type 'ros.ament_python' and name 'py_controller_pub'
[0.353s] Level 1:colcon.colcon_core.package_identification:_identify(py_kinematics) by extensions ['ignore', 'ignore_ament_install']
[0.353s] Level 1:colcon.colcon_core.package_identification:_identify(py_kinematics) by extension 'ignore'
[0.353s] Level 1:colcon.colcon_core.package_identification:_identify(py_kinematics) by extension 'ignore_ament_install'
[0.353s] Level 1:colcon.colcon_core.package_identification:_identify(py_kinematics) by extensions ['colcon_pkg']
[0.353s] Level 1:colcon.colcon_core.package_identification:_identify(py_kinematics) by extension 'colcon_pkg'
[0.353s] Level 1:colcon.colcon_core.package_identification:_identify(py_kinematics) by extensions ['colcon_meta']
[0.353s] Level 1:colcon.colcon_core.package_identification:_identify(py_kinematics) by extension 'colcon_meta'
[0.353s] Level 1:colcon.colcon_core.package_identification:_identify(py_kinematics) by extensions ['ros']
[0.353s] Level 1:colcon.colcon_core.package_identification:_identify(py_kinematics) by extension 'ros'
[0.354s] DEBUG:colcon.colcon_core.package_identification:Package 'py_kinematics' with type 'ros.ament_python' and name 'py_kinematics'
[0.354s] Level 1:colcon.colcon_core.package_identification:_identify(py_launch) by extensions ['ignore', 'ignore_ament_install']
[0.354s] Level 1:colcon.colcon_core.package_identification:_identify(py_launch) by extension 'ignore'
[0.354s] Level 1:colcon.colcon_core.package_identification:_identify(py_launch) by extension 'ignore_ament_install'
[0.354s] Level 1:colcon.colcon_core.package_identification:_identify(py_launch) by extensions ['colcon_pkg']
[0.354s] Level 1:colcon.colcon_core.package_identification:_identify(py_launch) by extension 'colcon_pkg'
[0.354s] Level 1:colcon.colcon_core.package_identification:_identify(py_launch) by extensions ['colcon_meta']
[0.354s] Level 1:colcon.colcon_core.package_identification:_identify(py_launch) by extension 'colcon_meta'
[0.354s] Level 1:colcon.colcon_core.package_identification:_identify(py_launch) by extensions ['ros']
[0.355s] Level 1:colcon.colcon_core.package_identification:_identify(py_launch) by extension 'ros'
[0.355s] DEBUG:colcon.colcon_core.package_identification:Package 'py_launch' with type 'ros.ament_python' and name 'py_launch'
[0.355s] Level 1:colcon.colcon_core.package_identification:_identify(py_pid) by extensions ['ignore', 'ignore_ament_install']
[0.355s] Level 1:colcon.colcon_core.package_identification:_identify(py_pid) by extension 'ignore'
[0.355s] Level 1:colcon.colcon_core.package_identification:_identify(py_pid) by extension 'ignore_ament_install'
[0.356s] Level 1:colcon.colcon_core.package_identification:_identify(py_pid) by extensions ['colcon_pkg']
[0.356s] Level 1:colcon.colcon_core.package_identification:_identify(py_pid) by extension 'colcon_pkg'
[0.356s] Level 1:colcon.colcon_core.package_identification:_identify(py_pid) by extensions ['colcon_meta']
[0.356s] Level 1:colcon.colcon_core.package_identification:_identify(py_pid) by extension 'colcon_meta'
[0.356s] Level 1:colcon.colcon_core.package_identification:_identify(py_pid) by extensions ['ros']
[0.356s] Level 1:colcon.colcon_core.package_identification:_identify(py_pid) by extension 'ros'
[0.356s] DEBUG:colcon.colcon_core.package_identification:Package 'py_pid' with type 'ros.ament_python' and name 'py_pid'
[0.356s] Level 1:colcon.colcon_core.package_discovery:discover_packages(recursive) using defaults
[0.356s] Level 1:colcon.colcon_core.package_discovery:discover_packages(ignore) discover
[0.356s] Level 1:colcon.colcon_core.package_discovery:discover_packages(ignore) using defaults
[0.356s] Level 1:colcon.colcon_core.package_discovery:discover_packages(path) discover
[0.356s] Level 1:colcon.colcon_core.package_discovery:discover_packages(path) using defaults
[0.381s] Level 1:colcon.colcon_core.package_discovery:discover_packages(prefix_path) check parameters
[0.381s] Level 1:colcon.colcon_core.package_discovery:discover_packages(prefix_path) discover
[0.384s] DEBUG:colcon.colcon_installed_package_information.package_discovery:Found 6 installed packages in /home/joe/workspaces/ros2_ws/src/install
[0.384s] DEBUG:colcon.colcon_installed_package_information.package_discovery:Found 6 installed packages in /home/joe/workspaces/ros2_ws/install
[0.386s] DEBUG:colcon.colcon_installed_package_information.package_discovery:Found 277 installed packages in /opt/ros/humble
[0.388s] Level 1:colcon.colcon_core.package_discovery:discover_packages(prefix_path) using defaults
[0.451s] Level 5:colcon.colcon_core.verb:set package 'cv2_contour' build argument 'cmake_args' from command line to 'None'
[0.451s] Level 5:colcon.colcon_core.verb:set package 'cv2_contour' build argument 'cmake_target' from command line to 'None'
[0.451s] Level 5:colcon.colcon_core.verb:set package 'cv2_contour' build argument 'cmake_target_skip_unavailable' from command line to 'False'
[0.451s] Level 5:colcon.colcon_core.verb:set package 'cv2_contour' build argument 'cmake_clean_cache' from command line to 'False'
[0.451s] Level 5:colcon.colcon_core.verb:set package 'cv2_contour' build argument 'cmake_clean_first' from command line to 'False'
[0.451s] Level 5:colcon.colcon_core.verb:set package 'cv2_contour' build argument 'cmake_force_configure' from command line to 'False'
[0.451s] Level 5:colcon.colcon_core.verb:set package 'cv2_contour' build argument 'ament_cmake_args' from command line to 'None'
[0.452s] Level 5:colcon.colcon_core.verb:set package 'cv2_contour' build argument 'catkin_cmake_args' from command line to 'None'
[0.452s] Level 5:colcon.colcon_core.verb:set package 'cv2_contour' build argument 'catkin_skip_building_tests' from command line to 'False'
[0.452s] DEBUG:colcon.colcon_core.verb:Building package 'cv2_contour' with the following arguments: {'ament_cmake_args': None, 'build_base': '/home/joe/workspaces/ros2_ws/src/build/cv2_contour', 'catkin_cmake_args': None, 'catkin_skip_building_tests': False, 'cmake_args': None, 'cmake_clean_cache': False, 'cmake_clean_first': False, 'cmake_force_configure': False, 'cmake_target': None, 'cmake_target_skip_unavailable': False, 'install_base': '/home/joe/workspaces/ros2_ws/src/install/cv2_contour', 'merge_install': False, 'path': '/home/joe/workspaces/ros2_ws/src/cv2_contour', 'symlink_install': False, 'test_result_base': None}
[0.452s] Level 5:colcon.colcon_core.verb:set package 'gaussian_blur' build argument 'cmake_args' from command line to 'None'
[0.452s] Level 5:colcon.colcon_core.verb:set package 'gaussian_blur' build argument 'cmake_target' from command line to 'None'
[0.452s] Level 5:colcon.colcon_core.verb:set package 'gaussian_blur' build argument 'cmake_target_skip_unavailable' from command line to 'False'
[0.452s] Level 5:colcon.colcon_core.verb:set package 'gaussian_blur' build argument 'cmake_clean_cache' from command line to 'False'
[0.452s] Level 5:colcon.colcon_core.verb:set package 'gaussian_blur' build argument 'cmake_clean_first' from command line to 'False'
[0.452s] Level 5:colcon.colcon_core.verb:set package 'gaussian_blur' build argument 'cmake_force_configure' from command line to 'False'
[0.452s] Level 5:colcon.colcon_core.verb:set package 'gaussian_blur' build argument 'ament_cmake_args' from command line to 'None'
[0.452s] Level 5:colcon.colcon_core.verb:set package 'gaussian_blur' build argument 'catkin_cmake_args' from command line to 'None'
[0.452s] Level 5:colcon.colcon_core.verb:set package 'gaussian_blur' build argument 'catkin_skip_building_tests' from command line to 'False'
[0.452s] DEBUG:colcon.colcon_core.verb:Building package 'gaussian_blur' with the following arguments: {'ament_cmake_args': None, 'build_base': '/home/joe/workspaces/ros2_ws/src/build/gaussian_blur', 'catkin_cmake_args': None, 'catkin_skip_building_tests': False, 'cmake_args': None, 'cmake_clean_cache': False, 'cmake_clean_first': False, 'cmake_force_configure': False, 'cmake_target': None, 'cmake_target_skip_unavailable': False, 'install_base': '/home/joe/workspaces/ros2_ws/src/install/gaussian_blur', 'merge_install': False, 'path': '/home/joe/workspaces/ros2_ws/src/gaussian_blur', 'symlink_install': False, 'test_result_base': None}
[0.453s] Level 5:colcon.colcon_core.verb:set package 'py_controller_pub' build argument 'cmake_args' from command line to 'None'
[0.453s] Level 5:colcon.colcon_core.verb:set package 'py_controller_pub' build argument 'cmake_target' from command line to 'None'
[0.453s] Level 5:colcon.colcon_core.verb:set package 'py_controller_pub' build argument 'cmake_target_skip_unavailable' from command line to 'False'
[0.453s] Level 5:colcon.colcon_core.verb:set package 'py_controller_pub' build argument 'cmake_clean_cache' from command line to 'False'
[0.453s] Level 5:colcon.colcon_core.verb:set package 'py_controller_pub' build argument 'cmake_clean_first' from command line to 'False'
[0.453s] Level 5:colcon.colcon_core.verb:set package 'py_controller_pub' build argument 'cmake_force_configure' from command line to 'False'
[0.453s] Level 5:colcon.colcon_core.verb:set package 'py_controller_pub' build argument 'ament_cmake_args' from command line to 'None'
[0.453s] Level 5:colcon.colcon_core.verb:set package 'py_controller_pub' build argument 'catkin_cmake_args' from command line to 'None'
[0.453s] Level 5:colcon.colcon_core.verb:set package 'py_controller_pub' build argument 'catkin_skip_building_tests' from command line to 'False'
[0.453s] DEBUG:colcon.colcon_core.verb:Building package 'py_controller_pub' with the following arguments: {'ament_cmake_args': None, 'build_base': '/home/joe/workspaces/ros2_ws/src/build/py_controller_pub', 'catkin_cmake_args': None, 'catkin_skip_building_tests': False, 'cmake_args': None, 'cmake_clean_cache': False, 'cmake_clean_first': False, 'cmake_force_configure': False, 'cmake_target': None, 'cmake_target_skip_unavailable': False, 'install_base': '/home/joe/workspaces/ros2_ws/src/install/py_controller_pub', 'merge_install': False, 'path': '/home/joe/workspaces/ros2_ws/src/py_controller_pub', 'symlink_install': False, 'test_result_base': None}
[0.453s] Level 5:colcon.colcon_core.verb:set package 'py_kinematics' build argument 'cmake_args' from command line to 'None'
[0.454s] Level 5:colcon.colcon_core.verb:set package 'py_kinematics' build argument 'cmake_target' from command line to 'None'
[0.454s] Level 5:colcon.colcon_core.verb:set package 'py_kinematics' build argument 'cmake_target_skip_unavailable' from command line to 'False'
[0.454s] Level 5:colcon.colcon_core.verb:set package 'py_kinematics' build argument 'cmake_clean_cache' from command line to 'False'
[0.454s] Level 5:colcon.colcon_core.verb:set package 'py_kinematics' build argument 'cmake_clean_first' from command line to 'False'
[0.454s] Level 5:colcon.colcon_core.verb:set package 'py_kinematics' build argument 'cmake_force_configure' from command line to 'False'
[0.454s] Level 5:colcon.colcon_core.verb:set package 'py_kinematics' build argument 'ament_cmake_args' from command line to 'None'
[0.454s] Level 5:colcon.colcon_core.verb:set package 'py_kinematics' build argument 'catkin_cmake_args' from command line to 'None'
[0.454s] Level 5:colcon.colcon_core.verb:set package 'py_kinematics' build argument 'catkin_skip_building_tests' from command line to 'False'
[0.454s] DEBUG:colcon.colcon_core.verb:Building package 'py_kinematics' with the following arguments: {'ament_cmake_args': None, 'build_base': '/home/joe/workspaces/ros2_ws/src/build/py_kinematics', 'catkin_cmake_args': None, 'catkin_skip_building_tests': False, 'cmake_args': None, 'cmake_clean_cache': False, 'cmake_clean_first': False, 'cmake_force_configure': False, 'cmake_target': None, 'cmake_target_skip_unavailable': False, 'install_base': '/home/joe/workspaces/ros2_ws/src/install/py_kinematics', 'merge_install': False, 'path': '/home/joe/workspaces/ros2_ws/src/py_kinematics', 'symlink_install': False, 'test_result_base': None}
[0.454s] Level 5:colcon.colcon_core.verb:set package 'py_launch' build argument 'cmake_args' from command line to 'None'
[0.454s] Level 5:colcon.colcon_core.verb:set package 'py_launch' build argument 'cmake_target' from command line to 'None'
[0.454s] Level 5:colcon.colcon_core.verb:set package 'py_launch' build argument 'cmake_target_skip_unavailable' from command line to 'False'
[0.454s] Level 5:colcon.colcon_core.verb:set package 'py_launch' build argument 'cmake_clean_cache' from command line to 'False'
[0.454s] Level 5:colcon.colcon_core.verb:set package 'py_launch' build argument 'cmake_clean_first' from command line to 'False'
[0.454s] Level 5:colcon.colcon_core.verb:set package 'py_launch' build argument 'cmake_force_configure' from command line to 'False'
[0.454s] Level 5:colcon.colcon_core.verb:set package 'py_launch' build argument 'ament_cmake_args' from command line to 'None'
[0.454s] Level 5:colcon.colcon_core.verb:set package 'py_launch' build argument 'catkin_cmake_args' from command line to 'None'
[0.454s] Level 5:colcon.colcon_core.verb:set package 'py_launch' build argument 'catkin_skip_building_tests' from command line to 'False'
[0.455s] DEBUG:colcon.colcon_core.verb:Building package 'py_launch' with the following arguments: {'ament_cmake_args': None, 'build_base': '/home/joe/workspaces/ros2_ws/src/build/py_launch', 'catkin_cmake_args': None, 'catkin_skip_building_tests': False, 'cmake_args': None, 'cmake_clean_cache': False, 'cmake_clean_first': False, 'cmake_force_configure': False, 'cmake_target': None, 'cmake_target_skip_unavailable': False, 'install_base': '/home/joe/workspaces/ros2_ws/src/install/py_launch', 'merge_install': False, 'path': '/home/joe/workspaces/ros2_ws/src/py_launch', 'symlink_install': False, 'test_result_base': None}
[0.455s] Level 5:colcon.colcon_core.verb:set package 'py_pid' build argument 'cmake_args' from command line to 'None'
[0.455s] Level 5:colcon.colcon_core.verb:set package 'py_pid' build argument 'cmake_target' from command line to 'None'
[0.455s] Level 5:colcon.colcon_core.verb:set package 'py_pid' build argument 'cmake_target_skip_unavailable' from command line to 'False'
[0.455s] Level 5:colcon.colcon_core.verb:set package 'py_pid' build argument 'cmake_clean_cache' from command line to 'False'
[0.455s] Level 5:colcon.colcon_core.verb:set package 'py_pid' build argument 'cmake_clean_first' from command line to 'False'
[0.455s] Level 5:colcon.colcon_core.verb:set package 'py_pid' build argument 'cmake_force_configure' from command line to 'False'
[0.455s] Level 5:colcon.colcon_core.verb:set package 'py_pid' build argument 'ament_cmake_args' from command line to 'None'
[0.455s] Level 5:colcon.colcon_core.verb:set package 'py_pid' build argument 'catkin_cmake_args' from command line to 'None'
[0.455s] Level 5:colcon.colcon_core.verb:set package 'py_pid' build argument 'catkin_skip_building_tests' from command line to 'False'
[0.455s] DEBUG:colcon.colcon_core.verb:Building package 'py_pid' with the following arguments: {'ament_cmake_args': None, 'build_base': '/home/joe/workspaces/ros2_ws/src/build/py_pid', 'catkin_cmake_args': None, 'catkin_skip_building_tests': False, 'cmake_args': None, 'cmake_clean_cache': False, 'cmake_clean_first': False, 'cmake_force_configure': False, 'cmake_target': None, 'cmake_target_skip_unavailable': False, 'install_base': '/home/joe/workspaces/ros2_ws/src/install/py_pid', 'merge_install': False, 'path': '/home/joe/workspaces/ros2_ws/src/py_pid', 'symlink_install': False, 'test_result_base': None}
[0.455s] INFO:colcon.colcon_core.executor:Executing jobs using 'parallel' executor
[0.457s] DEBUG:colcon.colcon_parallel_executor.executor.parallel:run_until_complete
[0.457s] INFO:colcon.colcon_ros.task.ament_python.build:Building ROS package in '/home/joe/workspaces/ros2_ws/src/cv2_contour' with build type 'ament_python'
[0.457s] Level 1:colcon.colcon_core.shell:create_environment_hook('cv2_contour', 'ament_prefix_path')
[0.460s] INFO:colcon.colcon_core.plugin_system:Skipping extension 'colcon_core.shell.bat': Not used on non-Windows systems
[0.460s] INFO:colcon.colcon_core.shell:Creating environment hook '/home/joe/workspaces/ros2_ws/src/install/cv2_contour/share/cv2_contour/hook/ament_prefix_path.ps1'
[0.461s] INFO:colcon.colcon_core.shell:Creating environment descriptor '/home/joe/workspaces/ros2_ws/src/install/cv2_contour/share/cv2_contour/hook/ament_prefix_path.dsv'
[0.462s] INFO:colcon.colcon_core.shell:Creating environment hook '/home/joe/workspaces/ros2_ws/src/install/cv2_contour/share/cv2_contour/hook/ament_prefix_path.sh'
[0.463s] INFO:colcon.colcon_core.shell:Skip shell extension 'powershell' for command environment: Not usable outside of PowerShell
[0.463s] DEBUG:colcon.colcon_core.shell:Skip shell extension 'dsv' for command environment
[0.468s] INFO:colcon.colcon_ros.task.ament_python.build:Building ROS package in '/home/joe/workspaces/ros2_ws/src/gaussian_blur' with build type 'ament_python'
[0.469s] Level 1:colcon.colcon_core.shell:create_environment_hook('gaussian_blur', 'ament_prefix_path')
[0.469s] INFO:colcon.colcon_core.shell:Creating environment hook '/home/joe/workspaces/ros2_ws/src/install/gaussian_blur/share/gaussian_blur/hook/ament_prefix_path.ps1'
[0.470s] INFO:colcon.colcon_core.shell:Creating environment descriptor '/home/joe/workspaces/ros2_ws/src/install/gaussian_blur/share/gaussian_blur/hook/ament_prefix_path.dsv'
[0.471s] INFO:colcon.colcon_core.shell:Creating environment hook '/home/joe/workspaces/ros2_ws/src/install/gaussian_blur/share/gaussian_blur/hook/ament_prefix_path.sh'
[0.472s] INFO:colcon.colcon_core.shell:Skip shell extension 'powershell' for command environment: Not usable outside of PowerShell
[0.472s] DEBUG:colcon.colcon_core.shell:Skip shell extension 'dsv' for command environment
[0.479s] INFO:colcon.colcon_ros.task.ament_python.build:Building ROS package in '/home/joe/workspaces/ros2_ws/src/py_controller_pub' with build type 'ament_python'
[0.479s] Level 1:colcon.colcon_core.shell:create_environment_hook('py_controller_pub', 'ament_prefix_path')
[0.479s] INFO:colcon.colcon_core.shell:Creating environment hook '/home/joe/workspaces/ros2_ws/src/install/py_controller_pub/share/py_controller_pub/hook/ament_prefix_path.ps1'
[0.480s] INFO:colcon.colcon_core.shell:Creating environment descriptor '/home/joe/workspaces/ros2_ws/src/install/py_controller_pub/share/py_controller_pub/hook/ament_prefix_path.dsv'
[0.480s] INFO:colcon.colcon_core.shell:Creating environment hook '/home/joe/workspaces/ros2_ws/src/install/py_controller_pub/share/py_controller_pub/hook/ament_prefix_path.sh'
[0.481s] INFO:colcon.colcon_core.shell:Skip shell extension 'powershell' for command environment: Not usable outside of PowerShell
[0.481s] DEBUG:colcon.colcon_core.shell:Skip shell extension 'dsv' for command environment
[0.487s] INFO:colcon.colcon_ros.task.ament_python.build:Building ROS package in '/home/joe/workspaces/ros2_ws/src/py_kinematics' with build type 'ament_python'
[0.487s] Level 1:colcon.colcon_core.shell:create_environment_hook('py_kinematics', 'ament_prefix_path')
[0.487s] INFO:colcon.colcon_core.shell:Creating environment hook '/home/joe/workspaces/ros2_ws/src/install/py_kinematics/share/py_kinematics/hook/ament_prefix_path.ps1'
[0.488s] INFO:colcon.colcon_core.shell:Creating environment descriptor '/home/joe/workspaces/ros2_ws/src/install/py_kinematics/share/py_kinematics/hook/ament_prefix_path.dsv'
[0.489s] INFO:colcon.colcon_core.shell:Creating environment hook '/home/joe/workspaces/ros2_ws/src/install/py_kinematics/share/py_kinematics/hook/ament_prefix_path.sh'
[0.489s] INFO:colcon.colcon_core.shell:Skip shell extension 'powershell' for command environment: Not usable outside of PowerShell
[0.490s] DEBUG:colcon.colcon_core.shell:Skip shell extension 'dsv' for command environment
[0.496s] INFO:colcon.colcon_ros.task.ament_python.build:Building ROS package in '/home/joe/workspaces/ros2_ws/src/py_launch' with build type 'ament_python'
[0.496s] Level 1:colcon.colcon_core.shell:create_environment_hook('py_launch', 'ament_prefix_path')
[0.496s] INFO:colcon.colcon_core.shell:Creating environment hook '/home/joe/workspaces/ros2_ws/src/install/py_launch/share/py_launch/hook/ament_prefix_path.ps1'
[0.497s] INFO:colcon.colcon_core.shell:Creating environment descriptor '/home/joe/workspaces/ros2_ws/src/install/py_launch/share/py_launch/hook/ament_prefix_path.dsv'
[0.497s] INFO:colcon.colcon_core.shell:Creating environment hook '/home/joe/workspaces/ros2_ws/src/install/py_launch/share/py_launch/hook/ament_prefix_path.sh'
[0.498s] INFO:colcon.colcon_core.shell:Skip shell extension 'powershell' for command environment: Not usable outside of PowerShell
[0.498s] DEBUG:colcon.colcon_core.shell:Skip shell extension 'dsv' for command environment
[0.504s] INFO:colcon.colcon_ros.task.ament_python.build:Building ROS package in '/home/joe/workspaces/ros2_ws/src/py_pid' with build type 'ament_python'
[0.504s] Level 1:colcon.colcon_core.shell:create_environment_hook('py_pid', 'ament_prefix_path')
[0.505s] INFO:colcon.colcon_core.shell:Creating environment hook '/home/joe/workspaces/ros2_ws/src/install/py_pid/share/py_pid/hook/ament_prefix_path.ps1'
[0.506s] INFO:colcon.colcon_core.shell:Creating environment descriptor '/home/joe/workspaces/ros2_ws/src/install/py_pid/share/py_pid/hook/ament_prefix_path.dsv'
[0.506s] INFO:colcon.colcon_core.shell:Creating environment hook '/home/joe/workspaces/ros2_ws/src/install/py_pid/share/py_pid/hook/ament_prefix_path.sh'
[0.507s] INFO:colcon.colcon_core.shell:Skip shell extension 'powershell' for command environment: Not usable outside of PowerShell
[0.507s] DEBUG:colcon.colcon_core.shell:Skip shell extension 'dsv' for command environment
[0.861s] INFO:colcon.colcon_core.task.python.build:Building Python package in '/home/joe/workspaces/ros2_ws/src/cv2_contour'
[0.862s] INFO:colcon.colcon_core.shell:Skip shell extension 'powershell' for command environment: Not usable outside of PowerShell
[0.862s] DEBUG:colcon.colcon_core.shell:Skip shell extension 'dsv' for command environment
[1.208s] INFO:colcon.colcon_core.task.python.build:Building Python package in '/home/joe/workspaces/ros2_ws/src/gaussian_blur'
[1.209s] INFO:colcon.colcon_core.shell:Skip shell extension 'powershell' for command environment: Not usable outside of PowerShell
[1.209s] DEBUG:colcon.colcon_core.shell:Skip shell extension 'dsv' for command environment
[1.532s] INFO:colcon.colcon_core.task.python.build:Building Python package in '/home/joe/workspaces/ros2_ws/src/py_controller_pub'
[1.532s] INFO:colcon.colcon_core.shell:Skip shell extension 'powershell' for command environment: Not usable outside of PowerShell
[1.532s] DEBUG:colcon.colcon_core.shell:Skip shell extension 'dsv' for command environment
[1.854s] INFO:colcon.colcon_core.task.python.build:Building Python package in '/home/joe/workspaces/ros2_ws/src/py_kinematics'
[1.854s] INFO:colcon.colcon_core.shell:Skip shell extension 'powershell' for command environment: Not usable outside of PowerShell
[1.854s] DEBUG:colcon.colcon_core.shell:Skip shell extension 'dsv' for command environment
[2.183s] INFO:colcon.colcon_core.task.python.build:Building Python package in '/home/joe/workspaces/ros2_ws/src/py_launch'
[2.184s] INFO:colcon.colcon_core.shell:Skip shell extension 'powershell' for command environment: Not usable outside of PowerShell
[2.184s] DEBUG:colcon.colcon_core.shell:Skip shell extension 'dsv' for command environment
[2.509s] INFO:colcon.colcon_core.task.python.build:Building Python package in '/home/joe/workspaces/ros2_ws/src/py_pid'
[2.510s] INFO:colcon.colcon_core.shell:Skip shell extension 'powershell' for command environment: Not usable outside of PowerShell
[2.510s] DEBUG:colcon.colcon_core.shell:Skip shell extension 'dsv' for command environment
[3.028s] DEBUG:colcon.colcon_core.event_handler.log_command:Invoking command in '/home/joe/workspaces/ros2_ws/src/py_kinematics': PYTHONPATH=/home/joe/workspaces/ros2_ws/src/build/py_kinematics/prefix_override:/home/joe/workspaces/ros2_ws/src/install/py_kinematics/lib/python3.10/site-packages:${PYTHONPATH} /usr/bin/python3 -W ignore:setup.py install is deprecated setup.py egg_info --egg-base ../build/py_kinematics build --build-base /home/joe/workspaces/ros2_ws/src/build/py_kinematics/build install --record /home/joe/workspaces/ros2_ws/src/build/py_kinematics/install.log --single-version-externally-managed install_data
[3.063s] DEBUG:colcon.colcon_core.event_handler.log_command:Invoking command in '/home/joe/workspaces/ros2_ws/src/py_launch': PYTHONPATH=/home/joe/workspaces/ros2_ws/src/build/py_launch/prefix_override:/home/joe/workspaces/ros2_ws/src/install/py_launch/lib/python3.10/site-packages:${PYTHONPATH} /usr/bin/python3 -W ignore:setup.py install is deprecated setup.py egg_info --egg-base ../build/py_launch build --build-base /home/joe/workspaces/ros2_ws/src/build/py_launch/build install --record /home/joe/workspaces/ros2_ws/src/build/py_launch/install.log --single-version-externally-managed install_data
[3.166s] DEBUG:colcon.colcon_core.event_handler.log_command:Invoking command in '/home/joe/workspaces/ros2_ws/src/gaussian_blur': PYTHONPATH=/home/joe/workspaces/ros2_ws/src/build/gaussian_blur/prefix_override:/home/joe/workspaces/ros2_ws/src/install/gaussian_blur/lib/python3.10/site-packages:${PYTHONPATH} /usr/bin/python3 -W ignore:setup.py install is deprecated setup.py egg_info --egg-base ../build/gaussian_blur build --build-base /home/joe/workspaces/ros2_ws/src/build/gaussian_blur/build install --record /home/joe/workspaces/ros2_ws/src/build/gaussian_blur/install.log --single-version-externally-managed install_data
[3.271s] DEBUG:colcon.colcon_core.event_handler.log_command:Invoking command in '/home/joe/workspaces/ros2_ws/src/cv2_contour': PYTHONPATH=/home/joe/workspaces/ros2_ws/src/build/cv2_contour/prefix_override:/home/joe/workspaces/ros2_ws/src/install/cv2_contour/lib/python3.10/site-packages:${PYTHONPATH} /usr/bin/python3 -W ignore:setup.py install is deprecated setup.py egg_info --egg-base ../build/cv2_contour build --build-base /home/joe/workspaces/ros2_ws/src/build/cv2_contour/build install --record /home/joe/workspaces/ros2_ws/src/build/cv2_contour/install.log --single-version-externally-managed install_data
[3.288s] DEBUG:colcon.colcon_core.event_handler.log_command:Invoking command in '/home/joe/workspaces/ros2_ws/src/py_controller_pub': PYTHONPATH=/home/joe/workspaces/ros2_ws/src/build/py_controller_pub/prefix_override:/home/joe/workspaces/ros2_ws/src/install/py_controller_pub/lib/python3.10/site-packages:${PYTHONPATH} /usr/bin/python3 -W ignore:setup.py install is deprecated setup.py egg_info --egg-base ../build/py_controller_pub build --build-base /home/joe/workspaces/ros2_ws/src/build/py_controller_pub/build install --record /home/joe/workspaces/ros2_ws/src/build/py_controller_pub/install.log --single-version-externally-managed install_data
[3.331s] DEBUG:colcon.colcon_core.event_handler.log_command:Invoking command in '/home/joe/workspaces/ros2_ws/src/py_pid': PYTHONPATH=/home/joe/workspaces/ros2_ws/src/build/py_pid/prefix_override:/home/joe/workspaces/ros2_ws/src/install/py_pid/lib/python3.10/site-packages:${PYTHONPATH} /usr/bin/python3 -W ignore:setup.py install is deprecated setup.py egg_info --egg-base ../build/py_pid build --build-base /home/joe/workspaces/ros2_ws/src/build/py_pid/build install --record /home/joe/workspaces/ros2_ws/src/build/py_pid/install.log --single-version-externally-managed install_data
[3.589s] DEBUG:colcon.colcon_core.event_handler.log_command:Invoked command in '/home/joe/workspaces/ros2_ws/src/py_kinematics' returned '0': PYTHONPATH=/home/joe/workspaces/ros2_ws/src/build/py_kinematics/prefix_override:/home/joe/workspaces/ros2_ws/src/install/py_kinematics/lib/python3.10/site-packages:${PYTHONPATH} /usr/bin/python3 -W ignore:setup.py install is deprecated setup.py egg_info --egg-base ../build/py_kinematics build --build-base /home/joe/workspaces/ros2_ws/src/build/py_kinematics/build install --record /home/joe/workspaces/ros2_ws/src/build/py_kinematics/install.log --single-version-externally-managed install_data
[3.596s] Level 1:colcon.colcon_core.environment:checking '/home/joe/workspaces/ros2_ws/src/install/py_kinematics' for CMake module files
[3.597s] Level 1:colcon.colcon_core.environment:checking '/home/joe/workspaces/ros2_ws/src/install/py_kinematics' for CMake config files
[3.598s] Level 1:colcon.colcon_core.environment:checking '/home/joe/workspaces/ros2_ws/src/install/py_kinematics/lib'
[3.599s] Level 1:colcon.colcon_core.environment:checking '/home/joe/workspaces/ros2_ws/src/install/py_kinematics/bin'
[3.599s] Level 1:colcon.colcon_core.environment:checking '/home/joe/workspaces/ros2_ws/src/install/py_kinematics/lib/pkgconfig/py_kinematics.pc'
[3.599s] Level 1:colcon.colcon_core.environment:checking '/home/joe/workspaces/ros2_ws/src/install/py_kinematics/lib/python3.10/site-packages'
[3.600s] Level 1:colcon.colcon_core.shell:create_environment_hook('py_kinematics', 'pythonpath')
[3.600s] INFO:colcon.colcon_core.shell:Creating environment hook '/home/joe/workspaces/ros2_ws/src/install/py_kinematics/share/py_kinematics/hook/pythonpath.ps1'
[3.601s] INFO:colcon.colcon_core.shell:Creating environment descriptor '/home/joe/workspaces/ros2_ws/src/install/py_kinematics/share/py_kinematics/hook/pythonpath.dsv'
[3.601s] INFO:colcon.colcon_core.shell:Creating environment hook '/home/joe/workspaces/ros2_ws/src/install/py_kinematics/share/py_kinematics/hook/pythonpath.sh'
[3.602s] Level 1:colcon.colcon_core.environment:checking '/home/joe/workspaces/ros2_ws/src/install/py_kinematics/bin'
[3.603s] Level 1:colcon.colcon_core.environment:create_environment_scripts_only(py_kinematics)
[3.603s] INFO:colcon.colcon_core.shell:Creating package script '/home/joe/workspaces/ros2_ws/src/install/py_kinematics/share/py_kinematics/package.ps1'
[3.605s] INFO:colcon.colcon_core.shell:Creating package descriptor '/home/joe/workspaces/ros2_ws/src/install/py_kinematics/share/py_kinematics/package.dsv'
[3.606s] INFO:colcon.colcon_core.shell:Creating package script '/home/joe/workspaces/ros2_ws/src/install/py_kinematics/share/py_kinematics/package.sh'
[3.608s] INFO:colcon.colcon_core.shell:Creating package script '/home/joe/workspaces/ros2_ws/src/install/py_kinematics/share/py_kinematics/package.bash'
[3.610s] INFO:colcon.colcon_core.shell:Creating package script '/home/joe/workspaces/ros2_ws/src/install/py_kinematics/share/py_kinematics/package.zsh'
[3.611s] Level 1:colcon.colcon_core.environment:create_file_with_runtime_dependencies(/home/joe/workspaces/ros2_ws/src/install/py_kinematics/share/colcon-core/packages/py_kinematics)
[3.696s] Level 1:colcon.colcon_core.environment:checking '/home/joe/workspaces/ros2_ws/src/install/py_launch' for CMake module files
[3.699s] DEBUG:colcon.colcon_core.event_handler.log_command:Invoked command in '/home/joe/workspaces/ros2_ws/src/py_launch' returned '0': PYTHONPATH=/home/joe/workspaces/ros2_ws/src/build/py_launch/prefix_override:/home/joe/workspaces/ros2_ws/src/install/py_launch/lib/python3.10/site-packages:${PYTHONPATH} /usr/bin/python3 -W ignore:setup.py install is deprecated setup.py egg_info --egg-base ../build/py_launch build --build-base /home/joe/workspaces/ros2_ws/src/build/py_launch/build install --record /home/joe/workspaces/ros2_ws/src/build/py_launch/install.log --single-version-externally-managed install_data
[3.700s] Level 1:colcon.colcon_core.environment:checking '/home/joe/workspaces/ros2_ws/src/install/py_launch' for CMake config files
[3.701s] Level 1:colcon.colcon_core.environment:checking '/home/joe/workspaces/ros2_ws/src/install/py_launch/lib'
[3.701s] Level 1:colcon.colcon_core.environment:checking '/home/joe/workspaces/ros2_ws/src/install/py_launch/bin'
[3.701s] Level 1:colcon.colcon_core.environment:checking '/home/joe/workspaces/ros2_ws/src/install/py_launch/lib/pkgconfig/py_launch.pc'
[3.702s] Level 1:colcon.colcon_core.environment:checking '/home/joe/workspaces/ros2_ws/src/install/py_launch/lib/python3.10/site-packages'
[3.702s] Level 1:colcon.colcon_core.shell:create_environment_hook('py_launch', 'pythonpath')
[3.703s] INFO:colcon.colcon_core.shell:Creating environment hook '/home/joe/workspaces/ros2_ws/src/install/py_launch/share/py_launch/hook/pythonpath.ps1'
[3.703s] INFO:colcon.colcon_core.shell:Creating environment descriptor '/home/joe/workspaces/ros2_ws/src/install/py_launch/share/py_launch/hook/pythonpath.dsv'
[3.704s] INFO:colcon.colcon_core.shell:Creating environment hook '/home/joe/workspaces/ros2_ws/src/install/py_launch/share/py_launch/hook/pythonpath.sh'
[3.706s] Level 1:colcon.colcon_core.environment:checking '/home/joe/workspaces/ros2_ws/src/install/py_launch/bin'
[3.706s] Level 1:colcon.colcon_core.environment:create_environment_scripts_only(py_launch)
[3.707s] INFO:colcon.colcon_core.shell:Creating package script '/home/joe/workspaces/ros2_ws/src/install/py_launch/share/py_launch/package.ps1'
[3.708s] INFO:colcon.colcon_core.shell:Creating package descriptor '/home/joe/workspaces/ros2_ws/src/install/py_launch/share/py_launch/package.dsv'
[3.709s] INFO:colcon.colcon_core.shell:Creating package script '/home/joe/workspaces/ros2_ws/src/install/py_launch/share/py_launch/package.sh'
[3.710s] INFO:colcon.colcon_core.shell:Creating package script '/home/joe/workspaces/ros2_ws/src/install/py_launch/share/py_launch/package.bash'
[3.711s] INFO:colcon.colcon_core.shell:Creating package script '/home/joe/workspaces/ros2_ws/src/install/py_launch/share/py_launch/package.zsh'
[3.711s] Level 1:colcon.colcon_core.environment:create_file_with_runtime_dependencies(/home/joe/workspaces/ros2_ws/src/install/py_launch/share/colcon-core/packages/py_launch)
[3.714s] Level 1:colcon.colcon_core.environment:checking '/home/joe/workspaces/ros2_ws/src/install/gaussian_blur' for CMake module files
[3.715s] DEBUG:colcon.colcon_core.event_handler.log_command:Invoked command in '/home/joe/workspaces/ros2_ws/src/gaussian_blur' returned '0': PYTHONPATH=/home/joe/workspaces/ros2_ws/src/build/gaussian_blur/prefix_override:/home/joe/workspaces/ros2_ws/src/install/gaussian_blur/lib/python3.10/site-packages:${PYTHONPATH} /usr/bin/python3 -W ignore:setup.py install is deprecated setup.py egg_info --egg-base ../build/gaussian_blur build --build-base /home/joe/workspaces/ros2_ws/src/build/gaussian_blur/build install --record /home/joe/workspaces/ros2_ws/src/build/gaussian_blur/install.log --single-version-externally-managed install_data
[3.715s] Level 1:colcon.colcon_core.environment:checking '/home/joe/workspaces/ros2_ws/src/install/gaussian_blur' for CMake config files
[3.716s] Level 1:colcon.colcon_core.environment:checking '/home/joe/workspaces/ros2_ws/src/install/gaussian_blur/lib'
[3.716s] Level 1:colcon.colcon_core.environment:checking '/home/joe/workspaces/ros2_ws/src/install/gaussian_blur/bin'
[3.716s] Level 1:colcon.colcon_core.environment:checking '/home/joe/workspaces/ros2_ws/src/install/gaussian_blur/lib/pkgconfig/gaussian_blur.pc'
[3.717s] Level 1:colcon.colcon_core.environment:checking '/home/joe/workspaces/ros2_ws/src/install/gaussian_blur/lib/python3.10/site-packages'
[3.717s] Level 1:colcon.colcon_core.shell:create_environment_hook('gaussian_blur', 'pythonpath')
[3.717s] INFO:colcon.colcon_core.shell:Creating environment hook '/home/joe/workspaces/ros2_ws/src/install/gaussian_blur/share/gaussian_blur/hook/pythonpath.ps1'
[3.718s] INFO:colcon.colcon_core.shell:Creating environment descriptor '/home/joe/workspaces/ros2_ws/src/install/gaussian_blur/share/gaussian_blur/hook/pythonpath.dsv'
[3.719s] INFO:colcon.colcon_core.shell:Creating environment hook '/home/joe/workspaces/ros2_ws/src/install/gaussian_blur/share/gaussian_blur/hook/pythonpath.sh'
[3.720s] Level 1:colcon.colcon_core.environment:checking '/home/joe/workspaces/ros2_ws/src/install/gaussian_blur/bin'
[3.720s] Level 1:colcon.colcon_core.environment:create_environment_scripts_only(gaussian_blur)
[3.720s] INFO:colcon.colcon_core.shell:Creating package script '/home/joe/workspaces/ros2_ws/src/install/gaussian_blur/share/gaussian_blur/package.ps1'
[3.721s] INFO:colcon.colcon_core.shell:Creating package descriptor '/home/joe/workspaces/ros2_ws/src/install/gaussian_blur/share/gaussian_blur/package.dsv'
[3.721s] INFO:colcon.colcon_core.shell:Creating package script '/home/joe/workspaces/ros2_ws/src/install/gaussian_blur/share/gaussian_blur/package.sh'
[3.722s] INFO:colcon.colcon_core.shell:Creating package script '/home/joe/workspaces/ros2_ws/src/install/gaussian_blur/share/gaussian_blur/package.bash'
[3.723s] INFO:colcon.colcon_core.shell:Creating package script '/home/joe/workspaces/ros2_ws/src/install/gaussian_blur/share/gaussian_blur/package.zsh'
[3.723s] Level 1:colcon.colcon_core.environment:create_file_with_runtime_dependencies(/home/joe/workspaces/ros2_ws/src/install/gaussian_blur/share/colcon-core/packages/gaussian_blur)
[3.835s] Level 1:colcon.colcon_core.environment:checking '/home/joe/workspaces/ros2_ws/src/install/py_pid' for CMake module files
[3.837s] DEBUG:colcon.colcon_core.event_handler.log_command:Invoked command in '/home/joe/workspaces/ros2_ws/src/py_pid' returned '0': PYTHONPATH=/home/joe/workspaces/ros2_ws/src/build/py_pid/prefix_override:/home/joe/workspaces/ros2_ws/src/install/py_pid/lib/python3.10/site-packages:${PYTHONPATH} /usr/bin/python3 -W ignore:setup.py install is deprecated setup.py egg_info --egg-base ../build/py_pid build --build-base /home/joe/workspaces/ros2_ws/src/build/py_pid/build install --record /home/joe/workspaces/ros2_ws/src/build/py_pid/install.log --single-version-externally-managed install_data
[3.837s] Level 1:colcon.colcon_core.environment:checking '/home/joe/workspaces/ros2_ws/src/install/py_pid' for CMake config files
[3.838s] Level 1:colcon.colcon_core.environment:checking '/home/joe/workspaces/ros2_ws/src/install/py_pid/lib'
[3.838s] Level 1:colcon.colcon_core.environment:checking '/home/joe/workspaces/ros2_ws/src/install/py_pid/bin'
[3.839s] Level 1:colcon.colcon_core.environment:checking '/home/joe/workspaces/ros2_ws/src/install/py_pid/lib/pkgconfig/py_pid.pc'
[3.839s] Level 1:colcon.colcon_core.environment:checking '/home/joe/workspaces/ros2_ws/src/install/py_pid/lib/python3.10/site-packages'
[3.839s] Level 1:colcon.colcon_core.shell:create_environment_hook('py_pid', 'pythonpath')
[3.839s] INFO:colcon.colcon_core.shell:Creating environment hook '/home/joe/workspaces/ros2_ws/src/install/py_pid/share/py_pid/hook/pythonpath.ps1'
[3.840s] INFO:colcon.colcon_core.shell:Creating environment descriptor '/home/joe/workspaces/ros2_ws/src/install/py_pid/share/py_pid/hook/pythonpath.dsv'
[3.840s] INFO:colcon.colcon_core.shell:Creating environment hook '/home/joe/workspaces/ros2_ws/src/install/py_pid/share/py_pid/hook/pythonpath.sh'
[3.841s] Level 1:colcon.colcon_core.environment:checking '/home/joe/workspaces/ros2_ws/src/install/py_pid/bin'
[3.841s] Level 1:colcon.colcon_core.environment:create_environment_scripts_only(py_pid)
[3.842s] INFO:colcon.colcon_core.shell:Creating package script '/home/joe/workspaces/ros2_ws/src/install/py_pid/share/py_pid/package.ps1'
[3.842s] INFO:colcon.colcon_core.shell:Creating package descriptor '/home/joe/workspaces/ros2_ws/src/install/py_pid/share/py_pid/package.dsv'
[3.843s] INFO:colcon.colcon_core.shell:Creating package script '/home/joe/workspaces/ros2_ws/src/install/py_pid/share/py_pid/package.sh'
[3.844s] INFO:colcon.colcon_core.shell:Creating package script '/home/joe/workspaces/ros2_ws/src/install/py_pid/share/py_pid/package.bash'
[3.844s] INFO:colcon.colcon_core.shell:Creating package script '/home/joe/workspaces/ros2_ws/src/install/py_pid/share/py_pid/package.zsh'
[3.845s] Level 1:colcon.colcon_core.environment:create_file_with_runtime_dependencies(/home/joe/workspaces/ros2_ws/src/install/py_pid/share/colcon-core/packages/py_pid)
[3.847s] Level 1:colcon.colcon_core.environment:checking '/home/joe/workspaces/ros2_ws/src/install/cv2_contour' for CMake module files
[3.848s] DEBUG:colcon.colcon_core.event_handler.log_command:Invoked command in '/home/joe/workspaces/ros2_ws/src/cv2_contour' returned '0': PYTHONPATH=/home/joe/workspaces/ros2_ws/src/build/cv2_contour/prefix_override:/home/joe/workspaces/ros2_ws/src/install/cv2_contour/lib/python3.10/site-packages:${PYTHONPATH} /usr/bin/python3 -W ignore:setup.py install is deprecated setup.py egg_info --egg-base ../build/cv2_contour build --build-base /home/joe/workspaces/ros2_ws/src/build/cv2_contour/build install --record /home/joe/workspaces/ros2_ws/src/build/cv2_contour/install.log --single-version-externally-managed install_data
[3.848s] Level 1:colcon.colcon_core.environment:checking '/home/joe/workspaces/ros2_ws/src/install/cv2_contour' for CMake config files
[3.850s] Level 1:colcon.colcon_core.environment:checking '/home/joe/workspaces/ros2_ws/src/install/cv2_contour/lib'
[3.850s] Level 1:colcon.colcon_core.environment:checking '/home/joe/workspaces/ros2_ws/src/install/cv2_contour/bin'
[3.850s] Level 1:colcon.colcon_core.environment:checking '/home/joe/workspaces/ros2_ws/src/install/cv2_contour/lib/pkgconfig/cv2_contour.pc'
[3.850s] Level 1:colcon.colcon_core.environment:checking '/home/joe/workspaces/ros2_ws/src/install/cv2_contour/lib/python3.10/site-packages'
[3.851s] Level 1:colcon.colcon_core.shell:create_environment_hook('cv2_contour', 'pythonpath')
[3.851s] INFO:colcon.colcon_core.shell:Creating environment hook '/home/joe/workspaces/ros2_ws/src/install/cv2_contour/share/cv2_contour/hook/pythonpath.ps1'
[3.852s] INFO:colcon.colcon_core.shell:Creating environment descriptor '/home/joe/workspaces/ros2_ws/src/install/cv2_contour/share/cv2_contour/hook/pythonpath.dsv'
[3.853s] INFO:colcon.colcon_core.shell:Creating environment hook '/home/joe/workspaces/ros2_ws/src/install/cv2_contour/share/cv2_contour/hook/pythonpath.sh'
[3.854s] Level 1:colcon.colcon_core.environment:checking '/home/joe/workspaces/ros2_ws/src/install/cv2_contour/bin'
[3.855s] Level 1:colcon.colcon_core.environment:create_environment_scripts_only(cv2_contour)
[3.855s] INFO:colcon.colcon_core.shell:Creating package script '/home/joe/workspaces/ros2_ws/src/install/cv2_contour/share/cv2_contour/package.ps1'
[3.856s] INFO:colcon.colcon_core.shell:Creating package descriptor '/home/joe/workspaces/ros2_ws/src/install/cv2_contour/share/cv2_contour/package.dsv'
[3.857s] INFO:colcon.colcon_core.shell:Creating package script '/home/joe/workspaces/ros2_ws/src/install/cv2_contour/share/cv2_contour/package.sh'
[3.858s] INFO:colcon.colcon_core.shell:Creating package script '/home/joe/workspaces/ros2_ws/src/install/cv2_contour/share/cv2_contour/package.bash'
[3.859s] INFO:colcon.colcon_core.shell:Creating package script '/home/joe/workspaces/ros2_ws/src/install/cv2_contour/share/cv2_contour/package.zsh'
[3.859s] Level 1:colcon.colcon_core.environment:create_file_with_runtime_dependencies(/home/joe/workspaces/ros2_ws/src/install/cv2_contour/share/colcon-core/packages/cv2_contour)
[3.936s] Level 1:colcon.colcon_core.environment:checking '/home/joe/workspaces/ros2_ws/src/install/py_controller_pub' for CMake module files
[3.938s] DEBUG:colcon.colcon_core.event_handler.log_command:Invoked command in '/home/joe/workspaces/ros2_ws/src/py_controller_pub' returned '0': PYTHONPATH=/home/joe/workspaces/ros2_ws/src/build/py_controller_pub/prefix_override:/home/joe/workspaces/ros2_ws/src/install/py_controller_pub/lib/python3.10/site-packages:${PYTHONPATH} /usr/bin/python3 -W ignore:setup.py install is deprecated setup.py egg_info --egg-base ../build/py_controller_pub build --build-base /home/joe/workspaces/ros2_ws/src/build/py_controller_pub/build install --record /home/joe/workspaces/ros2_ws/src/build/py_controller_pub/install.log --single-version-externally-managed install_data
[3.938s] Level 1:colcon.colcon_core.environment:checking '/home/joe/workspaces/ros2_ws/src/install/py_controller_pub' for CMake config files
[3.939s] Level 1:colcon.colcon_core.environment:checking '/home/joe/workspaces/ros2_ws/src/install/py_controller_pub/lib'
[3.939s] Level 1:colcon.colcon_core.environment:checking '/home/joe/workspaces/ros2_ws/src/install/py_controller_pub/bin'
[3.939s] Level 1:colcon.colcon_core.environment:checking '/home/joe/workspaces/ros2_ws/src/install/py_controller_pub/lib/pkgconfig/py_controller_pub.pc'
[3.940s] Level 1:colcon.colcon_core.environment:checking '/home/joe/workspaces/ros2_ws/src/install/py_controller_pub/lib/python3.10/site-packages'
[3.940s] Level 1:colcon.colcon_core.shell:create_environment_hook('py_controller_pub', 'pythonpath')
[3.940s] INFO:colcon.colcon_core.shell:Creating environment hook '/home/joe/workspaces/ros2_ws/src/install/py_controller_pub/share/py_controller_pub/hook/pythonpath.ps1'
[3.941s] INFO:colcon.colcon_core.shell:Creating environment descriptor '/home/joe/workspaces/ros2_ws/src/install/py_controller_pub/share/py_controller_pub/hook/pythonpath.dsv'
[3.941s] INFO:colcon.colcon_core.shell:Creating environment hook '/home/joe/workspaces/ros2_ws/src/install/py_controller_pub/share/py_controller_pub/hook/pythonpath.sh'
[3.942s] Level 1:colcon.colcon_core.environment:checking '/home/joe/workspaces/ros2_ws/src/install/py_controller_pub/bin'
[3.942s] Level 1:colcon.colcon_core.environment:create_environment_scripts_only(py_controller_pub)
[3.942s] INFO:colcon.colcon_core.shell:Creating package script '/home/joe/workspaces/ros2_ws/src/install/py_controller_pub/share/py_controller_pub/package.ps1'
[3.943s] INFO:colcon.colcon_core.shell:Creating package descriptor '/home/joe/workspaces/ros2_ws/src/install/py_controller_pub/share/py_controller_pub/package.dsv'
[3.944s] INFO:colcon.colcon_core.shell:Creating package script '/home/joe/workspaces/ros2_ws/src/install/py_controller_pub/share/py_controller_pub/package.sh'
[3.944s] INFO:colcon.colcon_core.shell:Creating package script '/home/joe/workspaces/ros2_ws/src/install/py_controller_pub/share/py_controller_pub/package.bash'
[3.945s] INFO:colcon.colcon_core.shell:Creating package script '/home/joe/workspaces/ros2_ws/src/install/py_controller_pub/share/py_controller_pub/package.zsh'
[3.945s] Level 1:colcon.colcon_core.environment:create_file_with_runtime_dependencies(/home/joe/workspaces/ros2_ws/src/install/py_controller_pub/share/colcon-core/packages/py_controller_pub)
[3.945s] DEBUG:colcon.colcon_parallel_executor.executor.parallel:closing loop
[3.946s] DEBUG:colcon.colcon_parallel_executor.executor.parallel:loop closed
[3.946s] DEBUG:colcon.colcon_parallel_executor.executor.parallel:run_until_complete finished with '0'
[3.946s] DEBUG:colcon.colcon_core.event_reactor:joining thread
[3.956s] INFO:colcon.colcon_core.plugin_system:Skipping extension 'colcon_notification.desktop_notification.terminal_notifier': Not used on non-Darwin systems
[3.956s] INFO:colcon.colcon_core.plugin_system:Skipping extension 'colcon_notification.desktop_notification.win32': Not used on non-Windows systems
[3.956s] INFO:colcon.colcon_notification.desktop_notification:Sending desktop notification using 'notify2'
[3.973s] DEBUG:colcon.colcon_core.event_reactor:joined thread
[3.974s] INFO:colcon.colcon_core.shell:Creating prefix script '/home/joe/workspaces/ros2_ws/src/install/local_setup.ps1'
[3.975s] INFO:colcon.colcon_core.shell:Creating prefix util module '/home/joe/workspaces/ros2_ws/src/install/_local_setup_util_ps1.py'
[3.977s] INFO:colcon.colcon_core.shell:Creating prefix chain script '/home/joe/workspaces/ros2_ws/src/install/setup.ps1'
[3.980s] INFO:colcon.colcon_core.shell:Creating prefix script '/home/joe/workspaces/ros2_ws/src/install/local_setup.sh'
[3.981s] INFO:colcon.colcon_core.shell:Creating prefix util module '/home/joe/workspaces/ros2_ws/src/install/_local_setup_util_sh.py'
[3.981s] INFO:colcon.colcon_core.shell:Creating prefix chain script '/home/joe/workspaces/ros2_ws/src/install/setup.sh'
[3.984s] INFO:colcon.colcon_core.shell:Creating prefix script '/home/joe/workspaces/ros2_ws/src/install/local_setup.bash'
[3.984s] INFO:colcon.colcon_core.shell:Creating prefix chain script '/home/joe/workspaces/ros2_ws/src/install/setup.bash'
[3.987s] INFO:colcon.colcon_core.shell:Creating prefix script '/home/joe/workspaces/ros2_ws/src/install/local_setup.zsh'
[3.988s] INFO:colcon.colcon_core.shell:Creating prefix chain script '/home/joe/workspaces/ros2_ws/src/install/setup.zsh'
