[1.723s] Invoking command in '/home/joe/workspaces/ros2_ws/src/py_pid': PYTHONPATH=/home/joe/workspaces/ros2_ws/src/build/py_pid/prefix_override:/home/joe/workspaces/ros2_ws/src/install/py_pid/lib/python3.10/site-packages:${PYTHONPATH} /usr/bin/python3 -W ignore:setup.py install is deprecated setup.py egg_info --egg-base ../build/py_pid build --build-base /home/joe/workspaces/ros2_ws/src/build/py_pid/build install --record /home/joe/workspaces/ros2_ws/src/build/py_pid/install.log --single-version-externally-managed install_data
[2.042s] running egg_info
[2.044s] writing ../build/py_pid/py_pid.egg-info/PKG-INFO
[2.045s] writing dependency_links to ../build/py_pid/py_pid.egg-info/dependency_links.txt
[2.045s] writing entry points to ../build/py_pid/py_pid.egg-info/entry_points.txt
[2.045s] writing requirements to ../build/py_pid/py_pid.egg-info/requires.txt
[2.045s] writing top-level names to ../build/py_pid/py_pid.egg-info/top_level.txt
[2.048s] reading manifest file '../build/py_pid/py_pid.egg-info/SOURCES.txt'
[2.049s] writing manifest file '../build/py_pid/py_pid.egg-info/SOURCES.txt'
[2.050s] running build
[2.050s] running build_py
[2.050s] copying py_pid/controller_pid.py -> /home/joe/workspaces/ros2_ws/src/build/py_pid/build/lib/py_pid
[2.050s] running install
[2.051s] running install_lib
[2.052s] copying /home/joe/workspaces/ros2_ws/src/build/py_pid/build/lib/py_pid/controller_pid.py -> /home/joe/workspaces/ros2_ws/src/install/py_pid/lib/python3.10/site-packages/py_pid
[2.054s] byte-compiling /home/joe/workspaces/ros2_ws/src/install/py_pid/lib/python3.10/site-packages/py_pid/controller_pid.py to controller_pid.cpython-310.pyc
[2.055s] running install_data
[2.055s] running install_egg_info
[2.058s] removing '/home/joe/workspaces/ros2_ws/src/install/py_pid/lib/python3.10/site-packages/py_pid-0.0.0-py3.10.egg-info' (and everything under it)
[2.058s] Copying ../build/py_pid/py_pid.egg-info to /home/joe/workspaces/ros2_ws/src/install/py_pid/lib/python3.10/site-packages/py_pid-0.0.0-py3.10.egg-info
[2.060s] running install_scripts
[2.103s] Installing ball_control_pid script to /home/joe/workspaces/ros2_ws/src/install/py_pid/lib/py_pid
[2.104s] writing list of installed files to '/home/joe/workspaces/ros2_ws/src/build/py_pid/install.log'
[2.176s] Invoked command in '/home/joe/workspaces/ros2_ws/src/py_pid' returned '0': PYTHONPATH=/home/joe/workspaces/ros2_ws/src/build/py_pid/prefix_override:/home/joe/workspaces/ros2_ws/src/install/py_pid/lib/python3.10/site-packages:${PYTHONPATH} /usr/bin/python3 -W ignore:setup.py install is deprecated setup.py egg_info --egg-base ../build/py_pid build --build-base /home/joe/workspaces/ros2_ws/src/build/py_pid/build install --record /home/joe/workspaces/ros2_ws/src/build/py_pid/install.log --single-version-externally-managed install_data
