[3.522s] Invoking command in '/home/joe/workspaces/ros2_ws/src/cv2_contour': PYTHONPATH=/home/joe/workspaces/ros2_ws/build/cv2_contour/prefix_override:/home/joe/workspaces/ros2_ws/install/cv2_contour/lib/python3.10/site-packages:${PYTHONPATH} /usr/bin/python3 -W ignore:setup.py install is deprecated setup.py egg_info --egg-base ../../build/cv2_contour build --build-base /home/joe/workspaces/ros2_ws/build/cv2_contour/build install --record /home/joe/workspaces/ros2_ws/build/cv2_contour/install.log --single-version-externally-managed install_data
[4.183s] running egg_info
[4.183s] writing ../../build/cv2_contour/cv2_contour.egg-info/PKG-INFO
[4.183s] writing dependency_links to ../../build/cv2_contour/cv2_contour.egg-info/dependency_links.txt
[4.183s] writing entry points to ../../build/cv2_contour/cv2_contour.egg-info/entry_points.txt
[4.184s] writing requirements to ../../build/cv2_contour/cv2_contour.egg-info/requires.txt
[4.184s] writing top-level names to ../../build/cv2_contour/cv2_contour.egg-info/top_level.txt
[4.184s] reading manifest file '../../build/cv2_contour/cv2_contour.egg-info/SOURCES.txt'
[4.184s] writing manifest file '../../build/cv2_contour/cv2_contour.egg-info/SOURCES.txt'
[4.184s] running build
[4.184s] running build_py
[4.185s] copying cv2_contour/cv2_contour_node.py -> /home/joe/workspaces/ros2_ws/build/cv2_contour/build/lib/cv2_contour
[4.185s] copying cv2_contour/__init__.py -> /home/joe/workspaces/ros2_ws/build/cv2_contour/build/lib/cv2_contour
[4.185s] running install
[4.185s] running install_lib
[4.185s] copying /home/joe/workspaces/ros2_ws/build/cv2_contour/build/lib/cv2_contour/cv2_contour_node.py -> /home/joe/workspaces/ros2_ws/install/cv2_contour/lib/python3.10/site-packages/cv2_contour
[4.185s] copying /home/joe/workspaces/ros2_ws/build/cv2_contour/build/lib/cv2_contour/__init__.py -> /home/joe/workspaces/ros2_ws/install/cv2_contour/lib/python3.10/site-packages/cv2_contour
[4.185s] byte-compiling /home/joe/workspaces/ros2_ws/install/cv2_contour/lib/python3.10/site-packages/cv2_contour/cv2_contour_node.py to cv2_contour_node.cpython-310.pyc
[4.186s] byte-compiling /home/joe/workspaces/ros2_ws/install/cv2_contour/lib/python3.10/site-packages/cv2_contour/__init__.py to __init__.cpython-310.pyc
[4.186s] running install_data
[4.186s] copying resource/cv2_contour -> /home/joe/workspaces/ros2_ws/install/cv2_contour/share/ament_index/resource_index/packages
[4.186s] copying package.xml -> /home/joe/workspaces/ros2_ws/install/cv2_contour/share/cv2_contour
[4.186s] running install_egg_info
[4.186s] removing '/home/joe/workspaces/ros2_ws/install/cv2_contour/lib/python3.10/site-packages/cv2_contour-0.0.0-py3.10.egg-info' (and everything under it)
[4.187s] Copying ../../build/cv2_contour/cv2_contour.egg-info to /home/joe/workspaces/ros2_ws/install/cv2_contour/lib/python3.10/site-packages/cv2_contour-0.0.0-py3.10.egg-info
[4.187s] running install_scripts
[4.222s] Installing cv2_contour_node script to /home/joe/workspaces/ros2_ws/install/cv2_contour/lib/cv2_contour
[4.222s] writing list of installed files to '/home/joe/workspaces/ros2_ws/build/cv2_contour/install.log'
[4.991s] Invoked command in '/home/joe/workspaces/ros2_ws/src/cv2_contour' returned '0': PYTHONPATH=/home/joe/workspaces/ros2_ws/build/cv2_contour/prefix_override:/home/joe/workspaces/ros2_ws/install/cv2_contour/lib/python3.10/site-packages:${PYTHONPATH} /usr/bin/python3 -W ignore:setup.py install is deprecated setup.py egg_info --egg-base ../../build/cv2_contour build --build-base /home/joe/workspaces/ros2_ws/build/cv2_contour/build install --record /home/joe/workspaces/ros2_ws/build/cv2_contour/install.log --single-version-externally-managed install_data
