[2.744s] Invoking command in '/home/joe/workspaces/ros2_ws/src/py_launch': PYTHONPATH=/home/joe/workspaces/ros2_ws/build/py_launch/prefix_override:/home/joe/workspaces/ros2_ws/install/py_launch/lib/python3.10/site-packages:${PYTHONPATH} /usr/bin/python3 -W ignore:setup.py install is deprecated setup.py egg_info --egg-base ../../build/py_launch build --build-base /home/joe/workspaces/ros2_ws/build/py_launch/build install --record /home/joe/workspaces/ros2_ws/build/py_launch/install.log --single-version-externally-managed install_data
[3.377s] running egg_info
[3.381s] writing ../../build/py_launch/py_launch.egg-info/PKG-INFO
[3.381s] writing dependency_links to ../../build/py_launch/py_launch.egg-info/dependency_links.txt
[3.382s] writing entry points to ../../build/py_launch/py_launch.egg-info/entry_points.txt
[3.382s] writing requirements to ../../build/py_launch/py_launch.egg-info/requires.txt
[3.383s] writing top-level names to ../../build/py_launch/py_launch.egg-info/top_level.txt
[3.384s] reading manifest file '../../build/py_launch/py_launch.egg-info/SOURCES.txt'
[3.387s] writing manifest file '../../build/py_launch/py_launch.egg-info/SOURCES.txt'
[3.387s] running build
[3.388s] running build_py
[3.388s] copying py_launch/launch.py -> /home/joe/workspaces/ros2_ws/build/py_launch/build/lib/py_launch
[3.388s] running install
[3.388s] running install_lib
[3.390s] copying /home/joe/workspaces/ros2_ws/build/py_launch/build/lib/py_launch/launch.py -> /home/joe/workspaces/ros2_ws/install/py_launch/lib/python3.10/site-packages/py_launch
[3.391s] byte-compiling /home/joe/workspaces/ros2_ws/install/py_launch/lib/python3.10/site-packages/py_launch/launch.py to launch.cpython-310.pyc
[3.391s] running install_data
[3.391s]   File "/home/joe/workspaces/ros2_ws/install/py_launch/lib/python3.10/site-packages/py_launch/launch.py", line 30
[3.392s]     Node(
[3.392s]     ^^^^
[3.392s] SyntaxError: invalid syntax. Perhaps you forgot a comma?
[3.392s] 
[3.392s] copying py_launch/launch.py -> /home/joe/workspaces/ros2_ws/install/py_launch/share/py_launch
[3.392s] running install_egg_info
[3.395s] removing '/home/joe/workspaces/ros2_ws/install/py_launch/lib/python3.10/site-packages/py_launch-0.0.0-py3.10.egg-info' (and everything under it)
[3.396s] Copying ../../build/py_launch/py_launch.egg-info to /home/joe/workspaces/ros2_ws/install/py_launch/lib/python3.10/site-packages/py_launch-0.0.0-py3.10.egg-info
[3.397s] running install_scripts
[3.436s] writing list of installed files to '/home/joe/workspaces/ros2_ws/build/py_launch/install.log'
[3.483s] Invoked command in '/home/joe/workspaces/ros2_ws/src/py_launch' returned '0': PYTHONPATH=/home/joe/workspaces/ros2_ws/build/py_launch/prefix_override:/home/joe/workspaces/ros2_ws/install/py_launch/lib/python3.10/site-packages:${PYTHONPATH} /usr/bin/python3 -W ignore:setup.py install is deprecated setup.py egg_info --egg-base ../../build/py_launch build --build-base /home/joe/workspaces/ros2_ws/build/py_launch/build install --record /home/joe/workspaces/ros2_ws/build/py_launch/install.log --single-version-externally-managed install_data
