running egg_info
creating ../build/py_launch/py_launch.egg-info
writing ../build/py_launch/py_launch.egg-info/PKG-INFO
writing dependency_links to ../build/py_launch/py_launch.egg-info/dependency_links.txt
writing entry points to ../build/py_launch/py_launch.egg-info/entry_points.txt
writing requirements to ../build/py_launch/py_launch.egg-info/requires.txt
writing top-level names to ../build/py_launch/py_launch.egg-info/top_level.txt
writing manifest file '../build/py_launch/py_launch.egg-info/SOURCES.txt'
reading manifest file '../build/py_launch/py_launch.egg-info/SOURCES.txt'
writing manifest file '../build/py_launch/py_launch.egg-info/SOURCES.txt'
running build
running build_py
creating /home/joe/workspaces/ros2_ws/src/build/py_launch/build
creating /home/joe/workspaces/ros2_ws/src/build/py_launch/build/lib
creating /home/joe/workspaces/ros2_ws/src/build/py_launch/build/lib/py_launch
copying py_launch/__init__.py -> /home/joe/workspaces/ros2_ws/src/build/py_launch/build/lib/py_launch
copying py_launch/launch.py -> /home/joe/workspaces/ros2_ws/src/build/py_launch/build/lib/py_launch
running install
running install_lib
creating /home/joe/workspaces/ros2_ws/src/install/py_launch/lib/python3.10/site-packages/py_launch
copying /home/joe/workspaces/ros2_ws/src/build/py_launch/build/lib/py_launch/__init__.py -> /home/joe/workspaces/ros2_ws/src/install/py_launch/lib/python3.10/site-packages/py_launch
copying /home/joe/workspaces/ros2_ws/src/build/py_launch/build/lib/py_launch/launch.py -> /home/joe/workspaces/ros2_ws/src/install/py_launch/lib/python3.10/site-packages/py_launch
byte-compiling /home/joe/workspaces/ros2_ws/src/install/py_launch/lib/python3.10/site-packages/py_launch/__init__.py to __init__.cpython-310.pyc
byte-compiling /home/joe/workspaces/ros2_ws/src/install/py_launch/lib/python3.10/site-packages/py_launch/launch.py to launch.cpython-310.pyc
running install_data
creating /home/joe/workspaces/ros2_ws/src/install/py_launch/share/ament_index
creating /home/joe/workspaces/ros2_ws/src/install/py_launch/share/ament_index/resource_index
creating /home/joe/workspaces/ros2_ws/src/install/py_launch/share/ament_index/resource_index/packages
copying resource/py_launch -> /home/joe/workspaces/ros2_ws/src/install/py_launch/share/ament_index/resource_index/packages
copying package.xml -> /home/joe/workspaces/ros2_ws/src/install/py_launch/share/py_launch
copying py_launch/launch.py -> /home/joe/workspaces/ros2_ws/src/install/py_launch/share/py_launch
running install_egg_info
Copying ../build/py_launch/py_launch.egg-info to /home/joe/workspaces/ros2_ws/src/install/py_launch/lib/python3.10/site-packages/py_launch-0.0.0-py3.10.egg-info
running install_scripts
writing list of installed files to '/home/joe/workspaces/ros2_ws/src/build/py_launch/install.log'
