[1.757s] Invoking command in '/home/joe/workspaces/ros2_ws/src/py_launch': PYTHONPATH=/home/joe/workspaces/ros2_ws/src/build/py_launch/prefix_override:/home/joe/workspaces/ros2_ws/src/install/py_launch/lib/python3.10/site-packages:${PYTHONPATH} /usr/bin/python3 -W ignore:setup.py install is deprecated setup.py egg_info --egg-base ../build/py_launch build --build-base /home/joe/workspaces/ros2_ws/src/build/py_launch/build install --record /home/joe/workspaces/ros2_ws/src/build/py_launch/install.log --single-version-externally-managed install_data
[2.080s] running egg_info
[2.081s] creating ../build/py_launch/py_launch.egg-info
[2.081s] writing ../build/py_launch/py_launch.egg-info/PKG-INFO
[2.081s] writing dependency_links to ../build/py_launch/py_launch.egg-info/dependency_links.txt
[2.082s] writing entry points to ../build/py_launch/py_launch.egg-info/entry_points.txt
[2.082s] writing requirements to ../build/py_launch/py_launch.egg-info/requires.txt
[2.082s] writing top-level names to ../build/py_launch/py_launch.egg-info/top_level.txt
[2.083s] writing manifest file '../build/py_launch/py_launch.egg-info/SOURCES.txt'
[2.085s] reading manifest file '../build/py_launch/py_launch.egg-info/SOURCES.txt'
[2.086s] writing manifest file '../build/py_launch/py_launch.egg-info/SOURCES.txt'
[2.087s] running build
[2.087s] running build_py
[2.088s] creating /home/joe/workspaces/ros2_ws/src/build/py_launch/build
[2.088s] creating /home/joe/workspaces/ros2_ws/src/build/py_launch/build/lib
[2.088s] creating /home/joe/workspaces/ros2_ws/src/build/py_launch/build/lib/py_launch
[2.088s] copying py_launch/__init__.py -> /home/joe/workspaces/ros2_ws/src/build/py_launch/build/lib/py_launch
[2.089s] copying py_launch/launch.py -> /home/joe/workspaces/ros2_ws/src/build/py_launch/build/lib/py_launch
[2.089s] running install
[2.090s] running install_lib
[2.090s] creating /home/joe/workspaces/ros2_ws/src/install/py_launch/lib/python3.10/site-packages/py_launch
[2.091s] copying /home/joe/workspaces/ros2_ws/src/build/py_launch/build/lib/py_launch/__init__.py -> /home/joe/workspaces/ros2_ws/src/install/py_launch/lib/python3.10/site-packages/py_launch
[2.091s] copying /home/joe/workspaces/ros2_ws/src/build/py_launch/build/lib/py_launch/launch.py -> /home/joe/workspaces/ros2_ws/src/install/py_launch/lib/python3.10/site-packages/py_launch
[2.092s] byte-compiling /home/joe/workspaces/ros2_ws/src/install/py_launch/lib/python3.10/site-packages/py_launch/__init__.py to __init__.cpython-310.pyc
[2.092s] byte-compiling /home/joe/workspaces/ros2_ws/src/install/py_launch/lib/python3.10/site-packages/py_launch/launch.py to launch.cpython-310.pyc
[2.092s] running install_data
[2.093s] creating /home/joe/workspaces/ros2_ws/src/install/py_launch/share/ament_index
[2.093s] creating /home/joe/workspaces/ros2_ws/src/install/py_launch/share/ament_index/resource_index
[2.093s] creating /home/joe/workspaces/ros2_ws/src/install/py_launch/share/ament_index/resource_index/packages
[2.093s] copying resource/py_launch -> /home/joe/workspaces/ros2_ws/src/install/py_launch/share/ament_index/resource_index/packages
[2.094s] copying package.xml -> /home/joe/workspaces/ros2_ws/src/install/py_launch/share/py_launch
[2.094s] copying py_launch/launch.py -> /home/joe/workspaces/ros2_ws/src/install/py_launch/share/py_launch
[2.094s] running install_egg_info
[2.095s] Copying ../build/py_launch/py_launch.egg-info to /home/joe/workspaces/ros2_ws/src/install/py_launch/lib/python3.10/site-packages/py_launch-0.0.0-py3.10.egg-info
[2.097s] running install_scripts
[2.129s] writing list of installed files to '/home/joe/workspaces/ros2_ws/src/build/py_launch/install.log'
[2.175s] Invoked command in '/home/joe/workspaces/ros2_ws/src/py_launch' returned '0': PYTHONPATH=/home/joe/workspaces/ros2_ws/src/build/py_launch/prefix_override:/home/joe/workspaces/ros2_ws/src/install/py_launch/lib/python3.10/site-packages:${PYTHONPATH} /usr/bin/python3 -W ignore:setup.py install is deprecated setup.py egg_info --egg-base ../build/py_launch build --build-base /home/joe/workspaces/ros2_ws/src/build/py_launch/build install --record /home/joe/workspaces/ros2_ws/src/build/py_launch/install.log --single-version-externally-managed install_data
