[3.488s] Invoking command in '/home/joe/workspaces/ros2_ws/src/py_launch': PYTHONPATH=/home/joe/workspaces/ros2_ws/build/py_launch/prefix_override:/home/joe/workspaces/ros2_ws/install/py_launch/lib/python3.10/site-packages:${PYTHONPATH} /usr/bin/python3 -W ignore:setup.py install is deprecated setup.py egg_info --egg-base ../../build/py_launch build --build-base /home/joe/workspaces/ros2_ws/build/py_launch/build install --record /home/joe/workspaces/ros2_ws/build/py_launch/install.log --single-version-externally-managed install_data
[4.139s] running egg_info
[4.141s] writing ../../build/py_launch/py_launch.egg-info/PKG-INFO
[4.141s] writing dependency_links to ../../build/py_launch/py_launch.egg-info/dependency_links.txt
[4.142s] writing entry points to ../../build/py_launch/py_launch.egg-info/entry_points.txt
[4.142s] writing requirements to ../../build/py_launch/py_launch.egg-info/requires.txt
[4.142s] writing top-level names to ../../build/py_launch/py_launch.egg-info/top_level.txt
[4.146s] reading manifest file '../../build/py_launch/py_launch.egg-info/SOURCES.txt'
[4.148s] writing manifest file '../../build/py_launch/py_launch.egg-info/SOURCES.txt'
[4.148s] running build
[4.148s] running build_py
[4.148s] copying py_launch/launch.py -> /home/joe/workspaces/ros2_ws/build/py_launch/build/lib/py_launch
[4.149s] running install
[4.150s] running install_lib
[4.151s] copying /home/joe/workspaces/ros2_ws/build/py_launch/build/lib/py_launch/launch.py -> /home/joe/workspaces/ros2_ws/install/py_launch/lib/python3.10/site-packages/py_launch
[4.153s] byte-compiling /home/joe/workspaces/ros2_ws/install/py_launch/lib/python3.10/site-packages/py_launch/launch.py to launch.cpython-310.pyc
[4.153s]   File "/home/joe/workspaces/ros2_ws/install/py_launch/lib/python3.10/site-packages/py_launch/launch.py", line 43
[4.154s]     Node(
[4.154s]     ^^^^
[4.154s] SyntaxError: invalid syntax. Perhaps you forgot a comma?
[4.154s] 
[4.154s] running install_data
[4.155s] copying py_launch/launch.py -> /home/joe/workspaces/ros2_ws/install/py_launch/share/py_launch
[4.155s] running install_egg_info
[4.158s] removing '/home/joe/workspaces/ros2_ws/install/py_launch/lib/python3.10/site-packages/py_launch-0.0.0-py3.10.egg-info' (and everything under it)
[4.159s] Copying ../../build/py_launch/py_launch.egg-info to /home/joe/workspaces/ros2_ws/install/py_launch/lib/python3.10/site-packages/py_launch-0.0.0-py3.10.egg-info
[4.163s] running install_scripts
[4.220s] writing list of installed files to '/home/joe/workspaces/ros2_ws/build/py_launch/install.log'
[4.725s] Invoked command in '/home/joe/workspaces/ros2_ws/src/py_launch' returned '0': PYTHONPATH=/home/joe/workspaces/ros2_ws/build/py_launch/prefix_override:/home/joe/workspaces/ros2_ws/install/py_launch/lib/python3.10/site-packages:${PYTHONPATH} /usr/bin/python3 -W ignore:setup.py install is deprecated setup.py egg_info --egg-base ../../build/py_launch build --build-base /home/joe/workspaces/ros2_ws/build/py_launch/build install --record /home/joe/workspaces/ros2_ws/build/py_launch/install.log --single-version-externally-managed install_data
