[0.711s] Invoking command in '/home/joe/workspaces/ros2_ws/src/py_kinematics': PYTHONPATH=/home/joe/workspaces/ros2_ws/build/py_kinematics/prefix_override:/home/joe/workspaces/ros2_ws/install/py_kinematics/lib/python3.10/site-packages:${PYTHONPATH} /usr/bin/python3 -W ignore:setup.py install is deprecated setup.py egg_info --egg-base ../../build/py_kinematics build --build-base /home/joe/workspaces/ros2_ws/build/py_kinematics/build install --record /home/joe/workspaces/ros2_ws/build/py_kinematics/install.log --single-version-externally-managed install_data
[0.990s] running egg_info
[0.991s] writing ../../build/py_kinematics/py_kinematics.egg-info/PKG-INFO
[0.991s] writing dependency_links to ../../build/py_kinematics/py_kinematics.egg-info/dependency_links.txt
[0.992s] writing entry points to ../../build/py_kinematics/py_kinematics.egg-info/entry_points.txt
[0.992s] writing requirements to ../../build/py_kinematics/py_kinematics.egg-info/requires.txt
[0.992s] writing top-level names to ../../build/py_kinematics/py_kinematics.egg-info/top_level.txt
[0.994s] reading manifest file '../../build/py_kinematics/py_kinematics.egg-info/SOURCES.txt'
[0.995s] writing manifest file '../../build/py_kinematics/py_kinematics.egg-info/SOURCES.txt'
[0.995s] running build
[0.996s] running build_py
[0.996s] copying py_kinematics/kinematic_control.py -> /home/joe/workspaces/ros2_ws/build/py_kinematics/build/lib/py_kinematics
[0.996s] running install
[0.997s] running install_lib
[0.997s] copying /home/joe/workspaces/ros2_ws/build/py_kinematics/build/lib/py_kinematics/kinematic_control.py -> /home/joe/workspaces/ros2_ws/install/py_kinematics/lib/python3.10/site-packages/py_kinematics
[0.998s] byte-compiling /home/joe/workspaces/ros2_ws/install/py_kinematics/lib/python3.10/site-packages/py_kinematics/kinematic_control.py to kinematic_control.cpython-310.pyc
[0.999s] running install_data
[0.999s] running install_egg_info
[1.001s] removing '/home/joe/workspaces/ros2_ws/install/py_kinematics/lib/python3.10/site-packages/py_kinematics-0.0.0-py3.10.egg-info' (and everything under it)
[1.002s] Copying ../../build/py_kinematics/py_kinematics.egg-info to /home/joe/workspaces/ros2_ws/install/py_kinematics/lib/python3.10/site-packages/py_kinematics-0.0.0-py3.10.egg-info
[1.003s] running install_scripts
[1.029s] Installing kinematic_control script to /home/joe/workspaces/ros2_ws/install/py_kinematics/lib/py_kinematics
[1.029s] writing list of installed files to '/home/joe/workspaces/ros2_ws/build/py_kinematics/install.log'
[1.057s] Invoked command in '/home/joe/workspaces/ros2_ws/src/py_kinematics' returned '0': PYTHONPATH=/home/joe/workspaces/ros2_ws/build/py_kinematics/prefix_override:/home/joe/workspaces/ros2_ws/install/py_kinematics/lib/python3.10/site-packages:${PYTHONPATH} /usr/bin/python3 -W ignore:setup.py install is deprecated setup.py egg_info --egg-base ../../build/py_kinematics build --build-base /home/joe/workspaces/ros2_ws/build/py_kinematics/build install --record /home/joe/workspaces/ros2_ws/build/py_kinematics/install.log --single-version-externally-managed install_data
