[2.700s] Invoking command in '/home/joe/workspaces/ros2_ws/src/py_pid': PYTHONPATH=/home/joe/workspaces/ros2_ws/build/py_pid/prefix_override:/home/joe/workspaces/ros2_ws/install/py_pid/lib/python3.10/site-packages:${PYTHONPATH} /usr/bin/python3 -W ignore:setup.py install is deprecated setup.py egg_info --egg-base ../../build/py_pid build --build-base /home/joe/workspaces/ros2_ws/build/py_pid/build install --record /home/joe/workspaces/ros2_ws/build/py_pid/install.log --single-version-externally-managed install_data
[3.212s] running egg_info
[3.215s] writing ../../build/py_pid/py_pid.egg-info/PKG-INFO
[3.217s] writing dependency_links to ../../build/py_pid/py_pid.egg-info/dependency_links.txt
[3.219s] writing entry points to ../../build/py_pid/py_pid.egg-info/entry_points.txt
[3.220s] writing requirements to ../../build/py_pid/py_pid.egg-info/requires.txt
[3.222s] writing top-level names to ../../build/py_pid/py_pid.egg-info/top_level.txt
[3.227s] reading manifest file '../../build/py_pid/py_pid.egg-info/SOURCES.txt'
[3.230s] writing manifest file '../../build/py_pid/py_pid.egg-info/SOURCES.txt'
[3.232s] running build
[3.233s] running build_py
[3.235s] copying py_pid/controller_pid.py -> /home/joe/workspaces/ros2_ws/build/py_pid/build/lib/py_pid
[3.237s] running install
[3.239s] running install_lib
[3.241s] copying /home/joe/workspaces/ros2_ws/build/py_pid/build/lib/py_pid/controller_pid.py -> /home/joe/workspaces/ros2_ws/install/py_pid/lib/python3.10/site-packages/py_pid
[3.245s] byte-compiling /home/joe/workspaces/ros2_ws/install/py_pid/lib/python3.10/site-packages/py_pid/controller_pid.py to controller_pid.cpython-310.pyc
[3.249s] running install_data
[3.250s] running install_egg_info
[3.255s] removing '/home/joe/workspaces/ros2_ws/install/py_pid/lib/python3.10/site-packages/py_pid-0.0.0-py3.10.egg-info' (and everything under it)
[3.260s] Copying ../../build/py_pid/py_pid.egg-info to /home/joe/workspaces/ros2_ws/install/py_pid/lib/python3.10/site-packages/py_pid-0.0.0-py3.10.egg-info
[3.260s] running install_scripts
[3.301s] Installing ball_control_pid script to /home/joe/workspaces/ros2_ws/install/py_pid/lib/py_pid
[3.303s] writing list of installed files to '/home/joe/workspaces/ros2_ws/build/py_pid/install.log'
[3.372s] Invoked command in '/home/joe/workspaces/ros2_ws/src/py_pid' returned '0': PYTHONPATH=/home/joe/workspaces/ros2_ws/build/py_pid/prefix_override:/home/joe/workspaces/ros2_ws/install/py_pid/lib/python3.10/site-packages:${PYTHONPATH} /usr/bin/python3 -W ignore:setup.py install is deprecated setup.py egg_info --egg-base ../../build/py_pid build --build-base /home/joe/workspaces/ros2_ws/build/py_pid/build install --record /home/joe/workspaces/ros2_ws/build/py_pid/install.log --single-version-externally-managed install_data
