[1.708s] Invoking command in '/home/joe/workspaces/ros2_ws/src/py_pid': PYTHONPATH=/home/joe/workspaces/ros2_ws/src/build/py_pid/prefix_override:/home/joe/workspaces/ros2_ws/src/install/py_pid/lib/python3.10/site-packages:${PYTHONPATH} /usr/bin/python3 -W ignore:setup.py install is deprecated setup.py egg_info --egg-base ../build/py_pid build --build-base /home/joe/workspaces/ros2_ws/src/build/py_pid/build install --record /home/joe/workspaces/ros2_ws/src/build/py_pid/install.log --single-version-externally-managed install_data
[2.027s] running egg_info
[2.028s] writing ../build/py_pid/py_pid.egg-info/PKG-INFO
[2.029s] writing dependency_links to ../build/py_pid/py_pid.egg-info/dependency_links.txt
[2.029s] writing entry points to ../build/py_pid/py_pid.egg-info/entry_points.txt
[2.029s] writing requirements to ../build/py_pid/py_pid.egg-info/requires.txt
[2.030s] writing top-level names to ../build/py_pid/py_pid.egg-info/top_level.txt
[2.032s] reading manifest file '../build/py_pid/py_pid.egg-info/SOURCES.txt'
[2.034s] writing manifest file '../build/py_pid/py_pid.egg-info/SOURCES.txt'
[2.034s] running build
[2.034s] running build_py
[2.035s] running install
[2.035s] running install_lib
[2.038s] running install_data
[2.038s] running install_egg_info
[2.040s] removing '/home/joe/workspaces/ros2_ws/src/install/py_pid/lib/python3.10/site-packages/py_pid-0.0.0-py3.10.egg-info' (and everything under it)
[2.041s] Copying ../build/py_pid/py_pid.egg-info to /home/joe/workspaces/ros2_ws/src/install/py_pid/lib/python3.10/site-packages/py_pid-0.0.0-py3.10.egg-info
[2.042s] running install_scripts
[2.074s] Installing ball_control_pid script to /home/joe/workspaces/ros2_ws/src/install/py_pid/lib/py_pid
[2.075s] writing list of installed files to '/home/joe/workspaces/ros2_ws/src/build/py_pid/install.log'
[2.128s] Invoked command in '/home/joe/workspaces/ros2_ws/src/py_pid' returned '0': PYTHONPATH=/home/joe/workspaces/ros2_ws/src/build/py_pid/prefix_override:/home/joe/workspaces/ros2_ws/src/install/py_pid/lib/python3.10/site-packages:${PYTHONPATH} /usr/bin/python3 -W ignore:setup.py install is deprecated setup.py egg_info --egg-base ../build/py_pid build --build-base /home/joe/workspaces/ros2_ws/src/build/py_pid/build install --record /home/joe/workspaces/ros2_ws/src/build/py_pid/install.log --single-version-externally-managed install_data
