[2.146s] Invoking command in '/home/joe/workspaces/ros2_ws/src/cv2_contour': PYTHONPATH=/home/joe/workspaces/ros2_ws/build/cv2_contour/prefix_override:/home/joe/workspaces/ros2_ws/install/cv2_contour/lib/python3.10/site-packages:${PYTHONPATH} /usr/bin/python3 -W ignore:setup.py install is deprecated setup.py egg_info --egg-base ../../build/cv2_contour build --build-base /home/joe/workspaces/ros2_ws/build/cv2_contour/build install --record /home/joe/workspaces/ros2_ws/build/cv2_contour/install.log --single-version-externally-managed install_data
[2.511s] running egg_info
[2.522s] writing ../../build/cv2_contour/cv2_contour.egg-info/PKG-INFO
[2.523s] writing dependency_links to ../../build/cv2_contour/cv2_contour.egg-info/dependency_links.txt
[2.524s] writing entry points to ../../build/cv2_contour/cv2_contour.egg-info/entry_points.txt
[2.525s] writing requirements to ../../build/cv2_contour/cv2_contour.egg-info/requires.txt
[2.526s] writing top-level names to ../../build/cv2_contour/cv2_contour.egg-info/top_level.txt
[2.527s] reading manifest file '../../build/cv2_contour/cv2_contour.egg-info/SOURCES.txt'
[2.528s] writing manifest file '../../build/cv2_contour/cv2_contour.egg-info/SOURCES.txt'
[2.530s] running build
[2.531s] running build_py
[2.532s] running install
[2.533s] running install_lib
[2.536s] running install_data
[2.539s] running install_egg_info
[2.539s] removing '/home/joe/workspaces/ros2_ws/install/cv2_contour/lib/python3.10/site-packages/cv2_contour-0.0.0-py3.10.egg-info' (and everything under it)
[2.539s] Copying ../../build/cv2_contour/cv2_contour.egg-info to /home/joe/workspaces/ros2_ws/install/cv2_contour/lib/python3.10/site-packages/cv2_contour-0.0.0-py3.10.egg-info
[2.540s] running install_scripts
[2.562s] Installing cv2_contour_node script to /home/joe/workspaces/ros2_ws/install/cv2_contour/lib/cv2_contour
[2.563s] writing list of installed files to '/home/joe/workspaces/ros2_ws/build/cv2_contour/install.log'
[2.622s] Invoked command in '/home/joe/workspaces/ros2_ws/src/cv2_contour' returned '0': PYTHONPATH=/home/joe/workspaces/ros2_ws/build/cv2_contour/prefix_override:/home/joe/workspaces/ros2_ws/install/cv2_contour/lib/python3.10/site-packages:${PYTHONPATH} /usr/bin/python3 -W ignore:setup.py install is deprecated setup.py egg_info --egg-base ../../build/cv2_contour build --build-base /home/joe/workspaces/ros2_ws/build/cv2_contour/build install --record /home/joe/workspaces/ros2_ws/build/cv2_contour/install.log --single-version-externally-managed install_data
