[2.175s] Invoking command in '/home/joe/workspaces/ros2_ws/src/py_launch': PYTHONPATH=/home/joe/workspaces/ros2_ws/src/build/py_launch/prefix_override:/home/joe/workspaces/ros2_ws/src/install/py_launch/lib/python3.10/site-packages:${PYTHONPATH} /usr/bin/python3 -W ignore:setup.py install is deprecated setup.py egg_info --egg-base ../build/py_launch build --build-base /home/joe/workspaces/ros2_ws/src/build/py_launch/build install --record /home/joe/workspaces/ros2_ws/src/build/py_launch/install.log --single-version-externally-managed install_data
[2.639s] running egg_info
[2.641s] writing ../build/py_launch/py_launch.egg-info/PKG-INFO
[2.641s] writing dependency_links to ../build/py_launch/py_launch.egg-info/dependency_links.txt
[2.642s] writing entry points to ../build/py_launch/py_launch.egg-info/entry_points.txt
[2.642s] writing requirements to ../build/py_launch/py_launch.egg-info/requires.txt
[2.642s] writing top-level names to ../build/py_launch/py_launch.egg-info/top_level.txt
[2.646s] reading manifest file '../build/py_launch/py_launch.egg-info/SOURCES.txt'
[2.649s] writing manifest file '../build/py_launch/py_launch.egg-info/SOURCES.txt'
[2.650s] running build
[2.652s] running build_py
[2.653s] running install
[2.653s] running install_lib
[2.655s] running install_data
[2.656s] running install_egg_info
[2.658s] removing '/home/joe/workspaces/ros2_ws/src/install/py_launch/lib/python3.10/site-packages/py_launch-0.0.0-py3.10.egg-info' (and everything under it)
[2.659s] Copying ../build/py_launch/py_launch.egg-info to /home/joe/workspaces/ros2_ws/src/install/py_launch/lib/python3.10/site-packages/py_launch-0.0.0-py3.10.egg-info
[2.660s] running install_scripts
[2.726s] writing list of installed files to '/home/joe/workspaces/ros2_ws/src/build/py_launch/install.log'
[2.823s] Invoked command in '/home/joe/workspaces/ros2_ws/src/py_launch' returned '0': PYTHONPATH=/home/joe/workspaces/ros2_ws/src/build/py_launch/prefix_override:/home/joe/workspaces/ros2_ws/src/install/py_launch/lib/python3.10/site-packages:${PYTHONPATH} /usr/bin/python3 -W ignore:setup.py install is deprecated setup.py egg_info --egg-base ../build/py_launch build --build-base /home/joe/workspaces/ros2_ws/src/build/py_launch/build install --record /home/joe/workspaces/ros2_ws/src/build/py_launch/install.log --single-version-externally-managed install_data
