[0.727s] Invoking command in '/home/joe/workspaces/ros2_ws/src/py_pid': PYTHONPATH=/home/joe/workspaces/ros2_ws/build/py_pid/prefix_override:/home/joe/workspaces/ros2_ws/install/py_pid/lib/python3.10/site-packages:${PYTHONPATH} /usr/bin/python3 -W ignore:setup.py install is deprecated setup.py egg_info --egg-base ../../build/py_pid build --build-base /home/joe/workspaces/ros2_ws/build/py_pid/build install --record /home/joe/workspaces/ros2_ws/build/py_pid/install.log --single-version-externally-managed install_data
[1.015s] running egg_info
[1.016s] writing ../../build/py_pid/py_pid.egg-info/PKG-INFO
[1.016s] writing dependency_links to ../../build/py_pid/py_pid.egg-info/dependency_links.txt
[1.016s] writing entry points to ../../build/py_pid/py_pid.egg-info/entry_points.txt
[1.017s] writing requirements to ../../build/py_pid/py_pid.egg-info/requires.txt
[1.017s] writing top-level names to ../../build/py_pid/py_pid.egg-info/top_level.txt
[1.019s] reading manifest file '../../build/py_pid/py_pid.egg-info/SOURCES.txt'
[1.020s] writing manifest file '../../build/py_pid/py_pid.egg-info/SOURCES.txt'
[1.020s] running build
[1.021s] running build_py
[1.021s] copying py_pid/controller_pid.py -> /home/joe/workspaces/ros2_ws/build/py_pid/build/lib/py_pid
[1.021s] running install
[1.021s] running install_lib
[1.022s] copying /home/joe/workspaces/ros2_ws/build/py_pid/build/lib/py_pid/controller_pid.py -> /home/joe/workspaces/ros2_ws/install/py_pid/lib/python3.10/site-packages/py_pid
[1.023s] byte-compiling /home/joe/workspaces/ros2_ws/install/py_pid/lib/python3.10/site-packages/py_pid/controller_pid.py to controller_pid.cpython-310.pyc
[1.024s] running install_data
[1.024s] running install_egg_info
[1.027s] removing '/home/joe/workspaces/ros2_ws/install/py_pid/lib/python3.10/site-packages/py_pid-0.0.0-py3.10.egg-info' (and everything under it)
[1.027s] Copying ../../build/py_pid/py_pid.egg-info to /home/joe/workspaces/ros2_ws/install/py_pid/lib/python3.10/site-packages/py_pid-0.0.0-py3.10.egg-info
[1.029s] running install_scripts
[1.054s] Installing ball_control_pid script to /home/joe/workspaces/ros2_ws/install/py_pid/lib/py_pid
[1.054s] writing list of installed files to '/home/joe/workspaces/ros2_ws/build/py_pid/install.log'
[1.083s] Invoked command in '/home/joe/workspaces/ros2_ws/src/py_pid' returned '0': PYTHONPATH=/home/joe/workspaces/ros2_ws/build/py_pid/prefix_override:/home/joe/workspaces/ros2_ws/install/py_pid/lib/python3.10/site-packages:${PYTHONPATH} /usr/bin/python3 -W ignore:setup.py install is deprecated setup.py egg_info --egg-base ../../build/py_pid build --build-base /home/joe/workspaces/ros2_ws/build/py_pid/build install --record /home/joe/workspaces/ros2_ws/build/py_pid/install.log --single-version-externally-managed install_data
