[1.425s] Invoking command in '/home/joe/workspaces/ros2_ws/src/py_pid': PYTHONPATH=/home/joe/workspaces/ros2_ws/src/build/py_pid/prefix_override:/home/joe/workspaces/ros2_ws/src/install/py_pid/lib/python3.10/site-packages:${PYTHONPATH} /usr/bin/python3 -W ignore:setup.py install is deprecated setup.py egg_info --egg-base ../build/py_pid build --build-base /home/joe/workspaces/ros2_ws/src/build/py_pid/build install --record /home/joe/workspaces/ros2_ws/src/build/py_pid/install.log --single-version-externally-managed install_data
[1.716s] running egg_info
[1.717s] writing ../build/py_pid/py_pid.egg-info/PKG-INFO
[1.717s] writing dependency_links to ../build/py_pid/py_pid.egg-info/dependency_links.txt
[1.718s] writing entry points to ../build/py_pid/py_pid.egg-info/entry_points.txt
[1.718s] writing requirements to ../build/py_pid/py_pid.egg-info/requires.txt
[1.718s] writing top-level names to ../build/py_pid/py_pid.egg-info/top_level.txt
[1.720s] reading manifest file '../build/py_pid/py_pid.egg-info/SOURCES.txt'
[1.722s] writing manifest file '../build/py_pid/py_pid.egg-info/SOURCES.txt'
[1.722s] running build
[1.722s] running build_py
[1.722s] copying py_pid/controller_pid.py -> /home/joe/workspaces/ros2_ws/src/build/py_pid/build/lib/py_pid
[1.722s] running install
[1.723s] running install_lib
[1.724s] copying /home/joe/workspaces/ros2_ws/src/build/py_pid/build/lib/py_pid/controller_pid.py -> /home/joe/workspaces/ros2_ws/src/install/py_pid/lib/python3.10/site-packages/py_pid
[1.725s] byte-compiling /home/joe/workspaces/ros2_ws/src/install/py_pid/lib/python3.10/site-packages/py_pid/controller_pid.py to controller_pid.cpython-310.pyc
[1.726s] running install_data
[1.727s] creating /home/joe/workspaces/ros2_ws/src/install/py_pid/share/ament_index
[1.727s] creating /home/joe/workspaces/ros2_ws/src/install/py_pid/share/ament_index/resource_index
[1.727s] creating /home/joe/workspaces/ros2_ws/src/install/py_pid/share/ament_index/resource_index/packages
[1.727s] copying resource/py_pid -> /home/joe/workspaces/ros2_ws/src/install/py_pid/share/ament_index/resource_index/packages
[1.727s] copying package.xml -> /home/joe/workspaces/ros2_ws/src/install/py_pid/share/py_pid
[1.727s] running install_egg_info
[1.729s] Copying ../build/py_pid/py_pid.egg-info to /home/joe/workspaces/ros2_ws/src/install/py_pid/lib/python3.10/site-packages/py_pid-0.0.0-py3.10.egg-info
[1.730s] running install_scripts
[1.757s] Installing ball_control_pid script to /home/joe/workspaces/ros2_ws/src/install/py_pid/lib/py_pid
[1.757s] writing list of installed files to '/home/joe/workspaces/ros2_ws/src/build/py_pid/install.log'
[1.813s] Invoked command in '/home/joe/workspaces/ros2_ws/src/py_pid' returned '0': PYTHONPATH=/home/joe/workspaces/ros2_ws/src/build/py_pid/prefix_override:/home/joe/workspaces/ros2_ws/src/install/py_pid/lib/python3.10/site-packages:${PYTHONPATH} /usr/bin/python3 -W ignore:setup.py install is deprecated setup.py egg_info --egg-base ../build/py_pid build --build-base /home/joe/workspaces/ros2_ws/src/build/py_pid/build install --record /home/joe/workspaces/ros2_ws/src/build/py_pid/install.log --single-version-externally-managed install_data
