[1.165s] Invoking command in '/home/joe/workspaces/ros2_ws/src/undistort_image': PYTHONPATH=/home/joe/workspaces/ros2_ws/build/undistort_image/prefix_override:/home/joe/workspaces/ros2_ws/install/undistort_image/lib/python3.10/site-packages:${PYTHONPATH} /usr/bin/python3 -W ignore:setup.py install is deprecated setup.py egg_info --egg-base ../../build/undistort_image build --build-base /home/joe/workspaces/ros2_ws/build/undistort_image/build install --record /home/joe/workspaces/ros2_ws/build/undistort_image/install.log --single-version-externally-managed install_data
[1.471s] running egg_info
[1.472s] writing ../../build/undistort_image/undistort_image.egg-info/PKG-INFO
[1.473s] writing dependency_links to ../../build/undistort_image/undistort_image.egg-info/dependency_links.txt
[1.473s] writing entry points to ../../build/undistort_image/undistort_image.egg-info/entry_points.txt
[1.473s] writing requirements to ../../build/undistort_image/undistort_image.egg-info/requires.txt
[1.473s] writing top-level names to ../../build/undistort_image/undistort_image.egg-info/top_level.txt
[1.476s] reading manifest file '../../build/undistort_image/undistort_image.egg-info/SOURCES.txt'
[1.477s] writing manifest file '../../build/undistort_image/undistort_image.egg-info/SOURCES.txt'
[1.478s] running build
[1.478s] running build_py
[1.478s] running install
[1.479s] running install_lib
[1.481s] running install_data
[1.481s] running install_egg_info
[1.483s] removing '/home/joe/workspaces/ros2_ws/install/undistort_image/lib/python3.10/site-packages/undistort_image-0.0.0-py3.10.egg-info' (and everything under it)
[1.484s] Copying ../../build/undistort_image/undistort_image.egg-info to /home/joe/workspaces/ros2_ws/install/undistort_image/lib/python3.10/site-packages/undistort_image-0.0.0-py3.10.egg-info
[1.485s] running install_scripts
[1.512s] Installing undistort_image_node script to /home/joe/workspaces/ros2_ws/install/undistort_image/lib/undistort_image
[1.512s] writing list of installed files to '/home/joe/workspaces/ros2_ws/build/undistort_image/install.log'
[1.548s] Invoked command in '/home/joe/workspaces/ros2_ws/src/undistort_image' returned '0': PYTHONPATH=/home/joe/workspaces/ros2_ws/build/undistort_image/prefix_override:/home/joe/workspaces/ros2_ws/install/undistort_image/lib/python3.10/site-packages:${PYTHONPATH} /usr/bin/python3 -W ignore:setup.py install is deprecated setup.py egg_info --egg-base ../../build/undistort_image build --build-base /home/joe/workspaces/ros2_ws/build/undistort_image/build install --record /home/joe/workspaces/ros2_ws/build/undistort_image/install.log --single-version-externally-managed install_data
