[2.394s] Invoking command in '/home/joe/workspaces/ros2_ws/src/py_pid': PYTHONPATH=/home/joe/workspaces/ros2_ws/build/py_pid/prefix_override:/home/joe/workspaces/ros2_ws/install/py_pid/lib/python3.10/site-packages:${PYTHONPATH} /usr/bin/python3 -W ignore:setup.py install is deprecated setup.py egg_info --egg-base ../../build/py_pid build --build-base /home/joe/workspaces/ros2_ws/build/py_pid/build install --record /home/joe/workspaces/ros2_ws/build/py_pid/install.log --single-version-externally-managed install_data
[2.937s] running egg_info
[2.938s] writing ../../build/py_pid/py_pid.egg-info/PKG-INFO
[2.939s] writing dependency_links to ../../build/py_pid/py_pid.egg-info/dependency_links.txt
[2.940s] writing entry points to ../../build/py_pid/py_pid.egg-info/entry_points.txt
[2.940s] writing requirements to ../../build/py_pid/py_pid.egg-info/requires.txt
[2.941s] writing top-level names to ../../build/py_pid/py_pid.egg-info/top_level.txt
[2.945s] reading manifest file '../../build/py_pid/py_pid.egg-info/SOURCES.txt'
[2.947s] writing manifest file '../../build/py_pid/py_pid.egg-info/SOURCES.txt'
[2.947s] running build
[2.947s] running build_py
[2.948s] copying py_pid/controller_pid.py -> /home/joe/workspaces/ros2_ws/build/py_pid/build/lib/py_pid
[2.948s] running install
[2.949s] running install_lib
[2.951s] copying /home/joe/workspaces/ros2_ws/build/py_pid/build/lib/py_pid/controller_pid.py -> /home/joe/workspaces/ros2_ws/install/py_pid/lib/python3.10/site-packages/py_pid
[2.952s] byte-compiling /home/joe/workspaces/ros2_ws/install/py_pid/lib/python3.10/site-packages/py_pid/controller_pid.py to controller_pid.cpython-310.pyc
[2.955s] running install_data
[2.956s] running install_egg_info
[2.960s] removing '/home/joe/workspaces/ros2_ws/install/py_pid/lib/python3.10/site-packages/py_pid-0.0.0-py3.10.egg-info' (and everything under it)
[2.963s] Copying ../../build/py_pid/py_pid.egg-info to /home/joe/workspaces/ros2_ws/install/py_pid/lib/python3.10/site-packages/py_pid-0.0.0-py3.10.egg-info
[2.963s] running install_scripts
[3.003s] Installing ball_control_pid script to /home/joe/workspaces/ros2_ws/install/py_pid/lib/py_pid
[3.004s] writing list of installed files to '/home/joe/workspaces/ros2_ws/build/py_pid/install.log'
[3.050s] Invoked command in '/home/joe/workspaces/ros2_ws/src/py_pid' returned '0': PYTHONPATH=/home/joe/workspaces/ros2_ws/build/py_pid/prefix_override:/home/joe/workspaces/ros2_ws/install/py_pid/lib/python3.10/site-packages:${PYTHONPATH} /usr/bin/python3 -W ignore:setup.py install is deprecated setup.py egg_info --egg-base ../../build/py_pid build --build-base /home/joe/workspaces/ros2_ws/build/py_pid/build install --record /home/joe/workspaces/ros2_ws/build/py_pid/install.log --single-version-externally-managed install_data
