[3.462s] Invoking command in '/home/joe/workspaces/ros2_ws/src/py_launch': PYTHONPATH=/home/joe/workspaces/ros2_ws/build/py_launch/prefix_override:/home/joe/workspaces/ros2_ws/install/py_launch/lib/python3.10/site-packages:${PYTHONPATH} /usr/bin/python3 -W ignore:setup.py install is deprecated setup.py egg_info --egg-base ../../build/py_launch build --build-base /home/joe/workspaces/ros2_ws/build/py_launch/build install --record /home/joe/workspaces/ros2_ws/build/py_launch/install.log --single-version-externally-managed install_data
[4.058s] running egg_info
[4.058s] writing ../../build/py_launch/py_launch.egg-info/PKG-INFO
[4.060s] writing dependency_links to ../../build/py_launch/py_launch.egg-info/dependency_links.txt
[4.060s] writing entry points to ../../build/py_launch/py_launch.egg-info/entry_points.txt
[4.060s] writing requirements to ../../build/py_launch/py_launch.egg-info/requires.txt
[4.060s] writing top-level names to ../../build/py_launch/py_launch.egg-info/top_level.txt
[4.067s] reading manifest file '../../build/py_launch/py_launch.egg-info/SOURCES.txt'
[4.069s] writing manifest file '../../build/py_launch/py_launch.egg-info/SOURCES.txt'
[4.070s] running build
[4.070s] running build_py
[4.071s] running install
[4.072s] running install_lib
[4.076s] running install_data
[4.076s] running install_egg_info
[4.081s] removing '/home/joe/workspaces/ros2_ws/install/py_launch/lib/python3.10/site-packages/py_launch-0.0.0-py3.10.egg-info' (and everything under it)
[4.083s] Copying ../../build/py_launch/py_launch.egg-info to /home/joe/workspaces/ros2_ws/install/py_launch/lib/python3.10/site-packages/py_launch-0.0.0-py3.10.egg-info
[4.088s] running install_scripts
[4.164s] writing list of installed files to '/home/joe/workspaces/ros2_ws/build/py_launch/install.log'
[4.300s] Invoked command in '/home/joe/workspaces/ros2_ws/src/py_launch' returned '0': PYTHONPATH=/home/joe/workspaces/ros2_ws/build/py_launch/prefix_override:/home/joe/workspaces/ros2_ws/install/py_launch/lib/python3.10/site-packages:${PYTHONPATH} /usr/bin/python3 -W ignore:setup.py install is deprecated setup.py egg_info --egg-base ../../build/py_launch build --build-base /home/joe/workspaces/ros2_ws/build/py_launch/build install --record /home/joe/workspaces/ros2_ws/build/py_launch/install.log --single-version-externally-managed install_data
