[1.162s] Invoking command in '/home/joe/workspaces/ros2_ws/build/urdf_tutorial_r2d2': PYTHONPATH=/home/joe/workspaces/ros2_ws/build/urdf_tutorial_r2d2/prefix_override:/home/joe/workspaces/ros2_ws/install/urdf_tutorial_r2d2/lib/python3.10/site-packages:${PYTHONPATH} /usr/bin/python3 -W ignore:setup.py install is deprecated setup.py develop --editable --build-directory /home/joe/workspaces/ros2_ws/build/urdf_tutorial_r2d2/build --no-deps symlink_data --force
[1.660s] running develop
[1.661s] /usr/lib/python3/dist-packages/setuptools/command/easy_install.py:158: EasyInstallDeprecationWarning: easy_install command is deprecated. Use build and pip and other standards-based tools.
[1.661s]   warnings.warn(
[1.915s] running egg_info
[1.915s] writing urdf_tutorial_r2d2.egg-info/PKG-INFO
[1.915s] writing dependency_links to urdf_tutorial_r2d2.egg-info/dependency_links.txt
[1.916s] writing entry points to urdf_tutorial_r2d2.egg-info/entry_points.txt
[1.916s] writing requirements to urdf_tutorial_r2d2.egg-info/requires.txt
[1.916s] writing top-level names to urdf_tutorial_r2d2.egg-info/top_level.txt
[1.920s] reading manifest file 'urdf_tutorial_r2d2.egg-info/SOURCES.txt'
[1.922s] writing manifest file 'urdf_tutorial_r2d2.egg-info/SOURCES.txt'
[1.925s] running build_ext
[1.926s] Creating /home/joe/workspaces/ros2_ws/install/urdf_tutorial_r2d2/lib/python3.10/site-packages/urdf-tutorial-r2d2.egg-link (link to .)
[1.927s] Installing listener script to /home/joe/workspaces/ros2_ws/install/urdf_tutorial_r2d2/lib/urdf_tutorial_r2d2
[1.927s] Installing state_publisher script to /home/joe/workspaces/ros2_ws/install/urdf_tutorial_r2d2/lib/urdf_tutorial_r2d2
[1.928s] 
[1.928s] Installed /home/joe/workspaces/ros2_ws/build/urdf_tutorial_r2d2
[1.928s] running symlink_data
[1.928s] symbolically linking /home/joe/workspaces/ros2_ws/build/urdf_tutorial_r2d2/resource/urdf_tutorial_r2d2 -> /home/joe/workspaces/ros2_ws/install/urdf_tutorial_r2d2/share/ament_index/resource_index/packages
[1.928s] symbolically linking /home/joe/workspaces/ros2_ws/build/urdf_tutorial_r2d2/package.xml -> /home/joe/workspaces/ros2_ws/install/urdf_tutorial_r2d2/share/urdf_tutorial_r2d2
[1.929s] symbolically linking /home/joe/workspaces/ros2_ws/build/urdf_tutorial_r2d2/launch/demo.launch.py -> /home/joe/workspaces/ros2_ws/install/urdf_tutorial_r2d2/share/urdf_tutorial_r2d2/launch
[1.929s] symbolically linking /home/joe/workspaces/ros2_ws/build/urdf_tutorial_r2d2/urdf/r2d2.rviz -> /home/joe/workspaces/ros2_ws/install/urdf_tutorial_r2d2/share/urdf_tutorial_r2d2
[1.929s] symbolically linking /home/joe/workspaces/ros2_ws/build/urdf_tutorial_r2d2/urdf/runding.urdf -> /home/joe/workspaces/ros2_ws/install/urdf_tutorial_r2d2/share/urdf_tutorial_r2d2
[1.978s] Invoked command in '/home/joe/workspaces/ros2_ws/build/urdf_tutorial_r2d2' returned '0': PYTHONPATH=/home/joe/workspaces/ros2_ws/build/urdf_tutorial_r2d2/prefix_override:/home/joe/workspaces/ros2_ws/install/urdf_tutorial_r2d2/lib/python3.10/site-packages:${PYTHONPATH} /usr/bin/python3 -W ignore:setup.py install is deprecated setup.py develop --editable --build-directory /home/joe/workspaces/ros2_ws/build/urdf_tutorial_r2d2/build --no-deps symlink_data --force
