[1.077s] Invoking command in '/home/joe/workspaces/ros2_ws/src/py_launch': PYTHONPATH=/home/joe/workspaces/ros2_ws/build/py_launch/prefix_override:/home/joe/workspaces/ros2_ws/install/py_launch/lib/python3.10/site-packages:${PYTHONPATH} /usr/bin/python3 -W ignore:setup.py install is deprecated setup.py egg_info --egg-base ../../build/py_launch build --build-base /home/joe/workspaces/ros2_ws/build/py_launch/build install --record /home/joe/workspaces/ros2_ws/build/py_launch/install.log --single-version-externally-managed install_data
[1.373s] running egg_info
[1.374s] writing ../../build/py_launch/py_launch.egg-info/PKG-INFO
[1.374s] writing dependency_links to ../../build/py_launch/py_launch.egg-info/dependency_links.txt
[1.374s] writing entry points to ../../build/py_launch/py_launch.egg-info/entry_points.txt
[1.374s] writing requirements to ../../build/py_launch/py_launch.egg-info/requires.txt
[1.374s] writing top-level names to ../../build/py_launch/py_launch.egg-info/top_level.txt
[1.377s] reading manifest file '../../build/py_launch/py_launch.egg-info/SOURCES.txt'
[1.378s] writing manifest file '../../build/py_launch/py_launch.egg-info/SOURCES.txt'
[1.378s] running build
[1.378s] running build_py
[1.379s] running install
[1.379s] running install_lib
[1.380s] running install_data
[1.380s] running install_egg_info
[1.383s] removing '/home/joe/workspaces/ros2_ws/install/py_launch/lib/python3.10/site-packages/py_launch-0.0.0-py3.10.egg-info' (and everything under it)
[1.383s] Copying ../../build/py_launch/py_launch.egg-info to /home/joe/workspaces/ros2_ws/install/py_launch/lib/python3.10/site-packages/py_launch-0.0.0-py3.10.egg-info
[1.384s] running install_scripts
[1.410s] writing list of installed files to '/home/joe/workspaces/ros2_ws/build/py_launch/install.log'
[1.447s] Invoked command in '/home/joe/workspaces/ros2_ws/src/py_launch' returned '0': PYTHONPATH=/home/joe/workspaces/ros2_ws/build/py_launch/prefix_override:/home/joe/workspaces/ros2_ws/install/py_launch/lib/python3.10/site-packages:${PYTHONPATH} /usr/bin/python3 -W ignore:setup.py install is deprecated setup.py egg_info --egg-base ../../build/py_launch build --build-base /home/joe/workspaces/ros2_ws/build/py_launch/build install --record /home/joe/workspaces/ros2_ws/build/py_launch/install.log --single-version-externally-managed install_data
