[0.712s] Invoking command in '/home/joe/workspaces/ros2_ws/src/py_pid': PYTHONPATH=/home/joe/workspaces/ros2_ws/build/py_pid/prefix_override:/home/joe/workspaces/ros2_ws/install/py_pid/lib/python3.10/site-packages:${PYTHONPATH} /usr/bin/python3 -W ignore:setup.py install is deprecated setup.py egg_info --egg-base ../../build/py_pid build --build-base /home/joe/workspaces/ros2_ws/build/py_pid/build install --record /home/joe/workspaces/ros2_ws/build/py_pid/install.log --single-version-externally-managed install_data
[0.994s] running egg_info
[0.994s] writing ../../build/py_pid/py_pid.egg-info/PKG-INFO
[0.994s] writing dependency_links to ../../build/py_pid/py_pid.egg-info/dependency_links.txt
[0.995s] writing entry points to ../../build/py_pid/py_pid.egg-info/entry_points.txt
[0.995s] writing requirements to ../../build/py_pid/py_pid.egg-info/requires.txt
[0.995s] writing top-level names to ../../build/py_pid/py_pid.egg-info/top_level.txt
[0.997s] reading manifest file '../../build/py_pid/py_pid.egg-info/SOURCES.txt'
[0.998s] writing manifest file '../../build/py_pid/py_pid.egg-info/SOURCES.txt'
[0.998s] running build
[0.998s] running build_py
[0.998s] running install
[0.999s] running install_lib
[1.000s] running install_data
[1.000s] running install_egg_info
[1.002s] removing '/home/joe/workspaces/ros2_ws/install/py_pid/lib/python3.10/site-packages/py_pid-0.0.0-py3.10.egg-info' (and everything under it)
[1.002s] Copying ../../build/py_pid/py_pid.egg-info to /home/joe/workspaces/ros2_ws/install/py_pid/lib/python3.10/site-packages/py_pid-0.0.0-py3.10.egg-info
[1.003s] running install_scripts
[1.028s] Installing ball_control_pid script to /home/joe/workspaces/ros2_ws/install/py_pid/lib/py_pid
[1.029s] writing list of installed files to '/home/joe/workspaces/ros2_ws/build/py_pid/install.log'
[1.057s] Invoked command in '/home/joe/workspaces/ros2_ws/src/py_pid' returned '0': PYTHONPATH=/home/joe/workspaces/ros2_ws/build/py_pid/prefix_override:/home/joe/workspaces/ros2_ws/install/py_pid/lib/python3.10/site-packages:${PYTHONPATH} /usr/bin/python3 -W ignore:setup.py install is deprecated setup.py egg_info --egg-base ../../build/py_pid build --build-base /home/joe/workspaces/ros2_ws/build/py_pid/build install --record /home/joe/workspaces/ros2_ws/build/py_pid/install.log --single-version-externally-managed install_data
