[2.813s] Invoking command in '/home/joe/workspaces/ros2_ws/src/cv2_contour': PYTHONPATH=/home/joe/workspaces/ros2_ws/src/build/cv2_contour/prefix_override:/home/joe/workspaces/ros2_ws/src/install/cv2_contour/lib/python3.10/site-packages:${PYTHONPATH} /usr/bin/python3 -W ignore:setup.py install is deprecated setup.py egg_info --egg-base ../build/cv2_contour build --build-base /home/joe/workspaces/ros2_ws/src/build/cv2_contour/build install --record /home/joe/workspaces/ros2_ws/src/build/cv2_contour/install.log --single-version-externally-managed install_data
[3.273s] running egg_info
[3.275s] writing ../build/cv2_contour/cv2_contour.egg-info/PKG-INFO
[3.275s] writing dependency_links to ../build/cv2_contour/cv2_contour.egg-info/dependency_links.txt
[3.276s] writing entry points to ../build/cv2_contour/cv2_contour.egg-info/entry_points.txt
[3.276s] writing requirements to ../build/cv2_contour/cv2_contour.egg-info/requires.txt
[3.276s] writing top-level names to ../build/cv2_contour/cv2_contour.egg-info/top_level.txt
[3.278s] reading manifest file '../build/cv2_contour/cv2_contour.egg-info/SOURCES.txt'
[3.280s] writing manifest file '../build/cv2_contour/cv2_contour.egg-info/SOURCES.txt'
[3.280s] running build
[3.280s] running build_py
[3.280s] running install
[3.281s] running install_lib
[3.283s] running install_data
[3.283s] running install_egg_info
[3.287s] removing '/home/joe/workspaces/ros2_ws/src/install/cv2_contour/lib/python3.10/site-packages/cv2_contour-0.0.0-py3.10.egg-info' (and everything under it)
[3.287s] Copying ../build/cv2_contour/cv2_contour.egg-info to /home/joe/workspaces/ros2_ws/src/install/cv2_contour/lib/python3.10/site-packages/cv2_contour-0.0.0-py3.10.egg-info
[3.289s] running install_scripts
[3.328s] Installing cv2_contour_node script to /home/joe/workspaces/ros2_ws/src/install/cv2_contour/lib/cv2_contour
[3.328s] writing list of installed files to '/home/joe/workspaces/ros2_ws/src/build/cv2_contour/install.log'
[3.390s] Invoked command in '/home/joe/workspaces/ros2_ws/src/cv2_contour' returned '0': PYTHONPATH=/home/joe/workspaces/ros2_ws/src/build/cv2_contour/prefix_override:/home/joe/workspaces/ros2_ws/src/install/cv2_contour/lib/python3.10/site-packages:${PYTHONPATH} /usr/bin/python3 -W ignore:setup.py install is deprecated setup.py egg_info --egg-base ../build/cv2_contour build --build-base /home/joe/workspaces/ros2_ws/src/build/cv2_contour/build install --record /home/joe/workspaces/ros2_ws/src/build/cv2_contour/install.log --single-version-externally-managed install_data
