[3.354s] Invoking command in '/home/joe/workspaces/ros2_ws/src/py_launch': PYTHONPATH=/home/joe/workspaces/ros2_ws/build/py_launch/prefix_override:/home/joe/workspaces/ros2_ws/install/py_launch/lib/python3.10/site-packages:${PYTHONPATH} /usr/bin/python3 -W ignore:setup.py install is deprecated setup.py egg_info --egg-base ../../build/py_launch build --build-base /home/joe/workspaces/ros2_ws/build/py_launch/build install --record /home/joe/workspaces/ros2_ws/build/py_launch/install.log --single-version-externally-managed install_data
[3.931s] running egg_info
[3.933s] writing ../../build/py_launch/py_launch.egg-info/PKG-INFO
[3.934s] writing dependency_links to ../../build/py_launch/py_launch.egg-info/dependency_links.txt
[3.934s] writing entry points to ../../build/py_launch/py_launch.egg-info/entry_points.txt
[3.934s] writing requirements to ../../build/py_launch/py_launch.egg-info/requires.txt
[3.934s] writing top-level names to ../../build/py_launch/py_launch.egg-info/top_level.txt
[3.938s] reading manifest file '../../build/py_launch/py_launch.egg-info/SOURCES.txt'
[3.940s] writing manifest file '../../build/py_launch/py_launch.egg-info/SOURCES.txt'
[3.941s] running build
[3.941s] running build_py
[3.941s] running install
[3.942s] running install_lib
[3.945s] running install_data
[3.945s] running install_egg_info
[3.949s] removing '/home/joe/workspaces/ros2_ws/install/py_launch/lib/python3.10/site-packages/py_launch-0.0.0-py3.10.egg-info' (and everything under it)
[3.953s] Copying ../../build/py_launch/py_launch.egg-info to /home/joe/workspaces/ros2_ws/install/py_launch/lib/python3.10/site-packages/py_launch-0.0.0-py3.10.egg-info
[3.957s] running install_scripts
[4.011s] writing list of installed files to '/home/joe/workspaces/ros2_ws/build/py_launch/install.log'
[4.063s] Invoked command in '/home/joe/workspaces/ros2_ws/src/py_launch' returned '0': PYTHONPATH=/home/joe/workspaces/ros2_ws/build/py_launch/prefix_override:/home/joe/workspaces/ros2_ws/install/py_launch/lib/python3.10/site-packages:${PYTHONPATH} /usr/bin/python3 -W ignore:setup.py install is deprecated setup.py egg_info --egg-base ../../build/py_launch build --build-base /home/joe/workspaces/ros2_ws/build/py_launch/build install --record /home/joe/workspaces/ros2_ws/build/py_launch/install.log --single-version-externally-managed install_data
