[0.133s] DEBUG:colcon:Command line arguments: ['/usr/bin/colcon', 'build']
[0.133s] DEBUG:colcon:Parsed command line arguments: Namespace(log_base=None, log_level=None, verb_name='build', build_base='build', install_base='install', merge_install=False, symlink_install=False, test_result_base=None, continue_on_error=False, executor='parallel', parallel_workers=8, event_handlers=None, ignore_user_meta=False, metas=['./colcon.meta'], base_paths=['.'], packages_ignore=None, packages_ignore_regex=None, paths=None, packages_up_to=None, packages_up_to_regex=None, packages_above=None, packages_above_and_dependencies=None, packages_above_depth=None, packages_select_by_dep=None, packages_skip_by_dep=None, packages_skip_up_to=None, packages_select_build_failed=False, packages_skip_build_finished=False, packages_select_test_failures=False, packages_skip_test_passed=False, packages_select=None, packages_skip=None, packages_select_regex=None, packages_skip_regex=None, packages_start=None, packages_end=None, allow_overriding=[], cmake_args=None, cmake_target=None, cmake_target_skip_unavailable=False, cmake_clean_cache=False, cmake_clean_first=False, cmake_force_configure=False, ament_cmake_args=None, catkin_cmake_args=None, catkin_skip_building_tests=False, verb_parser=<colcon_defaults.argument_parser.defaults.DefaultArgumentsDecorator object at 0x7fb0654a14b0>, verb_extension=<colcon_core.verb.build.BuildVerb object at 0x7fb065689270>, main=<bound method BuildVerb.main of <colcon_core.verb.build.BuildVerb object at 0x7fb065689270>>)
[0.335s] Level 1:colcon.colcon_core.package_discovery:discover_packages(colcon_meta) check parameters
[0.335s] Level 1:colcon.colcon_core.package_discovery:discover_packages(recursive) check parameters
[0.335s] Level 1:colcon.colcon_core.package_discovery:discover_packages(ignore) check parameters
[0.335s] Level 1:colcon.colcon_core.package_discovery:discover_packages(path) check parameters
[0.335s] Level 1:colcon.colcon_core.package_discovery:discover_packages(colcon_meta) discover
[0.335s] Level 1:colcon.colcon_core.package_discovery:discover_packages(recursive) discover
[0.336s] INFO:colcon.colcon_core.package_discovery:Crawling recursively for packages in '/home/joe/workspaces/ros2_ws'
[0.336s] Level 1:colcon.colcon_core.package_identification:_identify(.) by extensions ['ignore', 'ignore_ament_install']
[0.336s] Level 1:colcon.colcon_core.package_identification:_identify(.) by extension 'ignore'
[0.336s] Level 1:colcon.colcon_core.package_identification:_identify(.) by extension 'ignore_ament_install'
[0.336s] Level 1:colcon.colcon_core.package_identification:_identify(.) by extensions ['colcon_pkg']
[0.336s] Level 1:colcon.colcon_core.package_identification:_identify(.) by extension 'colcon_pkg'
[0.336s] Level 1:colcon.colcon_core.package_identification:_identify(.) by extensions ['colcon_meta']
[0.336s] Level 1:colcon.colcon_core.package_identification:_identify(.) by extension 'colcon_meta'
[0.336s] Level 1:colcon.colcon_core.package_identification:_identify(.) by extensions ['ros']
[0.336s] Level 1:colcon.colcon_core.package_identification:_identify(.) by extension 'ros'
[0.351s] Level 1:colcon.colcon_core.package_identification:_identify(.) by extensions ['cmake', 'python']
[0.351s] Level 1:colcon.colcon_core.package_identification:_identify(.) by extension 'cmake'
[0.351s] Level 1:colcon.colcon_core.package_identification:_identify(.) by extension 'python'
[0.351s] Level 1:colcon.colcon_core.package_identification:_identify(.) by extensions ['python_setup_py']
[0.351s] Level 1:colcon.colcon_core.package_identification:_identify(.) by extension 'python_setup_py'
[0.351s] Level 1:colcon.colcon_core.package_identification:_identify(build) by extensions ['ignore', 'ignore_ament_install']
[0.352s] Level 1:colcon.colcon_core.package_identification:_identify(build) by extension 'ignore'
[0.352s] Level 1:colcon.colcon_core.package_identification:_identify(build) ignored
[0.352s] Level 1:colcon.colcon_core.package_identification:_identify(install) by extensions ['ignore', 'ignore_ament_install']
[0.352s] Level 1:colcon.colcon_core.package_identification:_identify(install) by extension 'ignore'
[0.352s] Level 1:colcon.colcon_core.package_identification:_identify(install) ignored
[0.353s] Level 1:colcon.colcon_core.package_identification:_identify(log) by extensions ['ignore', 'ignore_ament_install']
[0.353s] Level 1:colcon.colcon_core.package_identification:_identify(log) by extension 'ignore'
[0.353s] Level 1:colcon.colcon_core.package_identification:_identify(log) ignored
[0.353s] Level 1:colcon.colcon_core.package_identification:_identify(src) by extensions ['ignore', 'ignore_ament_install']
[0.353s] Level 1:colcon.colcon_core.package_identification:_identify(src) by extension 'ignore'
[0.353s] Level 1:colcon.colcon_core.package_identification:_identify(src) by extension 'ignore_ament_install'
[0.353s] Level 1:colcon.colcon_core.package_identification:_identify(src) by extensions ['colcon_pkg']
[0.353s] Level 1:colcon.colcon_core.package_identification:_identify(src) by extension 'colcon_pkg'
[0.354s] Level 1:colcon.colcon_core.package_identification:_identify(src) by extensions ['colcon_meta']
[0.354s] Level 1:colcon.colcon_core.package_identification:_identify(src) by extension 'colcon_meta'
[0.354s] Level 1:colcon.colcon_core.package_identification:_identify(src) by extensions ['ros']
[0.354s] Level 1:colcon.colcon_core.package_identification:_identify(src) by extension 'ros'
[0.354s] Level 1:colcon.colcon_core.package_identification:_identify(src) by extensions ['cmake', 'python']
[0.354s] Level 1:colcon.colcon_core.package_identification:_identify(src) by extension 'cmake'
[0.354s] Level 1:colcon.colcon_core.package_identification:_identify(src) by extension 'python'
[0.354s] Level 1:colcon.colcon_core.package_identification:_identify(src) by extensions ['python_setup_py']
[0.354s] Level 1:colcon.colcon_core.package_identification:_identify(src) by extension 'python_setup_py'
[0.354s] Level 1:colcon.colcon_core.package_identification:_identify(src/build) by extensions ['ignore', 'ignore_ament_install']
[0.355s] Level 1:colcon.colcon_core.package_identification:_identify(src/build) by extension 'ignore'
[0.355s] Level 1:colcon.colcon_core.package_identification:_identify(src/build) ignored
[0.355s] Level 1:colcon.colcon_core.package_identification:_identify(src/canny_edge) by extensions ['ignore', 'ignore_ament_install']
[0.355s] Level 1:colcon.colcon_core.package_identification:_identify(src/canny_edge) by extension 'ignore'
[0.355s] Level 1:colcon.colcon_core.package_identification:_identify(src/canny_edge) by extension 'ignore_ament_install'
[0.355s] Level 1:colcon.colcon_core.package_identification:_identify(src/canny_edge) by extensions ['colcon_pkg']
[0.355s] Level 1:colcon.colcon_core.package_identification:_identify(src/canny_edge) by extension 'colcon_pkg'
[0.355s] Level 1:colcon.colcon_core.package_identification:_identify(src/canny_edge) by extensions ['colcon_meta']
[0.355s] Level 1:colcon.colcon_core.package_identification:_identify(src/canny_edge) by extension 'colcon_meta'
[0.355s] Level 1:colcon.colcon_core.package_identification:_identify(src/canny_edge) by extensions ['ros']
[0.356s] Level 1:colcon.colcon_core.package_identification:_identify(src/canny_edge) by extension 'ros'
[0.360s] DEBUG:colcon.colcon_core.package_identification:Package 'src/canny_edge' with type 'ros.ament_python' and name 'canny_edge'
[0.360s] Level 1:colcon.colcon_core.package_identification:_identify(src/cv2_contour) by extensions ['ignore', 'ignore_ament_install']
[0.360s] Level 1:colcon.colcon_core.package_identification:_identify(src/cv2_contour) by extension 'ignore'
[0.360s] Level 1:colcon.colcon_core.package_identification:_identify(src/cv2_contour) by extension 'ignore_ament_install'
[0.360s] Level 1:colcon.colcon_core.package_identification:_identify(src/cv2_contour) by extensions ['colcon_pkg']
[0.360s] Level 1:colcon.colcon_core.package_identification:_identify(src/cv2_contour) by extension 'colcon_pkg'
[0.360s] Level 1:colcon.colcon_core.package_identification:_identify(src/cv2_contour) by extensions ['colcon_meta']
[0.360s] Level 1:colcon.colcon_core.package_identification:_identify(src/cv2_contour) by extension 'colcon_meta'
[0.361s] Level 1:colcon.colcon_core.package_identification:_identify(src/cv2_contour) by extensions ['ros']
[0.361s] Level 1:colcon.colcon_core.package_identification:_identify(src/cv2_contour) by extension 'ros'
[0.362s] DEBUG:colcon.colcon_core.package_identification:Package 'src/cv2_contour' with type 'ros.ament_python' and name 'cv2_contour'
[0.362s] Level 1:colcon.colcon_core.package_identification:_identify(src/gaussian_blur) by extensions ['ignore', 'ignore_ament_install']
[0.362s] Level 1:colcon.colcon_core.package_identification:_identify(src/gaussian_blur) by extension 'ignore'
[0.362s] Level 1:colcon.colcon_core.package_identification:_identify(src/gaussian_blur) by extension 'ignore_ament_install'
[0.362s] Level 1:colcon.colcon_core.package_identification:_identify(src/gaussian_blur) by extensions ['colcon_pkg']
[0.362s] Level 1:colcon.colcon_core.package_identification:_identify(src/gaussian_blur) by extension 'colcon_pkg'
[0.362s] Level 1:colcon.colcon_core.package_identification:_identify(src/gaussian_blur) by extensions ['colcon_meta']
[0.362s] Level 1:colcon.colcon_core.package_identification:_identify(src/gaussian_blur) by extension 'colcon_meta'
[0.362s] Level 1:colcon.colcon_core.package_identification:_identify(src/gaussian_blur) by extensions ['ros']
[0.362s] Level 1:colcon.colcon_core.package_identification:_identify(src/gaussian_blur) by extension 'ros'
[0.363s] DEBUG:colcon.colcon_core.package_identification:Package 'src/gaussian_blur' with type 'ros.ament_python' and name 'gaussian_blur'
[0.363s] Level 1:colcon.colcon_core.package_identification:_identify(src/install) by extensions ['ignore', 'ignore_ament_install']
[0.364s] Level 1:colcon.colcon_core.package_identification:_identify(src/install) by extension 'ignore'
[0.364s] Level 1:colcon.colcon_core.package_identification:_identify(src/install) ignored
[0.364s] Level 1:colcon.colcon_core.package_identification:_identify(src/log) by extensions ['ignore', 'ignore_ament_install']
[0.364s] Level 1:colcon.colcon_core.package_identification:_identify(src/log) by extension 'ignore'
[0.364s] Level 1:colcon.colcon_core.package_identification:_identify(src/log) ignored
[0.364s] Level 1:colcon.colcon_core.package_identification:_identify(src/magnus_kinematic) by extensions ['ignore', 'ignore_ament_install']
[0.364s] Level 1:colcon.colcon_core.package_identification:_identify(src/magnus_kinematic) by extension 'ignore'
[0.365s] Level 1:colcon.colcon_core.package_identification:_identify(src/magnus_kinematic) by extension 'ignore_ament_install'
[0.365s] Level 1:colcon.colcon_core.package_identification:_identify(src/magnus_kinematic) by extensions ['colcon_pkg']
[0.365s] Level 1:colcon.colcon_core.package_identification:_identify(src/magnus_kinematic) by extension 'colcon_pkg'
[0.365s] Level 1:colcon.colcon_core.package_identification:_identify(src/magnus_kinematic) by extensions ['colcon_meta']
[0.365s] Level 1:colcon.colcon_core.package_identification:_identify(src/magnus_kinematic) by extension 'colcon_meta'
[0.365s] Level 1:colcon.colcon_core.package_identification:_identify(src/magnus_kinematic) by extensions ['ros']
[0.365s] Level 1:colcon.colcon_core.package_identification:_identify(src/magnus_kinematic) by extension 'ros'
[0.366s] DEBUG:colcon.colcon_core.package_identification:Package 'src/magnus_kinematic' with type 'ros.ament_python' and name 'magnus_kinematic'
[0.366s] Level 1:colcon.colcon_core.package_identification:_identify(src/our_arduino_driver) by extensions ['ignore', 'ignore_ament_install']
[0.366s] Level 1:colcon.colcon_core.package_identification:_identify(src/our_arduino_driver) by extension 'ignore'
[0.366s] Level 1:colcon.colcon_core.package_identification:_identify(src/our_arduino_driver) by extension 'ignore_ament_install'
[0.366s] Level 1:colcon.colcon_core.package_identification:_identify(src/our_arduino_driver) by extensions ['colcon_pkg']
[0.366s] Level 1:colcon.colcon_core.package_identification:_identify(src/our_arduino_driver) by extension 'colcon_pkg'
[0.366s] Level 1:colcon.colcon_core.package_identification:_identify(src/our_arduino_driver) by extensions ['colcon_meta']
[0.367s] Level 1:colcon.colcon_core.package_identification:_identify(src/our_arduino_driver) by extension 'colcon_meta'
[0.367s] Level 1:colcon.colcon_core.package_identification:_identify(src/our_arduino_driver) by extensions ['ros']
[0.367s] Level 1:colcon.colcon_core.package_identification:_identify(src/our_arduino_driver) by extension 'ros'
[0.368s] DEBUG:colcon.colcon_core.package_identification:Package 'src/our_arduino_driver' with type 'ros.ament_python' and name 'our_arduino_driver'
[0.368s] Level 1:colcon.colcon_core.package_identification:_identify(src/py_controller_pub) by extensions ['ignore', 'ignore_ament_install']
[0.368s] Level 1:colcon.colcon_core.package_identification:_identify(src/py_controller_pub) by extension 'ignore'
[0.368s] Level 1:colcon.colcon_core.package_identification:_identify(src/py_controller_pub) by extension 'ignore_ament_install'
[0.368s] Level 1:colcon.colcon_core.package_identification:_identify(src/py_controller_pub) by extensions ['colcon_pkg']
[0.368s] Level 1:colcon.colcon_core.package_identification:_identify(src/py_controller_pub) by extension 'colcon_pkg'
[0.368s] Level 1:colcon.colcon_core.package_identification:_identify(src/py_controller_pub) by extensions ['colcon_meta']
[0.368s] Level 1:colcon.colcon_core.package_identification:_identify(src/py_controller_pub) by extension 'colcon_meta'
[0.368s] Level 1:colcon.colcon_core.package_identification:_identify(src/py_controller_pub) by extensions ['ros']
[0.369s] Level 1:colcon.colcon_core.package_identification:_identify(src/py_controller_pub) by extension 'ros'
[0.369s] DEBUG:colcon.colcon_core.package_identification:Package 'src/py_controller_pub' with type 'ros.ament_python' and name 'py_controller_pub'
[0.370s] Level 1:colcon.colcon_core.package_identification:_identify(src/py_kinematics) by extensions ['ignore', 'ignore_ament_install']
[0.370s] Level 1:colcon.colcon_core.package_identification:_identify(src/py_kinematics) by extension 'ignore'
[0.370s] Level 1:colcon.colcon_core.package_identification:_identify(src/py_kinematics) by extension 'ignore_ament_install'
[0.370s] Level 1:colcon.colcon_core.package_identification:_identify(src/py_kinematics) by extensions ['colcon_pkg']
[0.370s] Level 1:colcon.colcon_core.package_identification:_identify(src/py_kinematics) by extension 'colcon_pkg'
[0.370s] Level 1:colcon.colcon_core.package_identification:_identify(src/py_kinematics) by extensions ['colcon_meta']
[0.370s] Level 1:colcon.colcon_core.package_identification:_identify(src/py_kinematics) by extension 'colcon_meta'
[0.370s] Level 1:colcon.colcon_core.package_identification:_identify(src/py_kinematics) by extensions ['ros']
[0.370s] Level 1:colcon.colcon_core.package_identification:_identify(src/py_kinematics) by extension 'ros'
[0.371s] DEBUG:colcon.colcon_core.package_identification:Package 'src/py_kinematics' with type 'ros.ament_python' and name 'py_kinematics'
[0.371s] Level 1:colcon.colcon_core.package_identification:_identify(src/py_launch) by extensions ['ignore', 'ignore_ament_install']
[0.371s] Level 1:colcon.colcon_core.package_identification:_identify(src/py_launch) by extension 'ignore'
[0.372s] Level 1:colcon.colcon_core.package_identification:_identify(src/py_launch) by extension 'ignore_ament_install'
[0.372s] Level 1:colcon.colcon_core.package_identification:_identify(src/py_launch) by extensions ['colcon_pkg']
[0.372s] Level 1:colcon.colcon_core.package_identification:_identify(src/py_launch) by extension 'colcon_pkg'
[0.372s] Level 1:colcon.colcon_core.package_identification:_identify(src/py_launch) by extensions ['colcon_meta']
[0.372s] Level 1:colcon.colcon_core.package_identification:_identify(src/py_launch) by extension 'colcon_meta'
[0.372s] Level 1:colcon.colcon_core.package_identification:_identify(src/py_launch) by extensions ['ros']
[0.372s] Level 1:colcon.colcon_core.package_identification:_identify(src/py_launch) by extension 'ros'
[0.373s] DEBUG:colcon.colcon_core.package_identification:Package 'src/py_launch' with type 'ros.ament_python' and name 'py_launch'
[0.373s] Level 1:colcon.colcon_core.package_identification:_identify(src/py_pid) by extensions ['ignore', 'ignore_ament_install']
[0.373s] Level 1:colcon.colcon_core.package_identification:_identify(src/py_pid) by extension 'ignore'
[0.373s] Level 1:colcon.colcon_core.package_identification:_identify(src/py_pid) by extension 'ignore_ament_install'
[0.373s] Level 1:colcon.colcon_core.package_identification:_identify(src/py_pid) by extensions ['colcon_pkg']
[0.373s] Level 1:colcon.colcon_core.package_identification:_identify(src/py_pid) by extension 'colcon_pkg'
[0.373s] Level 1:colcon.colcon_core.package_identification:_identify(src/py_pid) by extensions ['colcon_meta']
[0.373s] Level 1:colcon.colcon_core.package_identification:_identify(src/py_pid) by extension 'colcon_meta'
[0.374s] Level 1:colcon.colcon_core.package_identification:_identify(src/py_pid) by extensions ['ros']
[0.374s] Level 1:colcon.colcon_core.package_identification:_identify(src/py_pid) by extension 'ros'
[0.374s] DEBUG:colcon.colcon_core.package_identification:Package 'src/py_pid' with type 'ros.ament_python' and name 'py_pid'
[0.374s] Level 1:colcon.colcon_core.package_identification:_identify(src/undistort_image) by extensions ['ignore', 'ignore_ament_install']
[0.375s] Level 1:colcon.colcon_core.package_identification:_identify(src/undistort_image) by extension 'ignore'
[0.375s] Level 1:colcon.colcon_core.package_identification:_identify(src/undistort_image) by extension 'ignore_ament_install'
[0.375s] Level 1:colcon.colcon_core.package_identification:_identify(src/undistort_image) by extensions ['colcon_pkg']
[0.375s] Level 1:colcon.colcon_core.package_identification:_identify(src/undistort_image) by extension 'colcon_pkg'
[0.375s] Level 1:colcon.colcon_core.package_identification:_identify(src/undistort_image) by extensions ['colcon_meta']
[0.375s] Level 1:colcon.colcon_core.package_identification:_identify(src/undistort_image) by extension 'colcon_meta'
[0.375s] Level 1:colcon.colcon_core.package_identification:_identify(src/undistort_image) by extensions ['ros']
[0.375s] Level 1:colcon.colcon_core.package_identification:_identify(src/undistort_image) by extension 'ros'
[0.376s] DEBUG:colcon.colcon_core.package_identification:Package 'src/undistort_image' with type 'ros.ament_python' and name 'undistort_image'
[0.376s] Level 1:colcon.colcon_core.package_discovery:discover_packages(recursive) using defaults
[0.376s] Level 1:colcon.colcon_core.package_discovery:discover_packages(ignore) discover
[0.376s] Level 1:colcon.colcon_core.package_discovery:discover_packages(ignore) using defaults
[0.376s] Level 1:colcon.colcon_core.package_discovery:discover_packages(path) discover
[0.376s] Level 1:colcon.colcon_core.package_discovery:discover_packages(path) using defaults
[0.403s] Level 1:colcon.colcon_core.package_discovery:discover_packages(prefix_path) check parameters
[0.403s] Level 1:colcon.colcon_core.package_discovery:discover_packages(prefix_path) discover
[0.406s] DEBUG:colcon.colcon_installed_package_information.package_discovery:Found 10 installed packages in /home/joe/workspaces/ros2_ws/install
[0.408s] DEBUG:colcon.colcon_installed_package_information.package_discovery:Found 277 installed packages in /opt/ros/humble
[0.411s] Level 1:colcon.colcon_core.package_discovery:discover_packages(prefix_path) using defaults
[0.486s] Level 5:colcon.colcon_core.verb:set package 'canny_edge' build argument 'cmake_args' from command line to 'None'
[0.487s] Level 5:colcon.colcon_core.verb:set package 'canny_edge' build argument 'cmake_target' from command line to 'None'
[0.487s] Level 5:colcon.colcon_core.verb:set package 'canny_edge' build argument 'cmake_target_skip_unavailable' from command line to 'False'
[0.487s] Level 5:colcon.colcon_core.verb:set package 'canny_edge' build argument 'cmake_clean_cache' from command line to 'False'
[0.487s] Level 5:colcon.colcon_core.verb:set package 'canny_edge' build argument 'cmake_clean_first' from command line to 'False'
[0.487s] Level 5:colcon.colcon_core.verb:set package 'canny_edge' build argument 'cmake_force_configure' from command line to 'False'
[0.487s] Level 5:colcon.colcon_core.verb:set package 'canny_edge' build argument 'ament_cmake_args' from command line to 'None'
[0.487s] Level 5:colcon.colcon_core.verb:set package 'canny_edge' build argument 'catkin_cmake_args' from command line to 'None'
[0.487s] Level 5:colcon.colcon_core.verb:set package 'canny_edge' build argument 'catkin_skip_building_tests' from command line to 'False'
[0.487s] DEBUG:colcon.colcon_core.verb:Building package 'canny_edge' with the following arguments: {'ament_cmake_args': None, 'build_base': '/home/joe/workspaces/ros2_ws/build/canny_edge', 'catkin_cmake_args': None, 'catkin_skip_building_tests': False, 'cmake_args': None, 'cmake_clean_cache': False, 'cmake_clean_first': False, 'cmake_force_configure': False, 'cmake_target': None, 'cmake_target_skip_unavailable': False, 'install_base': '/home/joe/workspaces/ros2_ws/install/canny_edge', 'merge_install': False, 'path': '/home/joe/workspaces/ros2_ws/src/canny_edge', 'symlink_install': False, 'test_result_base': None}
[0.488s] Level 5:colcon.colcon_core.verb:set package 'cv2_contour' build argument 'cmake_args' from command line to 'None'
[0.488s] Level 5:colcon.colcon_core.verb:set package 'cv2_contour' build argument 'cmake_target' from command line to 'None'
[0.488s] Level 5:colcon.colcon_core.verb:set package 'cv2_contour' build argument 'cmake_target_skip_unavailable' from command line to 'False'
[0.488s] Level 5:colcon.colcon_core.verb:set package 'cv2_contour' build argument 'cmake_clean_cache' from command line to 'False'
[0.488s] Level 5:colcon.colcon_core.verb:set package 'cv2_contour' build argument 'cmake_clean_first' from command line to 'False'
[0.488s] Level 5:colcon.colcon_core.verb:set package 'cv2_contour' build argument 'cmake_force_configure' from command line to 'False'
[0.488s] Level 5:colcon.colcon_core.verb:set package 'cv2_contour' build argument 'ament_cmake_args' from command line to 'None'
[0.488s] Level 5:colcon.colcon_core.verb:set package 'cv2_contour' build argument 'catkin_cmake_args' from command line to 'None'
[0.488s] Level 5:colcon.colcon_core.verb:set package 'cv2_contour' build argument 'catkin_skip_building_tests' from command line to 'False'
[0.488s] DEBUG:colcon.colcon_core.verb:Building package 'cv2_contour' with the following arguments: {'ament_cmake_args': None, 'build_base': '/home/joe/workspaces/ros2_ws/build/cv2_contour', 'catkin_cmake_args': None, 'catkin_skip_building_tests': False, 'cmake_args': None, 'cmake_clean_cache': False, 'cmake_clean_first': False, 'cmake_force_configure': False, 'cmake_target': None, 'cmake_target_skip_unavailable': False, 'install_base': '/home/joe/workspaces/ros2_ws/install/cv2_contour', 'merge_install': False, 'path': '/home/joe/workspaces/ros2_ws/src/cv2_contour', 'symlink_install': False, 'test_result_base': None}
[0.489s] Level 5:colcon.colcon_core.verb:set package 'gaussian_blur' build argument 'cmake_args' from command line to 'None'
[0.489s] Level 5:colcon.colcon_core.verb:set package 'gaussian_blur' build argument 'cmake_target' from command line to 'None'
[0.489s] Level 5:colcon.colcon_core.verb:set package 'gaussian_blur' build argument 'cmake_target_skip_unavailable' from command line to 'False'
[0.489s] Level 5:colcon.colcon_core.verb:set package 'gaussian_blur' build argument 'cmake_clean_cache' from command line to 'False'
[0.489s] Level 5:colcon.colcon_core.verb:set package 'gaussian_blur' build argument 'cmake_clean_first' from command line to 'False'
[0.489s] Level 5:colcon.colcon_core.verb:set package 'gaussian_blur' build argument 'cmake_force_configure' from command line to 'False'
[0.489s] Level 5:colcon.colcon_core.verb:set package 'gaussian_blur' build argument 'ament_cmake_args' from command line to 'None'
[0.489s] Level 5:colcon.colcon_core.verb:set package 'gaussian_blur' build argument 'catkin_cmake_args' from command line to 'None'
[0.489s] Level 5:colcon.colcon_core.verb:set package 'gaussian_blur' build argument 'catkin_skip_building_tests' from command line to 'False'
[0.489s] DEBUG:colcon.colcon_core.verb:Building package 'gaussian_blur' with the following arguments: {'ament_cmake_args': None, 'build_base': '/home/joe/workspaces/ros2_ws/build/gaussian_blur', 'catkin_cmake_args': None, 'catkin_skip_building_tests': False, 'cmake_args': None, 'cmake_clean_cache': False, 'cmake_clean_first': False, 'cmake_force_configure': False, 'cmake_target': None, 'cmake_target_skip_unavailable': False, 'install_base': '/home/joe/workspaces/ros2_ws/install/gaussian_blur', 'merge_install': False, 'path': '/home/joe/workspaces/ros2_ws/src/gaussian_blur', 'symlink_install': False, 'test_result_base': None}
[0.490s] Level 5:colcon.colcon_core.verb:set package 'magnus_kinematic' build argument 'cmake_args' from command line to 'None'
[0.490s] Level 5:colcon.colcon_core.verb:set package 'magnus_kinematic' build argument 'cmake_target' from command line to 'None'
[0.490s] Level 5:colcon.colcon_core.verb:set package 'magnus_kinematic' build argument 'cmake_target_skip_unavailable' from command line to 'False'
[0.490s] Level 5:colcon.colcon_core.verb:set package 'magnus_kinematic' build argument 'cmake_clean_cache' from command line to 'False'
[0.490s] Level 5:colcon.colcon_core.verb:set package 'magnus_kinematic' build argument 'cmake_clean_first' from command line to 'False'
[0.490s] Level 5:colcon.colcon_core.verb:set package 'magnus_kinematic' build argument 'cmake_force_configure' from command line to 'False'
[0.490s] Level 5:colcon.colcon_core.verb:set package 'magnus_kinematic' build argument 'ament_cmake_args' from command line to 'None'
[0.490s] Level 5:colcon.colcon_core.verb:set package 'magnus_kinematic' build argument 'catkin_cmake_args' from command line to 'None'
[0.490s] Level 5:colcon.colcon_core.verb:set package 'magnus_kinematic' build argument 'catkin_skip_building_tests' from command line to 'False'
[0.490s] DEBUG:colcon.colcon_core.verb:Building package 'magnus_kinematic' with the following arguments: {'ament_cmake_args': None, 'build_base': '/home/joe/workspaces/ros2_ws/build/magnus_kinematic', 'catkin_cmake_args': None, 'catkin_skip_building_tests': False, 'cmake_args': None, 'cmake_clean_cache': False, 'cmake_clean_first': False, 'cmake_force_configure': False, 'cmake_target': None, 'cmake_target_skip_unavailable': False, 'install_base': '/home/joe/workspaces/ros2_ws/install/magnus_kinematic', 'merge_install': False, 'path': '/home/joe/workspaces/ros2_ws/src/magnus_kinematic', 'symlink_install': False, 'test_result_base': None}
[0.491s] Level 5:colcon.colcon_core.verb:set package 'our_arduino_driver' build argument 'cmake_args' from command line to 'None'
[0.491s] Level 5:colcon.colcon_core.verb:set package 'our_arduino_driver' build argument 'cmake_target' from command line to 'None'
[0.491s] Level 5:colcon.colcon_core.verb:set package 'our_arduino_driver' build argument 'cmake_target_skip_unavailable' from command line to 'False'
[0.491s] Level 5:colcon.colcon_core.verb:set package 'our_arduino_driver' build argument 'cmake_clean_cache' from command line to 'False'
[0.491s] Level 5:colcon.colcon_core.verb:set package 'our_arduino_driver' build argument 'cmake_clean_first' from command line to 'False'
[0.491s] Level 5:colcon.colcon_core.verb:set package 'our_arduino_driver' build argument 'cmake_force_configure' from command line to 'False'
[0.491s] Level 5:colcon.colcon_core.verb:set package 'our_arduino_driver' build argument 'ament_cmake_args' from command line to 'None'
[0.491s] Level 5:colcon.colcon_core.verb:set package 'our_arduino_driver' build argument 'catkin_cmake_args' from command line to 'None'
[0.491s] Level 5:colcon.colcon_core.verb:set package 'our_arduino_driver' build argument 'catkin_skip_building_tests' from command line to 'False'
[0.491s] DEBUG:colcon.colcon_core.verb:Building package 'our_arduino_driver' with the following arguments: {'ament_cmake_args': None, 'build_base': '/home/joe/workspaces/ros2_ws/build/our_arduino_driver', 'catkin_cmake_args': None, 'catkin_skip_building_tests': False, 'cmake_args': None, 'cmake_clean_cache': False, 'cmake_clean_first': False, 'cmake_force_configure': False, 'cmake_target': None, 'cmake_target_skip_unavailable': False, 'install_base': '/home/joe/workspaces/ros2_ws/install/our_arduino_driver', 'merge_install': False, 'path': '/home/joe/workspaces/ros2_ws/src/our_arduino_driver', 'symlink_install': False, 'test_result_base': None}
[0.492s] Level 5:colcon.colcon_core.verb:set package 'py_controller_pub' build argument 'cmake_args' from command line to 'None'
[0.492s] Level 5:colcon.colcon_core.verb:set package 'py_controller_pub' build argument 'cmake_target' from command line to 'None'
[0.492s] Level 5:colcon.colcon_core.verb:set package 'py_controller_pub' build argument 'cmake_target_skip_unavailable' from command line to 'False'
[0.492s] Level 5:colcon.colcon_core.verb:set package 'py_controller_pub' build argument 'cmake_clean_cache' from command line to 'False'
[0.492s] Level 5:colcon.colcon_core.verb:set package 'py_controller_pub' build argument 'cmake_clean_first' from command line to 'False'
[0.492s] Level 5:colcon.colcon_core.verb:set package 'py_controller_pub' build argument 'cmake_force_configure' from command line to 'False'
[0.492s] Level 5:colcon.colcon_core.verb:set package 'py_controller_pub' build argument 'ament_cmake_args' from command line to 'None'
[0.492s] Level 5:colcon.colcon_core.verb:set package 'py_controller_pub' build argument 'catkin_cmake_args' from command line to 'None'
[0.492s] Level 5:colcon.colcon_core.verb:set package 'py_controller_pub' build argument 'catkin_skip_building_tests' from command line to 'False'
[0.492s] DEBUG:colcon.colcon_core.verb:Building package 'py_controller_pub' with the following arguments: {'ament_cmake_args': None, 'build_base': '/home/joe/workspaces/ros2_ws/build/py_controller_pub', 'catkin_cmake_args': None, 'catkin_skip_building_tests': False, 'cmake_args': None, 'cmake_clean_cache': False, 'cmake_clean_first': False, 'cmake_force_configure': False, 'cmake_target': None, 'cmake_target_skip_unavailable': False, 'install_base': '/home/joe/workspaces/ros2_ws/install/py_controller_pub', 'merge_install': False, 'path': '/home/joe/workspaces/ros2_ws/src/py_controller_pub', 'symlink_install': False, 'test_result_base': None}
[0.493s] Level 5:colcon.colcon_core.verb:set package 'py_kinematics' build argument 'cmake_args' from command line to 'None'
[0.493s] Level 5:colcon.colcon_core.verb:set package 'py_kinematics' build argument 'cmake_target' from command line to 'None'
[0.493s] Level 5:colcon.colcon_core.verb:set package 'py_kinematics' build argument 'cmake_target_skip_unavailable' from command line to 'False'
[0.493s] Level 5:colcon.colcon_core.verb:set package 'py_kinematics' build argument 'cmake_clean_cache' from command line to 'False'
[0.493s] Level 5:colcon.colcon_core.verb:set package 'py_kinematics' build argument 'cmake_clean_first' from command line to 'False'
[0.493s] Level 5:colcon.colcon_core.verb:set package 'py_kinematics' build argument 'cmake_force_configure' from command line to 'False'
[0.493s] Level 5:colcon.colcon_core.verb:set package 'py_kinematics' build argument 'ament_cmake_args' from command line to 'None'
[0.493s] Level 5:colcon.colcon_core.verb:set package 'py_kinematics' build argument 'catkin_cmake_args' from command line to 'None'
[0.493s] Level 5:colcon.colcon_core.verb:set package 'py_kinematics' build argument 'catkin_skip_building_tests' from command line to 'False'
[0.493s] DEBUG:colcon.colcon_core.verb:Building package 'py_kinematics' with the following arguments: {'ament_cmake_args': None, 'build_base': '/home/joe/workspaces/ros2_ws/build/py_kinematics', 'catkin_cmake_args': None, 'catkin_skip_building_tests': False, 'cmake_args': None, 'cmake_clean_cache': False, 'cmake_clean_first': False, 'cmake_force_configure': False, 'cmake_target': None, 'cmake_target_skip_unavailable': False, 'install_base': '/home/joe/workspaces/ros2_ws/install/py_kinematics', 'merge_install': False, 'path': '/home/joe/workspaces/ros2_ws/src/py_kinematics', 'symlink_install': False, 'test_result_base': None}
[0.494s] Level 5:colcon.colcon_core.verb:set package 'py_launch' build argument 'cmake_args' from command line to 'None'
[0.494s] Level 5:colcon.colcon_core.verb:set package 'py_launch' build argument 'cmake_target' from command line to 'None'
[0.494s] Level 5:colcon.colcon_core.verb:set package 'py_launch' build argument 'cmake_target_skip_unavailable' from command line to 'False'
[0.494s] Level 5:colcon.colcon_core.verb:set package 'py_launch' build argument 'cmake_clean_cache' from command line to 'False'
[0.494s] Level 5:colcon.colcon_core.verb:set package 'py_launch' build argument 'cmake_clean_first' from command line to 'False'
[0.494s] Level 5:colcon.colcon_core.verb:set package 'py_launch' build argument 'cmake_force_configure' from command line to 'False'
[0.494s] Level 5:colcon.colcon_core.verb:set package 'py_launch' build argument 'ament_cmake_args' from command line to 'None'
[0.494s] Level 5:colcon.colcon_core.verb:set package 'py_launch' build argument 'catkin_cmake_args' from command line to 'None'
[0.494s] Level 5:colcon.colcon_core.verb:set package 'py_launch' build argument 'catkin_skip_building_tests' from command line to 'False'
[0.494s] DEBUG:colcon.colcon_core.verb:Building package 'py_launch' with the following arguments: {'ament_cmake_args': None, 'build_base': '/home/joe/workspaces/ros2_ws/build/py_launch', 'catkin_cmake_args': None, 'catkin_skip_building_tests': False, 'cmake_args': None, 'cmake_clean_cache': False, 'cmake_clean_first': False, 'cmake_force_configure': False, 'cmake_target': None, 'cmake_target_skip_unavailable': False, 'install_base': '/home/joe/workspaces/ros2_ws/install/py_launch', 'merge_install': False, 'path': '/home/joe/workspaces/ros2_ws/src/py_launch', 'symlink_install': False, 'test_result_base': None}
[0.495s] Level 5:colcon.colcon_core.verb:set package 'py_pid' build argument 'cmake_args' from command line to 'None'
[0.495s] Level 5:colcon.colcon_core.verb:set package 'py_pid' build argument 'cmake_target' from command line to 'None'
[0.495s] Level 5:colcon.colcon_core.verb:set package 'py_pid' build argument 'cmake_target_skip_unavailable' from command line to 'False'
[0.495s] Level 5:colcon.colcon_core.verb:set package 'py_pid' build argument 'cmake_clean_cache' from command line to 'False'
[0.495s] Level 5:colcon.colcon_core.verb:set package 'py_pid' build argument 'cmake_clean_first' from command line to 'False'
[0.495s] Level 5:colcon.colcon_core.verb:set package 'py_pid' build argument 'cmake_force_configure' from command line to 'False'
[0.495s] Level 5:colcon.colcon_core.verb:set package 'py_pid' build argument 'ament_cmake_args' from command line to 'None'
[0.495s] Level 5:colcon.colcon_core.verb:set package 'py_pid' build argument 'catkin_cmake_args' from command line to 'None'
[0.495s] Level 5:colcon.colcon_core.verb:set package 'py_pid' build argument 'catkin_skip_building_tests' from command line to 'False'
[0.495s] DEBUG:colcon.colcon_core.verb:Building package 'py_pid' with the following arguments: {'ament_cmake_args': None, 'build_base': '/home/joe/workspaces/ros2_ws/build/py_pid', 'catkin_cmake_args': None, 'catkin_skip_building_tests': False, 'cmake_args': None, 'cmake_clean_cache': False, 'cmake_clean_first': False, 'cmake_force_configure': False, 'cmake_target': None, 'cmake_target_skip_unavailable': False, 'install_base': '/home/joe/workspaces/ros2_ws/install/py_pid', 'merge_install': False, 'path': '/home/joe/workspaces/ros2_ws/src/py_pid', 'symlink_install': False, 'test_result_base': None}
[0.496s] Level 5:colcon.colcon_core.verb:set package 'undistort_image' build argument 'cmake_args' from command line to 'None'
[0.496s] Level 5:colcon.colcon_core.verb:set package 'undistort_image' build argument 'cmake_target' from command line to 'None'
[0.496s] Level 5:colcon.colcon_core.verb:set package 'undistort_image' build argument 'cmake_target_skip_unavailable' from command line to 'False'
[0.496s] Level 5:colcon.colcon_core.verb:set package 'undistort_image' build argument 'cmake_clean_cache' from command line to 'False'
[0.496s] Level 5:colcon.colcon_core.verb:set package 'undistort_image' build argument 'cmake_clean_first' from command line to 'False'
[0.496s] Level 5:colcon.colcon_core.verb:set package 'undistort_image' build argument 'cmake_force_configure' from command line to 'False'
[0.496s] Level 5:colcon.colcon_core.verb:set package 'undistort_image' build argument 'ament_cmake_args' from command line to 'None'
[0.496s] Level 5:colcon.colcon_core.verb:set package 'undistort_image' build argument 'catkin_cmake_args' from command line to 'None'
[0.496s] Level 5:colcon.colcon_core.verb:set package 'undistort_image' build argument 'catkin_skip_building_tests' from command line to 'False'
[0.496s] DEBUG:colcon.colcon_core.verb:Building package 'undistort_image' with the following arguments: {'ament_cmake_args': None, 'build_base': '/home/joe/workspaces/ros2_ws/build/undistort_image', 'catkin_cmake_args': None, 'catkin_skip_building_tests': False, 'cmake_args': None, 'cmake_clean_cache': False, 'cmake_clean_first': False, 'cmake_force_configure': False, 'cmake_target': None, 'cmake_target_skip_unavailable': False, 'install_base': '/home/joe/workspaces/ros2_ws/install/undistort_image', 'merge_install': False, 'path': '/home/joe/workspaces/ros2_ws/src/undistort_image', 'symlink_install': False, 'test_result_base': None}
[0.497s] INFO:colcon.colcon_core.executor:Executing jobs using 'parallel' executor
[0.498s] DEBUG:colcon.colcon_parallel_executor.executor.parallel:run_until_complete
[0.498s] INFO:colcon.colcon_ros.task.ament_python.build:Building ROS package in '/home/joe/workspaces/ros2_ws/src/canny_edge' with build type 'ament_python'
[0.499s] Level 1:colcon.colcon_core.shell:create_environment_hook('canny_edge', 'ament_prefix_path')
[0.502s] INFO:colcon.colcon_core.plugin_system:Skipping extension 'colcon_core.shell.bat': Not used on non-Windows systems
[0.503s] INFO:colcon.colcon_core.shell:Creating environment hook '/home/joe/workspaces/ros2_ws/install/canny_edge/share/canny_edge/hook/ament_prefix_path.ps1'
[0.503s] INFO:colcon.colcon_core.shell:Creating environment descriptor '/home/joe/workspaces/ros2_ws/install/canny_edge/share/canny_edge/hook/ament_prefix_path.dsv'
[0.504s] INFO:colcon.colcon_core.shell:Creating environment hook '/home/joe/workspaces/ros2_ws/install/canny_edge/share/canny_edge/hook/ament_prefix_path.sh'
[0.505s] INFO:colcon.colcon_core.shell:Skip shell extension 'powershell' for command environment: Not usable outside of PowerShell
[0.505s] DEBUG:colcon.colcon_core.shell:Skip shell extension 'dsv' for command environment
[0.510s] INFO:colcon.colcon_ros.task.ament_python.build:Building ROS package in '/home/joe/workspaces/ros2_ws/src/cv2_contour' with build type 'ament_python'
[0.510s] Level 1:colcon.colcon_core.shell:create_environment_hook('cv2_contour', 'ament_prefix_path')
[0.510s] INFO:colcon.colcon_core.shell:Creating environment hook '/home/joe/workspaces/ros2_ws/install/cv2_contour/share/cv2_contour/hook/ament_prefix_path.ps1'
[0.511s] INFO:colcon.colcon_core.shell:Creating environment descriptor '/home/joe/workspaces/ros2_ws/install/cv2_contour/share/cv2_contour/hook/ament_prefix_path.dsv'
[0.512s] INFO:colcon.colcon_core.shell:Creating environment hook '/home/joe/workspaces/ros2_ws/install/cv2_contour/share/cv2_contour/hook/ament_prefix_path.sh'
[0.513s] INFO:colcon.colcon_core.shell:Skip shell extension 'powershell' for command environment: Not usable outside of PowerShell
[0.513s] DEBUG:colcon.colcon_core.shell:Skip shell extension 'dsv' for command environment
[0.518s] INFO:colcon.colcon_ros.task.ament_python.build:Building ROS package in '/home/joe/workspaces/ros2_ws/src/gaussian_blur' with build type 'ament_python'
[0.518s] Level 1:colcon.colcon_core.shell:create_environment_hook('gaussian_blur', 'ament_prefix_path')
[0.518s] INFO:colcon.colcon_core.shell:Creating environment hook '/home/joe/workspaces/ros2_ws/install/gaussian_blur/share/gaussian_blur/hook/ament_prefix_path.ps1'
[0.519s] INFO:colcon.colcon_core.shell:Creating environment descriptor '/home/joe/workspaces/ros2_ws/install/gaussian_blur/share/gaussian_blur/hook/ament_prefix_path.dsv'
[0.519s] INFO:colcon.colcon_core.shell:Creating environment hook '/home/joe/workspaces/ros2_ws/install/gaussian_blur/share/gaussian_blur/hook/ament_prefix_path.sh'
[0.521s] INFO:colcon.colcon_core.shell:Skip shell extension 'powershell' for command environment: Not usable outside of PowerShell
[0.521s] DEBUG:colcon.colcon_core.shell:Skip shell extension 'dsv' for command environment
[0.526s] INFO:colcon.colcon_ros.task.ament_python.build:Building ROS package in '/home/joe/workspaces/ros2_ws/src/magnus_kinematic' with build type 'ament_python'
[0.527s] Level 1:colcon.colcon_core.shell:create_environment_hook('magnus_kinematic', 'ament_prefix_path')
[0.527s] INFO:colcon.colcon_core.shell:Creating environment hook '/home/joe/workspaces/ros2_ws/install/magnus_kinematic/share/magnus_kinematic/hook/ament_prefix_path.ps1'
[0.528s] INFO:colcon.colcon_core.shell:Creating environment descriptor '/home/joe/workspaces/ros2_ws/install/magnus_kinematic/share/magnus_kinematic/hook/ament_prefix_path.dsv'
[0.529s] INFO:colcon.colcon_core.shell:Creating environment hook '/home/joe/workspaces/ros2_ws/install/magnus_kinematic/share/magnus_kinematic/hook/ament_prefix_path.sh'
[0.530s] INFO:colcon.colcon_core.shell:Skip shell extension 'powershell' for command environment: Not usable outside of PowerShell
[0.530s] DEBUG:colcon.colcon_core.shell:Skip shell extension 'dsv' for command environment
[0.536s] INFO:colcon.colcon_ros.task.ament_python.build:Building ROS package in '/home/joe/workspaces/ros2_ws/src/our_arduino_driver' with build type 'ament_python'
[0.536s] Level 1:colcon.colcon_core.shell:create_environment_hook('our_arduino_driver', 'ament_prefix_path')
[0.537s] INFO:colcon.colcon_core.shell:Creating environment hook '/home/joe/workspaces/ros2_ws/install/our_arduino_driver/share/our_arduino_driver/hook/ament_prefix_path.ps1'
[0.537s] INFO:colcon.colcon_core.shell:Creating environment descriptor '/home/joe/workspaces/ros2_ws/install/our_arduino_driver/share/our_arduino_driver/hook/ament_prefix_path.dsv'
[0.538s] INFO:colcon.colcon_core.shell:Creating environment hook '/home/joe/workspaces/ros2_ws/install/our_arduino_driver/share/our_arduino_driver/hook/ament_prefix_path.sh'
[0.539s] INFO:colcon.colcon_core.shell:Skip shell extension 'powershell' for command environment: Not usable outside of PowerShell
[0.539s] DEBUG:colcon.colcon_core.shell:Skip shell extension 'dsv' for command environment
[0.546s] INFO:colcon.colcon_ros.task.ament_python.build:Building ROS package in '/home/joe/workspaces/ros2_ws/src/py_controller_pub' with build type 'ament_python'
[0.546s] Level 1:colcon.colcon_core.shell:create_environment_hook('py_controller_pub', 'ament_prefix_path')
[0.547s] INFO:colcon.colcon_core.shell:Creating environment hook '/home/joe/workspaces/ros2_ws/install/py_controller_pub/share/py_controller_pub/hook/ament_prefix_path.ps1'
[0.547s] INFO:colcon.colcon_core.shell:Creating environment descriptor '/home/joe/workspaces/ros2_ws/install/py_controller_pub/share/py_controller_pub/hook/ament_prefix_path.dsv'
[0.548s] INFO:colcon.colcon_core.shell:Creating environment hook '/home/joe/workspaces/ros2_ws/install/py_controller_pub/share/py_controller_pub/hook/ament_prefix_path.sh'
[0.549s] INFO:colcon.colcon_core.shell:Skip shell extension 'powershell' for command environment: Not usable outside of PowerShell
[0.549s] DEBUG:colcon.colcon_core.shell:Skip shell extension 'dsv' for command environment
[0.556s] INFO:colcon.colcon_ros.task.ament_python.build:Building ROS package in '/home/joe/workspaces/ros2_ws/src/py_kinematics' with build type 'ament_python'
[0.556s] Level 1:colcon.colcon_core.shell:create_environment_hook('py_kinematics', 'ament_prefix_path')
[0.557s] INFO:colcon.colcon_core.shell:Creating environment hook '/home/joe/workspaces/ros2_ws/install/py_kinematics/share/py_kinematics/hook/ament_prefix_path.ps1'
[0.558s] INFO:colcon.colcon_core.shell:Creating environment descriptor '/home/joe/workspaces/ros2_ws/install/py_kinematics/share/py_kinematics/hook/ament_prefix_path.dsv'
[0.558s] INFO:colcon.colcon_core.shell:Creating environment hook '/home/joe/workspaces/ros2_ws/install/py_kinematics/share/py_kinematics/hook/ament_prefix_path.sh'
[0.559s] INFO:colcon.colcon_core.shell:Skip shell extension 'powershell' for command environment: Not usable outside of PowerShell
[0.559s] DEBUG:colcon.colcon_core.shell:Skip shell extension 'dsv' for command environment
[0.566s] INFO:colcon.colcon_ros.task.ament_python.build:Building ROS package in '/home/joe/workspaces/ros2_ws/src/py_launch' with build type 'ament_python'
[0.566s] Level 1:colcon.colcon_core.shell:create_environment_hook('py_launch', 'ament_prefix_path')
[0.567s] INFO:colcon.colcon_core.shell:Creating environment hook '/home/joe/workspaces/ros2_ws/install/py_launch/share/py_launch/hook/ament_prefix_path.ps1'
[0.568s] INFO:colcon.colcon_core.shell:Creating environment descriptor '/home/joe/workspaces/ros2_ws/install/py_launch/share/py_launch/hook/ament_prefix_path.dsv'
[0.568s] INFO:colcon.colcon_core.shell:Creating environment hook '/home/joe/workspaces/ros2_ws/install/py_launch/share/py_launch/hook/ament_prefix_path.sh'
[0.570s] INFO:colcon.colcon_core.shell:Skip shell extension 'powershell' for command environment: Not usable outside of PowerShell
[0.570s] DEBUG:colcon.colcon_core.shell:Skip shell extension 'dsv' for command environment
[0.951s] INFO:colcon.colcon_core.task.python.build:Building Python package in '/home/joe/workspaces/ros2_ws/src/canny_edge'
[0.952s] INFO:colcon.colcon_core.shell:Skip shell extension 'powershell' for command environment: Not usable outside of PowerShell
[0.952s] DEBUG:colcon.colcon_core.shell:Skip shell extension 'dsv' for command environment
[1.316s] INFO:colcon.colcon_core.task.python.build:Building Python package in '/home/joe/workspaces/ros2_ws/src/cv2_contour'
[1.317s] INFO:colcon.colcon_core.shell:Skip shell extension 'powershell' for command environment: Not usable outside of PowerShell
[1.317s] DEBUG:colcon.colcon_core.shell:Skip shell extension 'dsv' for command environment
[1.672s] INFO:colcon.colcon_core.task.python.build:Building Python package in '/home/joe/workspaces/ros2_ws/src/gaussian_blur'
[1.672s] INFO:colcon.colcon_core.shell:Skip shell extension 'powershell' for command environment: Not usable outside of PowerShell
[1.672s] DEBUG:colcon.colcon_core.shell:Skip shell extension 'dsv' for command environment
[2.037s] INFO:colcon.colcon_core.task.python.build:Building Python package in '/home/joe/workspaces/ros2_ws/src/magnus_kinematic'
[2.037s] INFO:colcon.colcon_core.shell:Skip shell extension 'powershell' for command environment: Not usable outside of PowerShell
[2.037s] DEBUG:colcon.colcon_core.shell:Skip shell extension 'dsv' for command environment
[2.335s] INFO:colcon.colcon_core.task.python.build:Building Python package in '/home/joe/workspaces/ros2_ws/src/our_arduino_driver'
[2.336s] INFO:colcon.colcon_core.shell:Skip shell extension 'powershell' for command environment: Not usable outside of PowerShell
[2.336s] DEBUG:colcon.colcon_core.shell:Skip shell extension 'dsv' for command environment
[2.628s] INFO:colcon.colcon_core.task.python.build:Building Python package in '/home/joe/workspaces/ros2_ws/src/py_controller_pub'
[2.629s] INFO:colcon.colcon_core.shell:Skip shell extension 'powershell' for command environment: Not usable outside of PowerShell
[2.629s] DEBUG:colcon.colcon_core.shell:Skip shell extension 'dsv' for command environment
[2.919s] INFO:colcon.colcon_core.task.python.build:Building Python package in '/home/joe/workspaces/ros2_ws/src/py_kinematics'
[2.919s] INFO:colcon.colcon_core.shell:Skip shell extension 'powershell' for command environment: Not usable outside of PowerShell
[2.919s] DEBUG:colcon.colcon_core.shell:Skip shell extension 'dsv' for command environment
[3.212s] INFO:colcon.colcon_core.task.python.build:Building Python package in '/home/joe/workspaces/ros2_ws/src/py_launch'
[3.212s] INFO:colcon.colcon_core.shell:Skip shell extension 'powershell' for command environment: Not usable outside of PowerShell
[3.212s] DEBUG:colcon.colcon_core.shell:Skip shell extension 'dsv' for command environment
[4.022s] DEBUG:colcon.colcon_core.event_handler.log_command:Invoking command in '/home/joe/workspaces/ros2_ws/src/gaussian_blur': PYTHONPATH=/home/joe/workspaces/ros2_ws/build/gaussian_blur/prefix_override:/home/joe/workspaces/ros2_ws/install/gaussian_blur/lib/python3.10/site-packages:${PYTHONPATH} /usr/bin/python3 -W ignore:setup.py install is deprecated setup.py egg_info --egg-base ../../build/gaussian_blur build --build-base /home/joe/workspaces/ros2_ws/build/gaussian_blur/build install --record /home/joe/workspaces/ros2_ws/build/gaussian_blur/install.log --single-version-externally-managed install_data
[4.046s] DEBUG:colcon.colcon_core.event_handler.log_command:Invoking command in '/home/joe/workspaces/ros2_ws/src/cv2_contour': PYTHONPATH=/home/joe/workspaces/ros2_ws/build/cv2_contour/prefix_override:/home/joe/workspaces/ros2_ws/install/cv2_contour/lib/python3.10/site-packages:${PYTHONPATH} /usr/bin/python3 -W ignore:setup.py install is deprecated setup.py egg_info --egg-base ../../build/cv2_contour build --build-base /home/joe/workspaces/ros2_ws/build/cv2_contour/build install --record /home/joe/workspaces/ros2_ws/build/cv2_contour/install.log --single-version-externally-managed install_data
[4.074s] DEBUG:colcon.colcon_core.event_handler.log_command:Invoking command in '/home/joe/workspaces/ros2_ws/src/magnus_kinematic': PYTHONPATH=/home/joe/workspaces/ros2_ws/build/magnus_kinematic/prefix_override:/home/joe/workspaces/ros2_ws/install/magnus_kinematic/lib/python3.10/site-packages:${PYTHONPATH} /usr/bin/python3 -W ignore:setup.py install is deprecated setup.py egg_info --egg-base ../../build/magnus_kinematic build --build-base /home/joe/workspaces/ros2_ws/build/magnus_kinematic/build install --record /home/joe/workspaces/ros2_ws/build/magnus_kinematic/install.log --single-version-externally-managed install_data
[4.081s] DEBUG:colcon.colcon_core.event_handler.log_command:Invoking command in '/home/joe/workspaces/ros2_ws/src/py_controller_pub': PYTHONPATH=/home/joe/workspaces/ros2_ws/build/py_controller_pub/prefix_override:/home/joe/workspaces/ros2_ws/install/py_controller_pub/lib/python3.10/site-packages:${PYTHONPATH} /usr/bin/python3 -W ignore:setup.py install is deprecated setup.py egg_info --egg-base ../../build/py_controller_pub build --build-base /home/joe/workspaces/ros2_ws/build/py_controller_pub/build install --record /home/joe/workspaces/ros2_ws/build/py_controller_pub/install.log --single-version-externally-managed install_data
[4.088s] DEBUG:colcon.colcon_core.event_handler.log_command:Invoking command in '/home/joe/workspaces/ros2_ws/src/canny_edge': PYTHONPATH=/home/joe/workspaces/ros2_ws/build/canny_edge/prefix_override:/home/joe/workspaces/ros2_ws/install/canny_edge/lib/python3.10/site-packages:${PYTHONPATH} /usr/bin/python3 -W ignore:setup.py install is deprecated setup.py egg_info --egg-base ../../build/canny_edge build --build-base /home/joe/workspaces/ros2_ws/build/canny_edge/build install --record /home/joe/workspaces/ros2_ws/build/canny_edge/install.log --single-version-externally-managed install_data
[4.092s] DEBUG:colcon.colcon_core.event_handler.log_command:Invoking command in '/home/joe/workspaces/ros2_ws/src/py_launch': PYTHONPATH=/home/joe/workspaces/ros2_ws/build/py_launch/prefix_override:/home/joe/workspaces/ros2_ws/install/py_launch/lib/python3.10/site-packages:${PYTHONPATH} /usr/bin/python3 -W ignore:setup.py install is deprecated setup.py egg_info --egg-base ../../build/py_launch build --build-base /home/joe/workspaces/ros2_ws/build/py_launch/build install --record /home/joe/workspaces/ros2_ws/build/py_launch/install.log --single-version-externally-managed install_data
[4.109s] DEBUG:colcon.colcon_core.event_handler.log_command:Invoking command in '/home/joe/workspaces/ros2_ws/src/our_arduino_driver': PYTHONPATH=/home/joe/workspaces/ros2_ws/build/our_arduino_driver/prefix_override:/home/joe/workspaces/ros2_ws/install/our_arduino_driver/lib/python3.10/site-packages:${PYTHONPATH} /usr/bin/python3 -W ignore:setup.py install is deprecated setup.py egg_info --egg-base ../../build/our_arduino_driver build --build-base /home/joe/workspaces/ros2_ws/build/our_arduino_driver/build install --record /home/joe/workspaces/ros2_ws/build/our_arduino_driver/install.log --single-version-externally-managed install_data
[4.158s] DEBUG:colcon.colcon_core.event_handler.log_command:Invoking command in '/home/joe/workspaces/ros2_ws/src/py_kinematics': PYTHONPATH=/home/joe/workspaces/ros2_ws/build/py_kinematics/prefix_override:/home/joe/workspaces/ros2_ws/install/py_kinematics/lib/python3.10/site-packages:${PYTHONPATH} /usr/bin/python3 -W ignore:setup.py install is deprecated setup.py egg_info --egg-base ../../build/py_kinematics build --build-base /home/joe/workspaces/ros2_ws/build/py_kinematics/build install --record /home/joe/workspaces/ros2_ws/build/py_kinematics/install.log --single-version-externally-managed install_data
[4.804s] DEBUG:colcon.colcon_core.event_handler.log_command:Invoked command in '/home/joe/workspaces/ros2_ws/src/canny_edge' returned '0': PYTHONPATH=/home/joe/workspaces/ros2_ws/build/canny_edge/prefix_override:/home/joe/workspaces/ros2_ws/install/canny_edge/lib/python3.10/site-packages:${PYTHONPATH} /usr/bin/python3 -W ignore:setup.py install is deprecated setup.py egg_info --egg-base ../../build/canny_edge build --build-base /home/joe/workspaces/ros2_ws/build/canny_edge/build install --record /home/joe/workspaces/ros2_ws/build/canny_edge/install.log --single-version-externally-managed install_data
[4.814s] Level 1:colcon.colcon_core.environment:checking '/home/joe/workspaces/ros2_ws/install/canny_edge' for CMake module files
[4.814s] Level 1:colcon.colcon_core.environment:checking '/home/joe/workspaces/ros2_ws/install/canny_edge' for CMake config files
[4.816s] Level 1:colcon.colcon_core.environment:checking '/home/joe/workspaces/ros2_ws/install/canny_edge/lib'
[4.816s] Level 1:colcon.colcon_core.environment:checking '/home/joe/workspaces/ros2_ws/install/canny_edge/bin'
[4.817s] Level 1:colcon.colcon_core.environment:checking '/home/joe/workspaces/ros2_ws/install/canny_edge/lib/pkgconfig/canny_edge.pc'
[4.817s] Level 1:colcon.colcon_core.environment:checking '/home/joe/workspaces/ros2_ws/install/canny_edge/lib/python3.10/site-packages'
[4.817s] Level 1:colcon.colcon_core.shell:create_environment_hook('canny_edge', 'pythonpath')
[4.818s] INFO:colcon.colcon_core.shell:Creating environment hook '/home/joe/workspaces/ros2_ws/install/canny_edge/share/canny_edge/hook/pythonpath.ps1'
[4.819s] INFO:colcon.colcon_core.shell:Creating environment descriptor '/home/joe/workspaces/ros2_ws/install/canny_edge/share/canny_edge/hook/pythonpath.dsv'
[4.819s] INFO:colcon.colcon_core.shell:Creating environment hook '/home/joe/workspaces/ros2_ws/install/canny_edge/share/canny_edge/hook/pythonpath.sh'
[4.823s] Level 1:colcon.colcon_core.environment:checking '/home/joe/workspaces/ros2_ws/install/canny_edge/bin'
[4.824s] Level 1:colcon.colcon_core.environment:create_environment_scripts_only(canny_edge)
[4.824s] INFO:colcon.colcon_core.shell:Creating package script '/home/joe/workspaces/ros2_ws/install/canny_edge/share/canny_edge/package.ps1'
[4.827s] INFO:colcon.colcon_core.shell:Creating package descriptor '/home/joe/workspaces/ros2_ws/install/canny_edge/share/canny_edge/package.dsv'
[4.828s] INFO:colcon.colcon_core.shell:Creating package script '/home/joe/workspaces/ros2_ws/install/canny_edge/share/canny_edge/package.sh'
[4.835s] INFO:colcon.colcon_core.shell:Creating package script '/home/joe/workspaces/ros2_ws/install/canny_edge/share/canny_edge/package.bash'
[4.837s] INFO:colcon.colcon_core.shell:Creating package script '/home/joe/workspaces/ros2_ws/install/canny_edge/share/canny_edge/package.zsh'
[4.839s] Level 1:colcon.colcon_core.environment:create_file_with_runtime_dependencies(/home/joe/workspaces/ros2_ws/install/canny_edge/share/colcon-core/packages/canny_edge)
[4.842s] INFO:colcon.colcon_ros.task.ament_python.build:Building ROS package in '/home/joe/workspaces/ros2_ws/src/py_pid' with build type 'ament_python'
[4.843s] Level 1:colcon.colcon_core.shell:create_environment_hook('py_pid', 'ament_prefix_path')
[4.843s] INFO:colcon.colcon_core.shell:Creating environment hook '/home/joe/workspaces/ros2_ws/install/py_pid/share/py_pid/hook/ament_prefix_path.ps1'
[4.844s] INFO:colcon.colcon_core.shell:Creating environment descriptor '/home/joe/workspaces/ros2_ws/install/py_pid/share/py_pid/hook/ament_prefix_path.dsv'
[4.845s] INFO:colcon.colcon_core.shell:Creating environment hook '/home/joe/workspaces/ros2_ws/install/py_pid/share/py_pid/hook/ament_prefix_path.sh'
[4.862s] INFO:colcon.colcon_core.shell:Skip shell extension 'powershell' for command environment: Not usable outside of PowerShell
[4.862s] DEBUG:colcon.colcon_core.shell:Skip shell extension 'dsv' for command environment
[4.876s] Level 1:colcon.colcon_core.environment:checking '/home/joe/workspaces/ros2_ws/install/py_launch' for CMake module files
[4.879s] Level 1:colcon.colcon_core.environment:checking '/home/joe/workspaces/ros2_ws/install/py_launch' for CMake config files
[4.881s] Level 1:colcon.colcon_core.environment:checking '/home/joe/workspaces/ros2_ws/install/py_launch/lib'
[4.881s] Level 1:colcon.colcon_core.environment:checking '/home/joe/workspaces/ros2_ws/install/py_launch/bin'
[4.881s] Level 1:colcon.colcon_core.environment:checking '/home/joe/workspaces/ros2_ws/install/py_launch/lib/pkgconfig/py_launch.pc'
[4.885s] Level 1:colcon.colcon_core.environment:checking '/home/joe/workspaces/ros2_ws/install/py_launch/lib/python3.10/site-packages'
[4.886s] Level 1:colcon.colcon_core.shell:create_environment_hook('py_launch', 'pythonpath')
[4.886s] INFO:colcon.colcon_core.shell:Creating environment hook '/home/joe/workspaces/ros2_ws/install/py_launch/share/py_launch/hook/pythonpath.ps1'
[4.885s] DEBUG:colcon.colcon_core.event_handler.log_command:Invoked command in '/home/joe/workspaces/ros2_ws/src/py_launch' returned '0': PYTHONPATH=/home/joe/workspaces/ros2_ws/build/py_launch/prefix_override:/home/joe/workspaces/ros2_ws/install/py_launch/lib/python3.10/site-packages:${PYTHONPATH} /usr/bin/python3 -W ignore:setup.py install is deprecated setup.py egg_info --egg-base ../../build/py_launch build --build-base /home/joe/workspaces/ros2_ws/build/py_launch/build install --record /home/joe/workspaces/ros2_ws/build/py_launch/install.log --single-version-externally-managed install_data
[4.887s] INFO:colcon.colcon_core.shell:Creating environment descriptor '/home/joe/workspaces/ros2_ws/install/py_launch/share/py_launch/hook/pythonpath.dsv'
[4.888s] INFO:colcon.colcon_core.shell:Creating environment hook '/home/joe/workspaces/ros2_ws/install/py_launch/share/py_launch/hook/pythonpath.sh'
[4.890s] Level 1:colcon.colcon_core.environment:checking '/home/joe/workspaces/ros2_ws/install/py_launch/bin'
[4.890s] Level 1:colcon.colcon_core.environment:create_environment_scripts_only(py_launch)
[4.891s] INFO:colcon.colcon_core.shell:Creating package script '/home/joe/workspaces/ros2_ws/install/py_launch/share/py_launch/package.ps1'
[4.892s] INFO:colcon.colcon_core.shell:Creating package descriptor '/home/joe/workspaces/ros2_ws/install/py_launch/share/py_launch/package.dsv'
[4.894s] INFO:colcon.colcon_core.shell:Creating package script '/home/joe/workspaces/ros2_ws/install/py_launch/share/py_launch/package.sh'
[4.896s] INFO:colcon.colcon_core.shell:Creating package script '/home/joe/workspaces/ros2_ws/install/py_launch/share/py_launch/package.bash'
[4.897s] INFO:colcon.colcon_core.shell:Creating package script '/home/joe/workspaces/ros2_ws/install/py_launch/share/py_launch/package.zsh'
[4.898s] Level 1:colcon.colcon_core.environment:create_file_with_runtime_dependencies(/home/joe/workspaces/ros2_ws/install/py_launch/share/colcon-core/packages/py_launch)
[4.900s] INFO:colcon.colcon_ros.task.ament_python.build:Building ROS package in '/home/joe/workspaces/ros2_ws/src/undistort_image' with build type 'ament_python'
[4.900s] Level 1:colcon.colcon_core.shell:create_environment_hook('undistort_image', 'ament_prefix_path')
[4.901s] INFO:colcon.colcon_core.shell:Creating environment hook '/home/joe/workspaces/ros2_ws/install/undistort_image/share/undistort_image/hook/ament_prefix_path.ps1'
[4.902s] INFO:colcon.colcon_core.shell:Creating environment descriptor '/home/joe/workspaces/ros2_ws/install/undistort_image/share/undistort_image/hook/ament_prefix_path.dsv'
[4.903s] INFO:colcon.colcon_core.shell:Creating environment hook '/home/joe/workspaces/ros2_ws/install/undistort_image/share/undistort_image/hook/ament_prefix_path.sh'
[4.905s] INFO:colcon.colcon_core.shell:Skip shell extension 'powershell' for command environment: Not usable outside of PowerShell
[4.905s] DEBUG:colcon.colcon_core.shell:Skip shell extension 'dsv' for command environment
[4.918s] Level 1:colcon.colcon_core.environment:checking '/home/joe/workspaces/ros2_ws/install/gaussian_blur' for CMake module files
[4.920s] DEBUG:colcon.colcon_core.event_handler.log_command:Invoked command in '/home/joe/workspaces/ros2_ws/src/gaussian_blur' returned '0': PYTHONPATH=/home/joe/workspaces/ros2_ws/build/gaussian_blur/prefix_override:/home/joe/workspaces/ros2_ws/install/gaussian_blur/lib/python3.10/site-packages:${PYTHONPATH} /usr/bin/python3 -W ignore:setup.py install is deprecated setup.py egg_info --egg-base ../../build/gaussian_blur build --build-base /home/joe/workspaces/ros2_ws/build/gaussian_blur/build install --record /home/joe/workspaces/ros2_ws/build/gaussian_blur/install.log --single-version-externally-managed install_data
[4.920s] Level 1:colcon.colcon_core.environment:checking '/home/joe/workspaces/ros2_ws/install/gaussian_blur' for CMake config files
[4.921s] Level 1:colcon.colcon_core.environment:checking '/home/joe/workspaces/ros2_ws/install/gaussian_blur/lib'
[4.921s] Level 1:colcon.colcon_core.environment:checking '/home/joe/workspaces/ros2_ws/install/gaussian_blur/bin'
[4.922s] Level 1:colcon.colcon_core.environment:checking '/home/joe/workspaces/ros2_ws/install/gaussian_blur/lib/pkgconfig/gaussian_blur.pc'
[4.922s] Level 1:colcon.colcon_core.environment:checking '/home/joe/workspaces/ros2_ws/install/gaussian_blur/lib/python3.10/site-packages'
[4.922s] Level 1:colcon.colcon_core.shell:create_environment_hook('gaussian_blur', 'pythonpath')
[4.922s] INFO:colcon.colcon_core.shell:Creating environment hook '/home/joe/workspaces/ros2_ws/install/gaussian_blur/share/gaussian_blur/hook/pythonpath.ps1'
[4.923s] INFO:colcon.colcon_core.shell:Creating environment descriptor '/home/joe/workspaces/ros2_ws/install/gaussian_blur/share/gaussian_blur/hook/pythonpath.dsv'
[4.924s] INFO:colcon.colcon_core.shell:Creating environment hook '/home/joe/workspaces/ros2_ws/install/gaussian_blur/share/gaussian_blur/hook/pythonpath.sh'
[4.925s] Level 1:colcon.colcon_core.environment:checking '/home/joe/workspaces/ros2_ws/install/gaussian_blur/bin'
[4.925s] Level 1:colcon.colcon_core.environment:create_environment_scripts_only(gaussian_blur)
[4.925s] INFO:colcon.colcon_core.shell:Creating package script '/home/joe/workspaces/ros2_ws/install/gaussian_blur/share/gaussian_blur/package.ps1'
[4.926s] INFO:colcon.colcon_core.shell:Creating package descriptor '/home/joe/workspaces/ros2_ws/install/gaussian_blur/share/gaussian_blur/package.dsv'
[4.927s] INFO:colcon.colcon_core.shell:Creating package script '/home/joe/workspaces/ros2_ws/install/gaussian_blur/share/gaussian_blur/package.sh'
[4.928s] INFO:colcon.colcon_core.shell:Creating package script '/home/joe/workspaces/ros2_ws/install/gaussian_blur/share/gaussian_blur/package.bash'
[4.929s] INFO:colcon.colcon_core.shell:Creating package script '/home/joe/workspaces/ros2_ws/install/gaussian_blur/share/gaussian_blur/package.zsh'
[4.929s] Level 1:colcon.colcon_core.environment:create_file_with_runtime_dependencies(/home/joe/workspaces/ros2_ws/install/gaussian_blur/share/colcon-core/packages/gaussian_blur)
[4.930s] Level 1:colcon.colcon_core.environment:checking '/home/joe/workspaces/ros2_ws/install/py_controller_pub' for CMake module files
[4.931s] Level 1:colcon.colcon_core.environment:checking '/home/joe/workspaces/ros2_ws/install/py_controller_pub' for CMake config files
[4.932s] DEBUG:colcon.colcon_core.event_handler.log_command:Invoked command in '/home/joe/workspaces/ros2_ws/src/py_controller_pub' returned '0': PYTHONPATH=/home/joe/workspaces/ros2_ws/build/py_controller_pub/prefix_override:/home/joe/workspaces/ros2_ws/install/py_controller_pub/lib/python3.10/site-packages:${PYTHONPATH} /usr/bin/python3 -W ignore:setup.py install is deprecated setup.py egg_info --egg-base ../../build/py_controller_pub build --build-base /home/joe/workspaces/ros2_ws/build/py_controller_pub/build install --record /home/joe/workspaces/ros2_ws/build/py_controller_pub/install.log --single-version-externally-managed install_data
[4.933s] Level 1:colcon.colcon_core.environment:checking '/home/joe/workspaces/ros2_ws/install/py_controller_pub/lib'
[4.933s] Level 1:colcon.colcon_core.environment:checking '/home/joe/workspaces/ros2_ws/install/py_controller_pub/bin'
[4.933s] Level 1:colcon.colcon_core.environment:checking '/home/joe/workspaces/ros2_ws/install/py_controller_pub/lib/pkgconfig/py_controller_pub.pc'
[4.934s] Level 1:colcon.colcon_core.environment:checking '/home/joe/workspaces/ros2_ws/install/py_controller_pub/lib/python3.10/site-packages'
[4.934s] Level 1:colcon.colcon_core.shell:create_environment_hook('py_controller_pub', 'pythonpath')
[4.934s] INFO:colcon.colcon_core.shell:Creating environment hook '/home/joe/workspaces/ros2_ws/install/py_controller_pub/share/py_controller_pub/hook/pythonpath.ps1'
[4.935s] INFO:colcon.colcon_core.shell:Creating environment descriptor '/home/joe/workspaces/ros2_ws/install/py_controller_pub/share/py_controller_pub/hook/pythonpath.dsv'
[4.936s] INFO:colcon.colcon_core.shell:Creating environment hook '/home/joe/workspaces/ros2_ws/install/py_controller_pub/share/py_controller_pub/hook/pythonpath.sh'
[4.937s] Level 1:colcon.colcon_core.environment:checking '/home/joe/workspaces/ros2_ws/install/py_controller_pub/bin'
[4.938s] Level 1:colcon.colcon_core.environment:create_environment_scripts_only(py_controller_pub)
[4.939s] INFO:colcon.colcon_core.shell:Creating package script '/home/joe/workspaces/ros2_ws/install/py_controller_pub/share/py_controller_pub/package.ps1'
[4.940s] INFO:colcon.colcon_core.shell:Creating package descriptor '/home/joe/workspaces/ros2_ws/install/py_controller_pub/share/py_controller_pub/package.dsv'
[4.941s] INFO:colcon.colcon_core.shell:Creating package script '/home/joe/workspaces/ros2_ws/install/py_controller_pub/share/py_controller_pub/package.sh'
[4.942s] INFO:colcon.colcon_core.shell:Creating package script '/home/joe/workspaces/ros2_ws/install/py_controller_pub/share/py_controller_pub/package.bash'
[4.943s] INFO:colcon.colcon_core.shell:Creating package script '/home/joe/workspaces/ros2_ws/install/py_controller_pub/share/py_controller_pub/package.zsh'
[4.944s] Level 1:colcon.colcon_core.environment:create_file_with_runtime_dependencies(/home/joe/workspaces/ros2_ws/install/py_controller_pub/share/colcon-core/packages/py_controller_pub)
[5.270s] INFO:colcon.colcon_core.task.python.build:Building Python package in '/home/joe/workspaces/ros2_ws/src/py_pid'
[5.270s] INFO:colcon.colcon_core.shell:Skip shell extension 'powershell' for command environment: Not usable outside of PowerShell
[5.271s] DEBUG:colcon.colcon_core.shell:Skip shell extension 'dsv' for command environment
[5.276s] Level 1:colcon.colcon_core.environment:checking '/home/joe/workspaces/ros2_ws/install/cv2_contour' for CMake module files
[5.277s] DEBUG:colcon.colcon_core.event_handler.log_command:Invoked command in '/home/joe/workspaces/ros2_ws/src/cv2_contour' returned '0': PYTHONPATH=/home/joe/workspaces/ros2_ws/build/cv2_contour/prefix_override:/home/joe/workspaces/ros2_ws/install/cv2_contour/lib/python3.10/site-packages:${PYTHONPATH} /usr/bin/python3 -W ignore:setup.py install is deprecated setup.py egg_info --egg-base ../../build/cv2_contour build --build-base /home/joe/workspaces/ros2_ws/build/cv2_contour/build install --record /home/joe/workspaces/ros2_ws/build/cv2_contour/install.log --single-version-externally-managed install_data
[5.278s] Level 1:colcon.colcon_core.environment:checking '/home/joe/workspaces/ros2_ws/install/cv2_contour' for CMake config files
[5.278s] Level 1:colcon.colcon_core.environment:checking '/home/joe/workspaces/ros2_ws/install/cv2_contour/lib'
[5.278s] Level 1:colcon.colcon_core.environment:checking '/home/joe/workspaces/ros2_ws/install/cv2_contour/bin'
[5.279s] Level 1:colcon.colcon_core.environment:checking '/home/joe/workspaces/ros2_ws/install/cv2_contour/lib/pkgconfig/cv2_contour.pc'
[5.279s] Level 1:colcon.colcon_core.environment:checking '/home/joe/workspaces/ros2_ws/install/cv2_contour/lib/python3.10/site-packages'
[5.279s] Level 1:colcon.colcon_core.shell:create_environment_hook('cv2_contour', 'pythonpath')
[5.279s] INFO:colcon.colcon_core.shell:Creating environment hook '/home/joe/workspaces/ros2_ws/install/cv2_contour/share/cv2_contour/hook/pythonpath.ps1'
[5.280s] INFO:colcon.colcon_core.shell:Creating environment descriptor '/home/joe/workspaces/ros2_ws/install/cv2_contour/share/cv2_contour/hook/pythonpath.dsv'
[5.280s] INFO:colcon.colcon_core.shell:Creating environment hook '/home/joe/workspaces/ros2_ws/install/cv2_contour/share/cv2_contour/hook/pythonpath.sh'
[5.281s] Level 1:colcon.colcon_core.environment:checking '/home/joe/workspaces/ros2_ws/install/cv2_contour/bin'
[5.281s] Level 1:colcon.colcon_core.environment:create_environment_scripts_only(cv2_contour)
[5.281s] INFO:colcon.colcon_core.shell:Creating package script '/home/joe/workspaces/ros2_ws/install/cv2_contour/share/cv2_contour/package.ps1'
[5.282s] INFO:colcon.colcon_core.shell:Creating package descriptor '/home/joe/workspaces/ros2_ws/install/cv2_contour/share/cv2_contour/package.dsv'
[5.282s] INFO:colcon.colcon_core.shell:Creating package script '/home/joe/workspaces/ros2_ws/install/cv2_contour/share/cv2_contour/package.sh'
[5.283s] INFO:colcon.colcon_core.shell:Creating package script '/home/joe/workspaces/ros2_ws/install/cv2_contour/share/cv2_contour/package.bash'
[5.283s] INFO:colcon.colcon_core.shell:Creating package script '/home/joe/workspaces/ros2_ws/install/cv2_contour/share/cv2_contour/package.zsh'
[5.283s] Level 1:colcon.colcon_core.environment:create_file_with_runtime_dependencies(/home/joe/workspaces/ros2_ws/install/cv2_contour/share/colcon-core/packages/cv2_contour)
[5.573s] INFO:colcon.colcon_core.task.python.build:Building Python package in '/home/joe/workspaces/ros2_ws/src/undistort_image'
[5.573s] INFO:colcon.colcon_core.shell:Skip shell extension 'powershell' for command environment: Not usable outside of PowerShell
[5.573s] DEBUG:colcon.colcon_core.shell:Skip shell extension 'dsv' for command environment
[5.578s] Level 1:colcon.colcon_core.environment:checking '/home/joe/workspaces/ros2_ws/install/magnus_kinematic' for CMake module files
[5.579s] DEBUG:colcon.colcon_core.event_handler.log_command:Invoked command in '/home/joe/workspaces/ros2_ws/src/magnus_kinematic' returned '0': PYTHONPATH=/home/joe/workspaces/ros2_ws/build/magnus_kinematic/prefix_override:/home/joe/workspaces/ros2_ws/install/magnus_kinematic/lib/python3.10/site-packages:${PYTHONPATH} /usr/bin/python3 -W ignore:setup.py install is deprecated setup.py egg_info --egg-base ../../build/magnus_kinematic build --build-base /home/joe/workspaces/ros2_ws/build/magnus_kinematic/build install --record /home/joe/workspaces/ros2_ws/build/magnus_kinematic/install.log --single-version-externally-managed install_data
[5.580s] Level 1:colcon.colcon_core.environment:checking '/home/joe/workspaces/ros2_ws/install/magnus_kinematic' for CMake config files
[5.580s] Level 1:colcon.colcon_core.environment:checking '/home/joe/workspaces/ros2_ws/install/magnus_kinematic/lib'
[5.580s] Level 1:colcon.colcon_core.environment:checking '/home/joe/workspaces/ros2_ws/install/magnus_kinematic/bin'
[5.581s] Level 1:colcon.colcon_core.environment:checking '/home/joe/workspaces/ros2_ws/install/magnus_kinematic/lib/pkgconfig/magnus_kinematic.pc'
[5.581s] Level 1:colcon.colcon_core.environment:checking '/home/joe/workspaces/ros2_ws/install/magnus_kinematic/lib/python3.10/site-packages'
[5.581s] Level 1:colcon.colcon_core.shell:create_environment_hook('magnus_kinematic', 'pythonpath')
[5.581s] INFO:colcon.colcon_core.shell:Creating environment hook '/home/joe/workspaces/ros2_ws/install/magnus_kinematic/share/magnus_kinematic/hook/pythonpath.ps1'
[5.582s] INFO:colcon.colcon_core.shell:Creating environment descriptor '/home/joe/workspaces/ros2_ws/install/magnus_kinematic/share/magnus_kinematic/hook/pythonpath.dsv'
[5.582s] INFO:colcon.colcon_core.shell:Creating environment hook '/home/joe/workspaces/ros2_ws/install/magnus_kinematic/share/magnus_kinematic/hook/pythonpath.sh'
[5.583s] Level 1:colcon.colcon_core.environment:checking '/home/joe/workspaces/ros2_ws/install/magnus_kinematic/bin'
[5.583s] Level 1:colcon.colcon_core.environment:create_environment_scripts_only(magnus_kinematic)
[5.583s] INFO:colcon.colcon_core.shell:Creating package script '/home/joe/workspaces/ros2_ws/install/magnus_kinematic/share/magnus_kinematic/package.ps1'
[5.584s] INFO:colcon.colcon_core.shell:Creating package descriptor '/home/joe/workspaces/ros2_ws/install/magnus_kinematic/share/magnus_kinematic/package.dsv'
[5.584s] INFO:colcon.colcon_core.shell:Creating package script '/home/joe/workspaces/ros2_ws/install/magnus_kinematic/share/magnus_kinematic/package.sh'
[5.585s] INFO:colcon.colcon_core.shell:Creating package script '/home/joe/workspaces/ros2_ws/install/magnus_kinematic/share/magnus_kinematic/package.bash'
[5.585s] INFO:colcon.colcon_core.shell:Creating package script '/home/joe/workspaces/ros2_ws/install/magnus_kinematic/share/magnus_kinematic/package.zsh'
[5.585s] Level 1:colcon.colcon_core.environment:create_file_with_runtime_dependencies(/home/joe/workspaces/ros2_ws/install/magnus_kinematic/share/colcon-core/packages/magnus_kinematic)
[5.589s] Level 1:colcon.colcon_core.environment:checking '/home/joe/workspaces/ros2_ws/install/py_kinematics' for CMake module files
[5.590s] DEBUG:colcon.colcon_core.event_handler.log_command:Invoked command in '/home/joe/workspaces/ros2_ws/src/py_kinematics' returned '0': PYTHONPATH=/home/joe/workspaces/ros2_ws/build/py_kinematics/prefix_override:/home/joe/workspaces/ros2_ws/install/py_kinematics/lib/python3.10/site-packages:${PYTHONPATH} /usr/bin/python3 -W ignore:setup.py install is deprecated setup.py egg_info --egg-base ../../build/py_kinematics build --build-base /home/joe/workspaces/ros2_ws/build/py_kinematics/build install --record /home/joe/workspaces/ros2_ws/build/py_kinematics/install.log --single-version-externally-managed install_data
[5.590s] Level 1:colcon.colcon_core.environment:checking '/home/joe/workspaces/ros2_ws/install/py_kinematics' for CMake config files
[5.591s] Level 1:colcon.colcon_core.environment:checking '/home/joe/workspaces/ros2_ws/install/py_kinematics/lib'
[5.591s] Level 1:colcon.colcon_core.environment:checking '/home/joe/workspaces/ros2_ws/install/py_kinematics/bin'
[5.591s] Level 1:colcon.colcon_core.environment:checking '/home/joe/workspaces/ros2_ws/install/py_kinematics/lib/pkgconfig/py_kinematics.pc'
[5.591s] Level 1:colcon.colcon_core.environment:checking '/home/joe/workspaces/ros2_ws/install/py_kinematics/lib/python3.10/site-packages'
[5.591s] Level 1:colcon.colcon_core.shell:create_environment_hook('py_kinematics', 'pythonpath')
[5.592s] INFO:colcon.colcon_core.shell:Creating environment hook '/home/joe/workspaces/ros2_ws/install/py_kinematics/share/py_kinematics/hook/pythonpath.ps1'
[5.592s] INFO:colcon.colcon_core.shell:Creating environment descriptor '/home/joe/workspaces/ros2_ws/install/py_kinematics/share/py_kinematics/hook/pythonpath.dsv'
[5.592s] INFO:colcon.colcon_core.shell:Creating environment hook '/home/joe/workspaces/ros2_ws/install/py_kinematics/share/py_kinematics/hook/pythonpath.sh'
[5.593s] Level 1:colcon.colcon_core.environment:checking '/home/joe/workspaces/ros2_ws/install/py_kinematics/bin'
[5.593s] Level 1:colcon.colcon_core.environment:create_environment_scripts_only(py_kinematics)
[5.594s] INFO:colcon.colcon_core.shell:Creating package script '/home/joe/workspaces/ros2_ws/install/py_kinematics/share/py_kinematics/package.ps1'
[5.594s] INFO:colcon.colcon_core.shell:Creating package descriptor '/home/joe/workspaces/ros2_ws/install/py_kinematics/share/py_kinematics/package.dsv'
[5.595s] INFO:colcon.colcon_core.shell:Creating package script '/home/joe/workspaces/ros2_ws/install/py_kinematics/share/py_kinematics/package.sh'
[5.595s] INFO:colcon.colcon_core.shell:Creating package script '/home/joe/workspaces/ros2_ws/install/py_kinematics/share/py_kinematics/package.bash'
[5.596s] INFO:colcon.colcon_core.shell:Creating package script '/home/joe/workspaces/ros2_ws/install/py_kinematics/share/py_kinematics/package.zsh'
[5.596s] Level 1:colcon.colcon_core.environment:create_file_with_runtime_dependencies(/home/joe/workspaces/ros2_ws/install/py_kinematics/share/colcon-core/packages/py_kinematics)
[5.597s] Level 1:colcon.colcon_core.environment:checking '/home/joe/workspaces/ros2_ws/install/our_arduino_driver' for CMake module files
[5.598s] Level 1:colcon.colcon_core.environment:checking '/home/joe/workspaces/ros2_ws/install/our_arduino_driver' for CMake config files
[5.598s] DEBUG:colcon.colcon_core.event_handler.log_command:Invoked command in '/home/joe/workspaces/ros2_ws/src/our_arduino_driver' returned '0': PYTHONPATH=/home/joe/workspaces/ros2_ws/build/our_arduino_driver/prefix_override:/home/joe/workspaces/ros2_ws/install/our_arduino_driver/lib/python3.10/site-packages:${PYTHONPATH} /usr/bin/python3 -W ignore:setup.py install is deprecated setup.py egg_info --egg-base ../../build/our_arduino_driver build --build-base /home/joe/workspaces/ros2_ws/build/our_arduino_driver/build install --record /home/joe/workspaces/ros2_ws/build/our_arduino_driver/install.log --single-version-externally-managed install_data
[5.599s] Level 1:colcon.colcon_core.environment:checking '/home/joe/workspaces/ros2_ws/install/our_arduino_driver/lib'
[5.599s] Level 1:colcon.colcon_core.environment:checking '/home/joe/workspaces/ros2_ws/install/our_arduino_driver/bin'
[5.599s] Level 1:colcon.colcon_core.environment:checking '/home/joe/workspaces/ros2_ws/install/our_arduino_driver/lib/pkgconfig/our_arduino_driver.pc'
[5.600s] Level 1:colcon.colcon_core.environment:checking '/home/joe/workspaces/ros2_ws/install/our_arduino_driver/lib/python3.10/site-packages'
[5.600s] Level 1:colcon.colcon_core.shell:create_environment_hook('our_arduino_driver', 'pythonpath')
[5.600s] INFO:colcon.colcon_core.shell:Creating environment hook '/home/joe/workspaces/ros2_ws/install/our_arduino_driver/share/our_arduino_driver/hook/pythonpath.ps1'
[5.600s] INFO:colcon.colcon_core.shell:Creating environment descriptor '/home/joe/workspaces/ros2_ws/install/our_arduino_driver/share/our_arduino_driver/hook/pythonpath.dsv'
[5.601s] INFO:colcon.colcon_core.shell:Creating environment hook '/home/joe/workspaces/ros2_ws/install/our_arduino_driver/share/our_arduino_driver/hook/pythonpath.sh'
[5.601s] Level 1:colcon.colcon_core.environment:checking '/home/joe/workspaces/ros2_ws/install/our_arduino_driver/bin'
[5.601s] Level 1:colcon.colcon_core.environment:create_environment_scripts_only(our_arduino_driver)
[5.602s] INFO:colcon.colcon_core.shell:Creating package script '/home/joe/workspaces/ros2_ws/install/our_arduino_driver/share/our_arduino_driver/package.ps1'
[5.602s] INFO:colcon.colcon_core.shell:Creating package descriptor '/home/joe/workspaces/ros2_ws/install/our_arduino_driver/share/our_arduino_driver/package.dsv'
[5.603s] INFO:colcon.colcon_core.shell:Creating package script '/home/joe/workspaces/ros2_ws/install/our_arduino_driver/share/our_arduino_driver/package.sh'
[5.603s] INFO:colcon.colcon_core.shell:Creating package script '/home/joe/workspaces/ros2_ws/install/our_arduino_driver/share/our_arduino_driver/package.bash'
[5.604s] INFO:colcon.colcon_core.shell:Creating package script '/home/joe/workspaces/ros2_ws/install/our_arduino_driver/share/our_arduino_driver/package.zsh'
[5.604s] Level 1:colcon.colcon_core.environment:create_file_with_runtime_dependencies(/home/joe/workspaces/ros2_ws/install/our_arduino_driver/share/colcon-core/packages/our_arduino_driver)
[5.994s] DEBUG:colcon.colcon_core.event_handler.log_command:Invoking command in '/home/joe/workspaces/ros2_ws/src/py_pid': PYTHONPATH=/home/joe/workspaces/ros2_ws/build/py_pid/prefix_override:/home/joe/workspaces/ros2_ws/install/py_pid/lib/python3.10/site-packages:${PYTHONPATH} /usr/bin/python3 -W ignore:setup.py install is deprecated setup.py egg_info --egg-base ../../build/py_pid build --build-base /home/joe/workspaces/ros2_ws/build/py_pid/build install --record /home/joe/workspaces/ros2_ws/build/py_pid/install.log --single-version-externally-managed install_data
[6.016s] DEBUG:colcon.colcon_core.event_handler.log_command:Invoking command in '/home/joe/workspaces/ros2_ws/src/undistort_image': PYTHONPATH=/home/joe/workspaces/ros2_ws/build/undistort_image/prefix_override:/home/joe/workspaces/ros2_ws/install/undistort_image/lib/python3.10/site-packages:${PYTHONPATH} /usr/bin/python3 -W ignore:setup.py install is deprecated setup.py egg_info --egg-base ../../build/undistort_image build --build-base /home/joe/workspaces/ros2_ws/build/undistort_image/build install --record /home/joe/workspaces/ros2_ws/build/undistort_image/install.log --single-version-externally-managed install_data
[6.359s] Level 1:colcon.colcon_core.environment:checking '/home/joe/workspaces/ros2_ws/install/py_pid' for CMake module files
[6.361s] DEBUG:colcon.colcon_core.event_handler.log_command:Invoked command in '/home/joe/workspaces/ros2_ws/src/py_pid' returned '0': PYTHONPATH=/home/joe/workspaces/ros2_ws/build/py_pid/prefix_override:/home/joe/workspaces/ros2_ws/install/py_pid/lib/python3.10/site-packages:${PYTHONPATH} /usr/bin/python3 -W ignore:setup.py install is deprecated setup.py egg_info --egg-base ../../build/py_pid build --build-base /home/joe/workspaces/ros2_ws/build/py_pid/build install --record /home/joe/workspaces/ros2_ws/build/py_pid/install.log --single-version-externally-managed install_data
[6.361s] Level 1:colcon.colcon_core.environment:checking '/home/joe/workspaces/ros2_ws/install/py_pid' for CMake config files
[6.362s] Level 1:colcon.colcon_core.environment:checking '/home/joe/workspaces/ros2_ws/install/py_pid/lib'
[6.362s] Level 1:colcon.colcon_core.environment:checking '/home/joe/workspaces/ros2_ws/install/py_pid/bin'
[6.362s] Level 1:colcon.colcon_core.environment:checking '/home/joe/workspaces/ros2_ws/install/py_pid/lib/pkgconfig/py_pid.pc'
[6.362s] Level 1:colcon.colcon_core.environment:checking '/home/joe/workspaces/ros2_ws/install/py_pid/lib/python3.10/site-packages'
[6.363s] Level 1:colcon.colcon_core.shell:create_environment_hook('py_pid', 'pythonpath')
[6.363s] INFO:colcon.colcon_core.shell:Creating environment hook '/home/joe/workspaces/ros2_ws/install/py_pid/share/py_pid/hook/pythonpath.ps1'
[6.363s] INFO:colcon.colcon_core.shell:Creating environment descriptor '/home/joe/workspaces/ros2_ws/install/py_pid/share/py_pid/hook/pythonpath.dsv'
[6.364s] INFO:colcon.colcon_core.shell:Creating environment hook '/home/joe/workspaces/ros2_ws/install/py_pid/share/py_pid/hook/pythonpath.sh'
[6.365s] Level 1:colcon.colcon_core.environment:checking '/home/joe/workspaces/ros2_ws/install/py_pid/bin'
[6.365s] Level 1:colcon.colcon_core.environment:create_environment_scripts_only(py_pid)
[6.365s] INFO:colcon.colcon_core.shell:Creating package script '/home/joe/workspaces/ros2_ws/install/py_pid/share/py_pid/package.ps1'
[6.366s] INFO:colcon.colcon_core.shell:Creating package descriptor '/home/joe/workspaces/ros2_ws/install/py_pid/share/py_pid/package.dsv'
[6.366s] INFO:colcon.colcon_core.shell:Creating package script '/home/joe/workspaces/ros2_ws/install/py_pid/share/py_pid/package.sh'
[6.367s] INFO:colcon.colcon_core.shell:Creating package script '/home/joe/workspaces/ros2_ws/install/py_pid/share/py_pid/package.bash'
[6.367s] INFO:colcon.colcon_core.shell:Creating package script '/home/joe/workspaces/ros2_ws/install/py_pid/share/py_pid/package.zsh'
[6.368s] Level 1:colcon.colcon_core.environment:create_file_with_runtime_dependencies(/home/joe/workspaces/ros2_ws/install/py_pid/share/colcon-core/packages/py_pid)
[6.391s] Level 1:colcon.colcon_core.environment:checking '/home/joe/workspaces/ros2_ws/install/undistort_image' for CMake module files
[6.392s] DEBUG:colcon.colcon_core.event_handler.log_command:Invoked command in '/home/joe/workspaces/ros2_ws/src/undistort_image' returned '0': PYTHONPATH=/home/joe/workspaces/ros2_ws/build/undistort_image/prefix_override:/home/joe/workspaces/ros2_ws/install/undistort_image/lib/python3.10/site-packages:${PYTHONPATH} /usr/bin/python3 -W ignore:setup.py install is deprecated setup.py egg_info --egg-base ../../build/undistort_image build --build-base /home/joe/workspaces/ros2_ws/build/undistort_image/build install --record /home/joe/workspaces/ros2_ws/build/undistort_image/install.log --single-version-externally-managed install_data
[6.392s] Level 1:colcon.colcon_core.environment:checking '/home/joe/workspaces/ros2_ws/install/undistort_image' for CMake config files
[6.393s] Level 1:colcon.colcon_core.environment:checking '/home/joe/workspaces/ros2_ws/install/undistort_image/lib'
[6.393s] Level 1:colcon.colcon_core.environment:checking '/home/joe/workspaces/ros2_ws/install/undistort_image/bin'
[6.393s] Level 1:colcon.colcon_core.environment:checking '/home/joe/workspaces/ros2_ws/install/undistort_image/lib/pkgconfig/undistort_image.pc'
[6.394s] Level 1:colcon.colcon_core.environment:checking '/home/joe/workspaces/ros2_ws/install/undistort_image/lib/python3.10/site-packages'
[6.394s] Level 1:colcon.colcon_core.shell:create_environment_hook('undistort_image', 'pythonpath')
[6.394s] INFO:colcon.colcon_core.shell:Creating environment hook '/home/joe/workspaces/ros2_ws/install/undistort_image/share/undistort_image/hook/pythonpath.ps1'
[6.395s] INFO:colcon.colcon_core.shell:Creating environment descriptor '/home/joe/workspaces/ros2_ws/install/undistort_image/share/undistort_image/hook/pythonpath.dsv'
[6.395s] INFO:colcon.colcon_core.shell:Creating environment hook '/home/joe/workspaces/ros2_ws/install/undistort_image/share/undistort_image/hook/pythonpath.sh'
[6.396s] Level 1:colcon.colcon_core.environment:checking '/home/joe/workspaces/ros2_ws/install/undistort_image/bin'
[6.396s] Level 1:colcon.colcon_core.environment:create_environment_scripts_only(undistort_image)
[6.396s] INFO:colcon.colcon_core.shell:Creating package script '/home/joe/workspaces/ros2_ws/install/undistort_image/share/undistort_image/package.ps1'
[6.397s] INFO:colcon.colcon_core.shell:Creating package descriptor '/home/joe/workspaces/ros2_ws/install/undistort_image/share/undistort_image/package.dsv'
[6.397s] INFO:colcon.colcon_core.shell:Creating package script '/home/joe/workspaces/ros2_ws/install/undistort_image/share/undistort_image/package.sh'
[6.398s] INFO:colcon.colcon_core.shell:Creating package script '/home/joe/workspaces/ros2_ws/install/undistort_image/share/undistort_image/package.bash'
[6.398s] INFO:colcon.colcon_core.shell:Creating package script '/home/joe/workspaces/ros2_ws/install/undistort_image/share/undistort_image/package.zsh'
[6.399s] Level 1:colcon.colcon_core.environment:create_file_with_runtime_dependencies(/home/joe/workspaces/ros2_ws/install/undistort_image/share/colcon-core/packages/undistort_image)
[6.399s] DEBUG:colcon.colcon_parallel_executor.executor.parallel:closing loop
[6.399s] DEBUG:colcon.colcon_parallel_executor.executor.parallel:loop closed
[6.400s] DEBUG:colcon.colcon_parallel_executor.executor.parallel:run_until_complete finished with '0'
[6.400s] DEBUG:colcon.colcon_core.event_reactor:joining thread
[6.409s] INFO:colcon.colcon_core.plugin_system:Skipping extension 'colcon_notification.desktop_notification.terminal_notifier': Not used on non-Darwin systems
[6.409s] INFO:colcon.colcon_core.plugin_system:Skipping extension 'colcon_notification.desktop_notification.win32': Not used on non-Windows systems
[6.409s] INFO:colcon.colcon_notification.desktop_notification:Sending desktop notification using 'notify2'
[6.423s] DEBUG:colcon.colcon_core.event_reactor:joined thread
[6.424s] INFO:colcon.colcon_core.shell:Creating prefix script '/home/joe/workspaces/ros2_ws/install/local_setup.ps1'
[6.425s] INFO:colcon.colcon_core.shell:Creating prefix util module '/home/joe/workspaces/ros2_ws/install/_local_setup_util_ps1.py'
[6.426s] INFO:colcon.colcon_core.shell:Creating prefix chain script '/home/joe/workspaces/ros2_ws/install/setup.ps1'
[6.428s] INFO:colcon.colcon_core.shell:Creating prefix script '/home/joe/workspaces/ros2_ws/install/local_setup.sh'
[6.429s] INFO:colcon.colcon_core.shell:Creating prefix util module '/home/joe/workspaces/ros2_ws/install/_local_setup_util_sh.py'
[6.429s] INFO:colcon.colcon_core.shell:Creating prefix chain script '/home/joe/workspaces/ros2_ws/install/setup.sh'
[6.431s] INFO:colcon.colcon_core.shell:Creating prefix script '/home/joe/workspaces/ros2_ws/install/local_setup.bash'
[6.432s] INFO:colcon.colcon_core.shell:Creating prefix chain script '/home/joe/workspaces/ros2_ws/install/setup.bash'
[6.434s] INFO:colcon.colcon_core.shell:Creating prefix script '/home/joe/workspaces/ros2_ws/install/local_setup.zsh'
[6.434s] INFO:colcon.colcon_core.shell:Creating prefix chain script '/home/joe/workspaces/ros2_ws/install/setup.zsh'
