[3.386s] Invoking command in '/home/joe/workspaces/ros2_ws/src/canny_edge': PYTHONPATH=/home/joe/workspaces/ros2_ws/build/canny_edge/prefix_override:/home/joe/workspaces/ros2_ws/install/canny_edge/lib/python3.10/site-packages:${PYTHONPATH} /usr/bin/python3 -W ignore:setup.py install is deprecated setup.py egg_info --egg-base ../../build/canny_edge build --build-base /home/joe/workspaces/ros2_ws/build/canny_edge/build install --record /home/joe/workspaces/ros2_ws/build/canny_edge/install.log --single-version-externally-managed install_data
[3.991s] running egg_info
[3.993s] writing ../../build/canny_edge/canny_edge.egg-info/PKG-INFO
[3.993s] writing dependency_links to ../../build/canny_edge/canny_edge.egg-info/dependency_links.txt
[3.994s] writing entry points to ../../build/canny_edge/canny_edge.egg-info/entry_points.txt
[3.995s] writing requirements to ../../build/canny_edge/canny_edge.egg-info/requires.txt
[3.995s] writing top-level names to ../../build/canny_edge/canny_edge.egg-info/top_level.txt
[3.999s] reading manifest file '../../build/canny_edge/canny_edge.egg-info/SOURCES.txt'
[4.001s] writing manifest file '../../build/canny_edge/canny_edge.egg-info/SOURCES.txt'
[4.002s] running build
[4.002s] running build_py
[4.003s] running install
[4.004s] running install_lib
[4.008s] running install_data
[4.008s] running install_egg_info
[4.012s] removing '/home/joe/workspaces/ros2_ws/install/canny_edge/lib/python3.10/site-packages/canny_edge-0.0.0-py3.10.egg-info' (and everything under it)
[4.013s] Copying ../../build/canny_edge/canny_edge.egg-info to /home/joe/workspaces/ros2_ws/install/canny_edge/lib/python3.10/site-packages/canny_edge-0.0.0-py3.10.egg-info
[4.015s] running install_scripts
[4.070s] Installing canny_edge_node script to /home/joe/workspaces/ros2_ws/install/canny_edge/lib/canny_edge
[4.071s] writing list of installed files to '/home/joe/workspaces/ros2_ws/build/canny_edge/install.log'
[4.137s] Invoked command in '/home/joe/workspaces/ros2_ws/src/canny_edge' returned '0': PYTHONPATH=/home/joe/workspaces/ros2_ws/build/canny_edge/prefix_override:/home/joe/workspaces/ros2_ws/install/canny_edge/lib/python3.10/site-packages:${PYTHONPATH} /usr/bin/python3 -W ignore:setup.py install is deprecated setup.py egg_info --egg-base ../../build/canny_edge build --build-base /home/joe/workspaces/ros2_ws/build/canny_edge/build install --record /home/joe/workspaces/ros2_ws/build/canny_edge/install.log --single-version-externally-managed install_data
