[3.007s] Invoking command in '/home/joe/workspaces/ros2_ws/src/our_arduino_driver': PYTHONPATH=/home/joe/workspaces/ros2_ws/build/our_arduino_driver/prefix_override:/home/joe/workspaces/ros2_ws/install/our_arduino_driver/lib/python3.10/site-packages:${PYTHONPATH} /usr/bin/python3 -W ignore:setup.py install is deprecated setup.py egg_info --egg-base ../../build/our_arduino_driver build --build-base /home/joe/workspaces/ros2_ws/build/our_arduino_driver/build install --record /home/joe/workspaces/ros2_ws/build/our_arduino_driver/install.log --single-version-externally-managed install_data
[3.444s] running egg_info
[3.448s] writing ../../build/our_arduino_driver/our_arduino_driver.egg-info/PKG-INFO
[3.450s] writing dependency_links to ../../build/our_arduino_driver/our_arduino_driver.egg-info/dependency_links.txt
[3.451s] writing entry points to ../../build/our_arduino_driver/our_arduino_driver.egg-info/entry_points.txt
[3.452s] writing requirements to ../../build/our_arduino_driver/our_arduino_driver.egg-info/requires.txt
[3.453s] writing top-level names to ../../build/our_arduino_driver/our_arduino_driver.egg-info/top_level.txt
[3.457s] reading manifest file '../../build/our_arduino_driver/our_arduino_driver.egg-info/SOURCES.txt'
[3.458s] writing manifest file '../../build/our_arduino_driver/our_arduino_driver.egg-info/SOURCES.txt'
[3.459s] running build
[3.460s] running build_py
[3.461s] running install
[3.470s] running install_lib
[3.470s] running install_data
[3.471s] running install_egg_info
[3.471s] removing '/home/joe/workspaces/ros2_ws/install/our_arduino_driver/lib/python3.10/site-packages/our_arduino_driver-0.0.0-py3.10.egg-info' (and everything under it)
[3.472s] Copying ../../build/our_arduino_driver/our_arduino_driver.egg-info to /home/joe/workspaces/ros2_ws/install/our_arduino_driver/lib/python3.10/site-packages/our_arduino_driver-0.0.0-py3.10.egg-info
[3.472s] running install_scripts
[3.517s] Installing our_arduino_driver script to /home/joe/workspaces/ros2_ws/install/our_arduino_driver/lib/our_arduino_driver
[3.517s] writing list of installed files to '/home/joe/workspaces/ros2_ws/build/our_arduino_driver/install.log'
[3.572s] Invoked command in '/home/joe/workspaces/ros2_ws/src/our_arduino_driver' returned '0': PYTHONPATH=/home/joe/workspaces/ros2_ws/build/our_arduino_driver/prefix_override:/home/joe/workspaces/ros2_ws/install/our_arduino_driver/lib/python3.10/site-packages:${PYTHONPATH} /usr/bin/python3 -W ignore:setup.py install is deprecated setup.py egg_info --egg-base ../../build/our_arduino_driver build --build-base /home/joe/workspaces/ros2_ws/build/our_arduino_driver/build install --record /home/joe/workspaces/ros2_ws/build/our_arduino_driver/install.log --single-version-externally-managed install_data
