[3.657s] Invoking command in '/home/joe/workspaces/ros2_ws/src/cv2_contour': PYTHONPATH=/home/joe/workspaces/ros2_ws/build/cv2_contour/prefix_override:/home/joe/workspaces/ros2_ws/install/cv2_contour/lib/python3.10/site-packages:${PYTHONPATH} /usr/bin/python3 -W ignore:setup.py install is deprecated setup.py egg_info --egg-base ../../build/cv2_contour build --build-base /home/joe/workspaces/ros2_ws/build/cv2_contour/build install --record /home/joe/workspaces/ros2_ws/build/cv2_contour/install.log --single-version-externally-managed install_data
[4.262s] running egg_info
[4.264s] writing ../../build/cv2_contour/cv2_contour.egg-info/PKG-INFO
[4.264s] writing dependency_links to ../../build/cv2_contour/cv2_contour.egg-info/dependency_links.txt
[4.265s] writing entry points to ../../build/cv2_contour/cv2_contour.egg-info/entry_points.txt
[4.265s] writing requirements to ../../build/cv2_contour/cv2_contour.egg-info/requires.txt
[4.266s] writing top-level names to ../../build/cv2_contour/cv2_contour.egg-info/top_level.txt
[4.270s] reading manifest file '../../build/cv2_contour/cv2_contour.egg-info/SOURCES.txt'
[4.272s] writing manifest file '../../build/cv2_contour/cv2_contour.egg-info/SOURCES.txt'
[4.272s] running build
[4.272s] running build_py
[4.272s] copying cv2_contour/cv2_contour_node.py -> /home/joe/workspaces/ros2_ws/build/cv2_contour/build/lib/cv2_contour
[4.273s] running install
[4.273s] running install_lib
[4.275s] copying /home/joe/workspaces/ros2_ws/build/cv2_contour/build/lib/cv2_contour/cv2_contour_node.py -> /home/joe/workspaces/ros2_ws/install/cv2_contour/lib/python3.10/site-packages/cv2_contour
[4.276s] byte-compiling /home/joe/workspaces/ros2_ws/install/cv2_contour/lib/python3.10/site-packages/cv2_contour/cv2_contour_node.py to cv2_contour_node.cpython-310.pyc
[4.279s] running install_data
[4.279s] running install_egg_info
[4.282s] removing '/home/joe/workspaces/ros2_ws/install/cv2_contour/lib/python3.10/site-packages/cv2_contour-0.0.0-py3.10.egg-info' (and everything under it)
[4.283s] Copying ../../build/cv2_contour/cv2_contour.egg-info to /home/joe/workspaces/ros2_ws/install/cv2_contour/lib/python3.10/site-packages/cv2_contour-0.0.0-py3.10.egg-info
[4.285s] running install_scripts
[4.339s] Installing cv2_contour_node script to /home/joe/workspaces/ros2_ws/install/cv2_contour/lib/cv2_contour
[4.340s] writing list of installed files to '/home/joe/workspaces/ros2_ws/build/cv2_contour/install.log'
[4.403s] Invoked command in '/home/joe/workspaces/ros2_ws/src/cv2_contour' returned '0': PYTHONPATH=/home/joe/workspaces/ros2_ws/build/cv2_contour/prefix_override:/home/joe/workspaces/ros2_ws/install/cv2_contour/lib/python3.10/site-packages:${PYTHONPATH} /usr/bin/python3 -W ignore:setup.py install is deprecated setup.py egg_info --egg-base ../../build/cv2_contour build --build-base /home/joe/workspaces/ros2_ws/build/cv2_contour/build install --record /home/joe/workspaces/ros2_ws/build/cv2_contour/install.log --single-version-externally-managed install_data
