[2.862s] Invoking command in '/home/joe/workspaces/ros2_ws/src/cv2_contour': PYTHONPATH=/home/joe/workspaces/ros2_ws/src/build/cv2_contour/prefix_override:/home/joe/workspaces/ros2_ws/src/install/cv2_contour/lib/python3.10/site-packages:${PYTHONPATH} /usr/bin/python3 -W ignore:setup.py install is deprecated setup.py egg_info --egg-base ../build/cv2_contour build --build-base /home/joe/workspaces/ros2_ws/src/build/cv2_contour/build install --record /home/joe/workspaces/ros2_ws/src/build/cv2_contour/install.log --single-version-externally-managed install_data
[3.470s] running egg_info
[3.472s] writing ../build/cv2_contour/cv2_contour.egg-info/PKG-INFO
[3.473s] writing dependency_links to ../build/cv2_contour/cv2_contour.egg-info/dependency_links.txt
[3.473s] writing entry points to ../build/cv2_contour/cv2_contour.egg-info/entry_points.txt
[3.473s] writing requirements to ../build/cv2_contour/cv2_contour.egg-info/requires.txt
[3.474s] writing top-level names to ../build/cv2_contour/cv2_contour.egg-info/top_level.txt
[3.477s] reading manifest file '../build/cv2_contour/cv2_contour.egg-info/SOURCES.txt'
[3.482s] writing manifest file '../build/cv2_contour/cv2_contour.egg-info/SOURCES.txt'
[3.482s] running build
[3.483s] running build_py
[3.483s] running install
[3.483s] running install_lib
[3.484s] running install_data
[3.485s] running install_egg_info
[3.489s] removing '/home/joe/workspaces/ros2_ws/src/install/cv2_contour/lib/python3.10/site-packages/cv2_contour-0.0.0-py3.10.egg-info' (and everything under it)
[3.490s] Copying ../build/cv2_contour/cv2_contour.egg-info to /home/joe/workspaces/ros2_ws/src/install/cv2_contour/lib/python3.10/site-packages/cv2_contour-0.0.0-py3.10.egg-info
[3.492s] running install_scripts
[3.527s] Installing cv2_contour_node script to /home/joe/workspaces/ros2_ws/src/install/cv2_contour/lib/cv2_contour
[3.528s] writing list of installed files to '/home/joe/workspaces/ros2_ws/src/build/cv2_contour/install.log'
[3.568s] Invoked command in '/home/joe/workspaces/ros2_ws/src/cv2_contour' returned '0': PYTHONPATH=/home/joe/workspaces/ros2_ws/src/build/cv2_contour/prefix_override:/home/joe/workspaces/ros2_ws/src/install/cv2_contour/lib/python3.10/site-packages:${PYTHONPATH} /usr/bin/python3 -W ignore:setup.py install is deprecated setup.py egg_info --egg-base ../build/cv2_contour build --build-base /home/joe/workspaces/ros2_ws/src/build/cv2_contour/build install --record /home/joe/workspaces/ros2_ws/src/build/cv2_contour/install.log --single-version-externally-managed install_data
