[0.693s] Invoking command in '/home/joe/workspaces/ros2_ws/src/py_pid': PYTHONPATH=/home/joe/workspaces/ros2_ws/build/py_pid/prefix_override:/home/joe/workspaces/ros2_ws/install/py_pid/lib/python3.10/site-packages:${PYTHONPATH} /usr/bin/python3 -W ignore:setup.py install is deprecated setup.py egg_info --egg-base ../../build/py_pid build --build-base /home/joe/workspaces/ros2_ws/build/py_pid/build install --record /home/joe/workspaces/ros2_ws/build/py_pid/install.log --single-version-externally-managed install_data
[0.971s] running egg_info
[0.971s] creating ../../build/py_pid/py_pid.egg-info
[0.972s] writing ../../build/py_pid/py_pid.egg-info/PKG-INFO
[0.972s] writing dependency_links to ../../build/py_pid/py_pid.egg-info/dependency_links.txt
[0.972s] writing entry points to ../../build/py_pid/py_pid.egg-info/entry_points.txt
[0.972s] writing requirements to ../../build/py_pid/py_pid.egg-info/requires.txt
[0.972s] writing top-level names to ../../build/py_pid/py_pid.egg-info/top_level.txt
[0.972s] writing manifest file '../../build/py_pid/py_pid.egg-info/SOURCES.txt'
[0.974s] reading manifest file '../../build/py_pid/py_pid.egg-info/SOURCES.txt'
[0.975s] writing manifest file '../../build/py_pid/py_pid.egg-info/SOURCES.txt'
[0.975s] running build
[0.975s] running build_py
[0.975s] creating /home/joe/workspaces/ros2_ws/build/py_pid/build
[0.976s] creating /home/joe/workspaces/ros2_ws/build/py_pid/build/lib
[0.976s] creating /home/joe/workspaces/ros2_ws/build/py_pid/build/lib/py_pid
[0.976s] copying py_pid/__init__.py -> /home/joe/workspaces/ros2_ws/build/py_pid/build/lib/py_pid
[0.976s] copying py_pid/controller_pid.py -> /home/joe/workspaces/ros2_ws/build/py_pid/build/lib/py_pid
[0.976s] running install
[0.976s] running install_lib
[0.977s] creating /home/joe/workspaces/ros2_ws/install/py_pid/lib/python3.10/site-packages/py_pid
[0.977s] copying /home/joe/workspaces/ros2_ws/build/py_pid/build/lib/py_pid/__init__.py -> /home/joe/workspaces/ros2_ws/install/py_pid/lib/python3.10/site-packages/py_pid
[0.977s] copying /home/joe/workspaces/ros2_ws/build/py_pid/build/lib/py_pid/controller_pid.py -> /home/joe/workspaces/ros2_ws/install/py_pid/lib/python3.10/site-packages/py_pid
[0.978s] byte-compiling /home/joe/workspaces/ros2_ws/install/py_pid/lib/python3.10/site-packages/py_pid/__init__.py to __init__.cpython-310.pyc
[0.978s] byte-compiling /home/joe/workspaces/ros2_ws/install/py_pid/lib/python3.10/site-packages/py_pid/controller_pid.py to controller_pid.cpython-310.pyc
[0.979s] running install_data
[0.979s] creating /home/joe/workspaces/ros2_ws/install/py_pid/share/ament_index
[0.979s] creating /home/joe/workspaces/ros2_ws/install/py_pid/share/ament_index/resource_index
[0.979s] creating /home/joe/workspaces/ros2_ws/install/py_pid/share/ament_index/resource_index/packages
[0.979s] copying resource/py_pid -> /home/joe/workspaces/ros2_ws/install/py_pid/share/ament_index/resource_index/packages
[0.979s] copying package.xml -> /home/joe/workspaces/ros2_ws/install/py_pid/share/py_pid
[0.980s] running install_egg_info
[0.982s] Copying ../../build/py_pid/py_pid.egg-info to /home/joe/workspaces/ros2_ws/install/py_pid/lib/python3.10/site-packages/py_pid-0.0.0-py3.10.egg-info
[0.983s] running install_scripts
[1.006s] Installing ball_control_pid script to /home/joe/workspaces/ros2_ws/install/py_pid/lib/py_pid
[1.006s] writing list of installed files to '/home/joe/workspaces/ros2_ws/build/py_pid/install.log'
[1.039s] Invoked command in '/home/joe/workspaces/ros2_ws/src/py_pid' returned '0': PYTHONPATH=/home/joe/workspaces/ros2_ws/build/py_pid/prefix_override:/home/joe/workspaces/ros2_ws/install/py_pid/lib/python3.10/site-packages:${PYTHONPATH} /usr/bin/python3 -W ignore:setup.py install is deprecated setup.py egg_info --egg-base ../../build/py_pid build --build-base /home/joe/workspaces/ros2_ws/build/py_pid/build install --record /home/joe/workspaces/ros2_ws/build/py_pid/install.log --single-version-externally-managed install_data
