[3.503s] Invoking command in '/home/joe/workspaces/ros2_ws/src/py_kinematics': PYTHONPATH=/home/joe/workspaces/ros2_ws/build/py_kinematics/prefix_override:/home/joe/workspaces/ros2_ws/install/py_kinematics/lib/python3.10/site-packages:${PYTHONPATH} /usr/bin/python3 -W ignore:setup.py install is deprecated setup.py egg_info --egg-base ../../build/py_kinematics build --build-base /home/joe/workspaces/ros2_ws/build/py_kinematics/build install --record /home/joe/workspaces/ros2_ws/build/py_kinematics/install.log --single-version-externally-managed install_data
[4.115s] running egg_info
[4.117s] writing ../../build/py_kinematics/py_kinematics.egg-info/PKG-INFO
[4.118s] writing dependency_links to ../../build/py_kinematics/py_kinematics.egg-info/dependency_links.txt
[4.118s] writing entry points to ../../build/py_kinematics/py_kinematics.egg-info/entry_points.txt
[4.118s] writing requirements to ../../build/py_kinematics/py_kinematics.egg-info/requires.txt
[4.118s] writing top-level names to ../../build/py_kinematics/py_kinematics.egg-info/top_level.txt
[4.122s] reading manifest file '../../build/py_kinematics/py_kinematics.egg-info/SOURCES.txt'
[4.125s] writing manifest file '../../build/py_kinematics/py_kinematics.egg-info/SOURCES.txt'
[4.125s] running build
[4.125s] running build_py
[4.126s] running install
[4.127s] running install_lib
[4.130s] running install_data
[4.131s] running install_egg_info
[4.134s] removing '/home/joe/workspaces/ros2_ws/install/py_kinematics/lib/python3.10/site-packages/py_kinematics-0.0.0-py3.10.egg-info' (and everything under it)
[4.136s] Copying ../../build/py_kinematics/py_kinematics.egg-info to /home/joe/workspaces/ros2_ws/install/py_kinematics/lib/python3.10/site-packages/py_kinematics-0.0.0-py3.10.egg-info
[4.139s] running install_scripts
[4.203s] Installing kinematic_control script to /home/joe/workspaces/ros2_ws/install/py_kinematics/lib/py_kinematics
[4.204s] writing list of installed files to '/home/joe/workspaces/ros2_ws/build/py_kinematics/install.log'
[4.344s] Invoked command in '/home/joe/workspaces/ros2_ws/src/py_kinematics' returned '0': PYTHONPATH=/home/joe/workspaces/ros2_ws/build/py_kinematics/prefix_override:/home/joe/workspaces/ros2_ws/install/py_kinematics/lib/python3.10/site-packages:${PYTHONPATH} /usr/bin/python3 -W ignore:setup.py install is deprecated setup.py egg_info --egg-base ../../build/py_kinematics build --build-base /home/joe/workspaces/ros2_ws/build/py_kinematics/build install --record /home/joe/workspaces/ros2_ws/build/py_kinematics/install.log --single-version-externally-managed install_data
