running egg_info
writing ../../build/py_launch/py_launch.egg-info/PKG-INFO
writing dependency_links to ../../build/py_launch/py_launch.egg-info/dependency_links.txt
writing entry points to ../../build/py_launch/py_launch.egg-info/entry_points.txt
writing requirements to ../../build/py_launch/py_launch.egg-info/requires.txt
writing top-level names to ../../build/py_launch/py_launch.egg-info/top_level.txt
reading manifest file '../../build/py_launch/py_launch.egg-info/SOURCES.txt'
writing manifest file '../../build/py_launch/py_launch.egg-info/SOURCES.txt'
running build
running build_py
copying py_launch/launch.py -> /home/joe/workspaces/ros2_ws/build/py_launch/build/lib/py_launch
running install
running install_lib
copying /home/joe/workspaces/ros2_ws/build/py_launch/build/lib/py_launch/launch.py -> /home/joe/workspaces/ros2_ws/install/py_launch/lib/python3.10/site-packages/py_launch
byte-compiling /home/joe/workspaces/ros2_ws/install/py_launch/lib/python3.10/site-packages/py_launch/launch.py to launch.cpython-310.pyc
running install_data
copying py_launch/launch.py -> /home/joe/workspaces/ros2_ws/install/py_launch/share/py_launch
running install_egg_info
removing '/home/joe/workspaces/ros2_ws/install/py_launch/lib/python3.10/site-packages/py_launch-0.0.0-py3.10.egg-info' (and everything under it)
Copying ../../build/py_launch/py_launch.egg-info to /home/joe/workspaces/ros2_ws/install/py_launch/lib/python3.10/site-packages/py_launch-0.0.0-py3.10.egg-info
running install_scripts
writing list of installed files to '/home/joe/workspaces/ros2_ws/build/py_launch/install.log'
