[3.152s] Invoking command in '/home/joe/workspaces/ros2_ws/src/py_launch': PYTHONPATH=/home/joe/workspaces/ros2_ws/build/py_launch/prefix_override:/home/joe/workspaces/ros2_ws/install/py_launch/lib/python3.10/site-packages:${PYTHONPATH} /usr/bin/python3 -W ignore:setup.py install is deprecated setup.py egg_info --egg-base ../../build/py_launch build --build-base /home/joe/workspaces/ros2_ws/build/py_launch/build install --record /home/joe/workspaces/ros2_ws/build/py_launch/install.log --single-version-externally-managed install_data
[3.728s] running egg_info
[3.728s] writing ../../build/py_launch/py_launch.egg-info/PKG-INFO
[3.728s] writing dependency_links to ../../build/py_launch/py_launch.egg-info/dependency_links.txt
[3.728s] writing entry points to ../../build/py_launch/py_launch.egg-info/entry_points.txt
[3.729s] writing requirements to ../../build/py_launch/py_launch.egg-info/requires.txt
[3.729s] writing top-level names to ../../build/py_launch/py_launch.egg-info/top_level.txt
[3.731s] reading manifest file '../../build/py_launch/py_launch.egg-info/SOURCES.txt'
[3.732s] writing manifest file '../../build/py_launch/py_launch.egg-info/SOURCES.txt'
[3.733s] running build
[3.733s] running build_py
[3.734s] copying py_launch/launch.py -> /home/joe/workspaces/ros2_ws/build/py_launch/build/lib/py_launch
[3.734s] running install
[3.735s] running install_lib
[3.737s] copying /home/joe/workspaces/ros2_ws/build/py_launch/build/lib/py_launch/launch.py -> /home/joe/workspaces/ros2_ws/install/py_launch/lib/python3.10/site-packages/py_launch
[3.739s] byte-compiling /home/joe/workspaces/ros2_ws/install/py_launch/lib/python3.10/site-packages/py_launch/launch.py to launch.cpython-310.pyc
[3.740s] running install_data
[3.740s] copying py_launch/launch.py -> /home/joe/workspaces/ros2_ws/install/py_launch/share/py_launch
[3.741s] running install_egg_info
[3.746s] removing '/home/joe/workspaces/ros2_ws/install/py_launch/lib/python3.10/site-packages/py_launch-0.0.0-py3.10.egg-info' (and everything under it)
[3.746s] Copying ../../build/py_launch/py_launch.egg-info to /home/joe/workspaces/ros2_ws/install/py_launch/lib/python3.10/site-packages/py_launch-0.0.0-py3.10.egg-info
[3.749s] running install_scripts
[3.794s] writing list of installed files to '/home/joe/workspaces/ros2_ws/build/py_launch/install.log'
[3.850s] Invoked command in '/home/joe/workspaces/ros2_ws/src/py_launch' returned '0': PYTHONPATH=/home/joe/workspaces/ros2_ws/build/py_launch/prefix_override:/home/joe/workspaces/ros2_ws/install/py_launch/lib/python3.10/site-packages:${PYTHONPATH} /usr/bin/python3 -W ignore:setup.py install is deprecated setup.py egg_info --egg-base ../../build/py_launch build --build-base /home/joe/workspaces/ros2_ws/build/py_launch/build install --record /home/joe/workspaces/ros2_ws/build/py_launch/install.log --single-version-externally-managed install_data
