running egg_info
creating ../../build/py_controllerPub/py_controllerPub.egg-info
writing ../../build/py_controllerPub/py_controllerPub.egg-info/PKG-INFO
writing dependency_links to ../../build/py_controllerPub/py_controllerPub.egg-info/dependency_links.txt
writing entry points to ../../build/py_controllerPub/py_controllerPub.egg-info/entry_points.txt
writing requirements to ../../build/py_controllerPub/py_controllerPub.egg-info/requires.txt
writing top-level names to ../../build/py_controllerPub/py_controllerPub.egg-info/top_level.txt
writing manifest file '../../build/py_controllerPub/py_controllerPub.egg-info/SOURCES.txt'
reading manifest file '../../build/py_controllerPub/py_controllerPub.egg-info/SOURCES.txt'
adding license file 'LICENSE'
writing manifest file '../../build/py_controllerPub/py_controllerPub.egg-info/SOURCES.txt'
running build
running build_py
creating /home/joe/workspaces/ros2_ws/build/py_controllerPub/build
creating /home/joe/workspaces/ros2_ws/build/py_controllerPub/build/lib
creating /home/joe/workspaces/ros2_ws/build/py_controllerPub/build/lib/py_controllerPub
copying py_controllerPub/__init__.py -> /home/joe/workspaces/ros2_ws/build/py_controllerPub/build/lib/py_controllerPub
running install
running install_lib
creating /home/joe/workspaces/ros2_ws/install/py_controllerPub/lib/python3.10/site-packages/py_controllerPub
copying /home/joe/workspaces/ros2_ws/build/py_controllerPub/build/lib/py_controllerPub/__init__.py -> /home/joe/workspaces/ros2_ws/install/py_controllerPub/lib/python3.10/site-packages/py_controllerPub
byte-compiling /home/joe/workspaces/ros2_ws/install/py_controllerPub/lib/python3.10/site-packages/py_controllerPub/__init__.py to __init__.cpython-310.pyc
running install_data
creating /home/joe/workspaces/ros2_ws/install/py_controllerPub/share/ament_index
creating /home/joe/workspaces/ros2_ws/install/py_controllerPub/share/ament_index/resource_index
creating /home/joe/workspaces/ros2_ws/install/py_controllerPub/share/ament_index/resource_index/packages
error: can't copy 'resource/py_controllerPub': doesn't exist or not a regular file
