[0.150s] DEBUG:colcon:Command line arguments: ['/usr/bin/colcon', 'build']
[0.150s] DEBUG:colcon:Parsed command line arguments: Namespace(log_base=None, log_level=None, verb_name='build', build_base='build', install_base='install', merge_install=False, symlink_install=False, test_result_base=None, continue_on_error=False, executor='parallel', parallel_workers=8, event_handlers=None, ignore_user_meta=False, metas=['./colcon.meta'], base_paths=['.'], packages_ignore=None, packages_ignore_regex=None, paths=None, packages_up_to=None, packages_up_to_regex=None, packages_above=None, packages_above_and_dependencies=None, packages_above_depth=None, packages_select_by_dep=None, packages_skip_by_dep=None, packages_skip_up_to=None, packages_select_build_failed=False, packages_skip_build_finished=False, packages_select_test_failures=False, packages_skip_test_passed=False, packages_select=None, packages_skip=None, packages_select_regex=None, packages_skip_regex=None, packages_start=None, packages_end=None, allow_overriding=[], cmake_args=None, cmake_target=None, cmake_target_skip_unavailable=False, cmake_clean_cache=False, cmake_clean_first=False, cmake_force_configure=False, ament_cmake_args=None, catkin_cmake_args=None, catkin_skip_building_tests=False, verb_parser=<colcon_defaults.argument_parser.defaults.DefaultArgumentsDecorator object at 0x76b3c78312a0>, verb_extension=<colcon_core.verb.build.BuildVerb object at 0x76b3c7999060>, main=<bound method BuildVerb.main of <colcon_core.verb.build.BuildVerb object at 0x76b3c7999060>>)
[0.347s] Level 1:colcon.colcon_core.package_discovery:discover_packages(colcon_meta) check parameters
[0.347s] Level 1:colcon.colcon_core.package_discovery:discover_packages(recursive) check parameters
[0.347s] Level 1:colcon.colcon_core.package_discovery:discover_packages(ignore) check parameters
[0.347s] Level 1:colcon.colcon_core.package_discovery:discover_packages(path) check parameters
[0.347s] Level 1:colcon.colcon_core.package_discovery:discover_packages(colcon_meta) discover
[0.347s] Level 1:colcon.colcon_core.package_discovery:discover_packages(recursive) discover
[0.347s] INFO:colcon.colcon_core.package_discovery:Crawling recursively for packages in '/home/joe/workspaces/ros2_ws/src'
[0.347s] Level 1:colcon.colcon_core.package_identification:_identify(.) by extensions ['ignore', 'ignore_ament_install']
[0.348s] Level 1:colcon.colcon_core.package_identification:_identify(.) by extension 'ignore'
[0.348s] Level 1:colcon.colcon_core.package_identification:_identify(.) by extension 'ignore_ament_install'
[0.348s] Level 1:colcon.colcon_core.package_identification:_identify(.) by extensions ['colcon_pkg']
[0.348s] Level 1:colcon.colcon_core.package_identification:_identify(.) by extension 'colcon_pkg'
[0.348s] Level 1:colcon.colcon_core.package_identification:_identify(.) by extensions ['colcon_meta']
[0.348s] Level 1:colcon.colcon_core.package_identification:_identify(.) by extension 'colcon_meta'
[0.348s] Level 1:colcon.colcon_core.package_identification:_identify(.) by extensions ['ros']
[0.348s] Level 1:colcon.colcon_core.package_identification:_identify(.) by extension 'ros'
[0.370s] Level 1:colcon.colcon_core.package_identification:_identify(.) by extensions ['cmake', 'python']
[0.370s] Level 1:colcon.colcon_core.package_identification:_identify(.) by extension 'cmake'
[0.370s] Level 1:colcon.colcon_core.package_identification:_identify(.) by extension 'python'
[0.371s] Level 1:colcon.colcon_core.package_identification:_identify(.) by extensions ['python_setup_py']
[0.371s] Level 1:colcon.colcon_core.package_identification:_identify(.) by extension 'python_setup_py'
[0.371s] Level 1:colcon.colcon_core.package_identification:_identify(build) by extensions ['ignore', 'ignore_ament_install']
[0.371s] Level 1:colcon.colcon_core.package_identification:_identify(build) by extension 'ignore'
[0.371s] Level 1:colcon.colcon_core.package_identification:_identify(build) ignored
[0.371s] Level 1:colcon.colcon_core.package_identification:_identify(cv2_contour) by extensions ['ignore', 'ignore_ament_install']
[0.371s] Level 1:colcon.colcon_core.package_identification:_identify(cv2_contour) by extension 'ignore'
[0.371s] Level 1:colcon.colcon_core.package_identification:_identify(cv2_contour) by extension 'ignore_ament_install'
[0.371s] Level 1:colcon.colcon_core.package_identification:_identify(cv2_contour) by extensions ['colcon_pkg']
[0.371s] Level 1:colcon.colcon_core.package_identification:_identify(cv2_contour) by extension 'colcon_pkg'
[0.371s] Level 1:colcon.colcon_core.package_identification:_identify(cv2_contour) by extensions ['colcon_meta']
[0.371s] Level 1:colcon.colcon_core.package_identification:_identify(cv2_contour) by extension 'colcon_meta'
[0.372s] Level 1:colcon.colcon_core.package_identification:_identify(cv2_contour) by extensions ['ros']
[0.372s] Level 1:colcon.colcon_core.package_identification:_identify(cv2_contour) by extension 'ros'
[0.374s] DEBUG:colcon.colcon_core.package_identification:Package 'cv2_contour' with type 'ros.ament_python' and name 'cv2_contour'
[0.374s] Level 1:colcon.colcon_core.package_identification:_identify(gaussian_blur) by extensions ['ignore', 'ignore_ament_install']
[0.375s] Level 1:colcon.colcon_core.package_identification:_identify(gaussian_blur) by extension 'ignore'
[0.375s] Level 1:colcon.colcon_core.package_identification:_identify(gaussian_blur) by extension 'ignore_ament_install'
[0.375s] Level 1:colcon.colcon_core.package_identification:_identify(gaussian_blur) by extensions ['colcon_pkg']
[0.375s] Level 1:colcon.colcon_core.package_identification:_identify(gaussian_blur) by extension 'colcon_pkg'
[0.375s] Level 1:colcon.colcon_core.package_identification:_identify(gaussian_blur) by extensions ['colcon_meta']
[0.375s] Level 1:colcon.colcon_core.package_identification:_identify(gaussian_blur) by extension 'colcon_meta'
[0.375s] Level 1:colcon.colcon_core.package_identification:_identify(gaussian_blur) by extensions ['ros']
[0.375s] Level 1:colcon.colcon_core.package_identification:_identify(gaussian_blur) by extension 'ros'
[0.375s] DEBUG:colcon.colcon_core.package_identification:Package 'gaussian_blur' with type 'ros.ament_python' and name 'gaussian_blur'
[0.376s] Level 1:colcon.colcon_core.package_identification:_identify(install) by extensions ['ignore', 'ignore_ament_install']
[0.376s] Level 1:colcon.colcon_core.package_identification:_identify(install) by extension 'ignore'
[0.376s] Level 1:colcon.colcon_core.package_identification:_identify(install) ignored
[0.376s] Level 1:colcon.colcon_core.package_identification:_identify(log) by extensions ['ignore', 'ignore_ament_install']
[0.376s] Level 1:colcon.colcon_core.package_identification:_identify(log) by extension 'ignore'
[0.376s] Level 1:colcon.colcon_core.package_identification:_identify(log) ignored
[0.376s] Level 1:colcon.colcon_core.package_identification:_identify(py_controller_pub) by extensions ['ignore', 'ignore_ament_install']
[0.376s] Level 1:colcon.colcon_core.package_identification:_identify(py_controller_pub) by extension 'ignore'
[0.376s] Level 1:colcon.colcon_core.package_identification:_identify(py_controller_pub) by extension 'ignore_ament_install'
[0.376s] Level 1:colcon.colcon_core.package_identification:_identify(py_controller_pub) by extensions ['colcon_pkg']
[0.376s] Level 1:colcon.colcon_core.package_identification:_identify(py_controller_pub) by extension 'colcon_pkg'
[0.376s] Level 1:colcon.colcon_core.package_identification:_identify(py_controller_pub) by extensions ['colcon_meta']
[0.377s] Level 1:colcon.colcon_core.package_identification:_identify(py_controller_pub) by extension 'colcon_meta'
[0.377s] Level 1:colcon.colcon_core.package_identification:_identify(py_controller_pub) by extensions ['ros']
[0.377s] Level 1:colcon.colcon_core.package_identification:_identify(py_controller_pub) by extension 'ros'
[0.377s] DEBUG:colcon.colcon_core.package_identification:Package 'py_controller_pub' with type 'ros.ament_python' and name 'py_controller_pub'
[0.377s] Level 1:colcon.colcon_core.package_identification:_identify(py_kinematics) by extensions ['ignore', 'ignore_ament_install']
[0.377s] Level 1:colcon.colcon_core.package_identification:_identify(py_kinematics) by extension 'ignore'
[0.377s] Level 1:colcon.colcon_core.package_identification:_identify(py_kinematics) by extension 'ignore_ament_install'
[0.378s] Level 1:colcon.colcon_core.package_identification:_identify(py_kinematics) by extensions ['colcon_pkg']
[0.378s] Level 1:colcon.colcon_core.package_identification:_identify(py_kinematics) by extension 'colcon_pkg'
[0.378s] Level 1:colcon.colcon_core.package_identification:_identify(py_kinematics) by extensions ['colcon_meta']
[0.378s] Level 1:colcon.colcon_core.package_identification:_identify(py_kinematics) by extension 'colcon_meta'
[0.378s] Level 1:colcon.colcon_core.package_identification:_identify(py_kinematics) by extensions ['ros']
[0.378s] Level 1:colcon.colcon_core.package_identification:_identify(py_kinematics) by extension 'ros'
[0.378s] DEBUG:colcon.colcon_core.package_identification:Package 'py_kinematics' with type 'ros.ament_python' and name 'py_kinematics'
[0.378s] Level 1:colcon.colcon_core.package_identification:_identify(py_launch) by extensions ['ignore', 'ignore_ament_install']
[0.378s] Level 1:colcon.colcon_core.package_identification:_identify(py_launch) by extension 'ignore'
[0.379s] Level 1:colcon.colcon_core.package_identification:_identify(py_launch) by extension 'ignore_ament_install'
[0.379s] Level 1:colcon.colcon_core.package_identification:_identify(py_launch) by extensions ['colcon_pkg']
[0.379s] Level 1:colcon.colcon_core.package_identification:_identify(py_launch) by extension 'colcon_pkg'
[0.379s] Level 1:colcon.colcon_core.package_identification:_identify(py_launch) by extensions ['colcon_meta']
[0.379s] Level 1:colcon.colcon_core.package_identification:_identify(py_launch) by extension 'colcon_meta'
[0.379s] Level 1:colcon.colcon_core.package_identification:_identify(py_launch) by extensions ['ros']
[0.379s] Level 1:colcon.colcon_core.package_identification:_identify(py_launch) by extension 'ros'
[0.380s] DEBUG:colcon.colcon_core.package_identification:Package 'py_launch' with type 'ros.ament_python' and name 'py_launch'
[0.380s] Level 1:colcon.colcon_core.package_identification:_identify(py_pid) by extensions ['ignore', 'ignore_ament_install']
[0.380s] Level 1:colcon.colcon_core.package_identification:_identify(py_pid) by extension 'ignore'
[0.380s] Level 1:colcon.colcon_core.package_identification:_identify(py_pid) by extension 'ignore_ament_install'
[0.380s] Level 1:colcon.colcon_core.package_identification:_identify(py_pid) by extensions ['colcon_pkg']
[0.380s] Level 1:colcon.colcon_core.package_identification:_identify(py_pid) by extension 'colcon_pkg'
[0.380s] Level 1:colcon.colcon_core.package_identification:_identify(py_pid) by extensions ['colcon_meta']
[0.380s] Level 1:colcon.colcon_core.package_identification:_identify(py_pid) by extension 'colcon_meta'
[0.380s] Level 1:colcon.colcon_core.package_identification:_identify(py_pid) by extensions ['ros']
[0.380s] Level 1:colcon.colcon_core.package_identification:_identify(py_pid) by extension 'ros'
[0.381s] DEBUG:colcon.colcon_core.package_identification:Package 'py_pid' with type 'ros.ament_python' and name 'py_pid'
[0.381s] Level 1:colcon.colcon_core.package_discovery:discover_packages(recursive) using defaults
[0.381s] Level 1:colcon.colcon_core.package_discovery:discover_packages(ignore) discover
[0.381s] Level 1:colcon.colcon_core.package_discovery:discover_packages(ignore) using defaults
[0.381s] Level 1:colcon.colcon_core.package_discovery:discover_packages(path) discover
[0.381s] Level 1:colcon.colcon_core.package_discovery:discover_packages(path) using defaults
[0.406s] Level 1:colcon.colcon_core.package_discovery:discover_packages(prefix_path) check parameters
[0.406s] Level 1:colcon.colcon_core.package_discovery:discover_packages(prefix_path) discover
[0.408s] DEBUG:colcon.colcon_installed_package_information.package_discovery:Found 6 installed packages in /home/joe/workspaces/ros2_ws/src/install
[0.409s] DEBUG:colcon.colcon_installed_package_information.package_discovery:Found 6 installed packages in /home/joe/workspaces/ros2_ws/install
[0.411s] DEBUG:colcon.colcon_installed_package_information.package_discovery:Found 277 installed packages in /opt/ros/humble
[0.413s] Level 1:colcon.colcon_core.package_discovery:discover_packages(prefix_path) using defaults
[0.475s] Level 5:colcon.colcon_core.verb:set package 'cv2_contour' build argument 'cmake_args' from command line to 'None'
[0.475s] Level 5:colcon.colcon_core.verb:set package 'cv2_contour' build argument 'cmake_target' from command line to 'None'
[0.475s] Level 5:colcon.colcon_core.verb:set package 'cv2_contour' build argument 'cmake_target_skip_unavailable' from command line to 'False'
[0.475s] Level 5:colcon.colcon_core.verb:set package 'cv2_contour' build argument 'cmake_clean_cache' from command line to 'False'
[0.475s] Level 5:colcon.colcon_core.verb:set package 'cv2_contour' build argument 'cmake_clean_first' from command line to 'False'
[0.475s] Level 5:colcon.colcon_core.verb:set package 'cv2_contour' build argument 'cmake_force_configure' from command line to 'False'
[0.475s] Level 5:colcon.colcon_core.verb:set package 'cv2_contour' build argument 'ament_cmake_args' from command line to 'None'
[0.475s] Level 5:colcon.colcon_core.verb:set package 'cv2_contour' build argument 'catkin_cmake_args' from command line to 'None'
[0.475s] Level 5:colcon.colcon_core.verb:set package 'cv2_contour' build argument 'catkin_skip_building_tests' from command line to 'False'
[0.475s] DEBUG:colcon.colcon_core.verb:Building package 'cv2_contour' with the following arguments: {'ament_cmake_args': None, 'build_base': '/home/joe/workspaces/ros2_ws/src/build/cv2_contour', 'catkin_cmake_args': None, 'catkin_skip_building_tests': False, 'cmake_args': None, 'cmake_clean_cache': False, 'cmake_clean_first': False, 'cmake_force_configure': False, 'cmake_target': None, 'cmake_target_skip_unavailable': False, 'install_base': '/home/joe/workspaces/ros2_ws/src/install/cv2_contour', 'merge_install': False, 'path': '/home/joe/workspaces/ros2_ws/src/cv2_contour', 'symlink_install': False, 'test_result_base': None}
[0.476s] Level 5:colcon.colcon_core.verb:set package 'gaussian_blur' build argument 'cmake_args' from command line to 'None'
[0.476s] Level 5:colcon.colcon_core.verb:set package 'gaussian_blur' build argument 'cmake_target' from command line to 'None'
[0.476s] Level 5:colcon.colcon_core.verb:set package 'gaussian_blur' build argument 'cmake_target_skip_unavailable' from command line to 'False'
[0.476s] Level 5:colcon.colcon_core.verb:set package 'gaussian_blur' build argument 'cmake_clean_cache' from command line to 'False'
[0.476s] Level 5:colcon.colcon_core.verb:set package 'gaussian_blur' build argument 'cmake_clean_first' from command line to 'False'
[0.476s] Level 5:colcon.colcon_core.verb:set package 'gaussian_blur' build argument 'cmake_force_configure' from command line to 'False'
[0.476s] Level 5:colcon.colcon_core.verb:set package 'gaussian_blur' build argument 'ament_cmake_args' from command line to 'None'
[0.476s] Level 5:colcon.colcon_core.verb:set package 'gaussian_blur' build argument 'catkin_cmake_args' from command line to 'None'
[0.476s] Level 5:colcon.colcon_core.verb:set package 'gaussian_blur' build argument 'catkin_skip_building_tests' from command line to 'False'
[0.476s] DEBUG:colcon.colcon_core.verb:Building package 'gaussian_blur' with the following arguments: {'ament_cmake_args': None, 'build_base': '/home/joe/workspaces/ros2_ws/src/build/gaussian_blur', 'catkin_cmake_args': None, 'catkin_skip_building_tests': False, 'cmake_args': None, 'cmake_clean_cache': False, 'cmake_clean_first': False, 'cmake_force_configure': False, 'cmake_target': None, 'cmake_target_skip_unavailable': False, 'install_base': '/home/joe/workspaces/ros2_ws/src/install/gaussian_blur', 'merge_install': False, 'path': '/home/joe/workspaces/ros2_ws/src/gaussian_blur', 'symlink_install': False, 'test_result_base': None}
[0.476s] Level 5:colcon.colcon_core.verb:set package 'py_controller_pub' build argument 'cmake_args' from command line to 'None'
[0.476s] Level 5:colcon.colcon_core.verb:set package 'py_controller_pub' build argument 'cmake_target' from command line to 'None'
[0.476s] Level 5:colcon.colcon_core.verb:set package 'py_controller_pub' build argument 'cmake_target_skip_unavailable' from command line to 'False'
[0.476s] Level 5:colcon.colcon_core.verb:set package 'py_controller_pub' build argument 'cmake_clean_cache' from command line to 'False'
[0.476s] Level 5:colcon.colcon_core.verb:set package 'py_controller_pub' build argument 'cmake_clean_first' from command line to 'False'
[0.476s] Level 5:colcon.colcon_core.verb:set package 'py_controller_pub' build argument 'cmake_force_configure' from command line to 'False'
[0.476s] Level 5:colcon.colcon_core.verb:set package 'py_controller_pub' build argument 'ament_cmake_args' from command line to 'None'
[0.477s] Level 5:colcon.colcon_core.verb:set package 'py_controller_pub' build argument 'catkin_cmake_args' from command line to 'None'
[0.477s] Level 5:colcon.colcon_core.verb:set package 'py_controller_pub' build argument 'catkin_skip_building_tests' from command line to 'False'
[0.477s] DEBUG:colcon.colcon_core.verb:Building package 'py_controller_pub' with the following arguments: {'ament_cmake_args': None, 'build_base': '/home/joe/workspaces/ros2_ws/src/build/py_controller_pub', 'catkin_cmake_args': None, 'catkin_skip_building_tests': False, 'cmake_args': None, 'cmake_clean_cache': False, 'cmake_clean_first': False, 'cmake_force_configure': False, 'cmake_target': None, 'cmake_target_skip_unavailable': False, 'install_base': '/home/joe/workspaces/ros2_ws/src/install/py_controller_pub', 'merge_install': False, 'path': '/home/joe/workspaces/ros2_ws/src/py_controller_pub', 'symlink_install': False, 'test_result_base': None}
[0.477s] Level 5:colcon.colcon_core.verb:set package 'py_kinematics' build argument 'cmake_args' from command line to 'None'
[0.477s] Level 5:colcon.colcon_core.verb:set package 'py_kinematics' build argument 'cmake_target' from command line to 'None'
[0.477s] Level 5:colcon.colcon_core.verb:set package 'py_kinematics' build argument 'cmake_target_skip_unavailable' from command line to 'False'
[0.477s] Level 5:colcon.colcon_core.verb:set package 'py_kinematics' build argument 'cmake_clean_cache' from command line to 'False'
[0.477s] Level 5:colcon.colcon_core.verb:set package 'py_kinematics' build argument 'cmake_clean_first' from command line to 'False'
[0.477s] Level 5:colcon.colcon_core.verb:set package 'py_kinematics' build argument 'cmake_force_configure' from command line to 'False'
[0.477s] Level 5:colcon.colcon_core.verb:set package 'py_kinematics' build argument 'ament_cmake_args' from command line to 'None'
[0.477s] Level 5:colcon.colcon_core.verb:set package 'py_kinematics' build argument 'catkin_cmake_args' from command line to 'None'
[0.477s] Level 5:colcon.colcon_core.verb:set package 'py_kinematics' build argument 'catkin_skip_building_tests' from command line to 'False'
[0.477s] DEBUG:colcon.colcon_core.verb:Building package 'py_kinematics' with the following arguments: {'ament_cmake_args': None, 'build_base': '/home/joe/workspaces/ros2_ws/src/build/py_kinematics', 'catkin_cmake_args': None, 'catkin_skip_building_tests': False, 'cmake_args': None, 'cmake_clean_cache': False, 'cmake_clean_first': False, 'cmake_force_configure': False, 'cmake_target': None, 'cmake_target_skip_unavailable': False, 'install_base': '/home/joe/workspaces/ros2_ws/src/install/py_kinematics', 'merge_install': False, 'path': '/home/joe/workspaces/ros2_ws/src/py_kinematics', 'symlink_install': False, 'test_result_base': None}
[0.478s] Level 5:colcon.colcon_core.verb:set package 'py_launch' build argument 'cmake_args' from command line to 'None'
[0.478s] Level 5:colcon.colcon_core.verb:set package 'py_launch' build argument 'cmake_target' from command line to 'None'
[0.478s] Level 5:colcon.colcon_core.verb:set package 'py_launch' build argument 'cmake_target_skip_unavailable' from command line to 'False'
[0.478s] Level 5:colcon.colcon_core.verb:set package 'py_launch' build argument 'cmake_clean_cache' from command line to 'False'
[0.478s] Level 5:colcon.colcon_core.verb:set package 'py_launch' build argument 'cmake_clean_first' from command line to 'False'
[0.478s] Level 5:colcon.colcon_core.verb:set package 'py_launch' build argument 'cmake_force_configure' from command line to 'False'
[0.478s] Level 5:colcon.colcon_core.verb:set package 'py_launch' build argument 'ament_cmake_args' from command line to 'None'
[0.478s] Level 5:colcon.colcon_core.verb:set package 'py_launch' build argument 'catkin_cmake_args' from command line to 'None'
[0.478s] Level 5:colcon.colcon_core.verb:set package 'py_launch' build argument 'catkin_skip_building_tests' from command line to 'False'
[0.478s] DEBUG:colcon.colcon_core.verb:Building package 'py_launch' with the following arguments: {'ament_cmake_args': None, 'build_base': '/home/joe/workspaces/ros2_ws/src/build/py_launch', 'catkin_cmake_args': None, 'catkin_skip_building_tests': False, 'cmake_args': None, 'cmake_clean_cache': False, 'cmake_clean_first': False, 'cmake_force_configure': False, 'cmake_target': None, 'cmake_target_skip_unavailable': False, 'install_base': '/home/joe/workspaces/ros2_ws/src/install/py_launch', 'merge_install': False, 'path': '/home/joe/workspaces/ros2_ws/src/py_launch', 'symlink_install': False, 'test_result_base': None}
[0.479s] Level 5:colcon.colcon_core.verb:set package 'py_pid' build argument 'cmake_args' from command line to 'None'
[0.479s] Level 5:colcon.colcon_core.verb:set package 'py_pid' build argument 'cmake_target' from command line to 'None'
[0.479s] Level 5:colcon.colcon_core.verb:set package 'py_pid' build argument 'cmake_target_skip_unavailable' from command line to 'False'
[0.479s] Level 5:colcon.colcon_core.verb:set package 'py_pid' build argument 'cmake_clean_cache' from command line to 'False'
[0.479s] Level 5:colcon.colcon_core.verb:set package 'py_pid' build argument 'cmake_clean_first' from command line to 'False'
[0.479s] Level 5:colcon.colcon_core.verb:set package 'py_pid' build argument 'cmake_force_configure' from command line to 'False'
[0.479s] Level 5:colcon.colcon_core.verb:set package 'py_pid' build argument 'ament_cmake_args' from command line to 'None'
[0.479s] Level 5:colcon.colcon_core.verb:set package 'py_pid' build argument 'catkin_cmake_args' from command line to 'None'
[0.479s] Level 5:colcon.colcon_core.verb:set package 'py_pid' build argument 'catkin_skip_building_tests' from command line to 'False'
[0.479s] DEBUG:colcon.colcon_core.verb:Building package 'py_pid' with the following arguments: {'ament_cmake_args': None, 'build_base': '/home/joe/workspaces/ros2_ws/src/build/py_pid', 'catkin_cmake_args': None, 'catkin_skip_building_tests': False, 'cmake_args': None, 'cmake_clean_cache': False, 'cmake_clean_first': False, 'cmake_force_configure': False, 'cmake_target': None, 'cmake_target_skip_unavailable': False, 'install_base': '/home/joe/workspaces/ros2_ws/src/install/py_pid', 'merge_install': False, 'path': '/home/joe/workspaces/ros2_ws/src/py_pid', 'symlink_install': False, 'test_result_base': None}
[0.479s] INFO:colcon.colcon_core.executor:Executing jobs using 'parallel' executor
[0.480s] DEBUG:colcon.colcon_parallel_executor.executor.parallel:run_until_complete
[0.481s] INFO:colcon.colcon_ros.task.ament_python.build:Building ROS package in '/home/joe/workspaces/ros2_ws/src/cv2_contour' with build type 'ament_python'
[0.481s] Level 1:colcon.colcon_core.shell:create_environment_hook('cv2_contour', 'ament_prefix_path')
[0.483s] INFO:colcon.colcon_core.plugin_system:Skipping extension 'colcon_core.shell.bat': Not used on non-Windows systems
[0.484s] INFO:colcon.colcon_core.shell:Creating environment hook '/home/joe/workspaces/ros2_ws/src/install/cv2_contour/share/cv2_contour/hook/ament_prefix_path.ps1'
[0.484s] INFO:colcon.colcon_core.shell:Creating environment descriptor '/home/joe/workspaces/ros2_ws/src/install/cv2_contour/share/cv2_contour/hook/ament_prefix_path.dsv'
[0.485s] INFO:colcon.colcon_core.shell:Creating environment hook '/home/joe/workspaces/ros2_ws/src/install/cv2_contour/share/cv2_contour/hook/ament_prefix_path.sh'
[0.486s] INFO:colcon.colcon_core.shell:Skip shell extension 'powershell' for command environment: Not usable outside of PowerShell
[0.486s] DEBUG:colcon.colcon_core.shell:Skip shell extension 'dsv' for command environment
[0.491s] INFO:colcon.colcon_ros.task.ament_python.build:Building ROS package in '/home/joe/workspaces/ros2_ws/src/gaussian_blur' with build type 'ament_python'
[0.492s] Level 1:colcon.colcon_core.shell:create_environment_hook('gaussian_blur', 'ament_prefix_path')
[0.492s] INFO:colcon.colcon_core.shell:Creating environment hook '/home/joe/workspaces/ros2_ws/src/install/gaussian_blur/share/gaussian_blur/hook/ament_prefix_path.ps1'
[0.493s] INFO:colcon.colcon_core.shell:Creating environment descriptor '/home/joe/workspaces/ros2_ws/src/install/gaussian_blur/share/gaussian_blur/hook/ament_prefix_path.dsv'
[0.494s] INFO:colcon.colcon_core.shell:Creating environment hook '/home/joe/workspaces/ros2_ws/src/install/gaussian_blur/share/gaussian_blur/hook/ament_prefix_path.sh'
[0.494s] INFO:colcon.colcon_core.shell:Skip shell extension 'powershell' for command environment: Not usable outside of PowerShell
[0.494s] DEBUG:colcon.colcon_core.shell:Skip shell extension 'dsv' for command environment
[0.500s] INFO:colcon.colcon_ros.task.ament_python.build:Building ROS package in '/home/joe/workspaces/ros2_ws/src/py_controller_pub' with build type 'ament_python'
[0.500s] Level 1:colcon.colcon_core.shell:create_environment_hook('py_controller_pub', 'ament_prefix_path')
[0.500s] INFO:colcon.colcon_core.shell:Creating environment hook '/home/joe/workspaces/ros2_ws/src/install/py_controller_pub/share/py_controller_pub/hook/ament_prefix_path.ps1'
[0.501s] INFO:colcon.colcon_core.shell:Creating environment descriptor '/home/joe/workspaces/ros2_ws/src/install/py_controller_pub/share/py_controller_pub/hook/ament_prefix_path.dsv'
[0.501s] INFO:colcon.colcon_core.shell:Creating environment hook '/home/joe/workspaces/ros2_ws/src/install/py_controller_pub/share/py_controller_pub/hook/ament_prefix_path.sh'
[0.502s] INFO:colcon.colcon_core.shell:Skip shell extension 'powershell' for command environment: Not usable outside of PowerShell
[0.502s] DEBUG:colcon.colcon_core.shell:Skip shell extension 'dsv' for command environment
[0.508s] INFO:colcon.colcon_ros.task.ament_python.build:Building ROS package in '/home/joe/workspaces/ros2_ws/src/py_kinematics' with build type 'ament_python'
[0.508s] Level 1:colcon.colcon_core.shell:create_environment_hook('py_kinematics', 'ament_prefix_path')
[0.509s] INFO:colcon.colcon_core.shell:Creating environment hook '/home/joe/workspaces/ros2_ws/src/install/py_kinematics/share/py_kinematics/hook/ament_prefix_path.ps1'
[0.509s] INFO:colcon.colcon_core.shell:Creating environment descriptor '/home/joe/workspaces/ros2_ws/src/install/py_kinematics/share/py_kinematics/hook/ament_prefix_path.dsv'
[0.510s] INFO:colcon.colcon_core.shell:Creating environment hook '/home/joe/workspaces/ros2_ws/src/install/py_kinematics/share/py_kinematics/hook/ament_prefix_path.sh'
[0.511s] INFO:colcon.colcon_core.shell:Skip shell extension 'powershell' for command environment: Not usable outside of PowerShell
[0.511s] DEBUG:colcon.colcon_core.shell:Skip shell extension 'dsv' for command environment
[0.516s] INFO:colcon.colcon_ros.task.ament_python.build:Building ROS package in '/home/joe/workspaces/ros2_ws/src/py_launch' with build type 'ament_python'
[0.516s] Level 1:colcon.colcon_core.shell:create_environment_hook('py_launch', 'ament_prefix_path')
[0.517s] INFO:colcon.colcon_core.shell:Creating environment hook '/home/joe/workspaces/ros2_ws/src/install/py_launch/share/py_launch/hook/ament_prefix_path.ps1'
[0.517s] INFO:colcon.colcon_core.shell:Creating environment descriptor '/home/joe/workspaces/ros2_ws/src/install/py_launch/share/py_launch/hook/ament_prefix_path.dsv'
[0.518s] INFO:colcon.colcon_core.shell:Creating environment hook '/home/joe/workspaces/ros2_ws/src/install/py_launch/share/py_launch/hook/ament_prefix_path.sh'
[0.518s] INFO:colcon.colcon_core.shell:Skip shell extension 'powershell' for command environment: Not usable outside of PowerShell
[0.518s] DEBUG:colcon.colcon_core.shell:Skip shell extension 'dsv' for command environment
[0.524s] INFO:colcon.colcon_ros.task.ament_python.build:Building ROS package in '/home/joe/workspaces/ros2_ws/src/py_pid' with build type 'ament_python'
[0.525s] Level 1:colcon.colcon_core.shell:create_environment_hook('py_pid', 'ament_prefix_path')
[0.525s] INFO:colcon.colcon_core.shell:Creating environment hook '/home/joe/workspaces/ros2_ws/src/install/py_pid/share/py_pid/hook/ament_prefix_path.ps1'
[0.526s] INFO:colcon.colcon_core.shell:Creating environment descriptor '/home/joe/workspaces/ros2_ws/src/install/py_pid/share/py_pid/hook/ament_prefix_path.dsv'
[0.526s] INFO:colcon.colcon_core.shell:Creating environment hook '/home/joe/workspaces/ros2_ws/src/install/py_pid/share/py_pid/hook/ament_prefix_path.sh'
[0.527s] INFO:colcon.colcon_core.shell:Skip shell extension 'powershell' for command environment: Not usable outside of PowerShell
[0.527s] DEBUG:colcon.colcon_core.shell:Skip shell extension 'dsv' for command environment
[0.883s] INFO:colcon.colcon_core.task.python.build:Building Python package in '/home/joe/workspaces/ros2_ws/src/cv2_contour'
[0.883s] INFO:colcon.colcon_core.shell:Skip shell extension 'powershell' for command environment: Not usable outside of PowerShell
[0.883s] DEBUG:colcon.colcon_core.shell:Skip shell extension 'dsv' for command environment
[1.227s] INFO:colcon.colcon_core.task.python.build:Building Python package in '/home/joe/workspaces/ros2_ws/src/gaussian_blur'
[1.228s] INFO:colcon.colcon_core.shell:Skip shell extension 'powershell' for command environment: Not usable outside of PowerShell
[1.228s] DEBUG:colcon.colcon_core.shell:Skip shell extension 'dsv' for command environment
[1.561s] INFO:colcon.colcon_core.task.python.build:Building Python package in '/home/joe/workspaces/ros2_ws/src/py_controller_pub'
[1.561s] INFO:colcon.colcon_core.shell:Skip shell extension 'powershell' for command environment: Not usable outside of PowerShell
[1.562s] DEBUG:colcon.colcon_core.shell:Skip shell extension 'dsv' for command environment
[1.891s] INFO:colcon.colcon_core.task.python.build:Building Python package in '/home/joe/workspaces/ros2_ws/src/py_kinematics'
[1.892s] INFO:colcon.colcon_core.shell:Skip shell extension 'powershell' for command environment: Not usable outside of PowerShell
[1.892s] DEBUG:colcon.colcon_core.shell:Skip shell extension 'dsv' for command environment
[2.231s] INFO:colcon.colcon_core.task.python.build:Building Python package in '/home/joe/workspaces/ros2_ws/src/py_launch'
[2.232s] INFO:colcon.colcon_core.shell:Skip shell extension 'powershell' for command environment: Not usable outside of PowerShell
[2.232s] DEBUG:colcon.colcon_core.shell:Skip shell extension 'dsv' for command environment
[2.565s] INFO:colcon.colcon_core.task.python.build:Building Python package in '/home/joe/workspaces/ros2_ws/src/py_pid'
[2.565s] INFO:colcon.colcon_core.shell:Skip shell extension 'powershell' for command environment: Not usable outside of PowerShell
[2.565s] DEBUG:colcon.colcon_core.shell:Skip shell extension 'dsv' for command environment
[3.052s] DEBUG:colcon.colcon_core.event_handler.log_command:Invoking command in '/home/joe/workspaces/ros2_ws/src/gaussian_blur': PYTHONPATH=/home/joe/workspaces/ros2_ws/src/build/gaussian_blur/prefix_override:/home/joe/workspaces/ros2_ws/src/install/gaussian_blur/lib/python3.10/site-packages:${PYTHONPATH} /usr/bin/python3 -W ignore:setup.py install is deprecated setup.py egg_info --egg-base ../build/gaussian_blur build --build-base /home/joe/workspaces/ros2_ws/src/build/gaussian_blur/build install --record /home/joe/workspaces/ros2_ws/src/build/gaussian_blur/install.log --single-version-externally-managed install_data
[3.126s] DEBUG:colcon.colcon_core.event_handler.log_command:Invoking command in '/home/joe/workspaces/ros2_ws/src/py_pid': PYTHONPATH=/home/joe/workspaces/ros2_ws/src/build/py_pid/prefix_override:/home/joe/workspaces/ros2_ws/src/install/py_pid/lib/python3.10/site-packages:${PYTHONPATH} /usr/bin/python3 -W ignore:setup.py install is deprecated setup.py egg_info --egg-base ../build/py_pid build --build-base /home/joe/workspaces/ros2_ws/src/build/py_pid/build install --record /home/joe/workspaces/ros2_ws/src/build/py_pid/install.log --single-version-externally-managed install_data
[3.258s] DEBUG:colcon.colcon_core.event_handler.log_command:Invoking command in '/home/joe/workspaces/ros2_ws/src/py_controller_pub': PYTHONPATH=/home/joe/workspaces/ros2_ws/src/build/py_controller_pub/prefix_override:/home/joe/workspaces/ros2_ws/src/install/py_controller_pub/lib/python3.10/site-packages:${PYTHONPATH} /usr/bin/python3 -W ignore:setup.py install is deprecated setup.py egg_info --egg-base ../build/py_controller_pub build --build-base /home/joe/workspaces/ros2_ws/src/build/py_controller_pub/build install --record /home/joe/workspaces/ros2_ws/src/build/py_controller_pub/install.log --single-version-externally-managed install_data
[3.327s] DEBUG:colcon.colcon_core.event_handler.log_command:Invoking command in '/home/joe/workspaces/ros2_ws/src/py_kinematics': PYTHONPATH=/home/joe/workspaces/ros2_ws/src/build/py_kinematics/prefix_override:/home/joe/workspaces/ros2_ws/src/install/py_kinematics/lib/python3.10/site-packages:${PYTHONPATH} /usr/bin/python3 -W ignore:setup.py install is deprecated setup.py egg_info --egg-base ../build/py_kinematics build --build-base /home/joe/workspaces/ros2_ws/src/build/py_kinematics/build install --record /home/joe/workspaces/ros2_ws/src/build/py_kinematics/install.log --single-version-externally-managed install_data
[3.343s] DEBUG:colcon.colcon_core.event_handler.log_command:Invoking command in '/home/joe/workspaces/ros2_ws/src/cv2_contour': PYTHONPATH=/home/joe/workspaces/ros2_ws/src/build/cv2_contour/prefix_override:/home/joe/workspaces/ros2_ws/src/install/cv2_contour/lib/python3.10/site-packages:${PYTHONPATH} /usr/bin/python3 -W ignore:setup.py install is deprecated setup.py egg_info --egg-base ../build/cv2_contour build --build-base /home/joe/workspaces/ros2_ws/src/build/cv2_contour/build install --record /home/joe/workspaces/ros2_ws/src/build/cv2_contour/install.log --single-version-externally-managed install_data
[3.357s] DEBUG:colcon.colcon_core.event_handler.log_command:Invoking command in '/home/joe/workspaces/ros2_ws/src/py_launch': PYTHONPATH=/home/joe/workspaces/ros2_ws/src/build/py_launch/prefix_override:/home/joe/workspaces/ros2_ws/src/install/py_launch/lib/python3.10/site-packages:${PYTHONPATH} /usr/bin/python3 -W ignore:setup.py install is deprecated setup.py egg_info --egg-base ../build/py_launch build --build-base /home/joe/workspaces/ros2_ws/src/build/py_launch/build install --record /home/joe/workspaces/ros2_ws/src/build/py_launch/install.log --single-version-externally-managed install_data
[3.638s] DEBUG:colcon.colcon_core.event_handler.log_command:Invoked command in '/home/joe/workspaces/ros2_ws/src/py_pid' returned '0': PYTHONPATH=/home/joe/workspaces/ros2_ws/src/build/py_pid/prefix_override:/home/joe/workspaces/ros2_ws/src/install/py_pid/lib/python3.10/site-packages:${PYTHONPATH} /usr/bin/python3 -W ignore:setup.py install is deprecated setup.py egg_info --egg-base ../build/py_pid build --build-base /home/joe/workspaces/ros2_ws/src/build/py_pid/build install --record /home/joe/workspaces/ros2_ws/src/build/py_pid/install.log --single-version-externally-managed install_data
[3.643s] Level 1:colcon.colcon_core.environment:checking '/home/joe/workspaces/ros2_ws/src/install/py_pid' for CMake module files
[3.644s] Level 1:colcon.colcon_core.environment:checking '/home/joe/workspaces/ros2_ws/src/install/py_pid' for CMake config files
[3.646s] Level 1:colcon.colcon_core.environment:checking '/home/joe/workspaces/ros2_ws/src/install/py_pid/lib'
[3.646s] Level 1:colcon.colcon_core.environment:checking '/home/joe/workspaces/ros2_ws/src/install/py_pid/bin'
[3.646s] Level 1:colcon.colcon_core.environment:checking '/home/joe/workspaces/ros2_ws/src/install/py_pid/lib/pkgconfig/py_pid.pc'
[3.646s] Level 1:colcon.colcon_core.environment:checking '/home/joe/workspaces/ros2_ws/src/install/py_pid/lib/python3.10/site-packages'
[3.646s] Level 1:colcon.colcon_core.shell:create_environment_hook('py_pid', 'pythonpath')
[3.647s] INFO:colcon.colcon_core.shell:Creating environment hook '/home/joe/workspaces/ros2_ws/src/install/py_pid/share/py_pid/hook/pythonpath.ps1'
[3.647s] INFO:colcon.colcon_core.shell:Creating environment descriptor '/home/joe/workspaces/ros2_ws/src/install/py_pid/share/py_pid/hook/pythonpath.dsv'
[3.648s] INFO:colcon.colcon_core.shell:Creating environment hook '/home/joe/workspaces/ros2_ws/src/install/py_pid/share/py_pid/hook/pythonpath.sh'
[3.649s] Level 1:colcon.colcon_core.environment:checking '/home/joe/workspaces/ros2_ws/src/install/py_pid/bin'
[3.649s] Level 1:colcon.colcon_core.environment:create_environment_scripts_only(py_pid)
[3.650s] INFO:colcon.colcon_core.shell:Creating package script '/home/joe/workspaces/ros2_ws/src/install/py_pid/share/py_pid/package.ps1'
[3.652s] INFO:colcon.colcon_core.shell:Creating package descriptor '/home/joe/workspaces/ros2_ws/src/install/py_pid/share/py_pid/package.dsv'
[3.653s] INFO:colcon.colcon_core.shell:Creating package script '/home/joe/workspaces/ros2_ws/src/install/py_pid/share/py_pid/package.sh'
[3.654s] INFO:colcon.colcon_core.shell:Creating package script '/home/joe/workspaces/ros2_ws/src/install/py_pid/share/py_pid/package.bash'
[3.656s] INFO:colcon.colcon_core.shell:Creating package script '/home/joe/workspaces/ros2_ws/src/install/py_pid/share/py_pid/package.zsh'
[3.657s] Level 1:colcon.colcon_core.environment:create_file_with_runtime_dependencies(/home/joe/workspaces/ros2_ws/src/install/py_pid/share/colcon-core/packages/py_pid)
[3.700s] Level 1:colcon.colcon_core.environment:checking '/home/joe/workspaces/ros2_ws/src/install/gaussian_blur' for CMake module files
[3.701s] Level 1:colcon.colcon_core.environment:checking '/home/joe/workspaces/ros2_ws/src/install/gaussian_blur' for CMake config files
[3.702s] Level 1:colcon.colcon_core.environment:checking '/home/joe/workspaces/ros2_ws/src/install/gaussian_blur/lib'
[3.702s] Level 1:colcon.colcon_core.environment:checking '/home/joe/workspaces/ros2_ws/src/install/gaussian_blur/bin'
[3.702s] Level 1:colcon.colcon_core.environment:checking '/home/joe/workspaces/ros2_ws/src/install/gaussian_blur/lib/pkgconfig/gaussian_blur.pc'
[3.703s] Level 1:colcon.colcon_core.environment:checking '/home/joe/workspaces/ros2_ws/src/install/gaussian_blur/lib/python3.10/site-packages'
[3.703s] Level 1:colcon.colcon_core.shell:create_environment_hook('gaussian_blur', 'pythonpath')
[3.704s] INFO:colcon.colcon_core.shell:Creating environment hook '/home/joe/workspaces/ros2_ws/src/install/gaussian_blur/share/gaussian_blur/hook/pythonpath.ps1'
[3.704s] INFO:colcon.colcon_core.shell:Creating environment descriptor '/home/joe/workspaces/ros2_ws/src/install/gaussian_blur/share/gaussian_blur/hook/pythonpath.dsv'
[3.705s] INFO:colcon.colcon_core.shell:Creating environment hook '/home/joe/workspaces/ros2_ws/src/install/gaussian_blur/share/gaussian_blur/hook/pythonpath.sh'
[3.706s] Level 1:colcon.colcon_core.environment:checking '/home/joe/workspaces/ros2_ws/src/install/gaussian_blur/bin'
[3.706s] Level 1:colcon.colcon_core.environment:create_environment_scripts_only(gaussian_blur)
[3.707s] INFO:colcon.colcon_core.shell:Creating package script '/home/joe/workspaces/ros2_ws/src/install/gaussian_blur/share/gaussian_blur/package.ps1'
[3.708s] DEBUG:colcon.colcon_core.event_handler.log_command:Invoked command in '/home/joe/workspaces/ros2_ws/src/gaussian_blur' returned '0': PYTHONPATH=/home/joe/workspaces/ros2_ws/src/build/gaussian_blur/prefix_override:/home/joe/workspaces/ros2_ws/src/install/gaussian_blur/lib/python3.10/site-packages:${PYTHONPATH} /usr/bin/python3 -W ignore:setup.py install is deprecated setup.py egg_info --egg-base ../build/gaussian_blur build --build-base /home/joe/workspaces/ros2_ws/src/build/gaussian_blur/build install --record /home/joe/workspaces/ros2_ws/src/build/gaussian_blur/install.log --single-version-externally-managed install_data
[3.709s] INFO:colcon.colcon_core.shell:Creating package descriptor '/home/joe/workspaces/ros2_ws/src/install/gaussian_blur/share/gaussian_blur/package.dsv'
[3.710s] INFO:colcon.colcon_core.shell:Creating package script '/home/joe/workspaces/ros2_ws/src/install/gaussian_blur/share/gaussian_blur/package.sh'
[3.710s] INFO:colcon.colcon_core.shell:Creating package script '/home/joe/workspaces/ros2_ws/src/install/gaussian_blur/share/gaussian_blur/package.bash'
[3.711s] INFO:colcon.colcon_core.shell:Creating package script '/home/joe/workspaces/ros2_ws/src/install/gaussian_blur/share/gaussian_blur/package.zsh'
[3.711s] Level 1:colcon.colcon_core.environment:create_file_with_runtime_dependencies(/home/joe/workspaces/ros2_ws/src/install/gaussian_blur/share/colcon-core/packages/gaussian_blur)
[3.861s] Level 1:colcon.colcon_core.environment:checking '/home/joe/workspaces/ros2_ws/src/install/py_kinematics' for CMake module files
[3.862s] Level 1:colcon.colcon_core.environment:checking '/home/joe/workspaces/ros2_ws/src/install/py_kinematics' for CMake config files
[3.863s] Level 1:colcon.colcon_core.environment:checking '/home/joe/workspaces/ros2_ws/src/install/py_kinematics/lib'
[3.865s] DEBUG:colcon.colcon_core.event_handler.log_command:Invoked command in '/home/joe/workspaces/ros2_ws/src/py_kinematics' returned '0': PYTHONPATH=/home/joe/workspaces/ros2_ws/src/build/py_kinematics/prefix_override:/home/joe/workspaces/ros2_ws/src/install/py_kinematics/lib/python3.10/site-packages:${PYTHONPATH} /usr/bin/python3 -W ignore:setup.py install is deprecated setup.py egg_info --egg-base ../build/py_kinematics build --build-base /home/joe/workspaces/ros2_ws/src/build/py_kinematics/build install --record /home/joe/workspaces/ros2_ws/src/build/py_kinematics/install.log --single-version-externally-managed install_data
[3.865s] Level 1:colcon.colcon_core.environment:checking '/home/joe/workspaces/ros2_ws/src/install/py_kinematics/bin'
[3.866s] Level 1:colcon.colcon_core.environment:checking '/home/joe/workspaces/ros2_ws/src/install/py_kinematics/lib/pkgconfig/py_kinematics.pc'
[3.866s] Level 1:colcon.colcon_core.environment:checking '/home/joe/workspaces/ros2_ws/src/install/py_kinematics/lib/python3.10/site-packages'
[3.866s] Level 1:colcon.colcon_core.shell:create_environment_hook('py_kinematics', 'pythonpath')
[3.867s] INFO:colcon.colcon_core.shell:Creating environment hook '/home/joe/workspaces/ros2_ws/src/install/py_kinematics/share/py_kinematics/hook/pythonpath.ps1'
[3.871s] INFO:colcon.colcon_core.shell:Creating environment descriptor '/home/joe/workspaces/ros2_ws/src/install/py_kinematics/share/py_kinematics/hook/pythonpath.dsv'
[3.872s] INFO:colcon.colcon_core.shell:Creating environment hook '/home/joe/workspaces/ros2_ws/src/install/py_kinematics/share/py_kinematics/hook/pythonpath.sh'
[3.874s] Level 1:colcon.colcon_core.environment:checking '/home/joe/workspaces/ros2_ws/src/install/py_kinematics/bin'
[3.874s] Level 1:colcon.colcon_core.environment:create_environment_scripts_only(py_kinematics)
[3.874s] INFO:colcon.colcon_core.shell:Creating package script '/home/joe/workspaces/ros2_ws/src/install/py_kinematics/share/py_kinematics/package.ps1'
[3.877s] INFO:colcon.colcon_core.shell:Creating package descriptor '/home/joe/workspaces/ros2_ws/src/install/py_kinematics/share/py_kinematics/package.dsv'
[3.878s] INFO:colcon.colcon_core.shell:Creating package script '/home/joe/workspaces/ros2_ws/src/install/py_kinematics/share/py_kinematics/package.sh'
[3.879s] INFO:colcon.colcon_core.shell:Creating package script '/home/joe/workspaces/ros2_ws/src/install/py_kinematics/share/py_kinematics/package.bash'
[3.880s] INFO:colcon.colcon_core.shell:Creating package script '/home/joe/workspaces/ros2_ws/src/install/py_kinematics/share/py_kinematics/package.zsh'
[3.880s] Level 1:colcon.colcon_core.environment:create_file_with_runtime_dependencies(/home/joe/workspaces/ros2_ws/src/install/py_kinematics/share/colcon-core/packages/py_kinematics)
[3.961s] Level 1:colcon.colcon_core.environment:checking '/home/joe/workspaces/ros2_ws/src/install/py_controller_pub' for CMake module files
[3.963s] DEBUG:colcon.colcon_core.event_handler.log_command:Invoked command in '/home/joe/workspaces/ros2_ws/src/py_controller_pub' returned '0': PYTHONPATH=/home/joe/workspaces/ros2_ws/src/build/py_controller_pub/prefix_override:/home/joe/workspaces/ros2_ws/src/install/py_controller_pub/lib/python3.10/site-packages:${PYTHONPATH} /usr/bin/python3 -W ignore:setup.py install is deprecated setup.py egg_info --egg-base ../build/py_controller_pub build --build-base /home/joe/workspaces/ros2_ws/src/build/py_controller_pub/build install --record /home/joe/workspaces/ros2_ws/src/build/py_controller_pub/install.log --single-version-externally-managed install_data
[3.964s] Level 1:colcon.colcon_core.environment:checking '/home/joe/workspaces/ros2_ws/src/install/py_controller_pub' for CMake config files
[3.966s] Level 1:colcon.colcon_core.environment:checking '/home/joe/workspaces/ros2_ws/src/install/py_controller_pub/lib'
[3.967s] Level 1:colcon.colcon_core.environment:checking '/home/joe/workspaces/ros2_ws/src/install/py_controller_pub/bin'
[3.967s] Level 1:colcon.colcon_core.environment:checking '/home/joe/workspaces/ros2_ws/src/install/py_controller_pub/lib/pkgconfig/py_controller_pub.pc'
[3.968s] Level 1:colcon.colcon_core.environment:checking '/home/joe/workspaces/ros2_ws/src/install/py_controller_pub/lib/python3.10/site-packages'
[3.968s] Level 1:colcon.colcon_core.shell:create_environment_hook('py_controller_pub', 'pythonpath')
[3.969s] INFO:colcon.colcon_core.shell:Creating environment hook '/home/joe/workspaces/ros2_ws/src/install/py_controller_pub/share/py_controller_pub/hook/pythonpath.ps1'
[3.970s] INFO:colcon.colcon_core.shell:Creating environment descriptor '/home/joe/workspaces/ros2_ws/src/install/py_controller_pub/share/py_controller_pub/hook/pythonpath.dsv'
[3.971s] INFO:colcon.colcon_core.shell:Creating environment hook '/home/joe/workspaces/ros2_ws/src/install/py_controller_pub/share/py_controller_pub/hook/pythonpath.sh'
[3.972s] Level 1:colcon.colcon_core.environment:checking '/home/joe/workspaces/ros2_ws/src/install/py_controller_pub/bin'
[3.972s] Level 1:colcon.colcon_core.environment:create_environment_scripts_only(py_controller_pub)
[3.973s] INFO:colcon.colcon_core.shell:Creating package script '/home/joe/workspaces/ros2_ws/src/install/py_controller_pub/share/py_controller_pub/package.ps1'
[3.974s] INFO:colcon.colcon_core.shell:Creating package descriptor '/home/joe/workspaces/ros2_ws/src/install/py_controller_pub/share/py_controller_pub/package.dsv'
[3.974s] INFO:colcon.colcon_core.shell:Creating package script '/home/joe/workspaces/ros2_ws/src/install/py_controller_pub/share/py_controller_pub/package.sh'
[3.975s] INFO:colcon.colcon_core.shell:Creating package script '/home/joe/workspaces/ros2_ws/src/install/py_controller_pub/share/py_controller_pub/package.bash'
[3.976s] INFO:colcon.colcon_core.shell:Creating package script '/home/joe/workspaces/ros2_ws/src/install/py_controller_pub/share/py_controller_pub/package.zsh'
[3.976s] Level 1:colcon.colcon_core.environment:create_file_with_runtime_dependencies(/home/joe/workspaces/ros2_ws/src/install/py_controller_pub/share/colcon-core/packages/py_controller_pub)
[4.049s] Level 1:colcon.colcon_core.environment:checking '/home/joe/workspaces/ros2_ws/src/install/cv2_contour' for CMake module files
[4.050s] DEBUG:colcon.colcon_core.event_handler.log_command:Invoked command in '/home/joe/workspaces/ros2_ws/src/cv2_contour' returned '0': PYTHONPATH=/home/joe/workspaces/ros2_ws/src/build/cv2_contour/prefix_override:/home/joe/workspaces/ros2_ws/src/install/cv2_contour/lib/python3.10/site-packages:${PYTHONPATH} /usr/bin/python3 -W ignore:setup.py install is deprecated setup.py egg_info --egg-base ../build/cv2_contour build --build-base /home/joe/workspaces/ros2_ws/src/build/cv2_contour/build install --record /home/joe/workspaces/ros2_ws/src/build/cv2_contour/install.log --single-version-externally-managed install_data
[4.050s] Level 1:colcon.colcon_core.environment:checking '/home/joe/workspaces/ros2_ws/src/install/cv2_contour' for CMake config files
[4.051s] Level 1:colcon.colcon_core.environment:checking '/home/joe/workspaces/ros2_ws/src/install/cv2_contour/lib'
[4.051s] Level 1:colcon.colcon_core.environment:checking '/home/joe/workspaces/ros2_ws/src/install/cv2_contour/bin'
[4.052s] Level 1:colcon.colcon_core.environment:checking '/home/joe/workspaces/ros2_ws/src/install/cv2_contour/lib/pkgconfig/cv2_contour.pc'
[4.052s] Level 1:colcon.colcon_core.environment:checking '/home/joe/workspaces/ros2_ws/src/install/cv2_contour/lib/python3.10/site-packages'
[4.052s] Level 1:colcon.colcon_core.shell:create_environment_hook('cv2_contour', 'pythonpath')
[4.053s] INFO:colcon.colcon_core.shell:Creating environment hook '/home/joe/workspaces/ros2_ws/src/install/cv2_contour/share/cv2_contour/hook/pythonpath.ps1'
[4.053s] INFO:colcon.colcon_core.shell:Creating environment descriptor '/home/joe/workspaces/ros2_ws/src/install/cv2_contour/share/cv2_contour/hook/pythonpath.dsv'
[4.054s] INFO:colcon.colcon_core.shell:Creating environment hook '/home/joe/workspaces/ros2_ws/src/install/cv2_contour/share/cv2_contour/hook/pythonpath.sh'
[4.055s] Level 1:colcon.colcon_core.environment:checking '/home/joe/workspaces/ros2_ws/src/install/cv2_contour/bin'
[4.055s] Level 1:colcon.colcon_core.environment:create_environment_scripts_only(cv2_contour)
[4.056s] INFO:colcon.colcon_core.shell:Creating package script '/home/joe/workspaces/ros2_ws/src/install/cv2_contour/share/cv2_contour/package.ps1'
[4.057s] INFO:colcon.colcon_core.shell:Creating package descriptor '/home/joe/workspaces/ros2_ws/src/install/cv2_contour/share/cv2_contour/package.dsv'
[4.057s] INFO:colcon.colcon_core.shell:Creating package script '/home/joe/workspaces/ros2_ws/src/install/cv2_contour/share/cv2_contour/package.sh'
[4.058s] INFO:colcon.colcon_core.shell:Creating package script '/home/joe/workspaces/ros2_ws/src/install/cv2_contour/share/cv2_contour/package.bash'
[4.058s] INFO:colcon.colcon_core.shell:Creating package script '/home/joe/workspaces/ros2_ws/src/install/cv2_contour/share/cv2_contour/package.zsh'
[4.059s] Level 1:colcon.colcon_core.environment:create_file_with_runtime_dependencies(/home/joe/workspaces/ros2_ws/src/install/cv2_contour/share/colcon-core/packages/cv2_contour)
[4.061s] Level 1:colcon.colcon_core.environment:checking '/home/joe/workspaces/ros2_ws/src/install/py_launch' for CMake module files
[4.063s] DEBUG:colcon.colcon_core.event_handler.log_command:Invoked command in '/home/joe/workspaces/ros2_ws/src/py_launch' returned '0': PYTHONPATH=/home/joe/workspaces/ros2_ws/src/build/py_launch/prefix_override:/home/joe/workspaces/ros2_ws/src/install/py_launch/lib/python3.10/site-packages:${PYTHONPATH} /usr/bin/python3 -W ignore:setup.py install is deprecated setup.py egg_info --egg-base ../build/py_launch build --build-base /home/joe/workspaces/ros2_ws/src/build/py_launch/build install --record /home/joe/workspaces/ros2_ws/src/build/py_launch/install.log --single-version-externally-managed install_data
[4.063s] Level 1:colcon.colcon_core.environment:checking '/home/joe/workspaces/ros2_ws/src/install/py_launch' for CMake config files
[4.064s] Level 1:colcon.colcon_core.environment:checking '/home/joe/workspaces/ros2_ws/src/install/py_launch/lib'
[4.064s] Level 1:colcon.colcon_core.environment:checking '/home/joe/workspaces/ros2_ws/src/install/py_launch/bin'
[4.064s] Level 1:colcon.colcon_core.environment:checking '/home/joe/workspaces/ros2_ws/src/install/py_launch/lib/pkgconfig/py_launch.pc'
[4.065s] Level 1:colcon.colcon_core.environment:checking '/home/joe/workspaces/ros2_ws/src/install/py_launch/lib/python3.10/site-packages'
[4.065s] Level 1:colcon.colcon_core.shell:create_environment_hook('py_launch', 'pythonpath')
[4.065s] INFO:colcon.colcon_core.shell:Creating environment hook '/home/joe/workspaces/ros2_ws/src/install/py_launch/share/py_launch/hook/pythonpath.ps1'
[4.066s] INFO:colcon.colcon_core.shell:Creating environment descriptor '/home/joe/workspaces/ros2_ws/src/install/py_launch/share/py_launch/hook/pythonpath.dsv'
[4.067s] INFO:colcon.colcon_core.shell:Creating environment hook '/home/joe/workspaces/ros2_ws/src/install/py_launch/share/py_launch/hook/pythonpath.sh'
[4.068s] Level 1:colcon.colcon_core.environment:checking '/home/joe/workspaces/ros2_ws/src/install/py_launch/bin'
[4.068s] Level 1:colcon.colcon_core.environment:create_environment_scripts_only(py_launch)
[4.069s] INFO:colcon.colcon_core.shell:Creating package script '/home/joe/workspaces/ros2_ws/src/install/py_launch/share/py_launch/package.ps1'
[4.070s] INFO:colcon.colcon_core.shell:Creating package descriptor '/home/joe/workspaces/ros2_ws/src/install/py_launch/share/py_launch/package.dsv'
[4.071s] INFO:colcon.colcon_core.shell:Creating package script '/home/joe/workspaces/ros2_ws/src/install/py_launch/share/py_launch/package.sh'
[4.072s] INFO:colcon.colcon_core.shell:Creating package script '/home/joe/workspaces/ros2_ws/src/install/py_launch/share/py_launch/package.bash'
[4.072s] INFO:colcon.colcon_core.shell:Creating package script '/home/joe/workspaces/ros2_ws/src/install/py_launch/share/py_launch/package.zsh'
[4.073s] Level 1:colcon.colcon_core.environment:create_file_with_runtime_dependencies(/home/joe/workspaces/ros2_ws/src/install/py_launch/share/colcon-core/packages/py_launch)
[4.073s] DEBUG:colcon.colcon_parallel_executor.executor.parallel:closing loop
[4.074s] DEBUG:colcon.colcon_parallel_executor.executor.parallel:loop closed
[4.074s] DEBUG:colcon.colcon_parallel_executor.executor.parallel:run_until_complete finished with '0'
[4.074s] DEBUG:colcon.colcon_core.event_reactor:joining thread
[4.085s] INFO:colcon.colcon_core.plugin_system:Skipping extension 'colcon_notification.desktop_notification.terminal_notifier': Not used on non-Darwin systems
[4.085s] INFO:colcon.colcon_core.plugin_system:Skipping extension 'colcon_notification.desktop_notification.win32': Not used on non-Windows systems
[4.085s] INFO:colcon.colcon_notification.desktop_notification:Sending desktop notification using 'notify2'
[4.103s] DEBUG:colcon.colcon_core.event_reactor:joined thread
[4.103s] INFO:colcon.colcon_core.shell:Creating prefix script '/home/joe/workspaces/ros2_ws/src/install/local_setup.ps1'
[4.105s] INFO:colcon.colcon_core.shell:Creating prefix util module '/home/joe/workspaces/ros2_ws/src/install/_local_setup_util_ps1.py'
[4.107s] INFO:colcon.colcon_core.shell:Creating prefix chain script '/home/joe/workspaces/ros2_ws/src/install/setup.ps1'
[4.109s] INFO:colcon.colcon_core.shell:Creating prefix script '/home/joe/workspaces/ros2_ws/src/install/local_setup.sh'
[4.110s] INFO:colcon.colcon_core.shell:Creating prefix util module '/home/joe/workspaces/ros2_ws/src/install/_local_setup_util_sh.py'
[4.110s] INFO:colcon.colcon_core.shell:Creating prefix chain script '/home/joe/workspaces/ros2_ws/src/install/setup.sh'
[4.113s] INFO:colcon.colcon_core.shell:Creating prefix script '/home/joe/workspaces/ros2_ws/src/install/local_setup.bash'
[4.113s] INFO:colcon.colcon_core.shell:Creating prefix chain script '/home/joe/workspaces/ros2_ws/src/install/setup.bash'
[4.115s] INFO:colcon.colcon_core.shell:Creating prefix script '/home/joe/workspaces/ros2_ws/src/install/local_setup.zsh'
[4.116s] INFO:colcon.colcon_core.shell:Creating prefix chain script '/home/joe/workspaces/ros2_ws/src/install/setup.zsh'
