running egg_info
writing ../../build/our_arduino_driver/our_arduino_driver.egg-info/PKG-INFO
writing dependency_links to ../../build/our_arduino_driver/our_arduino_driver.egg-info/dependency_links.txt
writing entry points to ../../build/our_arduino_driver/our_arduino_driver.egg-info/entry_points.txt
writing requirements to ../../build/our_arduino_driver/our_arduino_driver.egg-info/requires.txt
writing top-level names to ../../build/our_arduino_driver/our_arduino_driver.egg-info/top_level.txt
reading manifest file '../../build/our_arduino_driver/our_arduino_driver.egg-info/SOURCES.txt'
writing manifest file '../../build/our_arduino_driver/our_arduino_driver.egg-info/SOURCES.txt'
running build
running build_py
copying our_arduino_driver/our_arduino_driver.py -> /home/joe/workspaces/ros2_ws/build/our_arduino_driver/build/lib/our_arduino_driver
running install
running install_lib
copying /home/joe/workspaces/ros2_ws/build/our_arduino_driver/build/lib/our_arduino_driver/our_arduino_driver.py -> /home/joe/workspaces/ros2_ws/install/our_arduino_driver/lib/python3.10/site-packages/our_arduino_driver
byte-compiling /home/joe/workspaces/ros2_ws/install/our_arduino_driver/lib/python3.10/site-packages/our_arduino_driver/our_arduino_driver.py to our_arduino_driver.cpython-310.pyc
running install_data
running install_egg_info
removing '/home/joe/workspaces/ros2_ws/install/our_arduino_driver/lib/python3.10/site-packages/our_arduino_driver-0.0.0-py3.10.egg-info' (and everything under it)
Copying ../../build/our_arduino_driver/our_arduino_driver.egg-info to /home/joe/workspaces/ros2_ws/install/our_arduino_driver/lib/python3.10/site-packages/our_arduino_driver-0.0.0-py3.10.egg-info
running install_scripts
Installing our_arduino_driver script to /home/joe/workspaces/ros2_ws/install/our_arduino_driver/lib/our_arduino_driver
writing list of installed files to '/home/joe/workspaces/ros2_ws/build/our_arduino_driver/install.log'
