[0.715s] Invoking command in '/home/joe/workspaces/ros2_ws/src/py_launch': PYTHONPATH=/home/joe/workspaces/ros2_ws/build/py_launch/prefix_override:/home/joe/workspaces/ros2_ws/install/py_launch/lib/python3.10/site-packages:${PYTHONPATH} /usr/bin/python3 -W ignore:setup.py install is deprecated setup.py egg_info --egg-base ../../build/py_launch build --build-base /home/joe/workspaces/ros2_ws/build/py_launch/build install --record /home/joe/workspaces/ros2_ws/build/py_launch/install.log --single-version-externally-managed install_data
[0.992s] running egg_info
[0.992s] creating ../../build/py_launch/py_launch.egg-info
[0.992s] writing ../../build/py_launch/py_launch.egg-info/PKG-INFO
[0.993s] writing dependency_links to ../../build/py_launch/py_launch.egg-info/dependency_links.txt
[0.993s] writing entry points to ../../build/py_launch/py_launch.egg-info/entry_points.txt
[0.993s] writing requirements to ../../build/py_launch/py_launch.egg-info/requires.txt
[0.993s] writing top-level names to ../../build/py_launch/py_launch.egg-info/top_level.txt
[0.993s] writing manifest file '../../build/py_launch/py_launch.egg-info/SOURCES.txt'
[0.995s] reading manifest file '../../build/py_launch/py_launch.egg-info/SOURCES.txt'
[0.996s] writing manifest file '../../build/py_launch/py_launch.egg-info/SOURCES.txt'
[0.996s] running build
[0.996s] running build_py
[0.996s] creating /home/joe/workspaces/ros2_ws/build/py_launch/build
[0.996s] creating /home/joe/workspaces/ros2_ws/build/py_launch/build/lib
[0.997s] creating /home/joe/workspaces/ros2_ws/build/py_launch/build/lib/py_launch
[0.997s] copying py_launch/__init__.py -> /home/joe/workspaces/ros2_ws/build/py_launch/build/lib/py_launch
[0.997s] copying py_launch/launch.py -> /home/joe/workspaces/ros2_ws/build/py_launch/build/lib/py_launch
[0.997s] running install
[0.997s] running install_lib
[0.998s] creating /home/joe/workspaces/ros2_ws/install/py_launch/lib/python3.10/site-packages/py_launch
[0.998s] copying /home/joe/workspaces/ros2_ws/build/py_launch/build/lib/py_launch/__init__.py -> /home/joe/workspaces/ros2_ws/install/py_launch/lib/python3.10/site-packages/py_launch
[0.998s] copying /home/joe/workspaces/ros2_ws/build/py_launch/build/lib/py_launch/launch.py -> /home/joe/workspaces/ros2_ws/install/py_launch/lib/python3.10/site-packages/py_launch
[0.998s] byte-compiling /home/joe/workspaces/ros2_ws/install/py_launch/lib/python3.10/site-packages/py_launch/__init__.py to __init__.cpython-310.pyc
[0.999s] byte-compiling /home/joe/workspaces/ros2_ws/install/py_launch/lib/python3.10/site-packages/py_launch/launch.py to launch.cpython-310.pyc
[0.999s] running install_data
[0.999s] creating /home/joe/workspaces/ros2_ws/install/py_launch/share/ament_index
[0.999s] creating /home/joe/workspaces/ros2_ws/install/py_launch/share/ament_index/resource_index
[0.999s] creating /home/joe/workspaces/ros2_ws/install/py_launch/share/ament_index/resource_index/packages
[0.999s] copying resource/py_launch -> /home/joe/workspaces/ros2_ws/install/py_launch/share/ament_index/resource_index/packages
[1.000s] copying package.xml -> /home/joe/workspaces/ros2_ws/install/py_launch/share/py_launch
[1.000s] copying py_launch/launch.py -> /home/joe/workspaces/ros2_ws/install/py_launch/share/py_launch
[1.000s] running install_egg_info
[1.001s] Copying ../../build/py_launch/py_launch.egg-info to /home/joe/workspaces/ros2_ws/install/py_launch/lib/python3.10/site-packages/py_launch-0.0.0-py3.10.egg-info
[1.002s] running install_scripts
[1.027s] writing list of installed files to '/home/joe/workspaces/ros2_ws/build/py_launch/install.log'
[1.056s] Invoked command in '/home/joe/workspaces/ros2_ws/src/py_launch' returned '0': PYTHONPATH=/home/joe/workspaces/ros2_ws/build/py_launch/prefix_override:/home/joe/workspaces/ros2_ws/install/py_launch/lib/python3.10/site-packages:${PYTHONPATH} /usr/bin/python3 -W ignore:setup.py install is deprecated setup.py egg_info --egg-base ../../build/py_launch build --build-base /home/joe/workspaces/ros2_ws/build/py_launch/build install --record /home/joe/workspaces/ros2_ws/build/py_launch/install.log --single-version-externally-managed install_data
