[2.485s] Invoking command in '/home/joe/workspaces/ros2_ws/src/py_kinematics': PYTHONPATH=/home/joe/workspaces/ros2_ws/build/py_kinematics/prefix_override:/home/joe/workspaces/ros2_ws/install/py_kinematics/lib/python3.10/site-packages:${PYTHONPATH} /usr/bin/python3 -W ignore:setup.py install is deprecated setup.py egg_info --egg-base ../../build/py_kinematics build --build-base /home/joe/workspaces/ros2_ws/build/py_kinematics/build install --record /home/joe/workspaces/ros2_ws/build/py_kinematics/install.log --single-version-externally-managed install_data
[2.903s] running egg_info
[2.903s] writing ../../build/py_kinematics/py_kinematics.egg-info/PKG-INFO
[2.904s] writing dependency_links to ../../build/py_kinematics/py_kinematics.egg-info/dependency_links.txt
[2.904s] writing entry points to ../../build/py_kinematics/py_kinematics.egg-info/entry_points.txt
[2.904s] writing requirements to ../../build/py_kinematics/py_kinematics.egg-info/requires.txt
[2.905s] writing top-level names to ../../build/py_kinematics/py_kinematics.egg-info/top_level.txt
[2.907s] reading manifest file '../../build/py_kinematics/py_kinematics.egg-info/SOURCES.txt'
[2.907s] writing manifest file '../../build/py_kinematics/py_kinematics.egg-info/SOURCES.txt'
[2.907s] running build
[2.907s] running build_py
[2.908s] running install
[2.908s] running install_lib
[2.908s] running install_data
[2.909s] running install_egg_info
[2.911s] removing '/home/joe/workspaces/ros2_ws/install/py_kinematics/lib/python3.10/site-packages/py_kinematics-0.0.0-py3.10.egg-info' (and everything under it)
[2.911s] Copying ../../build/py_kinematics/py_kinematics.egg-info to /home/joe/workspaces/ros2_ws/install/py_kinematics/lib/python3.10/site-packages/py_kinematics-0.0.0-py3.10.egg-info
[2.913s] running install_scripts
[2.956s] Installing kinematic_control script to /home/joe/workspaces/ros2_ws/install/py_kinematics/lib/py_kinematics
[2.957s] writing list of installed files to '/home/joe/workspaces/ros2_ws/build/py_kinematics/install.log'
[3.007s] Invoked command in '/home/joe/workspaces/ros2_ws/src/py_kinematics' returned '0': PYTHONPATH=/home/joe/workspaces/ros2_ws/build/py_kinematics/prefix_override:/home/joe/workspaces/ros2_ws/install/py_kinematics/lib/python3.10/site-packages:${PYTHONPATH} /usr/bin/python3 -W ignore:setup.py install is deprecated setup.py egg_info --egg-base ../../build/py_kinematics build --build-base /home/joe/workspaces/ros2_ws/build/py_kinematics/build install --record /home/joe/workspaces/ros2_ws/build/py_kinematics/install.log --single-version-externally-managed install_data
