[2.601s] Invoking command in '/home/joe/workspaces/ros2_ws/src/py_pid': PYTHONPATH=/home/joe/workspaces/ros2_ws/src/build/py_pid/prefix_override:/home/joe/workspaces/ros2_ws/src/install/py_pid/lib/python3.10/site-packages:${PYTHONPATH} /usr/bin/python3 -W ignore:setup.py install is deprecated setup.py egg_info --egg-base ../build/py_pid build --build-base /home/joe/workspaces/ros2_ws/src/build/py_pid/build install --record /home/joe/workspaces/ros2_ws/src/build/py_pid/install.log --single-version-externally-managed install_data
[3.057s] running egg_info
[3.060s] writing ../build/py_pid/py_pid.egg-info/PKG-INFO
[3.061s] writing dependency_links to ../build/py_pid/py_pid.egg-info/dependency_links.txt
[3.062s] writing entry points to ../build/py_pid/py_pid.egg-info/entry_points.txt
[3.063s] writing requirements to ../build/py_pid/py_pid.egg-info/requires.txt
[3.067s] writing top-level names to ../build/py_pid/py_pid.egg-info/top_level.txt
[3.069s] reading manifest file '../build/py_pid/py_pid.egg-info/SOURCES.txt'
[3.080s] writing manifest file '../build/py_pid/py_pid.egg-info/SOURCES.txt'
[3.081s] running build
[3.081s] running build_py
[3.081s] running install
[3.081s] running install_lib
[3.084s] running install_data
[3.084s] running install_egg_info
[3.086s] removing '/home/joe/workspaces/ros2_ws/src/install/py_pid/lib/python3.10/site-packages/py_pid-0.0.0-py3.10.egg-info' (and everything under it)
[3.086s] Copying ../build/py_pid/py_pid.egg-info to /home/joe/workspaces/ros2_ws/src/install/py_pid/lib/python3.10/site-packages/py_pid-0.0.0-py3.10.egg-info
[3.086s] running install_scripts
[3.120s] Installing ball_control_pid script to /home/joe/workspaces/ros2_ws/src/install/py_pid/lib/py_pid
[3.120s] writing list of installed files to '/home/joe/workspaces/ros2_ws/src/build/py_pid/install.log'
[3.201s] Invoked command in '/home/joe/workspaces/ros2_ws/src/py_pid' returned '0': PYTHONPATH=/home/joe/workspaces/ros2_ws/src/build/py_pid/prefix_override:/home/joe/workspaces/ros2_ws/src/install/py_pid/lib/python3.10/site-packages:${PYTHONPATH} /usr/bin/python3 -W ignore:setup.py install is deprecated setup.py egg_info --egg-base ../build/py_pid build --build-base /home/joe/workspaces/ros2_ws/src/build/py_pid/build install --record /home/joe/workspaces/ros2_ws/src/build/py_pid/install.log --single-version-externally-managed install_data
