[2.889s] Invoking command in '/home/joe/workspaces/ros2_ws/src/py_pid': PYTHONPATH=/home/joe/workspaces/ros2_ws/build/py_pid/prefix_override:/home/joe/workspaces/ros2_ws/install/py_pid/lib/python3.10/site-packages:${PYTHONPATH} /usr/bin/python3 -W ignore:setup.py install is deprecated setup.py egg_info --egg-base ../../build/py_pid build --build-base /home/joe/workspaces/ros2_ws/build/py_pid/build install --record /home/joe/workspaces/ros2_ws/build/py_pid/install.log --single-version-externally-managed install_data
[4.049s] running egg_info
[4.053s] writing ../../build/py_pid/py_pid.egg-info/PKG-INFO
[4.055s] writing dependency_links to ../../build/py_pid/py_pid.egg-info/dependency_links.txt
[4.055s] writing entry points to ../../build/py_pid/py_pid.egg-info/entry_points.txt
[4.056s] writing requirements to ../../build/py_pid/py_pid.egg-info/requires.txt
[4.057s] writing top-level names to ../../build/py_pid/py_pid.egg-info/top_level.txt
[4.069s] reading manifest file '../../build/py_pid/py_pid.egg-info/SOURCES.txt'
[4.073s] writing manifest file '../../build/py_pid/py_pid.egg-info/SOURCES.txt'
[4.074s] running build
[4.074s] running build_py
[4.075s] copying py_pid/controller_pid.py -> /home/joe/workspaces/ros2_ws/build/py_pid/build/lib/py_pid
[4.077s] running install
[4.079s] running install_lib
[4.082s] copying /home/joe/workspaces/ros2_ws/build/py_pid/build/lib/py_pid/controller_pid.py -> /home/joe/workspaces/ros2_ws/install/py_pid/lib/python3.10/site-packages/py_pid
[4.085s] byte-compiling /home/joe/workspaces/ros2_ws/install/py_pid/lib/python3.10/site-packages/py_pid/controller_pid.py to controller_pid.cpython-310.pyc
[4.089s] running install_data
[4.089s] running install_egg_info
[4.097s] removing '/home/joe/workspaces/ros2_ws/install/py_pid/lib/python3.10/site-packages/py_pid-0.0.0-py3.10.egg-info' (and everything under it)
[4.098s] Copying ../../build/py_pid/py_pid.egg-info to /home/joe/workspaces/ros2_ws/install/py_pid/lib/python3.10/site-packages/py_pid-0.0.0-py3.10.egg-info
[4.102s] running install_scripts
[4.195s] Installing ball_control_pid script to /home/joe/workspaces/ros2_ws/install/py_pid/lib/py_pid
[4.196s] writing list of installed files to '/home/joe/workspaces/ros2_ws/build/py_pid/install.log'
[4.294s] Invoked command in '/home/joe/workspaces/ros2_ws/src/py_pid' returned '0': PYTHONPATH=/home/joe/workspaces/ros2_ws/build/py_pid/prefix_override:/home/joe/workspaces/ros2_ws/install/py_pid/lib/python3.10/site-packages:${PYTHONPATH} /usr/bin/python3 -W ignore:setup.py install is deprecated setup.py egg_info --egg-base ../../build/py_pid build --build-base /home/joe/workspaces/ros2_ws/build/py_pid/build install --record /home/joe/workspaces/ros2_ws/build/py_pid/install.log --single-version-externally-managed install_data
