[1.992s] Invoking command in '/home/joe/workspaces/ros2_ws/src/py_kinematics': PYTHONPATH=/home/joe/workspaces/ros2_ws/src/build/py_kinematics/prefix_override:/home/joe/workspaces/ros2_ws/src/install/py_kinematics/lib/python3.10/site-packages:${PYTHONPATH} /usr/bin/python3 -W ignore:setup.py install is deprecated setup.py egg_info --egg-base ../build/py_kinematics build --build-base /home/joe/workspaces/ros2_ws/src/build/py_kinematics/build install --record /home/joe/workspaces/ros2_ws/src/build/py_kinematics/install.log --single-version-externally-managed install_data
[2.314s] running egg_info
[2.316s] writing ../build/py_kinematics/py_kinematics.egg-info/PKG-INFO
[2.316s] writing dependency_links to ../build/py_kinematics/py_kinematics.egg-info/dependency_links.txt
[2.317s] writing entry points to ../build/py_kinematics/py_kinematics.egg-info/entry_points.txt
[2.318s] writing requirements to ../build/py_kinematics/py_kinematics.egg-info/requires.txt
[2.318s] writing top-level names to ../build/py_kinematics/py_kinematics.egg-info/top_level.txt
[2.320s] reading manifest file '../build/py_kinematics/py_kinematics.egg-info/SOURCES.txt'
[2.322s] writing manifest file '../build/py_kinematics/py_kinematics.egg-info/SOURCES.txt'
[2.323s] running build
[2.323s] running build_py
[2.323s] copying py_kinematics/kinematic_functions.py -> /home/joe/workspaces/ros2_ws/src/build/py_kinematics/build/lib/py_kinematics
[2.323s] running install
[2.324s] running install_lib
[2.325s] copying /home/joe/workspaces/ros2_ws/src/build/py_kinematics/build/lib/py_kinematics/kinematic_functions.py -> /home/joe/workspaces/ros2_ws/src/install/py_kinematics/lib/python3.10/site-packages/py_kinematics
[2.326s] byte-compiling /home/joe/workspaces/ros2_ws/src/install/py_kinematics/lib/python3.10/site-packages/py_kinematics/kinematic_functions.py to kinematic_functions.cpython-310.pyc
[2.329s] running install_data
[2.329s] running install_egg_info
[2.332s] removing '/home/joe/workspaces/ros2_ws/src/install/py_kinematics/lib/python3.10/site-packages/py_kinematics-0.0.0-py3.10.egg-info' (and everything under it)
[2.332s] Copying ../build/py_kinematics/py_kinematics.egg-info to /home/joe/workspaces/ros2_ws/src/install/py_kinematics/lib/python3.10/site-packages/py_kinematics-0.0.0-py3.10.egg-info
[2.334s] running install_scripts
[2.369s] Installing kinematic_control script to /home/joe/workspaces/ros2_ws/src/install/py_kinematics/lib/py_kinematics
[2.369s] writing list of installed files to '/home/joe/workspaces/ros2_ws/src/build/py_kinematics/install.log'
[2.421s] Invoked command in '/home/joe/workspaces/ros2_ws/src/py_kinematics' returned '0': PYTHONPATH=/home/joe/workspaces/ros2_ws/src/build/py_kinematics/prefix_override:/home/joe/workspaces/ros2_ws/src/install/py_kinematics/lib/python3.10/site-packages:${PYTHONPATH} /usr/bin/python3 -W ignore:setup.py install is deprecated setup.py egg_info --egg-base ../build/py_kinematics build --build-base /home/joe/workspaces/ros2_ws/src/build/py_kinematics/build install --record /home/joe/workspaces/ros2_ws/src/build/py_kinematics/install.log --single-version-externally-managed install_data
