[3.141s] Invoking command in '/home/joe/workspaces/ros2_ws/src/our_arduino_driver': PYTHONPATH=/home/joe/workspaces/ros2_ws/build/our_arduino_driver/prefix_override:/home/joe/workspaces/ros2_ws/install/our_arduino_driver/lib/python3.10/site-packages:${PYTHONPATH} /usr/bin/python3 -W ignore:setup.py install is deprecated setup.py egg_info --egg-base ../../build/our_arduino_driver build --build-base /home/joe/workspaces/ros2_ws/build/our_arduino_driver/build install --record /home/joe/workspaces/ros2_ws/build/our_arduino_driver/install.log --single-version-externally-managed install_data
[3.696s] running egg_info
[3.697s] writing ../../build/our_arduino_driver/our_arduino_driver.egg-info/PKG-INFO
[3.698s] writing dependency_links to ../../build/our_arduino_driver/our_arduino_driver.egg-info/dependency_links.txt
[3.700s] writing entry points to ../../build/our_arduino_driver/our_arduino_driver.egg-info/entry_points.txt
[3.700s] writing requirements to ../../build/our_arduino_driver/our_arduino_driver.egg-info/requires.txt
[3.701s] writing top-level names to ../../build/our_arduino_driver/our_arduino_driver.egg-info/top_level.txt
[3.701s] reading manifest file '../../build/our_arduino_driver/our_arduino_driver.egg-info/SOURCES.txt'
[3.705s] writing manifest file '../../build/our_arduino_driver/our_arduino_driver.egg-info/SOURCES.txt'
[3.706s] running build
[3.706s] running build_py
[3.706s] running install
[3.706s] running install_lib
[3.711s] running install_data
[3.711s] running install_egg_info
[3.714s] removing '/home/joe/workspaces/ros2_ws/install/our_arduino_driver/lib/python3.10/site-packages/our_arduino_driver-0.0.0-py3.10.egg-info' (and everything under it)
[3.714s] Copying ../../build/our_arduino_driver/our_arduino_driver.egg-info to /home/joe/workspaces/ros2_ws/install/our_arduino_driver/lib/python3.10/site-packages/our_arduino_driver-0.0.0-py3.10.egg-info
[3.716s] running install_scripts
[3.765s] Installing our_arduino_driver script to /home/joe/workspaces/ros2_ws/install/our_arduino_driver/lib/our_arduino_driver
[3.766s] writing list of installed files to '/home/joe/workspaces/ros2_ws/build/our_arduino_driver/install.log'
[3.838s] Invoked command in '/home/joe/workspaces/ros2_ws/src/our_arduino_driver' returned '0': PYTHONPATH=/home/joe/workspaces/ros2_ws/build/our_arduino_driver/prefix_override:/home/joe/workspaces/ros2_ws/install/our_arduino_driver/lib/python3.10/site-packages:${PYTHONPATH} /usr/bin/python3 -W ignore:setup.py install is deprecated setup.py egg_info --egg-base ../../build/our_arduino_driver build --build-base /home/joe/workspaces/ros2_ws/build/our_arduino_driver/build install --record /home/joe/workspaces/ros2_ws/build/our_arduino_driver/install.log --single-version-externally-managed install_data
