[3.587s] Invoking command in '/home/joe/workspaces/ros2_ws/src/py_launch': PYTHONPATH=/home/joe/workspaces/ros2_ws/build/py_launch/prefix_override:/home/joe/workspaces/ros2_ws/install/py_launch/lib/python3.10/site-packages:${PYTHONPATH} /usr/bin/python3 -W ignore:setup.py install is deprecated setup.py egg_info --egg-base ../../build/py_launch build --build-base /home/joe/workspaces/ros2_ws/build/py_launch/build install --record /home/joe/workspaces/ros2_ws/build/py_launch/install.log --single-version-externally-managed install_data
[4.252s] running egg_info
[4.255s] writing ../../build/py_launch/py_launch.egg-info/PKG-INFO
[4.255s] writing dependency_links to ../../build/py_launch/py_launch.egg-info/dependency_links.txt
[4.256s] writing entry points to ../../build/py_launch/py_launch.egg-info/entry_points.txt
[4.256s] writing requirements to ../../build/py_launch/py_launch.egg-info/requires.txt
[4.257s] writing top-level names to ../../build/py_launch/py_launch.egg-info/top_level.txt
[4.261s] reading manifest file '../../build/py_launch/py_launch.egg-info/SOURCES.txt'
[4.270s] writing manifest file '../../build/py_launch/py_launch.egg-info/SOURCES.txt'
[4.270s] running build
[4.271s] running build_py
[4.271s] copying py_launch/launch.py -> /home/joe/workspaces/ros2_ws/build/py_launch/build/lib/py_launch
[4.272s] running install
[4.272s] running install_lib
[4.273s] copying /home/joe/workspaces/ros2_ws/build/py_launch/build/lib/py_launch/launch.py -> /home/joe/workspaces/ros2_ws/install/py_launch/lib/python3.10/site-packages/py_launch
[4.291s] byte-compiling /home/joe/workspaces/ros2_ws/install/py_launch/lib/python3.10/site-packages/py_launch/launch.py to launch.cpython-310.pyc
[4.292s] running install_data
[4.292s] copying py_launch/launch.py -> /home/joe/workspaces/ros2_ws/install/py_launch/share/py_launch
[4.293s] running install_egg_info
[4.306s] removing '/home/joe/workspaces/ros2_ws/install/py_launch/lib/python3.10/site-packages/py_launch-0.0.0-py3.10.egg-info' (and everything under it)
[4.306s] Copying ../../build/py_launch/py_launch.egg-info to /home/joe/workspaces/ros2_ws/install/py_launch/lib/python3.10/site-packages/py_launch-0.0.0-py3.10.egg-info
[4.324s] running install_scripts
[4.391s] writing list of installed files to '/home/joe/workspaces/ros2_ws/build/py_launch/install.log'
[5.128s] Invoked command in '/home/joe/workspaces/ros2_ws/src/py_launch' returned '0': PYTHONPATH=/home/joe/workspaces/ros2_ws/build/py_launch/prefix_override:/home/joe/workspaces/ros2_ws/install/py_launch/lib/python3.10/site-packages:${PYTHONPATH} /usr/bin/python3 -W ignore:setup.py install is deprecated setup.py egg_info --egg-base ../../build/py_launch build --build-base /home/joe/workspaces/ros2_ws/build/py_launch/build install --record /home/joe/workspaces/ros2_ws/build/py_launch/install.log --single-version-externally-managed install_data
