[2.325s] Invoking command in '/home/joe/workspaces/ros2_ws/src/py_pid': PYTHONPATH=/home/joe/workspaces/ros2_ws/src/build/py_pid/prefix_override:/home/joe/workspaces/ros2_ws/src/install/py_pid/lib/python3.10/site-packages:${PYTHONPATH} /usr/bin/python3 -W ignore:setup.py install is deprecated setup.py egg_info --egg-base ../build/py_pid build --build-base /home/joe/workspaces/ros2_ws/src/build/py_pid/build install --record /home/joe/workspaces/ros2_ws/src/build/py_pid/install.log --single-version-externally-managed install_data
[2.715s] running egg_info
[2.716s] writing ../build/py_pid/py_pid.egg-info/PKG-INFO
[2.717s] writing dependency_links to ../build/py_pid/py_pid.egg-info/dependency_links.txt
[2.717s] writing entry points to ../build/py_pid/py_pid.egg-info/entry_points.txt
[2.717s] writing requirements to ../build/py_pid/py_pid.egg-info/requires.txt
[2.718s] writing top-level names to ../build/py_pid/py_pid.egg-info/top_level.txt
[2.720s] reading manifest file '../build/py_pid/py_pid.egg-info/SOURCES.txt'
[2.722s] writing manifest file '../build/py_pid/py_pid.egg-info/SOURCES.txt'
[2.722s] running build
[2.722s] running build_py
[2.722s] copying py_pid/controller_pid.py -> /home/joe/workspaces/ros2_ws/src/build/py_pid/build/lib/py_pid
[2.723s] running install
[2.723s] running install_lib
[2.724s] copying /home/joe/workspaces/ros2_ws/src/build/py_pid/build/lib/py_pid/controller_pid.py -> /home/joe/workspaces/ros2_ws/src/install/py_pid/lib/python3.10/site-packages/py_pid
[2.725s] byte-compiling /home/joe/workspaces/ros2_ws/src/install/py_pid/lib/python3.10/site-packages/py_pid/controller_pid.py to controller_pid.cpython-310.pyc
[2.726s] running install_data
[2.726s] running install_egg_info
[2.728s] removing '/home/joe/workspaces/ros2_ws/src/install/py_pid/lib/python3.10/site-packages/py_pid-0.0.0-py3.10.egg-info' (and everything under it)
[2.729s] Copying ../build/py_pid/py_pid.egg-info to /home/joe/workspaces/ros2_ws/src/install/py_pid/lib/python3.10/site-packages/py_pid-0.0.0-py3.10.egg-info
[2.730s] running install_scripts
[2.756s] Installing ball_control_pid script to /home/joe/workspaces/ros2_ws/src/install/py_pid/lib/py_pid
[2.757s] writing list of installed files to '/home/joe/workspaces/ros2_ws/src/build/py_pid/install.log'
[2.795s] Invoked command in '/home/joe/workspaces/ros2_ws/src/py_pid' returned '0': PYTHONPATH=/home/joe/workspaces/ros2_ws/src/build/py_pid/prefix_override:/home/joe/workspaces/ros2_ws/src/install/py_pid/lib/python3.10/site-packages:${PYTHONPATH} /usr/bin/python3 -W ignore:setup.py install is deprecated setup.py egg_info --egg-base ../build/py_pid build --build-base /home/joe/workspaces/ros2_ws/src/build/py_pid/build install --record /home/joe/workspaces/ros2_ws/src/build/py_pid/install.log --single-version-externally-managed install_data
