[2.181s] Invoking command in '/home/joe/workspaces/ros2_ws/src/py_controller_pub': PYTHONPATH=/home/joe/workspaces/ros2_ws/src/build/py_controller_pub/prefix_override:/home/joe/workspaces/ros2_ws/src/install/py_controller_pub/lib/python3.10/site-packages:${PYTHONPATH} /usr/bin/python3 -W ignore:setup.py install is deprecated setup.py egg_info --egg-base ../build/py_controller_pub build --build-base /home/joe/workspaces/ros2_ws/src/build/py_controller_pub/build install --record /home/joe/workspaces/ros2_ws/src/build/py_controller_pub/install.log --single-version-externally-managed install_data
[2.543s] running egg_info
[2.544s] writing ../build/py_controller_pub/py_controller_pub.egg-info/PKG-INFO
[2.544s] writing dependency_links to ../build/py_controller_pub/py_controller_pub.egg-info/dependency_links.txt
[2.544s] writing entry points to ../build/py_controller_pub/py_controller_pub.egg-info/entry_points.txt
[2.545s] writing requirements to ../build/py_controller_pub/py_controller_pub.egg-info/requires.txt
[2.545s] writing top-level names to ../build/py_controller_pub/py_controller_pub.egg-info/top_level.txt
[2.547s] reading manifest file '../build/py_controller_pub/py_controller_pub.egg-info/SOURCES.txt'
[2.547s] adding license file 'LICENSE'
[2.548s] writing manifest file '../build/py_controller_pub/py_controller_pub.egg-info/SOURCES.txt'
[2.548s] running build
[2.549s] running build_py
[2.549s] running install
[2.549s] running install_lib
[2.551s] running install_data
[2.551s] running install_egg_info
[2.553s] removing '/home/joe/workspaces/ros2_ws/src/install/py_controller_pub/lib/python3.10/site-packages/py_controller_pub-0.0.0-py3.10.egg-info' (and everything under it)
[2.554s] Copying ../build/py_controller_pub/py_controller_pub.egg-info to /home/joe/workspaces/ros2_ws/src/install/py_controller_pub/lib/python3.10/site-packages/py_controller_pub-0.0.0-py3.10.egg-info
[2.555s] running install_scripts
[2.584s] Installing arduino_controller script to /home/joe/workspaces/ros2_ws/src/install/py_controller_pub/lib/py_controller_pub
[2.585s] writing list of installed files to '/home/joe/workspaces/ros2_ws/src/build/py_controller_pub/install.log'
[2.625s] Invoked command in '/home/joe/workspaces/ros2_ws/src/py_controller_pub' returned '0': PYTHONPATH=/home/joe/workspaces/ros2_ws/src/build/py_controller_pub/prefix_override:/home/joe/workspaces/ros2_ws/src/install/py_controller_pub/lib/python3.10/site-packages:${PYTHONPATH} /usr/bin/python3 -W ignore:setup.py install is deprecated setup.py egg_info --egg-base ../build/py_controller_pub build --build-base /home/joe/workspaces/ros2_ws/src/build/py_controller_pub/build install --record /home/joe/workspaces/ros2_ws/src/build/py_controller_pub/install.log --single-version-externally-managed install_data
