running egg_info
writing ../../build/py_controller_pub/py_controller_pub.egg-info/PKG-INFO
writing dependency_links to ../../build/py_controller_pub/py_controller_pub.egg-info/dependency_links.txt
writing entry points to ../../build/py_controller_pub/py_controller_pub.egg-info/entry_points.txt
writing requirements to ../../build/py_controller_pub/py_controller_pub.egg-info/requires.txt
writing top-level names to ../../build/py_controller_pub/py_controller_pub.egg-info/top_level.txt
reading manifest file '../../build/py_controller_pub/py_controller_pub.egg-info/SOURCES.txt'
adding license file 'LICENSE'
writing manifest file '../../build/py_controller_pub/py_controller_pub.egg-info/SOURCES.txt'
running build
running build_py
running install
running install_lib
running install_data
running install_egg_info
removing '/home/joe/workspaces/ros2_ws/install/py_controller_pub/lib/python3.10/site-packages/py_controller_pub-0.0.0-py3.10.egg-info' (and everything under it)
Copying ../../build/py_controller_pub/py_controller_pub.egg-info to /home/joe/workspaces/ros2_ws/install/py_controller_pub/lib/python3.10/site-packages/py_controller_pub-0.0.0-py3.10.egg-info
running install_scripts
Installing talker script to /home/joe/workspaces/ros2_ws/install/py_controller_pub/lib/py_controller_pub
writing list of installed files to '/home/joe/workspaces/ros2_ws/build/py_controller_pub/install.log'
