[3.478s] Invoking command in '/home/joe/workspaces/ros2_ws/src/py_pid': PYTHONPATH=/home/joe/workspaces/ros2_ws/build/py_pid/prefix_override:/home/joe/workspaces/ros2_ws/install/py_pid/lib/python3.10/site-packages:${PYTHONPATH} /usr/bin/python3 -W ignore:setup.py install is deprecated setup.py egg_info --egg-base ../../build/py_pid build --build-base /home/joe/workspaces/ros2_ws/build/py_pid/build install --record /home/joe/workspaces/ros2_ws/build/py_pid/install.log --single-version-externally-managed install_data
[4.149s] running egg_info
[4.149s] writing ../../build/py_pid/py_pid.egg-info/PKG-INFO
[4.149s] writing dependency_links to ../../build/py_pid/py_pid.egg-info/dependency_links.txt
[4.149s] writing entry points to ../../build/py_pid/py_pid.egg-info/entry_points.txt
[4.149s] writing requirements to ../../build/py_pid/py_pid.egg-info/requires.txt
[4.150s] writing top-level names to ../../build/py_pid/py_pid.egg-info/top_level.txt
[4.150s] reading manifest file '../../build/py_pid/py_pid.egg-info/SOURCES.txt'
[4.150s] writing manifest file '../../build/py_pid/py_pid.egg-info/SOURCES.txt'
[4.150s] running build
[4.150s] running build_py
[4.151s] running install
[4.151s] running install_lib
[4.151s] running install_data
[4.151s] running install_egg_info
[4.151s] removing '/home/joe/workspaces/ros2_ws/install/py_pid/lib/python3.10/site-packages/py_pid-0.0.0-py3.10.egg-info' (and everything under it)
[4.151s] Copying ../../build/py_pid/py_pid.egg-info to /home/joe/workspaces/ros2_ws/install/py_pid/lib/python3.10/site-packages/py_pid-0.0.0-py3.10.egg-info
[4.152s] running install_scripts
[4.152s] Installing ball_control_pid script to /home/joe/workspaces/ros2_ws/install/py_pid/lib/py_pid
[4.152s] writing list of installed files to '/home/joe/workspaces/ros2_ws/build/py_pid/install.log'
[4.240s] Invoked command in '/home/joe/workspaces/ros2_ws/src/py_pid' returned '0': PYTHONPATH=/home/joe/workspaces/ros2_ws/build/py_pid/prefix_override:/home/joe/workspaces/ros2_ws/install/py_pid/lib/python3.10/site-packages:${PYTHONPATH} /usr/bin/python3 -W ignore:setup.py install is deprecated setup.py egg_info --egg-base ../../build/py_pid build --build-base /home/joe/workspaces/ros2_ws/build/py_pid/build install --record /home/joe/workspaces/ros2_ws/build/py_pid/install.log --single-version-externally-managed install_data
