[0.723s] Invoking command in '/home/joe/workspaces/ros2_ws/src/py_kinematics': PYTHONPATH=/home/joe/workspaces/ros2_ws/build/py_kinematics/prefix_override:/home/joe/workspaces/ros2_ws/install/py_kinematics/lib/python3.10/site-packages:${PYTHONPATH} /usr/bin/python3 -W ignore:setup.py install is deprecated setup.py egg_info --egg-base ../../build/py_kinematics build --build-base /home/joe/workspaces/ros2_ws/build/py_kinematics/build install --record /home/joe/workspaces/ros2_ws/build/py_kinematics/install.log --single-version-externally-managed install_data
[1.008s] running egg_info
[1.009s] writing ../../build/py_kinematics/py_kinematics.egg-info/PKG-INFO
[1.009s] writing dependency_links to ../../build/py_kinematics/py_kinematics.egg-info/dependency_links.txt
[1.009s] writing entry points to ../../build/py_kinematics/py_kinematics.egg-info/entry_points.txt
[1.009s] writing requirements to ../../build/py_kinematics/py_kinematics.egg-info/requires.txt
[1.010s] writing top-level names to ../../build/py_kinematics/py_kinematics.egg-info/top_level.txt
[1.012s] reading manifest file '../../build/py_kinematics/py_kinematics.egg-info/SOURCES.txt'
[1.013s] writing manifest file '../../build/py_kinematics/py_kinematics.egg-info/SOURCES.txt'
[1.013s] running build
[1.013s] running build_py
[1.014s] running install
[1.014s] running install_lib
[1.015s] running install_data
[1.016s] copying package.xml -> /home/joe/workspaces/ros2_ws/install/py_kinematics/share/py_kinematics
[1.016s] running install_egg_info
[1.018s] removing '/home/joe/workspaces/ros2_ws/install/py_kinematics/lib/python3.10/site-packages/py_kinematics-0.0.0-py3.10.egg-info' (and everything under it)
[1.018s] Copying ../../build/py_kinematics/py_kinematics.egg-info to /home/joe/workspaces/ros2_ws/install/py_kinematics/lib/python3.10/site-packages/py_kinematics-0.0.0-py3.10.egg-info
[1.019s] running install_scripts
[1.044s] Installing kinematic_controller script to /home/joe/workspaces/ros2_ws/install/py_kinematics/lib/py_kinematics
[1.045s] writing list of installed files to '/home/joe/workspaces/ros2_ws/build/py_kinematics/install.log'
[1.074s] Invoked command in '/home/joe/workspaces/ros2_ws/src/py_kinematics' returned '0': PYTHONPATH=/home/joe/workspaces/ros2_ws/build/py_kinematics/prefix_override:/home/joe/workspaces/ros2_ws/install/py_kinematics/lib/python3.10/site-packages:${PYTHONPATH} /usr/bin/python3 -W ignore:setup.py install is deprecated setup.py egg_info --egg-base ../../build/py_kinematics build --build-base /home/joe/workspaces/ros2_ws/build/py_kinematics/build install --record /home/joe/workspaces/ros2_ws/build/py_kinematics/install.log --single-version-externally-managed install_data
