[0.704s] Invoking command in '/home/joe/workspaces/ros2_ws/src/py_controller_pub': PYTHONPATH=/home/joe/workspaces/ros2_ws/build/py_controller_pub/prefix_override:/home/joe/workspaces/ros2_ws/install/py_controller_pub/lib/python3.10/site-packages:${PYTHONPATH} /usr/bin/python3 -W ignore:setup.py install is deprecated setup.py egg_info --egg-base ../../build/py_controller_pub build --build-base /home/joe/workspaces/ros2_ws/build/py_controller_pub/build install --record /home/joe/workspaces/ros2_ws/build/py_controller_pub/install.log --single-version-externally-managed install_data
[0.987s] running egg_info
[0.987s] writing ../../build/py_controller_pub/py_controller_pub.egg-info/PKG-INFO
[0.988s] writing dependency_links to ../../build/py_controller_pub/py_controller_pub.egg-info/dependency_links.txt
[0.988s] writing entry points to ../../build/py_controller_pub/py_controller_pub.egg-info/entry_points.txt
[0.988s] writing requirements to ../../build/py_controller_pub/py_controller_pub.egg-info/requires.txt
[0.988s] writing top-level names to ../../build/py_controller_pub/py_controller_pub.egg-info/top_level.txt
[0.990s] reading manifest file '../../build/py_controller_pub/py_controller_pub.egg-info/SOURCES.txt'
[0.990s] adding license file 'LICENSE'
[0.991s] writing manifest file '../../build/py_controller_pub/py_controller_pub.egg-info/SOURCES.txt'
[0.991s] running build
[0.991s] running build_py
[0.992s] copying py_controller_pub/publisher_controller.py -> /home/joe/workspaces/ros2_ws/build/py_controller_pub/build/lib/py_controller_pub
[0.992s] running install
[0.992s] running install_lib
[0.993s] copying /home/joe/workspaces/ros2_ws/build/py_controller_pub/build/lib/py_controller_pub/publisher_controller.py -> /home/joe/workspaces/ros2_ws/install/py_controller_pub/lib/python3.10/site-packages/py_controller_pub
[0.993s] byte-compiling /home/joe/workspaces/ros2_ws/install/py_controller_pub/lib/python3.10/site-packages/py_controller_pub/publisher_controller.py to publisher_controller.cpython-310.pyc
[0.994s] running install_data
[0.994s] running install_egg_info
[0.996s] removing '/home/joe/workspaces/ros2_ws/install/py_controller_pub/lib/python3.10/site-packages/py_controller_pub-0.0.0-py3.10.egg-info' (and everything under it)
[0.996s] Copying ../../build/py_controller_pub/py_controller_pub.egg-info to /home/joe/workspaces/ros2_ws/install/py_controller_pub/lib/python3.10/site-packages/py_controller_pub-0.0.0-py3.10.egg-info
[0.997s] running install_scripts
[1.022s] Installing talker script to /home/joe/workspaces/ros2_ws/install/py_controller_pub/lib/py_controller_pub
[1.023s] writing list of installed files to '/home/joe/workspaces/ros2_ws/build/py_controller_pub/install.log'
[1.054s] Invoked command in '/home/joe/workspaces/ros2_ws/src/py_controller_pub' returned '0': PYTHONPATH=/home/joe/workspaces/ros2_ws/build/py_controller_pub/prefix_override:/home/joe/workspaces/ros2_ws/install/py_controller_pub/lib/python3.10/site-packages:${PYTHONPATH} /usr/bin/python3 -W ignore:setup.py install is deprecated setup.py egg_info --egg-base ../../build/py_controller_pub build --build-base /home/joe/workspaces/ros2_ws/build/py_controller_pub/build install --record /home/joe/workspaces/ros2_ws/build/py_controller_pub/install.log --single-version-externally-managed install_data
