[2.797s] Invoking command in '/home/joe/workspaces/ros2_ws/src/py_launch': PYTHONPATH=/home/joe/workspaces/ros2_ws/src/build/py_launch/prefix_override:/home/joe/workspaces/ros2_ws/src/install/py_launch/lib/python3.10/site-packages:${PYTHONPATH} /usr/bin/python3 -W ignore:setup.py install is deprecated setup.py egg_info --egg-base ../build/py_launch build --build-base /home/joe/workspaces/ros2_ws/src/build/py_launch/build install --record /home/joe/workspaces/ros2_ws/src/build/py_launch/install.log --single-version-externally-managed install_data
[3.326s] running egg_info
[3.327s] writing ../build/py_launch/py_launch.egg-info/PKG-INFO
[3.327s] writing dependency_links to ../build/py_launch/py_launch.egg-info/dependency_links.txt
[3.327s] writing entry points to ../build/py_launch/py_launch.egg-info/entry_points.txt
[3.328s] writing requirements to ../build/py_launch/py_launch.egg-info/requires.txt
[3.328s] writing top-level names to ../build/py_launch/py_launch.egg-info/top_level.txt
[3.331s] reading manifest file '../build/py_launch/py_launch.egg-info/SOURCES.txt'
[3.334s] writing manifest file '../build/py_launch/py_launch.egg-info/SOURCES.txt'
[3.334s] running build
[3.334s] running build_py
[3.334s] running install
[3.335s] running install_lib
[3.337s] running install_data
[3.337s] running install_egg_info
[3.340s] removing '/home/joe/workspaces/ros2_ws/src/install/py_launch/lib/python3.10/site-packages/py_launch-0.0.0-py3.10.egg-info' (and everything under it)
[3.340s] Copying ../build/py_launch/py_launch.egg-info to /home/joe/workspaces/ros2_ws/src/install/py_launch/lib/python3.10/site-packages/py_launch-0.0.0-py3.10.egg-info
[3.341s] running install_scripts
[3.378s] writing list of installed files to '/home/joe/workspaces/ros2_ws/src/build/py_launch/install.log'
[3.414s] Invoked command in '/home/joe/workspaces/ros2_ws/src/py_launch' returned '0': PYTHONPATH=/home/joe/workspaces/ros2_ws/src/build/py_launch/prefix_override:/home/joe/workspaces/ros2_ws/src/install/py_launch/lib/python3.10/site-packages:${PYTHONPATH} /usr/bin/python3 -W ignore:setup.py install is deprecated setup.py egg_info --egg-base ../build/py_launch build --build-base /home/joe/workspaces/ros2_ws/src/build/py_launch/build install --record /home/joe/workspaces/ros2_ws/src/build/py_launch/install.log --single-version-externally-managed install_data
