[1.224s] Invoking command in '/home/joe/workspaces/ros2_ws/src/undistort_image': PYTHONPATH=/home/joe/workspaces/ros2_ws/build/undistort_image/prefix_override:/home/joe/workspaces/ros2_ws/install/undistort_image/lib/python3.10/site-packages:${PYTHONPATH} /usr/bin/python3 -W ignore:setup.py install is deprecated setup.py egg_info --egg-base ../../build/undistort_image build --build-base /home/joe/workspaces/ros2_ws/build/undistort_image/build install --record /home/joe/workspaces/ros2_ws/build/undistort_image/install.log --single-version-externally-managed install_data
[1.544s] running egg_info
[1.545s] creating ../../build/undistort_image/undistort_image.egg-info
[1.545s] writing ../../build/undistort_image/undistort_image.egg-info/PKG-INFO
[1.546s] writing dependency_links to ../../build/undistort_image/undistort_image.egg-info/dependency_links.txt
[1.546s] writing entry points to ../../build/undistort_image/undistort_image.egg-info/entry_points.txt
[1.546s] writing requirements to ../../build/undistort_image/undistort_image.egg-info/requires.txt
[1.546s] writing top-level names to ../../build/undistort_image/undistort_image.egg-info/top_level.txt
[1.546s] writing manifest file '../../build/undistort_image/undistort_image.egg-info/SOURCES.txt'
[1.549s] reading manifest file '../../build/undistort_image/undistort_image.egg-info/SOURCES.txt'
[1.550s] writing manifest file '../../build/undistort_image/undistort_image.egg-info/SOURCES.txt'
[1.550s] running build
[1.550s] running build_py
[1.550s] creating /home/joe/workspaces/ros2_ws/build/undistort_image/build
[1.550s] creating /home/joe/workspaces/ros2_ws/build/undistort_image/build/lib
[1.551s] creating /home/joe/workspaces/ros2_ws/build/undistort_image/build/lib/undistort_image
[1.551s] copying undistort_image/undistort_image_node.py -> /home/joe/workspaces/ros2_ws/build/undistort_image/build/lib/undistort_image
[1.551s] copying undistort_image/__init__.py -> /home/joe/workspaces/ros2_ws/build/undistort_image/build/lib/undistort_image
[1.551s] running install
[1.551s] running install_lib
[1.553s] creating /home/joe/workspaces/ros2_ws/install/undistort_image/lib/python3.10/site-packages/undistort_image
[1.553s] copying /home/joe/workspaces/ros2_ws/build/undistort_image/build/lib/undistort_image/undistort_image_node.py -> /home/joe/workspaces/ros2_ws/install/undistort_image/lib/python3.10/site-packages/undistort_image
[1.553s] copying /home/joe/workspaces/ros2_ws/build/undistort_image/build/lib/undistort_image/__init__.py -> /home/joe/workspaces/ros2_ws/install/undistort_image/lib/python3.10/site-packages/undistort_image
[1.554s] byte-compiling /home/joe/workspaces/ros2_ws/install/undistort_image/lib/python3.10/site-packages/undistort_image/undistort_image_node.py to undistort_image_node.cpython-310.pyc
[1.555s] byte-compiling /home/joe/workspaces/ros2_ws/install/undistort_image/lib/python3.10/site-packages/undistort_image/__init__.py to __init__.cpython-310.pyc
[1.555s] running install_data
[1.555s] creating /home/joe/workspaces/ros2_ws/install/undistort_image/share/ament_index
[1.555s] creating /home/joe/workspaces/ros2_ws/install/undistort_image/share/ament_index/resource_index
[1.556s] creating /home/joe/workspaces/ros2_ws/install/undistort_image/share/ament_index/resource_index/packages
[1.556s] copying resource/undistort_image -> /home/joe/workspaces/ros2_ws/install/undistort_image/share/ament_index/resource_index/packages
[1.556s] copying package.xml -> /home/joe/workspaces/ros2_ws/install/undistort_image/share/undistort_image
[1.556s] running install_egg_info
[1.558s] Copying ../../build/undistort_image/undistort_image.egg-info to /home/joe/workspaces/ros2_ws/install/undistort_image/lib/python3.10/site-packages/undistort_image-0.0.0-py3.10.egg-info
[1.559s] running install_scripts
[1.585s] Installing undistort_image_node script to /home/joe/workspaces/ros2_ws/install/undistort_image/lib/undistort_image
[1.585s] writing list of installed files to '/home/joe/workspaces/ros2_ws/build/undistort_image/install.log'
[1.633s] Invoked command in '/home/joe/workspaces/ros2_ws/src/undistort_image' returned '0': PYTHONPATH=/home/joe/workspaces/ros2_ws/build/undistort_image/prefix_override:/home/joe/workspaces/ros2_ws/install/undistort_image/lib/python3.10/site-packages:${PYTHONPATH} /usr/bin/python3 -W ignore:setup.py install is deprecated setup.py egg_info --egg-base ../../build/undistort_image build --build-base /home/joe/workspaces/ros2_ws/build/undistort_image/build install --record /home/joe/workspaces/ros2_ws/build/undistort_image/install.log --single-version-externally-managed install_data
