[0.720s] Invoking command in '/home/joe/workspaces/ros2_ws/src/py_kinematics': PYTHONPATH=/home/joe/workspaces/ros2_ws/build/py_kinematics/prefix_override:/home/joe/workspaces/ros2_ws/install/py_kinematics/lib/python3.10/site-packages:${PYTHONPATH} /usr/bin/python3 -W ignore:setup.py install is deprecated setup.py egg_info --egg-base ../../build/py_kinematics build --build-base /home/joe/workspaces/ros2_ws/build/py_kinematics/build install --record /home/joe/workspaces/ros2_ws/build/py_kinematics/install.log --single-version-externally-managed install_data
[0.995s] running egg_info
[0.996s] writing ../../build/py_kinematics/py_kinematics.egg-info/PKG-INFO
[0.996s] writing dependency_links to ../../build/py_kinematics/py_kinematics.egg-info/dependency_links.txt
[0.996s] writing entry points to ../../build/py_kinematics/py_kinematics.egg-info/entry_points.txt
[0.997s] writing requirements to ../../build/py_kinematics/py_kinematics.egg-info/requires.txt
[0.997s] writing top-level names to ../../build/py_kinematics/py_kinematics.egg-info/top_level.txt
[0.999s] reading manifest file '../../build/py_kinematics/py_kinematics.egg-info/SOURCES.txt'
[1.001s] writing manifest file '../../build/py_kinematics/py_kinematics.egg-info/SOURCES.txt'
[1.001s] running build
[1.001s] running build_py
[1.002s] running install
[1.002s] running install_lib
[1.004s] running install_data
[1.004s] running install_egg_info
[1.006s] removing '/home/joe/workspaces/ros2_ws/install/py_kinematics/lib/python3.10/site-packages/py_kinematics-0.0.0-py3.10.egg-info' (and everything under it)
[1.007s] Copying ../../build/py_kinematics/py_kinematics.egg-info to /home/joe/workspaces/ros2_ws/install/py_kinematics/lib/python3.10/site-packages/py_kinematics-0.0.0-py3.10.egg-info
[1.008s] running install_scripts
[1.034s] Installing kinematic_control script to /home/joe/workspaces/ros2_ws/install/py_kinematics/lib/py_kinematics
[1.034s] writing list of installed files to '/home/joe/workspaces/ros2_ws/build/py_kinematics/install.log'
[1.062s] Invoked command in '/home/joe/workspaces/ros2_ws/src/py_kinematics' returned '0': PYTHONPATH=/home/joe/workspaces/ros2_ws/build/py_kinematics/prefix_override:/home/joe/workspaces/ros2_ws/install/py_kinematics/lib/python3.10/site-packages:${PYTHONPATH} /usr/bin/python3 -W ignore:setup.py install is deprecated setup.py egg_info --egg-base ../../build/py_kinematics build --build-base /home/joe/workspaces/ros2_ws/build/py_kinematics/build install --record /home/joe/workspaces/ros2_ws/build/py_kinematics/install.log --single-version-externally-managed install_data
