[0.710s] Invoking command in '/home/joe/workspaces/ros2_ws/src/undistort_image': PYTHONPATH=/home/joe/workspaces/ros2_ws/build/undistort_image/prefix_override:/home/joe/workspaces/ros2_ws/install/undistort_image/lib/python3.10/site-packages:${PYTHONPATH} /usr/bin/python3 -W ignore:setup.py install is deprecated setup.py egg_info --egg-base ../../build/undistort_image build --build-base /home/joe/workspaces/ros2_ws/build/undistort_image/build install --record /home/joe/workspaces/ros2_ws/build/undistort_image/install.log --single-version-externally-managed install_data
[0.991s] running egg_info
[0.992s] writing ../../build/undistort_image/undistort_image.egg-info/PKG-INFO
[0.992s] writing dependency_links to ../../build/undistort_image/undistort_image.egg-info/dependency_links.txt
[0.992s] writing entry points to ../../build/undistort_image/undistort_image.egg-info/entry_points.txt
[0.992s] writing requirements to ../../build/undistort_image/undistort_image.egg-info/requires.txt
[0.992s] writing top-level names to ../../build/undistort_image/undistort_image.egg-info/top_level.txt
[0.994s] reading manifest file '../../build/undistort_image/undistort_image.egg-info/SOURCES.txt'
[0.995s] writing manifest file '../../build/undistort_image/undistort_image.egg-info/SOURCES.txt'
[0.995s] running build
[0.995s] running build_py
[0.995s] running install
[0.996s] running install_lib
[0.997s] running install_data
[0.997s] running install_egg_info
[0.999s] removing '/home/joe/workspaces/ros2_ws/install/undistort_image/lib/python3.10/site-packages/undistort_image-0.0.0-py3.10.egg-info' (and everything under it)
[0.999s] Copying ../../build/undistort_image/undistort_image.egg-info to /home/joe/workspaces/ros2_ws/install/undistort_image/lib/python3.10/site-packages/undistort_image-0.0.0-py3.10.egg-info
[1.000s] running install_scripts
[1.022s] Installing undistort_image_node script to /home/joe/workspaces/ros2_ws/install/undistort_image/lib/undistort_image
[1.022s] writing list of installed files to '/home/joe/workspaces/ros2_ws/build/undistort_image/install.log'
[1.050s] Invoked command in '/home/joe/workspaces/ros2_ws/src/undistort_image' returned '0': PYTHONPATH=/home/joe/workspaces/ros2_ws/build/undistort_image/prefix_override:/home/joe/workspaces/ros2_ws/install/undistort_image/lib/python3.10/site-packages:${PYTHONPATH} /usr/bin/python3 -W ignore:setup.py install is deprecated setup.py egg_info --egg-base ../../build/undistort_image build --build-base /home/joe/workspaces/ros2_ws/build/undistort_image/build install --record /home/joe/workspaces/ros2_ws/build/undistort_image/install.log --single-version-externally-managed install_data
