[0.697s] Invoking command in '/home/joe/workspaces/ros2_ws/src/py_kinematics': PYTHONPATH=/home/joe/workspaces/ros2_ws/build/py_kinematics/prefix_override:/home/joe/workspaces/ros2_ws/install/py_kinematics/lib/python3.10/site-packages:${PYTHONPATH} /usr/bin/python3 -W ignore:setup.py install is deprecated setup.py egg_info --egg-base ../../build/py_kinematics build --build-base /home/joe/workspaces/ros2_ws/build/py_kinematics/build install --record /home/joe/workspaces/ros2_ws/build/py_kinematics/install.log --single-version-externally-managed install_data
[0.979s] running egg_info
[0.980s] writing ../../build/py_kinematics/py_kinematics.egg-info/PKG-INFO
[0.980s] writing dependency_links to ../../build/py_kinematics/py_kinematics.egg-info/dependency_links.txt
[0.980s] writing entry points to ../../build/py_kinematics/py_kinematics.egg-info/entry_points.txt
[0.980s] writing requirements to ../../build/py_kinematics/py_kinematics.egg-info/requires.txt
[0.981s] writing top-level names to ../../build/py_kinematics/py_kinematics.egg-info/top_level.txt
[0.983s] reading manifest file '../../build/py_kinematics/py_kinematics.egg-info/SOURCES.txt'
[0.985s] writing manifest file '../../build/py_kinematics/py_kinematics.egg-info/SOURCES.txt'
[0.985s] running build
[0.985s] running build_py
[0.986s] running install
[0.986s] running install_lib
[0.988s] running install_data
[0.988s] running install_egg_info
[0.991s] removing '/home/joe/workspaces/ros2_ws/install/py_kinematics/lib/python3.10/site-packages/py_kinematics-0.0.0-py3.10.egg-info' (and everything under it)
[0.991s] Copying ../../build/py_kinematics/py_kinematics.egg-info to /home/joe/workspaces/ros2_ws/install/py_kinematics/lib/python3.10/site-packages/py_kinematics-0.0.0-py3.10.egg-info
[0.992s] running install_scripts
[1.018s] Installing kinematic_controller script to /home/joe/workspaces/ros2_ws/install/py_kinematics/lib/py_kinematics
[1.018s] writing list of installed files to '/home/joe/workspaces/ros2_ws/build/py_kinematics/install.log'
[1.047s] Invoked command in '/home/joe/workspaces/ros2_ws/src/py_kinematics' returned '0': PYTHONPATH=/home/joe/workspaces/ros2_ws/build/py_kinematics/prefix_override:/home/joe/workspaces/ros2_ws/install/py_kinematics/lib/python3.10/site-packages:${PYTHONPATH} /usr/bin/python3 -W ignore:setup.py install is deprecated setup.py egg_info --egg-base ../../build/py_kinematics build --build-base /home/joe/workspaces/ros2_ws/build/py_kinematics/build install --record /home/joe/workspaces/ros2_ws/build/py_kinematics/install.log --single-version-externally-managed install_data
