running egg_info
creating ../../build/our_arduino_driver/our_arduino_driver.egg-info
writing ../../build/our_arduino_driver/our_arduino_driver.egg-info/PKG-INFO
writing dependency_links to ../../build/our_arduino_driver/our_arduino_driver.egg-info/dependency_links.txt
writing entry points to ../../build/our_arduino_driver/our_arduino_driver.egg-info/entry_points.txt
writing requirements to ../../build/our_arduino_driver/our_arduino_driver.egg-info/requires.txt
writing top-level names to ../../build/our_arduino_driver/our_arduino_driver.egg-info/top_level.txt
writing manifest file '../../build/our_arduino_driver/our_arduino_driver.egg-info/SOURCES.txt'
reading manifest file '../../build/our_arduino_driver/our_arduino_driver.egg-info/SOURCES.txt'
writing manifest file '../../build/our_arduino_driver/our_arduino_driver.egg-info/SOURCES.txt'
running build
running build_py
creating /home/joe/workspaces/ros2_ws/build/our_arduino_driver/build
creating /home/joe/workspaces/ros2_ws/build/our_arduino_driver/build/lib
creating /home/joe/workspaces/ros2_ws/build/our_arduino_driver/build/lib/our_arduino_driver
copying our_arduino_driver/__init__.py -> /home/joe/workspaces/ros2_ws/build/our_arduino_driver/build/lib/our_arduino_driver
copying our_arduino_driver/our_arduino_driver.py -> /home/joe/workspaces/ros2_ws/build/our_arduino_driver/build/lib/our_arduino_driver
running install
running install_lib
creating /home/joe/workspaces/ros2_ws/install/our_arduino_driver/lib/python3.10/site-packages/our_arduino_driver
copying /home/joe/workspaces/ros2_ws/build/our_arduino_driver/build/lib/our_arduino_driver/__init__.py -> /home/joe/workspaces/ros2_ws/install/our_arduino_driver/lib/python3.10/site-packages/our_arduino_driver
copying /home/joe/workspaces/ros2_ws/build/our_arduino_driver/build/lib/our_arduino_driver/our_arduino_driver.py -> /home/joe/workspaces/ros2_ws/install/our_arduino_driver/lib/python3.10/site-packages/our_arduino_driver
byte-compiling /home/joe/workspaces/ros2_ws/install/our_arduino_driver/lib/python3.10/site-packages/our_arduino_driver/__init__.py to __init__.cpython-310.pyc
byte-compiling /home/joe/workspaces/ros2_ws/install/our_arduino_driver/lib/python3.10/site-packages/our_arduino_driver/our_arduino_driver.py to our_arduino_driver.cpython-310.pyc
running install_data
creating /home/joe/workspaces/ros2_ws/install/our_arduino_driver/share/ament_index
creating /home/joe/workspaces/ros2_ws/install/our_arduino_driver/share/ament_index/resource_index
creating /home/joe/workspaces/ros2_ws/install/our_arduino_driver/share/ament_index/resource_index/packages
copying resource/our_arduino_driver -> /home/joe/workspaces/ros2_ws/install/our_arduino_driver/share/ament_index/resource_index/packages
copying package.xml -> /home/joe/workspaces/ros2_ws/install/our_arduino_driver/share/our_arduino_driver
running install_egg_info
Copying ../../build/our_arduino_driver/our_arduino_driver.egg-info to /home/joe/workspaces/ros2_ws/install/our_arduino_driver/lib/python3.10/site-packages/our_arduino_driver-0.0.0-py3.10.egg-info
running install_scripts
writing list of installed files to '/home/joe/workspaces/ros2_ws/build/our_arduino_driver/install.log'
