[3.159s] Invoking command in '/home/joe/workspaces/ros2_ws/src/py_launch': PYTHONPATH=/home/joe/workspaces/ros2_ws/build/py_launch/prefix_override:/home/joe/workspaces/ros2_ws/install/py_launch/lib/python3.10/site-packages:${PYTHONPATH} /usr/bin/python3 -W ignore:setup.py install is deprecated setup.py egg_info --egg-base ../../build/py_launch build --build-base /home/joe/workspaces/ros2_ws/build/py_launch/build install --record /home/joe/workspaces/ros2_ws/build/py_launch/install.log --single-version-externally-managed install_data
[3.630s] running egg_info
[3.631s] writing ../../build/py_launch/py_launch.egg-info/PKG-INFO
[3.632s] writing dependency_links to ../../build/py_launch/py_launch.egg-info/dependency_links.txt
[3.632s] writing entry points to ../../build/py_launch/py_launch.egg-info/entry_points.txt
[3.632s] writing requirements to ../../build/py_launch/py_launch.egg-info/requires.txt
[3.632s] writing top-level names to ../../build/py_launch/py_launch.egg-info/top_level.txt
[3.637s] reading manifest file '../../build/py_launch/py_launch.egg-info/SOURCES.txt'
[3.639s] writing manifest file '../../build/py_launch/py_launch.egg-info/SOURCES.txt'
[3.640s] running build
[3.641s] running build_py
[3.642s] running install
[3.643s] running install_lib
[3.644s] running install_data
[3.645s] running install_egg_info
[3.649s] removing '/home/joe/workspaces/ros2_ws/install/py_launch/lib/python3.10/site-packages/py_launch-0.0.0-py3.10.egg-info' (and everything under it)
[3.649s] Copying ../../build/py_launch/py_launch.egg-info to /home/joe/workspaces/ros2_ws/install/py_launch/lib/python3.10/site-packages/py_launch-0.0.0-py3.10.egg-info
[3.650s] running install_scripts
[3.696s] writing list of installed files to '/home/joe/workspaces/ros2_ws/build/py_launch/install.log'
[3.747s] Invoked command in '/home/joe/workspaces/ros2_ws/src/py_launch' returned '0': PYTHONPATH=/home/joe/workspaces/ros2_ws/build/py_launch/prefix_override:/home/joe/workspaces/ros2_ws/install/py_launch/lib/python3.10/site-packages:${PYTHONPATH} /usr/bin/python3 -W ignore:setup.py install is deprecated setup.py egg_info --egg-base ../../build/py_launch build --build-base /home/joe/workspaces/ros2_ws/build/py_launch/build install --record /home/joe/workspaces/ros2_ws/build/py_launch/install.log --single-version-externally-managed install_data
