[2.478s] Invoking command in '/home/joe/workspaces/ros2_ws/src/cv2_contour': PYTHONPATH=/home/joe/workspaces/ros2_ws/src/build/cv2_contour/prefix_override:/home/joe/workspaces/ros2_ws/src/install/cv2_contour/lib/python3.10/site-packages:${PYTHONPATH} /usr/bin/python3 -W ignore:setup.py install is deprecated setup.py egg_info --egg-base ../build/cv2_contour build --build-base /home/joe/workspaces/ros2_ws/src/build/cv2_contour/build install --record /home/joe/workspaces/ros2_ws/src/build/cv2_contour/install.log --single-version-externally-managed install_data
[3.036s] running egg_info
[3.037s] writing ../build/cv2_contour/cv2_contour.egg-info/PKG-INFO
[3.038s] writing dependency_links to ../build/cv2_contour/cv2_contour.egg-info/dependency_links.txt
[3.038s] writing entry points to ../build/cv2_contour/cv2_contour.egg-info/entry_points.txt
[3.038s] writing requirements to ../build/cv2_contour/cv2_contour.egg-info/requires.txt
[3.038s] writing top-level names to ../build/cv2_contour/cv2_contour.egg-info/top_level.txt
[3.041s] reading manifest file '../build/cv2_contour/cv2_contour.egg-info/SOURCES.txt'
[3.043s] writing manifest file '../build/cv2_contour/cv2_contour.egg-info/SOURCES.txt'
[3.044s] running build
[3.044s] running build_py
[3.044s] copying cv2_contour/cv2_contour_node.py -> /home/joe/workspaces/ros2_ws/src/build/cv2_contour/build/lib/cv2_contour
[3.044s] running install
[3.045s] running install_lib
[3.046s] copying /home/joe/workspaces/ros2_ws/src/build/cv2_contour/build/lib/cv2_contour/cv2_contour_node.py -> /home/joe/workspaces/ros2_ws/src/install/cv2_contour/lib/python3.10/site-packages/cv2_contour
[3.048s] byte-compiling /home/joe/workspaces/ros2_ws/src/install/cv2_contour/lib/python3.10/site-packages/cv2_contour/cv2_contour_node.py to cv2_contour_node.cpython-310.pyc
[3.050s] running install_data
[3.050s] running install_egg_info
[3.053s] removing '/home/joe/workspaces/ros2_ws/src/install/cv2_contour/lib/python3.10/site-packages/cv2_contour-0.0.0-py3.10.egg-info' (and everything under it)
[3.054s] Copying ../build/cv2_contour/cv2_contour.egg-info to /home/joe/workspaces/ros2_ws/src/install/cv2_contour/lib/python3.10/site-packages/cv2_contour-0.0.0-py3.10.egg-info
[3.056s] running install_scripts
[3.096s] Installing cv2_contour_node script to /home/joe/workspaces/ros2_ws/src/install/cv2_contour/lib/cv2_contour
[3.096s] writing list of installed files to '/home/joe/workspaces/ros2_ws/src/build/cv2_contour/install.log'
[3.141s] Invoked command in '/home/joe/workspaces/ros2_ws/src/cv2_contour' returned '0': PYTHONPATH=/home/joe/workspaces/ros2_ws/src/build/cv2_contour/prefix_override:/home/joe/workspaces/ros2_ws/src/install/cv2_contour/lib/python3.10/site-packages:${PYTHONPATH} /usr/bin/python3 -W ignore:setup.py install is deprecated setup.py egg_info --egg-base ../build/cv2_contour build --build-base /home/joe/workspaces/ros2_ws/src/build/cv2_contour/build install --record /home/joe/workspaces/ros2_ws/src/build/cv2_contour/install.log --single-version-externally-managed install_data
