[3.668s] Invoking command in '/home/joe/workspaces/ros2_ws/src/cv2_contour': PYTHONPATH=/home/joe/workspaces/ros2_ws/build/cv2_contour/prefix_override:/home/joe/workspaces/ros2_ws/install/cv2_contour/lib/python3.10/site-packages:${PYTHONPATH} /usr/bin/python3 -W ignore:setup.py install is deprecated setup.py egg_info --egg-base ../../build/cv2_contour build --build-base /home/joe/workspaces/ros2_ws/build/cv2_contour/build install --record /home/joe/workspaces/ros2_ws/build/cv2_contour/install.log --single-version-externally-managed install_data
[4.297s] running egg_info
[4.299s] writing ../../build/cv2_contour/cv2_contour.egg-info/PKG-INFO
[4.299s] writing dependency_links to ../../build/cv2_contour/cv2_contour.egg-info/dependency_links.txt
[4.299s] writing entry points to ../../build/cv2_contour/cv2_contour.egg-info/entry_points.txt
[4.300s] writing requirements to ../../build/cv2_contour/cv2_contour.egg-info/requires.txt
[4.300s] writing top-level names to ../../build/cv2_contour/cv2_contour.egg-info/top_level.txt
[4.304s] reading manifest file '../../build/cv2_contour/cv2_contour.egg-info/SOURCES.txt'
[4.306s] writing manifest file '../../build/cv2_contour/cv2_contour.egg-info/SOURCES.txt'
[4.307s] running build
[4.307s] running build_py
[4.307s] running install
[4.308s] running install_lib
[4.311s] running install_data
[4.314s] running install_egg_info
[4.318s] removing '/home/joe/workspaces/ros2_ws/install/cv2_contour/lib/python3.10/site-packages/cv2_contour-0.0.0-py3.10.egg-info' (and everything under it)
[4.320s] Copying ../../build/cv2_contour/cv2_contour.egg-info to /home/joe/workspaces/ros2_ws/install/cv2_contour/lib/python3.10/site-packages/cv2_contour-0.0.0-py3.10.egg-info
[4.334s] running install_scripts
[4.390s] Installing cv2_contour_node script to /home/joe/workspaces/ros2_ws/install/cv2_contour/lib/cv2_contour
[4.391s] writing list of installed files to '/home/joe/workspaces/ros2_ws/build/cv2_contour/install.log'
[4.468s] Invoked command in '/home/joe/workspaces/ros2_ws/src/cv2_contour' returned '0': PYTHONPATH=/home/joe/workspaces/ros2_ws/build/cv2_contour/prefix_override:/home/joe/workspaces/ros2_ws/install/cv2_contour/lib/python3.10/site-packages:${PYTHONPATH} /usr/bin/python3 -W ignore:setup.py install is deprecated setup.py egg_info --egg-base ../../build/cv2_contour build --build-base /home/joe/workspaces/ros2_ws/build/cv2_contour/build install --record /home/joe/workspaces/ros2_ws/build/cv2_contour/install.log --single-version-externally-managed install_data
