[1.376s] Invoking command in '/home/joe/workspaces/ros2_ws/src/py_pid': PYTHONPATH=/home/joe/workspaces/ros2_ws/build/py_pid/prefix_override:/home/joe/workspaces/ros2_ws/install/py_pid/lib/python3.10/site-packages:${PYTHONPATH} /usr/bin/python3 -W ignore:setup.py install is deprecated setup.py egg_info --egg-base ../../build/py_pid build --build-base /home/joe/workspaces/ros2_ws/build/py_pid/build install --record /home/joe/workspaces/ros2_ws/build/py_pid/install.log --single-version-externally-managed install_data
[1.662s] running egg_info
[1.663s] writing ../../build/py_pid/py_pid.egg-info/PKG-INFO
[1.663s] writing dependency_links to ../../build/py_pid/py_pid.egg-info/dependency_links.txt
[1.663s] writing entry points to ../../build/py_pid/py_pid.egg-info/entry_points.txt
[1.664s] writing requirements to ../../build/py_pid/py_pid.egg-info/requires.txt
[1.664s] writing top-level names to ../../build/py_pid/py_pid.egg-info/top_level.txt
[1.666s] reading manifest file '../../build/py_pid/py_pid.egg-info/SOURCES.txt'
[1.667s] writing manifest file '../../build/py_pid/py_pid.egg-info/SOURCES.txt'
[1.667s] running build
[1.667s] running build_py
[1.668s] copying py_pid/controller_pid.py -> /home/joe/workspaces/ros2_ws/build/py_pid/build/lib/py_pid
[1.668s] running install
[1.668s] running install_lib
[1.669s] copying /home/joe/workspaces/ros2_ws/build/py_pid/build/lib/py_pid/controller_pid.py -> /home/joe/workspaces/ros2_ws/install/py_pid/lib/python3.10/site-packages/py_pid
[1.670s] byte-compiling /home/joe/workspaces/ros2_ws/install/py_pid/lib/python3.10/site-packages/py_pid/controller_pid.py to controller_pid.cpython-310.pyc
[1.671s] running install_data
[1.671s] running install_egg_info
[1.673s] removing '/home/joe/workspaces/ros2_ws/install/py_pid/lib/python3.10/site-packages/py_pid-0.0.0-py3.10.egg-info' (and everything under it)
[1.673s] Copying ../../build/py_pid/py_pid.egg-info to /home/joe/workspaces/ros2_ws/install/py_pid/lib/python3.10/site-packages/py_pid-0.0.0-py3.10.egg-info
[1.674s] running install_scripts
[1.702s] Installing ball_control_pid script to /home/joe/workspaces/ros2_ws/install/py_pid/lib/py_pid
[1.702s] writing list of installed files to '/home/joe/workspaces/ros2_ws/build/py_pid/install.log'
[1.754s] Invoked command in '/home/joe/workspaces/ros2_ws/src/py_pid' returned '0': PYTHONPATH=/home/joe/workspaces/ros2_ws/build/py_pid/prefix_override:/home/joe/workspaces/ros2_ws/install/py_pid/lib/python3.10/site-packages:${PYTHONPATH} /usr/bin/python3 -W ignore:setup.py install is deprecated setup.py egg_info --egg-base ../../build/py_pid build --build-base /home/joe/workspaces/ros2_ws/build/py_pid/build install --record /home/joe/workspaces/ros2_ws/build/py_pid/install.log --single-version-externally-managed install_data
