[2.175s] Invoking command in '/home/joe/workspaces/ros2_ws/src/py_pid': PYTHONPATH=/home/joe/workspaces/ros2_ws/src/build/py_pid/prefix_override:/home/joe/workspaces/ros2_ws/src/install/py_pid/lib/python3.10/site-packages:${PYTHONPATH} /usr/bin/python3 -W ignore:setup.py install is deprecated setup.py egg_info --egg-base ../build/py_pid build --build-base /home/joe/workspaces/ros2_ws/src/build/py_pid/build install --record /home/joe/workspaces/ros2_ws/src/build/py_pid/install.log --single-version-externally-managed install_data
[2.543s] running egg_info
[2.546s] writing ../build/py_pid/py_pid.egg-info/PKG-INFO
[2.546s] writing dependency_links to ../build/py_pid/py_pid.egg-info/dependency_links.txt
[2.546s] writing entry points to ../build/py_pid/py_pid.egg-info/entry_points.txt
[2.548s] writing requirements to ../build/py_pid/py_pid.egg-info/requires.txt
[2.548s] writing top-level names to ../build/py_pid/py_pid.egg-info/top_level.txt
[2.551s] reading manifest file '../build/py_pid/py_pid.egg-info/SOURCES.txt'
[2.552s] writing manifest file '../build/py_pid/py_pid.egg-info/SOURCES.txt'
[2.553s] running build
[2.553s] running build_py
[2.553s] running install
[2.555s] running install_lib
[2.556s] running install_data
[2.556s] running install_egg_info
[2.558s] removing '/home/joe/workspaces/ros2_ws/src/install/py_pid/lib/python3.10/site-packages/py_pid-0.0.0-py3.10.egg-info' (and everything under it)
[2.559s] Copying ../build/py_pid/py_pid.egg-info to /home/joe/workspaces/ros2_ws/src/install/py_pid/lib/python3.10/site-packages/py_pid-0.0.0-py3.10.egg-info
[2.561s] running install_scripts
[2.595s] Installing ball_control_pid script to /home/joe/workspaces/ros2_ws/src/install/py_pid/lib/py_pid
[2.596s] writing list of installed files to '/home/joe/workspaces/ros2_ws/src/build/py_pid/install.log'
[2.641s] Invoked command in '/home/joe/workspaces/ros2_ws/src/py_pid' returned '0': PYTHONPATH=/home/joe/workspaces/ros2_ws/src/build/py_pid/prefix_override:/home/joe/workspaces/ros2_ws/src/install/py_pid/lib/python3.10/site-packages:${PYTHONPATH} /usr/bin/python3 -W ignore:setup.py install is deprecated setup.py egg_info --egg-base ../build/py_pid build --build-base /home/joe/workspaces/ros2_ws/src/build/py_pid/build install --record /home/joe/workspaces/ros2_ws/src/build/py_pid/install.log --single-version-externally-managed install_data
