[1.192s] Invoking command in '/home/joe/workspaces/ros2_ws/build/urdf_tutorial_r2d2': PYTHONPATH=/home/joe/workspaces/ros2_ws/build/urdf_tutorial_r2d2/prefix_override:/home/joe/workspaces/ros2_ws/install/urdf_tutorial_r2d2/lib/python3.10/site-packages:${PYTHONPATH} /usr/bin/python3 -W ignore:setup.py install is deprecated setup.py develop --uninstall --editable --build-directory /home/joe/workspaces/ros2_ws/build/urdf_tutorial_r2d2/build
[1.534s] running develop
[1.534s] /usr/lib/python3/dist-packages/setuptools/command/easy_install.py:158: EasyInstallDeprecationWarning: easy_install command is deprecated. Use build and pip and other standards-based tools.
[1.534s]   warnings.warn(
[1.747s] Removing /home/joe/workspaces/ros2_ws/install/urdf_tutorial_r2d2/lib/python3.10/site-packages/urdf-tutorial-r2d2.egg-link (link to .)
[1.781s] Invoked command in '/home/joe/workspaces/ros2_ws/build/urdf_tutorial_r2d2' returned '0': PYTHONPATH=/home/joe/workspaces/ros2_ws/build/urdf_tutorial_r2d2/prefix_override:/home/joe/workspaces/ros2_ws/install/urdf_tutorial_r2d2/lib/python3.10/site-packages:${PYTHONPATH} /usr/bin/python3 -W ignore:setup.py install is deprecated setup.py develop --uninstall --editable --build-directory /home/joe/workspaces/ros2_ws/build/urdf_tutorial_r2d2/build
[1.784s] Invoking command in '/home/joe/workspaces/ros2_ws/src/urdf_tutorial_r2d2': PYTHONPATH=/home/joe/workspaces/ros2_ws/build/urdf_tutorial_r2d2/prefix_override:/home/joe/workspaces/ros2_ws/install/urdf_tutorial_r2d2/lib/python3.10/site-packages:${PYTHONPATH} /usr/bin/python3 -W ignore:setup.py install is deprecated setup.py egg_info --egg-base ../../build/urdf_tutorial_r2d2 build --build-base /home/joe/workspaces/ros2_ws/build/urdf_tutorial_r2d2/build install --record /home/joe/workspaces/ros2_ws/build/urdf_tutorial_r2d2/install.log --single-version-externally-managed install_data --force
[2.086s] running egg_info
[2.086s] writing ../../build/urdf_tutorial_r2d2/urdf_tutorial_r2d2.egg-info/PKG-INFO
[2.086s] writing dependency_links to ../../build/urdf_tutorial_r2d2/urdf_tutorial_r2d2.egg-info/dependency_links.txt
[2.087s] writing entry points to ../../build/urdf_tutorial_r2d2/urdf_tutorial_r2d2.egg-info/entry_points.txt
[2.087s] writing requirements to ../../build/urdf_tutorial_r2d2/urdf_tutorial_r2d2.egg-info/requires.txt
[2.087s] writing top-level names to ../../build/urdf_tutorial_r2d2/urdf_tutorial_r2d2.egg-info/top_level.txt
[2.089s] reading manifest file '../../build/urdf_tutorial_r2d2/urdf_tutorial_r2d2.egg-info/SOURCES.txt'
[2.090s] adding license file 'LICENSE'
[2.090s] writing manifest file '../../build/urdf_tutorial_r2d2/urdf_tutorial_r2d2.egg-info/SOURCES.txt'
[2.091s] running build
[2.091s] running build_py
[2.091s] copying urdf_tutorial_r2d2/state_publisher.py -> /home/joe/workspaces/ros2_ws/build/urdf_tutorial_r2d2/build/lib/urdf_tutorial_r2d2
[2.091s] running install
[2.091s] running install_lib
[2.092s] creating /home/joe/workspaces/ros2_ws/install/urdf_tutorial_r2d2/lib/python3.10/site-packages/urdf_tutorial_r2d2
[2.092s] copying /home/joe/workspaces/ros2_ws/build/urdf_tutorial_r2d2/build/lib/urdf_tutorial_r2d2/state_publisher.py -> /home/joe/workspaces/ros2_ws/install/urdf_tutorial_r2d2/lib/python3.10/site-packages/urdf_tutorial_r2d2
[2.092s] copying /home/joe/workspaces/ros2_ws/build/urdf_tutorial_r2d2/build/lib/urdf_tutorial_r2d2/__init__.py -> /home/joe/workspaces/ros2_ws/install/urdf_tutorial_r2d2/lib/python3.10/site-packages/urdf_tutorial_r2d2
[2.093s] byte-compiling /home/joe/workspaces/ros2_ws/install/urdf_tutorial_r2d2/lib/python3.10/site-packages/urdf_tutorial_r2d2/state_publisher.py to state_publisher.cpython-310.pyc
[2.094s] byte-compiling /home/joe/workspaces/ros2_ws/install/urdf_tutorial_r2d2/lib/python3.10/site-packages/urdf_tutorial_r2d2/__init__.py to __init__.cpython-310.pyc
[2.094s] running install_data
[2.094s] copying resource/urdf_tutorial_r2d2 -> /home/joe/workspaces/ros2_ws/install/urdf_tutorial_r2d2/share/ament_index/resource_index/packages
[2.094s] copying package.xml -> /home/joe/workspaces/ros2_ws/install/urdf_tutorial_r2d2/share/urdf_tutorial_r2d2
[2.095s] copying launch/demo.launch.py -> /home/joe/workspaces/ros2_ws/install/urdf_tutorial_r2d2/share/urdf_tutorial_r2d2/launch
[2.095s] copying urdf/r2d2.rviz -> /home/joe/workspaces/ros2_ws/install/urdf_tutorial_r2d2/share/urdf_tutorial_r2d2
[2.095s] copying urdf/runding.urdf -> /home/joe/workspaces/ros2_ws/install/urdf_tutorial_r2d2/share/urdf_tutorial_r2d2
[2.095s] running install_egg_info
[2.097s] Copying ../../build/urdf_tutorial_r2d2/urdf_tutorial_r2d2.egg-info to /home/joe/workspaces/ros2_ws/install/urdf_tutorial_r2d2/lib/python3.10/site-packages/urdf_tutorial_r2d2-0.0.0-py3.10.egg-info
[2.098s] running install_scripts
[2.124s] Installing listener script to /home/joe/workspaces/ros2_ws/install/urdf_tutorial_r2d2/lib/urdf_tutorial_r2d2
[2.124s] Installing state_publisher script to /home/joe/workspaces/ros2_ws/install/urdf_tutorial_r2d2/lib/urdf_tutorial_r2d2
[2.124s] writing list of installed files to '/home/joe/workspaces/ros2_ws/build/urdf_tutorial_r2d2/install.log'
[2.156s] Invoked command in '/home/joe/workspaces/ros2_ws/src/urdf_tutorial_r2d2' returned '0': PYTHONPATH=/home/joe/workspaces/ros2_ws/build/urdf_tutorial_r2d2/prefix_override:/home/joe/workspaces/ros2_ws/install/urdf_tutorial_r2d2/lib/python3.10/site-packages:${PYTHONPATH} /usr/bin/python3 -W ignore:setup.py install is deprecated setup.py egg_info --egg-base ../../build/urdf_tutorial_r2d2 build --build-base /home/joe/workspaces/ros2_ws/build/urdf_tutorial_r2d2/build install --record /home/joe/workspaces/ros2_ws/build/urdf_tutorial_r2d2/install.log --single-version-externally-managed install_data --force
