[3.461s] Invoking command in '/home/joe/workspaces/ros2_ws/src/gaussian_blur': PYTHONPATH=/home/joe/workspaces/ros2_ws/build/gaussian_blur/prefix_override:/home/joe/workspaces/ros2_ws/install/gaussian_blur/lib/python3.10/site-packages:${PYTHONPATH} /usr/bin/python3 -W ignore:setup.py install is deprecated setup.py egg_info --egg-base ../../build/gaussian_blur build --build-base /home/joe/workspaces/ros2_ws/build/gaussian_blur/build install --record /home/joe/workspaces/ros2_ws/build/gaussian_blur/install.log --single-version-externally-managed install_data
[4.066s] running egg_info
[4.068s] writing ../../build/gaussian_blur/gaussian_blur.egg-info/PKG-INFO
[4.070s] writing dependency_links to ../../build/gaussian_blur/gaussian_blur.egg-info/dependency_links.txt
[4.071s] writing entry points to ../../build/gaussian_blur/gaussian_blur.egg-info/entry_points.txt
[4.073s] writing requirements to ../../build/gaussian_blur/gaussian_blur.egg-info/requires.txt
[4.079s] writing top-level names to ../../build/gaussian_blur/gaussian_blur.egg-info/top_level.txt
[4.090s] reading manifest file '../../build/gaussian_blur/gaussian_blur.egg-info/SOURCES.txt'
[4.096s] writing manifest file '../../build/gaussian_blur/gaussian_blur.egg-info/SOURCES.txt'
[4.101s] running build
[4.101s] running build_py
[4.101s] running install
[4.104s] running install_lib
[4.108s] running install_data
[4.109s] running install_egg_info
[4.125s] removing '/home/joe/workspaces/ros2_ws/install/gaussian_blur/lib/python3.10/site-packages/gaussian_blur-0.0.0-py3.10.egg-info' (and everything under it)
[4.126s] Copying ../../build/gaussian_blur/gaussian_blur.egg-info to /home/joe/workspaces/ros2_ws/install/gaussian_blur/lib/python3.10/site-packages/gaussian_blur-0.0.0-py3.10.egg-info
[4.127s] running install_scripts
[4.189s] Installing gaussian_blur_node script to /home/joe/workspaces/ros2_ws/install/gaussian_blur/lib/gaussian_blur
[4.190s] writing list of installed files to '/home/joe/workspaces/ros2_ws/build/gaussian_blur/install.log'
[4.345s] Invoked command in '/home/joe/workspaces/ros2_ws/src/gaussian_blur' returned '0': PYTHONPATH=/home/joe/workspaces/ros2_ws/build/gaussian_blur/prefix_override:/home/joe/workspaces/ros2_ws/install/gaussian_blur/lib/python3.10/site-packages:${PYTHONPATH} /usr/bin/python3 -W ignore:setup.py install is deprecated setup.py egg_info --egg-base ../../build/gaussian_blur build --build-base /home/joe/workspaces/ros2_ws/build/gaussian_blur/build install --record /home/joe/workspaces/ros2_ws/build/gaussian_blur/install.log --single-version-externally-managed install_data
