running develop
/usr/lib/python3/dist-packages/setuptools/command/easy_install.py:158: EasyInstallDeprecationWarning: easy_install command is deprecated. Use build and pip and other standards-based tools.
  warnings.warn(
Removing /home/joe/workspaces/ros2_ws/install/urdf_tutorial_r2d2/lib/python3.10/site-packages/urdf-tutorial-r2d2.egg-link (link to .)
running egg_info
writing ../../build/urdf_tutorial_r2d2/urdf_tutorial_r2d2.egg-info/PKG-INFO
writing dependency_links to ../../build/urdf_tutorial_r2d2/urdf_tutorial_r2d2.egg-info/dependency_links.txt
writing entry points to ../../build/urdf_tutorial_r2d2/urdf_tutorial_r2d2.egg-info/entry_points.txt
writing requirements to ../../build/urdf_tutorial_r2d2/urdf_tutorial_r2d2.egg-info/requires.txt
writing top-level names to ../../build/urdf_tutorial_r2d2/urdf_tutorial_r2d2.egg-info/top_level.txt
reading manifest file '../../build/urdf_tutorial_r2d2/urdf_tutorial_r2d2.egg-info/SOURCES.txt'
adding license file 'LICENSE'
writing manifest file '../../build/urdf_tutorial_r2d2/urdf_tutorial_r2d2.egg-info/SOURCES.txt'
running build
running build_py
running install
running install_lib
creating /home/joe/workspaces/ros2_ws/install/urdf_tutorial_r2d2/lib/python3.10/site-packages/urdf_tutorial_r2d2
copying /home/joe/workspaces/ros2_ws/build/urdf_tutorial_r2d2/build/lib/urdf_tutorial_r2d2/state_publisher.py -> /home/joe/workspaces/ros2_ws/install/urdf_tutorial_r2d2/lib/python3.10/site-packages/urdf_tutorial_r2d2
copying /home/joe/workspaces/ros2_ws/build/urdf_tutorial_r2d2/build/lib/urdf_tutorial_r2d2/__init__.py -> /home/joe/workspaces/ros2_ws/install/urdf_tutorial_r2d2/lib/python3.10/site-packages/urdf_tutorial_r2d2
byte-compiling /home/joe/workspaces/ros2_ws/install/urdf_tutorial_r2d2/lib/python3.10/site-packages/urdf_tutorial_r2d2/state_publisher.py to state_publisher.cpython-310.pyc
byte-compiling /home/joe/workspaces/ros2_ws/install/urdf_tutorial_r2d2/lib/python3.10/site-packages/urdf_tutorial_r2d2/__init__.py to __init__.cpython-310.pyc
running install_data
copying resource/urdf_tutorial_r2d2 -> /home/joe/workspaces/ros2_ws/install/urdf_tutorial_r2d2/share/ament_index/resource_index/packages
copying package.xml -> /home/joe/workspaces/ros2_ws/install/urdf_tutorial_r2d2/share/urdf_tutorial_r2d2
copying launch/demo.launch.py -> /home/joe/workspaces/ros2_ws/install/urdf_tutorial_r2d2/share/urdf_tutorial_r2d2/launch
copying urdf/r2d2.rviz -> /home/joe/workspaces/ros2_ws/install/urdf_tutorial_r2d2/share/urdf_tutorial_r2d2
copying urdf/runding.urdf -> /home/joe/workspaces/ros2_ws/install/urdf_tutorial_r2d2/share/urdf_tutorial_r2d2
running install_egg_info
Copying ../../build/urdf_tutorial_r2d2/urdf_tutorial_r2d2.egg-info to /home/joe/workspaces/ros2_ws/install/urdf_tutorial_r2d2/lib/python3.10/site-packages/urdf_tutorial_r2d2-0.0.0-py3.10.egg-info
running install_scripts
Installing listener script to /home/joe/workspaces/ros2_ws/install/urdf_tutorial_r2d2/lib/urdf_tutorial_r2d2
Installing state_publisher script to /home/joe/workspaces/ros2_ws/install/urdf_tutorial_r2d2/lib/urdf_tutorial_r2d2
writing list of installed files to '/home/joe/workspaces/ros2_ws/build/urdf_tutorial_r2d2/install.log'
