[1.122s] Invoking command in '/home/joe/workspaces/ros2_ws/src/py_launch': PYTHONPATH=/home/joe/workspaces/ros2_ws/build/py_launch/prefix_override:/home/joe/workspaces/ros2_ws/install/py_launch/lib/python3.10/site-packages:${PYTHONPATH} /usr/bin/python3 -W ignore:setup.py install is deprecated setup.py egg_info --egg-base ../../build/py_launch build --build-base /home/joe/workspaces/ros2_ws/build/py_launch/build install --record /home/joe/workspaces/ros2_ws/build/py_launch/install.log --single-version-externally-managed install_data
[1.431s] running egg_info
[1.432s] writing ../../build/py_launch/py_launch.egg-info/PKG-INFO
[1.432s] writing dependency_links to ../../build/py_launch/py_launch.egg-info/dependency_links.txt
[1.432s] writing entry points to ../../build/py_launch/py_launch.egg-info/entry_points.txt
[1.432s] writing requirements to ../../build/py_launch/py_launch.egg-info/requires.txt
[1.432s] writing top-level names to ../../build/py_launch/py_launch.egg-info/top_level.txt
[1.434s] reading manifest file '../../build/py_launch/py_launch.egg-info/SOURCES.txt'
[1.435s] writing manifest file '../../build/py_launch/py_launch.egg-info/SOURCES.txt'
[1.436s] running build
[1.436s] running build_py
[1.436s] running install
[1.436s] running install_lib
[1.438s] running install_data
[1.438s] running install_egg_info
[1.440s] removing '/home/joe/workspaces/ros2_ws/install/py_launch/lib/python3.10/site-packages/py_launch-0.0.0-py3.10.egg-info' (and everything under it)
[1.440s] Copying ../../build/py_launch/py_launch.egg-info to /home/joe/workspaces/ros2_ws/install/py_launch/lib/python3.10/site-packages/py_launch-0.0.0-py3.10.egg-info
[1.441s] running install_scripts
[1.466s] writing list of installed files to '/home/joe/workspaces/ros2_ws/build/py_launch/install.log'
[1.495s] Invoked command in '/home/joe/workspaces/ros2_ws/src/py_launch' returned '0': PYTHONPATH=/home/joe/workspaces/ros2_ws/build/py_launch/prefix_override:/home/joe/workspaces/ros2_ws/install/py_launch/lib/python3.10/site-packages:${PYTHONPATH} /usr/bin/python3 -W ignore:setup.py install is deprecated setup.py egg_info --egg-base ../../build/py_launch build --build-base /home/joe/workspaces/ros2_ws/build/py_launch/build install --record /home/joe/workspaces/ros2_ws/build/py_launch/install.log --single-version-externally-managed install_data
