[0.725s] Invoking command in '/home/joe/workspaces/ros2_ws/src/py_pid': PYTHONPATH=/home/joe/workspaces/ros2_ws/src/build/py_pid/prefix_override:/home/joe/workspaces/ros2_ws/src/install/py_pid/lib/python3.10/site-packages:${PYTHONPATH} /usr/bin/python3 -W ignore:setup.py install is deprecated setup.py egg_info --egg-base ../build/py_pid build --build-base /home/joe/workspaces/ros2_ws/src/build/py_pid/build install --record /home/joe/workspaces/ros2_ws/src/build/py_pid/install.log --single-version-externally-managed install_data
[1.002s] running egg_info
[1.002s] creating ../build/py_pid/py_pid.egg-info
[1.002s] writing ../build/py_pid/py_pid.egg-info/PKG-INFO
[1.003s] writing dependency_links to ../build/py_pid/py_pid.egg-info/dependency_links.txt
[1.003s] writing entry points to ../build/py_pid/py_pid.egg-info/entry_points.txt
[1.003s] writing requirements to ../build/py_pid/py_pid.egg-info/requires.txt
[1.003s] writing top-level names to ../build/py_pid/py_pid.egg-info/top_level.txt
[1.003s] writing manifest file '../build/py_pid/py_pid.egg-info/SOURCES.txt'
[1.005s] reading manifest file '../build/py_pid/py_pid.egg-info/SOURCES.txt'
[1.006s] writing manifest file '../build/py_pid/py_pid.egg-info/SOURCES.txt'
[1.006s] running build
[1.006s] running build_py
[1.006s] creating /home/joe/workspaces/ros2_ws/src/build/py_pid/build
[1.007s] creating /home/joe/workspaces/ros2_ws/src/build/py_pid/build/lib
[1.007s] creating /home/joe/workspaces/ros2_ws/src/build/py_pid/build/lib/py_pid
[1.007s] copying py_pid/__init__.py -> /home/joe/workspaces/ros2_ws/src/build/py_pid/build/lib/py_pid
[1.007s] copying py_pid/controller_pid.py -> /home/joe/workspaces/ros2_ws/src/build/py_pid/build/lib/py_pid
[1.007s] running install
[1.007s] running install_lib
[1.008s] creating /home/joe/workspaces/ros2_ws/src/install/py_pid/lib/python3.10/site-packages/py_pid
[1.008s] copying /home/joe/workspaces/ros2_ws/src/build/py_pid/build/lib/py_pid/__init__.py -> /home/joe/workspaces/ros2_ws/src/install/py_pid/lib/python3.10/site-packages/py_pid
[1.008s] copying /home/joe/workspaces/ros2_ws/src/build/py_pid/build/lib/py_pid/controller_pid.py -> /home/joe/workspaces/ros2_ws/src/install/py_pid/lib/python3.10/site-packages/py_pid
[1.009s] byte-compiling /home/joe/workspaces/ros2_ws/src/install/py_pid/lib/python3.10/site-packages/py_pid/__init__.py to __init__.cpython-310.pyc
[1.009s] byte-compiling /home/joe/workspaces/ros2_ws/src/install/py_pid/lib/python3.10/site-packages/py_pid/controller_pid.py to controller_pid.cpython-310.pyc
[1.010s] running install_data
[1.010s] creating /home/joe/workspaces/ros2_ws/src/install/py_pid/share
[1.010s] creating /home/joe/workspaces/ros2_ws/src/install/py_pid/share/py_pid
[1.011s] copying package.xml -> /home/joe/workspaces/ros2_ws/src/install/py_pid/share/py_pid
[1.011s] running install_egg_info
[1.013s] Copying ../build/py_pid/py_pid.egg-info to /home/joe/workspaces/ros2_ws/src/install/py_pid/lib/python3.10/site-packages/py_pid-0.0.1-py3.10.egg-info
[1.014s] running install_scripts
[1.038s] Installing ball_control_pid script to /home/joe/workspaces/ros2_ws/src/install/py_pid/lib/py_pid
[1.039s] Installing pid_controller script to /home/joe/workspaces/ros2_ws/src/install/py_pid/lib/py_pid
[1.039s] writing list of installed files to '/home/joe/workspaces/ros2_ws/src/build/py_pid/install.log'
[1.068s] Invoked command in '/home/joe/workspaces/ros2_ws/src/py_pid' returned '0': PYTHONPATH=/home/joe/workspaces/ros2_ws/src/build/py_pid/prefix_override:/home/joe/workspaces/ros2_ws/src/install/py_pid/lib/python3.10/site-packages:${PYTHONPATH} /usr/bin/python3 -W ignore:setup.py install is deprecated setup.py egg_info --egg-base ../build/py_pid build --build-base /home/joe/workspaces/ros2_ws/src/build/py_pid/build install --record /home/joe/workspaces/ros2_ws/src/build/py_pid/install.log --single-version-externally-managed install_data
