[2.726s] Invoking command in '/home/joe/workspaces/ros2_ws/src/py_launch': PYTHONPATH=/home/joe/workspaces/ros2_ws/build/py_launch/prefix_override:/home/joe/workspaces/ros2_ws/install/py_launch/lib/python3.10/site-packages:${PYTHONPATH} /usr/bin/python3 -W ignore:setup.py install is deprecated setup.py egg_info --egg-base ../../build/py_launch build --build-base /home/joe/workspaces/ros2_ws/build/py_launch/build install --record /home/joe/workspaces/ros2_ws/build/py_launch/install.log --single-version-externally-managed install_data
[3.299s] running egg_info
[3.301s] writing ../../build/py_launch/py_launch.egg-info/PKG-INFO
[3.302s] writing dependency_links to ../../build/py_launch/py_launch.egg-info/dependency_links.txt
[3.302s] writing entry points to ../../build/py_launch/py_launch.egg-info/entry_points.txt
[3.302s] writing requirements to ../../build/py_launch/py_launch.egg-info/requires.txt
[3.303s] writing top-level names to ../../build/py_launch/py_launch.egg-info/top_level.txt
[3.307s] reading manifest file '../../build/py_launch/py_launch.egg-info/SOURCES.txt'
[3.309s] writing manifest file '../../build/py_launch/py_launch.egg-info/SOURCES.txt'
[3.309s] running build
[3.309s] running build_py
[3.310s] running install
[3.311s] running install_lib
[3.314s] running install_data
[3.318s] running install_egg_info
[3.318s] removing '/home/joe/workspaces/ros2_ws/install/py_launch/lib/python3.10/site-packages/py_launch-0.0.0-py3.10.egg-info' (and everything under it)
[3.319s] Copying ../../build/py_launch/py_launch.egg-info to /home/joe/workspaces/ros2_ws/install/py_launch/lib/python3.10/site-packages/py_launch-0.0.0-py3.10.egg-info
[3.321s] running install_scripts
[3.372s] writing list of installed files to '/home/joe/workspaces/ros2_ws/build/py_launch/install.log'
[3.418s] Invoked command in '/home/joe/workspaces/ros2_ws/src/py_launch' returned '0': PYTHONPATH=/home/joe/workspaces/ros2_ws/build/py_launch/prefix_override:/home/joe/workspaces/ros2_ws/install/py_launch/lib/python3.10/site-packages:${PYTHONPATH} /usr/bin/python3 -W ignore:setup.py install is deprecated setup.py egg_info --egg-base ../../build/py_launch build --build-base /home/joe/workspaces/ros2_ws/build/py_launch/build install --record /home/joe/workspaces/ros2_ws/build/py_launch/install.log --single-version-externally-managed install_data
