[2.486s] Invoking command in '/home/joe/workspaces/ros2_ws/src/gaussian_blur': PYTHONPATH=/home/joe/workspaces/ros2_ws/build/gaussian_blur/prefix_override:/home/joe/workspaces/ros2_ws/install/gaussian_blur/lib/python3.10/site-packages:${PYTHONPATH} /usr/bin/python3 -W ignore:setup.py install is deprecated setup.py egg_info --egg-base ../../build/gaussian_blur build --build-base /home/joe/workspaces/ros2_ws/build/gaussian_blur/build install --record /home/joe/workspaces/ros2_ws/build/gaussian_blur/install.log --single-version-externally-managed install_data
[2.873s] running egg_info
[2.874s] writing ../../build/gaussian_blur/gaussian_blur.egg-info/PKG-INFO
[2.876s] writing dependency_links to ../../build/gaussian_blur/gaussian_blur.egg-info/dependency_links.txt
[2.877s] writing entry points to ../../build/gaussian_blur/gaussian_blur.egg-info/entry_points.txt
[2.878s] writing requirements to ../../build/gaussian_blur/gaussian_blur.egg-info/requires.txt
[2.880s] writing top-level names to ../../build/gaussian_blur/gaussian_blur.egg-info/top_level.txt
[2.881s] reading manifest file '../../build/gaussian_blur/gaussian_blur.egg-info/SOURCES.txt'
[2.882s] writing manifest file '../../build/gaussian_blur/gaussian_blur.egg-info/SOURCES.txt'
[2.883s] running build
[2.884s] running build_py
[2.885s] running install
[2.886s] running install_lib
[2.887s] running install_data
[2.888s] running install_egg_info
[2.889s] removing '/home/joe/workspaces/ros2_ws/install/gaussian_blur/lib/python3.10/site-packages/gaussian_blur-0.0.0-py3.10.egg-info' (and everything under it)
[2.890s] Copying ../../build/gaussian_blur/gaussian_blur.egg-info to /home/joe/workspaces/ros2_ws/install/gaussian_blur/lib/python3.10/site-packages/gaussian_blur-0.0.0-py3.10.egg-info
[2.892s] running install_scripts
[2.932s] Installing gaussian_blur_node script to /home/joe/workspaces/ros2_ws/install/gaussian_blur/lib/gaussian_blur
[2.933s] writing list of installed files to '/home/joe/workspaces/ros2_ws/build/gaussian_blur/install.log'
[2.979s] Invoked command in '/home/joe/workspaces/ros2_ws/src/gaussian_blur' returned '0': PYTHONPATH=/home/joe/workspaces/ros2_ws/build/gaussian_blur/prefix_override:/home/joe/workspaces/ros2_ws/install/gaussian_blur/lib/python3.10/site-packages:${PYTHONPATH} /usr/bin/python3 -W ignore:setup.py install is deprecated setup.py egg_info --egg-base ../../build/gaussian_blur build --build-base /home/joe/workspaces/ros2_ws/build/gaussian_blur/build install --record /home/joe/workspaces/ros2_ws/build/gaussian_blur/install.log --single-version-externally-managed install_data
