[2.625s] Invoking command in '/home/joe/workspaces/ros2_ws/src/py_launch': PYTHONPATH=/home/joe/workspaces/ros2_ws/build/py_launch/prefix_override:/home/joe/workspaces/ros2_ws/install/py_launch/lib/python3.10/site-packages:${PYTHONPATH} /usr/bin/python3 -W ignore:setup.py install is deprecated setup.py egg_info --egg-base ../../build/py_launch build --build-base /home/joe/workspaces/ros2_ws/build/py_launch/build install --record /home/joe/workspaces/ros2_ws/build/py_launch/install.log --single-version-externally-managed install_data
[3.102s] running egg_info
[3.103s] writing ../../build/py_launch/py_launch.egg-info/PKG-INFO
[3.103s] writing dependency_links to ../../build/py_launch/py_launch.egg-info/dependency_links.txt
[3.103s] writing entry points to ../../build/py_launch/py_launch.egg-info/entry_points.txt
[3.104s] writing requirements to ../../build/py_launch/py_launch.egg-info/requires.txt
[3.104s] writing top-level names to ../../build/py_launch/py_launch.egg-info/top_level.txt
[3.106s] reading manifest file '../../build/py_launch/py_launch.egg-info/SOURCES.txt'
[3.107s] writing manifest file '../../build/py_launch/py_launch.egg-info/SOURCES.txt'
[3.107s] running build
[3.107s] running build_py
[3.108s] running install
[3.108s] running install_lib
[3.109s] running install_data
[3.110s] running install_egg_info
[3.112s] removing '/home/joe/workspaces/ros2_ws/install/py_launch/lib/python3.10/site-packages/py_launch-0.0.0-py3.10.egg-info' (and everything under it)
[3.112s] Copying ../../build/py_launch/py_launch.egg-info to /home/joe/workspaces/ros2_ws/install/py_launch/lib/python3.10/site-packages/py_launch-0.0.0-py3.10.egg-info
[3.113s] running install_scripts
[3.140s] writing list of installed files to '/home/joe/workspaces/ros2_ws/build/py_launch/install.log'
[3.194s] Invoked command in '/home/joe/workspaces/ros2_ws/src/py_launch' returned '0': PYTHONPATH=/home/joe/workspaces/ros2_ws/build/py_launch/prefix_override:/home/joe/workspaces/ros2_ws/install/py_launch/lib/python3.10/site-packages:${PYTHONPATH} /usr/bin/python3 -W ignore:setup.py install is deprecated setup.py egg_info --egg-base ../../build/py_launch build --build-base /home/joe/workspaces/ros2_ws/build/py_launch/build install --record /home/joe/workspaces/ros2_ws/build/py_launch/install.log --single-version-externally-managed install_data
