[2.670s] Invoking command in '/home/joe/workspaces/ros2_ws/src/gaussian_blur': PYTHONPATH=/home/joe/workspaces/ros2_ws/src/build/gaussian_blur/prefix_override:/home/joe/workspaces/ros2_ws/src/install/gaussian_blur/lib/python3.10/site-packages:${PYTHONPATH} /usr/bin/python3 -W ignore:setup.py install is deprecated setup.py egg_info --egg-base ../build/gaussian_blur build --build-base /home/joe/workspaces/ros2_ws/src/build/gaussian_blur/build install --record /home/joe/workspaces/ros2_ws/src/build/gaussian_blur/install.log --single-version-externally-managed install_data
[3.192s] running egg_info
[3.193s] creating ../build/gaussian_blur/gaussian_blur.egg-info
[3.194s] writing ../build/gaussian_blur/gaussian_blur.egg-info/PKG-INFO
[3.194s] writing dependency_links to ../build/gaussian_blur/gaussian_blur.egg-info/dependency_links.txt
[3.194s] writing entry points to ../build/gaussian_blur/gaussian_blur.egg-info/entry_points.txt
[3.195s] writing requirements to ../build/gaussian_blur/gaussian_blur.egg-info/requires.txt
[3.195s] writing top-level names to ../build/gaussian_blur/gaussian_blur.egg-info/top_level.txt
[3.195s] writing manifest file '../build/gaussian_blur/gaussian_blur.egg-info/SOURCES.txt'
[3.199s] reading manifest file '../build/gaussian_blur/gaussian_blur.egg-info/SOURCES.txt'
[3.200s] writing manifest file '../build/gaussian_blur/gaussian_blur.egg-info/SOURCES.txt'
[3.200s] running build
[3.201s] running build_py
[3.201s] creating /home/joe/workspaces/ros2_ws/src/build/gaussian_blur/build
[3.201s] creating /home/joe/workspaces/ros2_ws/src/build/gaussian_blur/build/lib
[3.202s] creating /home/joe/workspaces/ros2_ws/src/build/gaussian_blur/build/lib/gaussian_blur
[3.202s] copying gaussian_blur/gaussian_blur_node.py -> /home/joe/workspaces/ros2_ws/src/build/gaussian_blur/build/lib/gaussian_blur
[3.202s] copying gaussian_blur/__init__.py -> /home/joe/workspaces/ros2_ws/src/build/gaussian_blur/build/lib/gaussian_blur
[3.202s] running install
[3.203s] running install_lib
[3.204s] creating /home/joe/workspaces/ros2_ws/src/install/gaussian_blur/lib/python3.10/site-packages/gaussian_blur
[3.204s] copying /home/joe/workspaces/ros2_ws/src/build/gaussian_blur/build/lib/gaussian_blur/gaussian_blur_node.py -> /home/joe/workspaces/ros2_ws/src/install/gaussian_blur/lib/python3.10/site-packages/gaussian_blur
[3.204s] copying /home/joe/workspaces/ros2_ws/src/build/gaussian_blur/build/lib/gaussian_blur/__init__.py -> /home/joe/workspaces/ros2_ws/src/install/gaussian_blur/lib/python3.10/site-packages/gaussian_blur
[3.205s] byte-compiling /home/joe/workspaces/ros2_ws/src/install/gaussian_blur/lib/python3.10/site-packages/gaussian_blur/gaussian_blur_node.py to gaussian_blur_node.cpython-310.pyc
[3.208s] byte-compiling /home/joe/workspaces/ros2_ws/src/install/gaussian_blur/lib/python3.10/site-packages/gaussian_blur/__init__.py to __init__.cpython-310.pyc
[3.208s] running install_data
[3.208s] creating /home/joe/workspaces/ros2_ws/src/install/gaussian_blur/share/ament_index
[3.208s] creating /home/joe/workspaces/ros2_ws/src/install/gaussian_blur/share/ament_index/resource_index
[3.209s] creating /home/joe/workspaces/ros2_ws/src/install/gaussian_blur/share/ament_index/resource_index/packages
[3.209s] copying resource/gaussian_blur -> /home/joe/workspaces/ros2_ws/src/install/gaussian_blur/share/ament_index/resource_index/packages
[3.209s] copying package.xml -> /home/joe/workspaces/ros2_ws/src/install/gaussian_blur/share/gaussian_blur
[3.209s] running install_egg_info
[3.212s] Copying ../build/gaussian_blur/gaussian_blur.egg-info to /home/joe/workspaces/ros2_ws/src/install/gaussian_blur/lib/python3.10/site-packages/gaussian_blur-0.0.0-py3.10.egg-info
[3.214s] running install_scripts
[3.252s] Installing gaussian_blur_node script to /home/joe/workspaces/ros2_ws/src/install/gaussian_blur/lib/gaussian_blur
[3.252s] writing list of installed files to '/home/joe/workspaces/ros2_ws/src/build/gaussian_blur/install.log'
[3.301s] Invoked command in '/home/joe/workspaces/ros2_ws/src/gaussian_blur' returned '0': PYTHONPATH=/home/joe/workspaces/ros2_ws/src/build/gaussian_blur/prefix_override:/home/joe/workspaces/ros2_ws/src/install/gaussian_blur/lib/python3.10/site-packages:${PYTHONPATH} /usr/bin/python3 -W ignore:setup.py install is deprecated setup.py egg_info --egg-base ../build/gaussian_blur build --build-base /home/joe/workspaces/ros2_ws/src/build/gaussian_blur/build install --record /home/joe/workspaces/ros2_ws/src/build/gaussian_blur/install.log --single-version-externally-managed install_data
