[3.431s] Invoking command in '/home/joe/workspaces/ros2_ws/src/magnus_kinematic': PYTHONPATH=/home/joe/workspaces/ros2_ws/build/magnus_kinematic/prefix_override:/home/joe/workspaces/ros2_ws/install/magnus_kinematic/lib/python3.10/site-packages:${PYTHONPATH} /usr/bin/python3 -W ignore:setup.py install is deprecated setup.py egg_info --egg-base ../../build/magnus_kinematic build --build-base /home/joe/workspaces/ros2_ws/build/magnus_kinematic/build install --record /home/joe/workspaces/ros2_ws/build/magnus_kinematic/install.log --single-version-externally-managed install_data
[4.049s] running egg_info
[4.049s] creating ../../build/magnus_kinematic/magnus_kinematic.egg-info
[4.050s] writing ../../build/magnus_kinematic/magnus_kinematic.egg-info/PKG-INFO
[4.051s] writing dependency_links to ../../build/magnus_kinematic/magnus_kinematic.egg-info/dependency_links.txt
[4.051s] writing entry points to ../../build/magnus_kinematic/magnus_kinematic.egg-info/entry_points.txt
[4.052s] writing requirements to ../../build/magnus_kinematic/magnus_kinematic.egg-info/requires.txt
[4.053s] writing top-level names to ../../build/magnus_kinematic/magnus_kinematic.egg-info/top_level.txt
[4.053s] writing manifest file '../../build/magnus_kinematic/magnus_kinematic.egg-info/SOURCES.txt'
[4.057s] reading manifest file '../../build/magnus_kinematic/magnus_kinematic.egg-info/SOURCES.txt'
[4.059s] writing manifest file '../../build/magnus_kinematic/magnus_kinematic.egg-info/SOURCES.txt'
[4.060s] running build
[4.060s] running build_py
[4.061s] creating /home/joe/workspaces/ros2_ws/build/magnus_kinematic/build
[4.061s] creating /home/joe/workspaces/ros2_ws/build/magnus_kinematic/build/lib
[4.061s] creating /home/joe/workspaces/ros2_ws/build/magnus_kinematic/build/lib/magnus_kinematic
[4.062s] copying magnus_kinematic/magnus_functions.py -> /home/joe/workspaces/ros2_ws/build/magnus_kinematic/build/lib/magnus_kinematic
[4.062s] copying magnus_kinematic/__init__.py -> /home/joe/workspaces/ros2_ws/build/magnus_kinematic/build/lib/magnus_kinematic
[4.062s] copying magnus_kinematic/magnus_kinematic_node.py -> /home/joe/workspaces/ros2_ws/build/magnus_kinematic/build/lib/magnus_kinematic
[4.063s] running install
[4.065s] running install_lib
[4.068s] creating /home/joe/workspaces/ros2_ws/install/magnus_kinematic/lib/python3.10/site-packages/magnus_kinematic
[4.069s] copying /home/joe/workspaces/ros2_ws/build/magnus_kinematic/build/lib/magnus_kinematic/magnus_functions.py -> /home/joe/workspaces/ros2_ws/install/magnus_kinematic/lib/python3.10/site-packages/magnus_kinematic
[4.069s] copying /home/joe/workspaces/ros2_ws/build/magnus_kinematic/build/lib/magnus_kinematic/__init__.py -> /home/joe/workspaces/ros2_ws/install/magnus_kinematic/lib/python3.10/site-packages/magnus_kinematic
[4.070s] copying /home/joe/workspaces/ros2_ws/build/magnus_kinematic/build/lib/magnus_kinematic/magnus_kinematic_node.py -> /home/joe/workspaces/ros2_ws/install/magnus_kinematic/lib/python3.10/site-packages/magnus_kinematic
[4.072s] byte-compiling /home/joe/workspaces/ros2_ws/install/magnus_kinematic/lib/python3.10/site-packages/magnus_kinematic/magnus_functions.py to magnus_functions.cpython-310.pyc
[4.076s] byte-compiling /home/joe/workspaces/ros2_ws/install/magnus_kinematic/lib/python3.10/site-packages/magnus_kinematic/__init__.py to __init__.cpython-310.pyc
[4.076s] byte-compiling /home/joe/workspaces/ros2_ws/install/magnus_kinematic/lib/python3.10/site-packages/magnus_kinematic/magnus_kinematic_node.py to magnus_kinematic_node.cpython-310.pyc
[4.079s] running install_data
[4.079s] creating /home/joe/workspaces/ros2_ws/install/magnus_kinematic/share/ament_index
[4.079s] creating /home/joe/workspaces/ros2_ws/install/magnus_kinematic/share/ament_index/resource_index
[4.080s] creating /home/joe/workspaces/ros2_ws/install/magnus_kinematic/share/ament_index/resource_index/packages
[4.080s] copying resource/magnus_kinematic -> /home/joe/workspaces/ros2_ws/install/magnus_kinematic/share/ament_index/resource_index/packages
[4.083s] copying package.xml -> /home/joe/workspaces/ros2_ws/install/magnus_kinematic/share/magnus_kinematic
[4.083s] running install_egg_info
[4.085s] Copying ../../build/magnus_kinematic/magnus_kinematic.egg-info to /home/joe/workspaces/ros2_ws/install/magnus_kinematic/lib/python3.10/site-packages/magnus_kinematic-0.0.0-py3.10.egg-info
[4.087s] running install_scripts
[4.154s] Installing new_controller script to /home/joe/workspaces/ros2_ws/install/magnus_kinematic/lib/magnus_kinematic
[4.154s] writing list of installed files to '/home/joe/workspaces/ros2_ws/build/magnus_kinematic/install.log'
[4.267s] Invoked command in '/home/joe/workspaces/ros2_ws/src/magnus_kinematic' returned '0': PYTHONPATH=/home/joe/workspaces/ros2_ws/build/magnus_kinematic/prefix_override:/home/joe/workspaces/ros2_ws/install/magnus_kinematic/lib/python3.10/site-packages:${PYTHONPATH} /usr/bin/python3 -W ignore:setup.py install is deprecated setup.py egg_info --egg-base ../../build/magnus_kinematic build --build-base /home/joe/workspaces/ros2_ws/build/magnus_kinematic/build install --record /home/joe/workspaces/ros2_ws/build/magnus_kinematic/install.log --single-version-externally-managed install_data
