[1.792s] Invoking command in '/home/joe/workspaces/ros2_ws/src/py_kinematics': PYTHONPATH=/home/joe/workspaces/ros2_ws/src/build/py_kinematics/prefix_override:/home/joe/workspaces/ros2_ws/src/install/py_kinematics/lib/python3.10/site-packages:${PYTHONPATH} /usr/bin/python3 -W ignore:setup.py install is deprecated setup.py egg_info --egg-base ../build/py_kinematics build --build-base /home/joe/workspaces/ros2_ws/src/build/py_kinematics/build install --record /home/joe/workspaces/ros2_ws/src/build/py_kinematics/install.log --single-version-externally-managed install_data
[2.202s] running egg_info
[2.203s] writing ../build/py_kinematics/py_kinematics.egg-info/PKG-INFO
[2.204s] writing dependency_links to ../build/py_kinematics/py_kinematics.egg-info/dependency_links.txt
[2.204s] writing entry points to ../build/py_kinematics/py_kinematics.egg-info/entry_points.txt
[2.206s] writing requirements to ../build/py_kinematics/py_kinematics.egg-info/requires.txt
[2.206s] writing top-level names to ../build/py_kinematics/py_kinematics.egg-info/top_level.txt
[2.207s] reading manifest file '../build/py_kinematics/py_kinematics.egg-info/SOURCES.txt'
[2.209s] writing manifest file '../build/py_kinematics/py_kinematics.egg-info/SOURCES.txt'
[2.209s] running build
[2.209s] running build_py
[2.210s] copying py_kinematics/kinematic_control.py -> /home/joe/workspaces/ros2_ws/src/build/py_kinematics/build/lib/py_kinematics
[2.210s] running install
[2.211s] running install_lib
[2.212s] copying /home/joe/workspaces/ros2_ws/src/build/py_kinematics/build/lib/py_kinematics/kinematic_control.py -> /home/joe/workspaces/ros2_ws/src/install/py_kinematics/lib/python3.10/site-packages/py_kinematics
[2.213s] byte-compiling /home/joe/workspaces/ros2_ws/src/install/py_kinematics/lib/python3.10/site-packages/py_kinematics/kinematic_control.py to kinematic_control.cpython-310.pyc
[2.214s] running install_data
[2.215s] running install_egg_info
[2.218s] removing '/home/joe/workspaces/ros2_ws/src/install/py_kinematics/lib/python3.10/site-packages/py_kinematics-0.0.0-py3.10.egg-info' (and everything under it)
[2.219s] Copying ../build/py_kinematics/py_kinematics.egg-info to /home/joe/workspaces/ros2_ws/src/install/py_kinematics/lib/python3.10/site-packages/py_kinematics-0.0.0-py3.10.egg-info
[2.220s] running install_scripts
[2.254s] Installing kinematic_control script to /home/joe/workspaces/ros2_ws/src/install/py_kinematics/lib/py_kinematics
[2.255s] writing list of installed files to '/home/joe/workspaces/ros2_ws/src/build/py_kinematics/install.log'
[2.300s] Invoked command in '/home/joe/workspaces/ros2_ws/src/py_kinematics' returned '0': PYTHONPATH=/home/joe/workspaces/ros2_ws/src/build/py_kinematics/prefix_override:/home/joe/workspaces/ros2_ws/src/install/py_kinematics/lib/python3.10/site-packages:${PYTHONPATH} /usr/bin/python3 -W ignore:setup.py install is deprecated setup.py egg_info --egg-base ../build/py_kinematics build --build-base /home/joe/workspaces/ros2_ws/src/build/py_kinematics/build install --record /home/joe/workspaces/ros2_ws/src/build/py_kinematics/install.log --single-version-externally-managed install_data
