[2.465s] Invoking command in '/home/joe/workspaces/ros2_ws/src/py_controller_pub': PYTHONPATH=/home/joe/workspaces/ros2_ws/src/build/py_controller_pub/prefix_override:/home/joe/workspaces/ros2_ws/src/install/py_controller_pub/lib/python3.10/site-packages:${PYTHONPATH} /usr/bin/python3 -W ignore:setup.py install is deprecated setup.py egg_info --egg-base ../build/py_controller_pub build --build-base /home/joe/workspaces/ros2_ws/src/build/py_controller_pub/build install --record /home/joe/workspaces/ros2_ws/src/build/py_controller_pub/install.log --single-version-externally-managed install_data
[2.950s] running egg_info
[2.951s] writing ../build/py_controller_pub/py_controller_pub.egg-info/PKG-INFO
[2.951s] writing dependency_links to ../build/py_controller_pub/py_controller_pub.egg-info/dependency_links.txt
[2.952s] writing entry points to ../build/py_controller_pub/py_controller_pub.egg-info/entry_points.txt
[2.952s] writing requirements to ../build/py_controller_pub/py_controller_pub.egg-info/requires.txt
[2.952s] writing top-level names to ../build/py_controller_pub/py_controller_pub.egg-info/top_level.txt
[2.956s] reading manifest file '../build/py_controller_pub/py_controller_pub.egg-info/SOURCES.txt'
[2.956s] adding license file 'LICENSE'
[2.957s] writing manifest file '../build/py_controller_pub/py_controller_pub.egg-info/SOURCES.txt'
[2.957s] running build
[2.958s] running build_py
[2.958s] running install
[2.959s] running install_lib
[2.961s] running install_data
[2.961s] running install_egg_info
[2.963s] removing '/home/joe/workspaces/ros2_ws/src/install/py_controller_pub/lib/python3.10/site-packages/py_controller_pub-0.0.0-py3.10.egg-info' (and everything under it)
[2.963s] Copying ../build/py_controller_pub/py_controller_pub.egg-info to /home/joe/workspaces/ros2_ws/src/install/py_controller_pub/lib/python3.10/site-packages/py_controller_pub-0.0.0-py3.10.egg-info
[2.965s] running install_scripts
[2.991s] Installing arduino_controller script to /home/joe/workspaces/ros2_ws/src/install/py_controller_pub/lib/py_controller_pub
[2.991s] writing list of installed files to '/home/joe/workspaces/ros2_ws/src/build/py_controller_pub/install.log'
[3.023s] Invoked command in '/home/joe/workspaces/ros2_ws/src/py_controller_pub' returned '0': PYTHONPATH=/home/joe/workspaces/ros2_ws/src/build/py_controller_pub/prefix_override:/home/joe/workspaces/ros2_ws/src/install/py_controller_pub/lib/python3.10/site-packages:${PYTHONPATH} /usr/bin/python3 -W ignore:setup.py install is deprecated setup.py egg_info --egg-base ../build/py_controller_pub build --build-base /home/joe/workspaces/ros2_ws/src/build/py_controller_pub/build install --record /home/joe/workspaces/ros2_ws/src/build/py_controller_pub/install.log --single-version-externally-managed install_data
