[0.722s] Invoking command in '/home/joe/workspaces/ros2_ws/build/urdf_tutorial_r2d2': PYTHONPATH=/home/joe/workspaces/ros2_ws/build/urdf_tutorial_r2d2/prefix_override:/home/joe/workspaces/ros2_ws/install/urdf_tutorial_r2d2/lib/python3.10/site-packages:${PYTHONPATH} /usr/bin/python3 -W ignore:setup.py install is deprecated setup.py develop --editable --build-directory /home/joe/workspaces/ros2_ws/build/urdf_tutorial_r2d2/build --no-deps symlink_data --force
[1.029s] running develop
[1.038s] /usr/lib/python3/dist-packages/setuptools/command/easy_install.py:158: EasyInstallDeprecationWarning: easy_install command is deprecated. Use build and pip and other standards-based tools.
[1.038s]   warnings.warn(
[1.220s] running egg_info
[1.220s] writing urdf_tutorial_r2d2.egg-info/PKG-INFO
[1.220s] writing dependency_links to urdf_tutorial_r2d2.egg-info/dependency_links.txt
[1.220s] writing entry points to urdf_tutorial_r2d2.egg-info/entry_points.txt
[1.220s] writing requirements to urdf_tutorial_r2d2.egg-info/requires.txt
[1.220s] writing top-level names to urdf_tutorial_r2d2.egg-info/top_level.txt
[1.222s] reading manifest file 'urdf_tutorial_r2d2.egg-info/SOURCES.txt'
[1.223s] writing manifest file 'urdf_tutorial_r2d2.egg-info/SOURCES.txt'
[1.225s] running build_ext
[1.225s] Creating /home/joe/workspaces/ros2_ws/install/urdf_tutorial_r2d2/lib/python3.10/site-packages/urdf-tutorial-r2d2.egg-link (link to .)
[1.226s] Installing listener script to /home/joe/workspaces/ros2_ws/install/urdf_tutorial_r2d2/lib/urdf_tutorial_r2d2
[1.226s] Installing state_publisher script to /home/joe/workspaces/ros2_ws/install/urdf_tutorial_r2d2/lib/urdf_tutorial_r2d2
[1.226s] 
[1.226s] Installed /home/joe/workspaces/ros2_ws/build/urdf_tutorial_r2d2
[1.226s] running symlink_data
[1.227s] symbolically linking /home/joe/workspaces/ros2_ws/build/urdf_tutorial_r2d2/resource/urdf_tutorial_r2d2 -> /home/joe/workspaces/ros2_ws/install/urdf_tutorial_r2d2/share/ament_index/resource_index/packages
[1.227s] symbolically linking /home/joe/workspaces/ros2_ws/build/urdf_tutorial_r2d2/package.xml -> /home/joe/workspaces/ros2_ws/install/urdf_tutorial_r2d2/share/urdf_tutorial_r2d2
[1.227s] symbolically linking /home/joe/workspaces/ros2_ws/build/urdf_tutorial_r2d2/launch/demo.launch.py -> /home/joe/workspaces/ros2_ws/install/urdf_tutorial_r2d2/share/urdf_tutorial_r2d2/launch
[1.227s] symbolically linking /home/joe/workspaces/ros2_ws/build/urdf_tutorial_r2d2/urdf/r2d2.rviz -> /home/joe/workspaces/ros2_ws/install/urdf_tutorial_r2d2/share/urdf_tutorial_r2d2
[1.227s] symbolically linking /home/joe/workspaces/ros2_ws/build/urdf_tutorial_r2d2/urdf/runding.urdf -> /home/joe/workspaces/ros2_ws/install/urdf_tutorial_r2d2/share/urdf_tutorial_r2d2
[1.260s] Invoked command in '/home/joe/workspaces/ros2_ws/build/urdf_tutorial_r2d2' returned '0': PYTHONPATH=/home/joe/workspaces/ros2_ws/build/urdf_tutorial_r2d2/prefix_override:/home/joe/workspaces/ros2_ws/install/urdf_tutorial_r2d2/lib/python3.10/site-packages:${PYTHONPATH} /usr/bin/python3 -W ignore:setup.py install is deprecated setup.py develop --editable --build-directory /home/joe/workspaces/ros2_ws/build/urdf_tutorial_r2d2/build --no-deps symlink_data --force
