[2.314s] Invoking command in '/home/joe/workspaces/ros2_ws/src/py_pid': PYTHONPATH=/home/joe/workspaces/ros2_ws/build/py_pid/prefix_override:/home/joe/workspaces/ros2_ws/install/py_pid/lib/python3.10/site-packages:${PYTHONPATH} /usr/bin/python3 -W ignore:setup.py install is deprecated setup.py egg_info --egg-base ../../build/py_pid build --build-base /home/joe/workspaces/ros2_ws/build/py_pid/build install --record /home/joe/workspaces/ros2_ws/build/py_pid/install.log --single-version-externally-managed install_data
[2.830s] running egg_info
[2.831s] writing ../../build/py_pid/py_pid.egg-info/PKG-INFO
[2.832s] writing dependency_links to ../../build/py_pid/py_pid.egg-info/dependency_links.txt
[2.832s] writing entry points to ../../build/py_pid/py_pid.egg-info/entry_points.txt
[2.832s] writing requirements to ../../build/py_pid/py_pid.egg-info/requires.txt
[2.832s] writing top-level names to ../../build/py_pid/py_pid.egg-info/top_level.txt
[2.836s] reading manifest file '../../build/py_pid/py_pid.egg-info/SOURCES.txt'
[2.837s] writing manifest file '../../build/py_pid/py_pid.egg-info/SOURCES.txt'
[2.838s] running build
[2.838s] running build_py
[2.838s] copying py_pid/controller_pid.py -> /home/joe/workspaces/ros2_ws/build/py_pid/build/lib/py_pid
[2.838s] running install
[2.839s] running install_lib
[2.840s] copying /home/joe/workspaces/ros2_ws/build/py_pid/build/lib/py_pid/controller_pid.py -> /home/joe/workspaces/ros2_ws/install/py_pid/lib/python3.10/site-packages/py_pid
[2.841s] byte-compiling /home/joe/workspaces/ros2_ws/install/py_pid/lib/python3.10/site-packages/py_pid/controller_pid.py to controller_pid.cpython-310.pyc
[2.842s] running install_data
[2.843s] running install_egg_info
[2.845s] removing '/home/joe/workspaces/ros2_ws/install/py_pid/lib/python3.10/site-packages/py_pid-0.0.0-py3.10.egg-info' (and everything under it)
[2.846s] Copying ../../build/py_pid/py_pid.egg-info to /home/joe/workspaces/ros2_ws/install/py_pid/lib/python3.10/site-packages/py_pid-0.0.0-py3.10.egg-info
[2.848s] running install_scripts
[2.888s] Installing ball_control_pid script to /home/joe/workspaces/ros2_ws/install/py_pid/lib/py_pid
[2.889s] writing list of installed files to '/home/joe/workspaces/ros2_ws/build/py_pid/install.log'
[2.941s] Invoked command in '/home/joe/workspaces/ros2_ws/src/py_pid' returned '0': PYTHONPATH=/home/joe/workspaces/ros2_ws/build/py_pid/prefix_override:/home/joe/workspaces/ros2_ws/install/py_pid/lib/python3.10/site-packages:${PYTHONPATH} /usr/bin/python3 -W ignore:setup.py install is deprecated setup.py egg_info --egg-base ../../build/py_pid build --build-base /home/joe/workspaces/ros2_ws/build/py_pid/build install --record /home/joe/workspaces/ros2_ws/build/py_pid/install.log --single-version-externally-managed install_data
