[3.479s] Invoking command in '/home/joe/workspaces/ros2_ws/src/canny_edge': PYTHONPATH=/home/joe/workspaces/ros2_ws/build/canny_edge/prefix_override:/home/joe/workspaces/ros2_ws/install/canny_edge/lib/python3.10/site-packages:${PYTHONPATH} /usr/bin/python3 -W ignore:setup.py install is deprecated setup.py egg_info --egg-base ../../build/canny_edge build --build-base /home/joe/workspaces/ros2_ws/build/canny_edge/build install --record /home/joe/workspaces/ros2_ws/build/canny_edge/install.log --single-version-externally-managed install_data
[4.078s] running egg_info
[4.080s] writing ../../build/canny_edge/canny_edge.egg-info/PKG-INFO
[4.081s] writing dependency_links to ../../build/canny_edge/canny_edge.egg-info/dependency_links.txt
[4.083s] writing entry points to ../../build/canny_edge/canny_edge.egg-info/entry_points.txt
[4.084s] writing requirements to ../../build/canny_edge/canny_edge.egg-info/requires.txt
[4.086s] writing top-level names to ../../build/canny_edge/canny_edge.egg-info/top_level.txt
[4.090s] reading manifest file '../../build/canny_edge/canny_edge.egg-info/SOURCES.txt'
[4.093s] writing manifest file '../../build/canny_edge/canny_edge.egg-info/SOURCES.txt'
[4.094s] running build
[4.095s] running build_py
[4.096s] running install
[4.098s] running install_lib
[4.124s] running install_data
[4.125s] running install_egg_info
[4.140s] removing '/home/joe/workspaces/ros2_ws/install/canny_edge/lib/python3.10/site-packages/canny_edge-0.0.0-py3.10.egg-info' (and everything under it)
[4.140s] Copying ../../build/canny_edge/canny_edge.egg-info to /home/joe/workspaces/ros2_ws/install/canny_edge/lib/python3.10/site-packages/canny_edge-0.0.0-py3.10.egg-info
[4.142s] running install_scripts
[4.266s] Installing canny_edge_node script to /home/joe/workspaces/ros2_ws/install/canny_edge/lib/canny_edge
[4.267s] writing list of installed files to '/home/joe/workspaces/ros2_ws/build/canny_edge/install.log'
[4.766s] Invoked command in '/home/joe/workspaces/ros2_ws/src/canny_edge' returned '0': PYTHONPATH=/home/joe/workspaces/ros2_ws/build/canny_edge/prefix_override:/home/joe/workspaces/ros2_ws/install/canny_edge/lib/python3.10/site-packages:${PYTHONPATH} /usr/bin/python3 -W ignore:setup.py install is deprecated setup.py egg_info --egg-base ../../build/canny_edge build --build-base /home/joe/workspaces/ros2_ws/build/canny_edge/build install --record /home/joe/workspaces/ros2_ws/build/canny_edge/install.log --single-version-externally-managed install_data
