[2.699s] Invoking command in '/home/joe/workspaces/ros2_ws/src/py_launch': PYTHONPATH=/home/joe/workspaces/ros2_ws/build/py_launch/prefix_override:/home/joe/workspaces/ros2_ws/install/py_launch/lib/python3.10/site-packages:${PYTHONPATH} /usr/bin/python3 -W ignore:setup.py install is deprecated setup.py egg_info --egg-base ../../build/py_launch build --build-base /home/joe/workspaces/ros2_ws/build/py_launch/build install --record /home/joe/workspaces/ros2_ws/build/py_launch/install.log --single-version-externally-managed install_data
[3.270s] running egg_info
[3.271s] writing ../../build/py_launch/py_launch.egg-info/PKG-INFO
[3.272s] writing dependency_links to ../../build/py_launch/py_launch.egg-info/dependency_links.txt
[3.272s] writing entry points to ../../build/py_launch/py_launch.egg-info/entry_points.txt
[3.272s] writing requirements to ../../build/py_launch/py_launch.egg-info/requires.txt
[3.272s] writing top-level names to ../../build/py_launch/py_launch.egg-info/top_level.txt
[3.274s] reading manifest file '../../build/py_launch/py_launch.egg-info/SOURCES.txt'
[3.275s] writing manifest file '../../build/py_launch/py_launch.egg-info/SOURCES.txt'
[3.275s] running build
[3.276s] running build_py
[3.276s] copying py_launch/launch.py -> /home/joe/workspaces/ros2_ws/build/py_launch/build/lib/py_launch
[3.276s] running install
[3.277s] running install_lib
[3.278s] copying /home/joe/workspaces/ros2_ws/build/py_launch/build/lib/py_launch/launch.py -> /home/joe/workspaces/ros2_ws/install/py_launch/lib/python3.10/site-packages/py_launch
[3.279s] byte-compiling /home/joe/workspaces/ros2_ws/install/py_launch/lib/python3.10/site-packages/py_launch/launch.py to launch.cpython-310.pyc
[3.280s] running install_data
[3.280s] copying py_launch/launch.py -> /home/joe/workspaces/ros2_ws/install/py_launch/share/py_launch
[3.281s] running install_egg_info
[3.283s] removing '/home/joe/workspaces/ros2_ws/install/py_launch/lib/python3.10/site-packages/py_launch-0.0.0-py3.10.egg-info' (and everything under it)
[3.283s] Copying ../../build/py_launch/py_launch.egg-info to /home/joe/workspaces/ros2_ws/install/py_launch/lib/python3.10/site-packages/py_launch-0.0.0-py3.10.egg-info
[3.285s] running install_scripts
[3.314s] writing list of installed files to '/home/joe/workspaces/ros2_ws/build/py_launch/install.log'
[3.354s] Invoked command in '/home/joe/workspaces/ros2_ws/src/py_launch' returned '0': PYTHONPATH=/home/joe/workspaces/ros2_ws/build/py_launch/prefix_override:/home/joe/workspaces/ros2_ws/install/py_launch/lib/python3.10/site-packages:${PYTHONPATH} /usr/bin/python3 -W ignore:setup.py install is deprecated setup.py egg_info --egg-base ../../build/py_launch build --build-base /home/joe/workspaces/ros2_ws/build/py_launch/build install --record /home/joe/workspaces/ros2_ws/build/py_launch/install.log --single-version-externally-managed install_data
