[2.399s] Invoking command in '/home/joe/workspaces/ros2_ws/src/py_kinematics': PYTHONPATH=/home/joe/workspaces/ros2_ws/build/py_kinematics/prefix_override:/home/joe/workspaces/ros2_ws/install/py_kinematics/lib/python3.10/site-packages:${PYTHONPATH} /usr/bin/python3 -W ignore:setup.py install is deprecated setup.py egg_info --egg-base ../../build/py_kinematics build --build-base /home/joe/workspaces/ros2_ws/build/py_kinematics/build install --record /home/joe/workspaces/ros2_ws/build/py_kinematics/install.log --single-version-externally-managed install_data
[2.914s] running egg_info
[2.917s] writing ../../build/py_kinematics/py_kinematics.egg-info/PKG-INFO
[2.917s] writing dependency_links to ../../build/py_kinematics/py_kinematics.egg-info/dependency_links.txt
[2.917s] writing entry points to ../../build/py_kinematics/py_kinematics.egg-info/entry_points.txt
[2.918s] writing requirements to ../../build/py_kinematics/py_kinematics.egg-info/requires.txt
[2.918s] writing top-level names to ../../build/py_kinematics/py_kinematics.egg-info/top_level.txt
[2.922s] reading manifest file '../../build/py_kinematics/py_kinematics.egg-info/SOURCES.txt'
[2.924s] writing manifest file '../../build/py_kinematics/py_kinematics.egg-info/SOURCES.txt'
[2.924s] running build
[2.924s] running build_py
[2.924s] running install
[2.925s] running install_lib
[2.927s] running install_data
[2.927s] running install_egg_info
[2.930s] removing '/home/joe/workspaces/ros2_ws/install/py_kinematics/lib/python3.10/site-packages/py_kinematics-0.0.0-py3.10.egg-info' (and everything under it)
[2.931s] Copying ../../build/py_kinematics/py_kinematics.egg-info to /home/joe/workspaces/ros2_ws/install/py_kinematics/lib/python3.10/site-packages/py_kinematics-0.0.0-py3.10.egg-info
[2.932s] running install_scripts
[2.978s] Installing kinematic_control script to /home/joe/workspaces/ros2_ws/install/py_kinematics/lib/py_kinematics
[2.979s] writing list of installed files to '/home/joe/workspaces/ros2_ws/build/py_kinematics/install.log'
[3.026s] Invoked command in '/home/joe/workspaces/ros2_ws/src/py_kinematics' returned '0': PYTHONPATH=/home/joe/workspaces/ros2_ws/build/py_kinematics/prefix_override:/home/joe/workspaces/ros2_ws/install/py_kinematics/lib/python3.10/site-packages:${PYTHONPATH} /usr/bin/python3 -W ignore:setup.py install is deprecated setup.py egg_info --egg-base ../../build/py_kinematics build --build-base /home/joe/workspaces/ros2_ws/build/py_kinematics/build install --record /home/joe/workspaces/ros2_ws/build/py_kinematics/install.log --single-version-externally-managed install_data
