[0.126s] DEBUG:colcon:Command line arguments: ['/usr/bin/colcon', 'build']
[0.126s] DEBUG:colcon:Parsed command line arguments: Namespace(log_base=None, log_level=None, verb_name='build', build_base='build', install_base='install', merge_install=False, symlink_install=False, test_result_base=None, continue_on_error=False, executor='parallel', parallel_workers=8, event_handlers=None, ignore_user_meta=False, metas=['./colcon.meta'], base_paths=['.'], packages_ignore=None, packages_ignore_regex=None, paths=None, packages_up_to=None, packages_up_to_regex=None, packages_above=None, packages_above_and_dependencies=None, packages_above_depth=None, packages_select_by_dep=None, packages_skip_by_dep=None, packages_skip_up_to=None, packages_select_build_failed=False, packages_skip_build_finished=False, packages_select_test_failures=False, packages_skip_test_passed=False, packages_select=None, packages_skip=None, packages_select_regex=None, packages_skip_regex=None, packages_start=None, packages_end=None, allow_overriding=[], cmake_args=None, cmake_target=None, cmake_target_skip_unavailable=False, cmake_clean_cache=False, cmake_clean_first=False, cmake_force_configure=False, ament_cmake_args=None, catkin_cmake_args=None, catkin_skip_building_tests=False, verb_parser=<colcon_defaults.argument_parser.defaults.DefaultArgumentsDecorator object at 0x7c7ca177f7f0>, verb_extension=<colcon_core.verb.build.BuildVerb object at 0x7c7ca192c790>, main=<bound method BuildVerb.main of <colcon_core.verb.build.BuildVerb object at 0x7c7ca192c790>>)
[0.308s] Level 1:colcon.colcon_core.package_discovery:discover_packages(colcon_meta) check parameters
[0.308s] Level 1:colcon.colcon_core.package_discovery:discover_packages(recursive) check parameters
[0.308s] Level 1:colcon.colcon_core.package_discovery:discover_packages(ignore) check parameters
[0.308s] Level 1:colcon.colcon_core.package_discovery:discover_packages(path) check parameters
[0.308s] Level 1:colcon.colcon_core.package_discovery:discover_packages(colcon_meta) discover
[0.308s] Level 1:colcon.colcon_core.package_discovery:discover_packages(recursive) discover
[0.308s] INFO:colcon.colcon_core.package_discovery:Crawling recursively for packages in '/home/joe/workspaces/ros2_ws'
[0.308s] Level 1:colcon.colcon_core.package_identification:_identify(.) by extensions ['ignore', 'ignore_ament_install']
[0.308s] Level 1:colcon.colcon_core.package_identification:_identify(.) by extension 'ignore'
[0.308s] Level 1:colcon.colcon_core.package_identification:_identify(.) by extension 'ignore_ament_install'
[0.308s] Level 1:colcon.colcon_core.package_identification:_identify(.) by extensions ['colcon_pkg']
[0.308s] Level 1:colcon.colcon_core.package_identification:_identify(.) by extension 'colcon_pkg'
[0.308s] Level 1:colcon.colcon_core.package_identification:_identify(.) by extensions ['colcon_meta']
[0.308s] Level 1:colcon.colcon_core.package_identification:_identify(.) by extension 'colcon_meta'
[0.308s] Level 1:colcon.colcon_core.package_identification:_identify(.) by extensions ['ros']
[0.308s] Level 1:colcon.colcon_core.package_identification:_identify(.) by extension 'ros'
[0.321s] Level 1:colcon.colcon_core.package_identification:_identify(.) by extensions ['cmake', 'python']
[0.321s] Level 1:colcon.colcon_core.package_identification:_identify(.) by extension 'cmake'
[0.321s] Level 1:colcon.colcon_core.package_identification:_identify(.) by extension 'python'
[0.321s] Level 1:colcon.colcon_core.package_identification:_identify(.) by extensions ['python_setup_py']
[0.321s] Level 1:colcon.colcon_core.package_identification:_identify(.) by extension 'python_setup_py'
[0.322s] Level 1:colcon.colcon_core.package_identification:_identify(build) by extensions ['ignore', 'ignore_ament_install']
[0.322s] Level 1:colcon.colcon_core.package_identification:_identify(build) by extension 'ignore'
[0.322s] Level 1:colcon.colcon_core.package_identification:_identify(build) ignored
[0.322s] Level 1:colcon.colcon_core.package_identification:_identify(install) by extensions ['ignore', 'ignore_ament_install']
[0.322s] Level 1:colcon.colcon_core.package_identification:_identify(install) by extension 'ignore'
[0.322s] Level 1:colcon.colcon_core.package_identification:_identify(install) ignored
[0.322s] Level 1:colcon.colcon_core.package_identification:_identify(log) by extensions ['ignore', 'ignore_ament_install']
[0.322s] Level 1:colcon.colcon_core.package_identification:_identify(log) by extension 'ignore'
[0.322s] Level 1:colcon.colcon_core.package_identification:_identify(log) ignored
[0.322s] Level 1:colcon.colcon_core.package_identification:_identify(src) by extensions ['ignore', 'ignore_ament_install']
[0.323s] Level 1:colcon.colcon_core.package_identification:_identify(src) by extension 'ignore'
[0.323s] Level 1:colcon.colcon_core.package_identification:_identify(src) by extension 'ignore_ament_install'
[0.323s] Level 1:colcon.colcon_core.package_identification:_identify(src) by extensions ['colcon_pkg']
[0.323s] Level 1:colcon.colcon_core.package_identification:_identify(src) by extension 'colcon_pkg'
[0.323s] Level 1:colcon.colcon_core.package_identification:_identify(src) by extensions ['colcon_meta']
[0.323s] Level 1:colcon.colcon_core.package_identification:_identify(src) by extension 'colcon_meta'
[0.323s] Level 1:colcon.colcon_core.package_identification:_identify(src) by extensions ['ros']
[0.323s] Level 1:colcon.colcon_core.package_identification:_identify(src) by extension 'ros'
[0.323s] Level 1:colcon.colcon_core.package_identification:_identify(src) by extensions ['cmake', 'python']
[0.323s] Level 1:colcon.colcon_core.package_identification:_identify(src) by extension 'cmake'
[0.323s] Level 1:colcon.colcon_core.package_identification:_identify(src) by extension 'python'
[0.323s] Level 1:colcon.colcon_core.package_identification:_identify(src) by extensions ['python_setup_py']
[0.323s] Level 1:colcon.colcon_core.package_identification:_identify(src) by extension 'python_setup_py'
[0.323s] Level 1:colcon.colcon_core.package_identification:_identify(src/build) by extensions ['ignore', 'ignore_ament_install']
[0.323s] Level 1:colcon.colcon_core.package_identification:_identify(src/build) by extension 'ignore'
[0.323s] Level 1:colcon.colcon_core.package_identification:_identify(src/build) ignored
[0.324s] Level 1:colcon.colcon_core.package_identification:_identify(src/install) by extensions ['ignore', 'ignore_ament_install']
[0.324s] Level 1:colcon.colcon_core.package_identification:_identify(src/install) by extension 'ignore'
[0.324s] Level 1:colcon.colcon_core.package_identification:_identify(src/install) ignored
[0.324s] Level 1:colcon.colcon_core.package_identification:_identify(src/log) by extensions ['ignore', 'ignore_ament_install']
[0.324s] Level 1:colcon.colcon_core.package_identification:_identify(src/log) by extension 'ignore'
[0.324s] Level 1:colcon.colcon_core.package_identification:_identify(src/log) ignored
[0.324s] Level 1:colcon.colcon_core.package_identification:_identify(src/py_controller_pub) by extensions ['ignore', 'ignore_ament_install']
[0.324s] Level 1:colcon.colcon_core.package_identification:_identify(src/py_controller_pub) by extension 'ignore'
[0.324s] Level 1:colcon.colcon_core.package_identification:_identify(src/py_controller_pub) by extension 'ignore_ament_install'
[0.324s] Level 1:colcon.colcon_core.package_identification:_identify(src/py_controller_pub) by extensions ['colcon_pkg']
[0.324s] Level 1:colcon.colcon_core.package_identification:_identify(src/py_controller_pub) by extension 'colcon_pkg'
[0.324s] Level 1:colcon.colcon_core.package_identification:_identify(src/py_controller_pub) by extensions ['colcon_meta']
[0.324s] Level 1:colcon.colcon_core.package_identification:_identify(src/py_controller_pub) by extension 'colcon_meta'
[0.324s] Level 1:colcon.colcon_core.package_identification:_identify(src/py_controller_pub) by extensions ['ros']
[0.325s] Level 1:colcon.colcon_core.package_identification:_identify(src/py_controller_pub) by extension 'ros'
[0.327s] DEBUG:colcon.colcon_core.package_identification:Package 'src/py_controller_pub' with type 'ros.ament_python' and name 'py_controller_pub'
[0.327s] Level 1:colcon.colcon_core.package_identification:_identify(src/py_kinematics) by extensions ['ignore', 'ignore_ament_install']
[0.327s] Level 1:colcon.colcon_core.package_identification:_identify(src/py_kinematics) by extension 'ignore'
[0.327s] Level 1:colcon.colcon_core.package_identification:_identify(src/py_kinematics) by extension 'ignore_ament_install'
[0.328s] Level 1:colcon.colcon_core.package_identification:_identify(src/py_kinematics) by extensions ['colcon_pkg']
[0.328s] Level 1:colcon.colcon_core.package_identification:_identify(src/py_kinematics) by extension 'colcon_pkg'
[0.328s] Level 1:colcon.colcon_core.package_identification:_identify(src/py_kinematics) by extensions ['colcon_meta']
[0.328s] Level 1:colcon.colcon_core.package_identification:_identify(src/py_kinematics) by extension 'colcon_meta'
[0.328s] Level 1:colcon.colcon_core.package_identification:_identify(src/py_kinematics) by extensions ['ros']
[0.328s] Level 1:colcon.colcon_core.package_identification:_identify(src/py_kinematics) by extension 'ros'
[0.328s] DEBUG:colcon.colcon_core.package_identification:Package 'src/py_kinematics' with type 'ros.ament_python' and name 'py_kinematics'
[0.328s] Level 1:colcon.colcon_core.package_identification:_identify(src/py_pid) by extensions ['ignore', 'ignore_ament_install']
[0.328s] Level 1:colcon.colcon_core.package_identification:_identify(src/py_pid) by extension 'ignore'
[0.329s] Level 1:colcon.colcon_core.package_identification:_identify(src/py_pid) by extension 'ignore_ament_install'
[0.329s] Level 1:colcon.colcon_core.package_identification:_identify(src/py_pid) by extensions ['colcon_pkg']
[0.329s] Level 1:colcon.colcon_core.package_identification:_identify(src/py_pid) by extension 'colcon_pkg'
[0.329s] Level 1:colcon.colcon_core.package_identification:_identify(src/py_pid) by extensions ['colcon_meta']
[0.329s] Level 1:colcon.colcon_core.package_identification:_identify(src/py_pid) by extension 'colcon_meta'
[0.329s] Level 1:colcon.colcon_core.package_identification:_identify(src/py_pid) by extensions ['ros']
[0.329s] Level 1:colcon.colcon_core.package_identification:_identify(src/py_pid) by extension 'ros'
[0.329s] DEBUG:colcon.colcon_core.package_identification:Package 'src/py_pid' with type 'ros.ament_python' and name 'py_pid'
[0.329s] Level 1:colcon.colcon_core.package_discovery:discover_packages(recursive) using defaults
[0.329s] Level 1:colcon.colcon_core.package_discovery:discover_packages(ignore) discover
[0.329s] Level 1:colcon.colcon_core.package_discovery:discover_packages(ignore) using defaults
[0.330s] Level 1:colcon.colcon_core.package_discovery:discover_packages(path) discover
[0.330s] Level 1:colcon.colcon_core.package_discovery:discover_packages(path) using defaults
[0.352s] Level 1:colcon.colcon_core.package_discovery:discover_packages(prefix_path) check parameters
[0.352s] Level 1:colcon.colcon_core.package_discovery:discover_packages(prefix_path) discover
[0.354s] DEBUG:colcon.colcon_installed_package_information.package_discovery:Found 3 installed packages in /home/joe/workspaces/ros2_ws/install
[0.356s] DEBUG:colcon.colcon_installed_package_information.package_discovery:Found 270 installed packages in /opt/ros/humble
[0.358s] Level 1:colcon.colcon_core.package_discovery:discover_packages(prefix_path) using defaults
[0.418s] Level 5:colcon.colcon_core.verb:set package 'py_controller_pub' build argument 'cmake_args' from command line to 'None'
[0.418s] Level 5:colcon.colcon_core.verb:set package 'py_controller_pub' build argument 'cmake_target' from command line to 'None'
[0.418s] Level 5:colcon.colcon_core.verb:set package 'py_controller_pub' build argument 'cmake_target_skip_unavailable' from command line to 'False'
[0.418s] Level 5:colcon.colcon_core.verb:set package 'py_controller_pub' build argument 'cmake_clean_cache' from command line to 'False'
[0.418s] Level 5:colcon.colcon_core.verb:set package 'py_controller_pub' build argument 'cmake_clean_first' from command line to 'False'
[0.418s] Level 5:colcon.colcon_core.verb:set package 'py_controller_pub' build argument 'cmake_force_configure' from command line to 'False'
[0.418s] Level 5:colcon.colcon_core.verb:set package 'py_controller_pub' build argument 'ament_cmake_args' from command line to 'None'
[0.418s] Level 5:colcon.colcon_core.verb:set package 'py_controller_pub' build argument 'catkin_cmake_args' from command line to 'None'
[0.418s] Level 5:colcon.colcon_core.verb:set package 'py_controller_pub' build argument 'catkin_skip_building_tests' from command line to 'False'
[0.418s] DEBUG:colcon.colcon_core.verb:Building package 'py_controller_pub' with the following arguments: {'ament_cmake_args': None, 'build_base': '/home/joe/workspaces/ros2_ws/build/py_controller_pub', 'catkin_cmake_args': None, 'catkin_skip_building_tests': False, 'cmake_args': None, 'cmake_clean_cache': False, 'cmake_clean_first': False, 'cmake_force_configure': False, 'cmake_target': None, 'cmake_target_skip_unavailable': False, 'install_base': '/home/joe/workspaces/ros2_ws/install/py_controller_pub', 'merge_install': False, 'path': '/home/joe/workspaces/ros2_ws/src/py_controller_pub', 'symlink_install': False, 'test_result_base': None}
[0.419s] Level 5:colcon.colcon_core.verb:set package 'py_kinematics' build argument 'cmake_args' from command line to 'None'
[0.419s] Level 5:colcon.colcon_core.verb:set package 'py_kinematics' build argument 'cmake_target' from command line to 'None'
[0.419s] Level 5:colcon.colcon_core.verb:set package 'py_kinematics' build argument 'cmake_target_skip_unavailable' from command line to 'False'
[0.419s] Level 5:colcon.colcon_core.verb:set package 'py_kinematics' build argument 'cmake_clean_cache' from command line to 'False'
[0.419s] Level 5:colcon.colcon_core.verb:set package 'py_kinematics' build argument 'cmake_clean_first' from command line to 'False'
[0.419s] Level 5:colcon.colcon_core.verb:set package 'py_kinematics' build argument 'cmake_force_configure' from command line to 'False'
[0.419s] Level 5:colcon.colcon_core.verb:set package 'py_kinematics' build argument 'ament_cmake_args' from command line to 'None'
[0.419s] Level 5:colcon.colcon_core.verb:set package 'py_kinematics' build argument 'catkin_cmake_args' from command line to 'None'
[0.419s] Level 5:colcon.colcon_core.verb:set package 'py_kinematics' build argument 'catkin_skip_building_tests' from command line to 'False'
[0.419s] DEBUG:colcon.colcon_core.verb:Building package 'py_kinematics' with the following arguments: {'ament_cmake_args': None, 'build_base': '/home/joe/workspaces/ros2_ws/build/py_kinematics', 'catkin_cmake_args': None, 'catkin_skip_building_tests': False, 'cmake_args': None, 'cmake_clean_cache': False, 'cmake_clean_first': False, 'cmake_force_configure': False, 'cmake_target': None, 'cmake_target_skip_unavailable': False, 'install_base': '/home/joe/workspaces/ros2_ws/install/py_kinematics', 'merge_install': False, 'path': '/home/joe/workspaces/ros2_ws/src/py_kinematics', 'symlink_install': False, 'test_result_base': None}
[0.419s] Level 5:colcon.colcon_core.verb:set package 'py_pid' build argument 'cmake_args' from command line to 'None'
[0.419s] Level 5:colcon.colcon_core.verb:set package 'py_pid' build argument 'cmake_target' from command line to 'None'
[0.419s] Level 5:colcon.colcon_core.verb:set package 'py_pid' build argument 'cmake_target_skip_unavailable' from command line to 'False'
[0.419s] Level 5:colcon.colcon_core.verb:set package 'py_pid' build argument 'cmake_clean_cache' from command line to 'False'
[0.419s] Level 5:colcon.colcon_core.verb:set package 'py_pid' build argument 'cmake_clean_first' from command line to 'False'
[0.419s] Level 5:colcon.colcon_core.verb:set package 'py_pid' build argument 'cmake_force_configure' from command line to 'False'
[0.419s] Level 5:colcon.colcon_core.verb:set package 'py_pid' build argument 'ament_cmake_args' from command line to 'None'
[0.419s] Level 5:colcon.colcon_core.verb:set package 'py_pid' build argument 'catkin_cmake_args' from command line to 'None'
[0.419s] Level 5:colcon.colcon_core.verb:set package 'py_pid' build argument 'catkin_skip_building_tests' from command line to 'False'
[0.420s] DEBUG:colcon.colcon_core.verb:Building package 'py_pid' with the following arguments: {'ament_cmake_args': None, 'build_base': '/home/joe/workspaces/ros2_ws/build/py_pid', 'catkin_cmake_args': None, 'catkin_skip_building_tests': False, 'cmake_args': None, 'cmake_clean_cache': False, 'cmake_clean_first': False, 'cmake_force_configure': False, 'cmake_target': None, 'cmake_target_skip_unavailable': False, 'install_base': '/home/joe/workspaces/ros2_ws/install/py_pid', 'merge_install': False, 'path': '/home/joe/workspaces/ros2_ws/src/py_pid', 'symlink_install': False, 'test_result_base': None}
[0.420s] INFO:colcon.colcon_core.executor:Executing jobs using 'parallel' executor
[0.421s] DEBUG:colcon.colcon_parallel_executor.executor.parallel:run_until_complete
[0.421s] INFO:colcon.colcon_ros.task.ament_python.build:Building ROS package in '/home/joe/workspaces/ros2_ws/src/py_controller_pub' with build type 'ament_python'
[0.421s] Level 1:colcon.colcon_core.shell:create_environment_hook('py_controller_pub', 'ament_prefix_path')
[0.424s] INFO:colcon.colcon_core.plugin_system:Skipping extension 'colcon_core.shell.bat': Not used on non-Windows systems
[0.424s] INFO:colcon.colcon_core.shell:Creating environment hook '/home/joe/workspaces/ros2_ws/install/py_controller_pub/share/py_controller_pub/hook/ament_prefix_path.ps1'
[0.425s] INFO:colcon.colcon_core.shell:Creating environment descriptor '/home/joe/workspaces/ros2_ws/install/py_controller_pub/share/py_controller_pub/hook/ament_prefix_path.dsv'
[0.425s] INFO:colcon.colcon_core.shell:Creating environment hook '/home/joe/workspaces/ros2_ws/install/py_controller_pub/share/py_controller_pub/hook/ament_prefix_path.sh'
[0.426s] INFO:colcon.colcon_core.shell:Skip shell extension 'powershell' for command environment: Not usable outside of PowerShell
[0.426s] DEBUG:colcon.colcon_core.shell:Skip shell extension 'dsv' for command environment
[0.430s] INFO:colcon.colcon_ros.task.ament_python.build:Building ROS package in '/home/joe/workspaces/ros2_ws/src/py_kinematics' with build type 'ament_python'
[0.430s] Level 1:colcon.colcon_core.shell:create_environment_hook('py_kinematics', 'ament_prefix_path')
[0.431s] INFO:colcon.colcon_core.shell:Creating environment hook '/home/joe/workspaces/ros2_ws/install/py_kinematics/share/py_kinematics/hook/ament_prefix_path.ps1'
[0.431s] INFO:colcon.colcon_core.shell:Creating environment descriptor '/home/joe/workspaces/ros2_ws/install/py_kinematics/share/py_kinematics/hook/ament_prefix_path.dsv'
[0.432s] INFO:colcon.colcon_core.shell:Creating environment hook '/home/joe/workspaces/ros2_ws/install/py_kinematics/share/py_kinematics/hook/ament_prefix_path.sh'
[0.432s] INFO:colcon.colcon_core.shell:Skip shell extension 'powershell' for command environment: Not usable outside of PowerShell
[0.433s] DEBUG:colcon.colcon_core.shell:Skip shell extension 'dsv' for command environment
[0.438s] INFO:colcon.colcon_ros.task.ament_python.build:Building ROS package in '/home/joe/workspaces/ros2_ws/src/py_pid' with build type 'ament_python'
[0.438s] Level 1:colcon.colcon_core.shell:create_environment_hook('py_pid', 'ament_prefix_path')
[0.438s] INFO:colcon.colcon_core.shell:Creating environment hook '/home/joe/workspaces/ros2_ws/install/py_pid/share/py_pid/hook/ament_prefix_path.ps1'
[0.470s] INFO:colcon.colcon_core.shell:Creating environment descriptor '/home/joe/workspaces/ros2_ws/install/py_pid/share/py_pid/hook/ament_prefix_path.dsv'
[0.471s] INFO:colcon.colcon_core.shell:Creating environment hook '/home/joe/workspaces/ros2_ws/install/py_pid/share/py_pid/hook/ament_prefix_path.sh'
[0.472s] INFO:colcon.colcon_core.shell:Skip shell extension 'powershell' for command environment: Not usable outside of PowerShell
[0.472s] DEBUG:colcon.colcon_core.shell:Skip shell extension 'dsv' for command environment
[0.798s] INFO:colcon.colcon_core.task.python.build:Building Python package in '/home/joe/workspaces/ros2_ws/src/py_controller_pub'
[0.798s] INFO:colcon.colcon_core.shell:Skip shell extension 'powershell' for command environment: Not usable outside of PowerShell
[0.798s] DEBUG:colcon.colcon_core.shell:Skip shell extension 'dsv' for command environment
[1.108s] INFO:colcon.colcon_core.task.python.build:Building Python package in '/home/joe/workspaces/ros2_ws/src/py_kinematics'
[1.109s] INFO:colcon.colcon_core.shell:Skip shell extension 'powershell' for command environment: Not usable outside of PowerShell
[1.109s] DEBUG:colcon.colcon_core.shell:Skip shell extension 'dsv' for command environment
[1.408s] INFO:colcon.colcon_core.task.python.build:Building Python package in '/home/joe/workspaces/ros2_ws/src/py_pid'
[1.409s] INFO:colcon.colcon_core.shell:Skip shell extension 'powershell' for command environment: Not usable outside of PowerShell
[1.409s] DEBUG:colcon.colcon_core.shell:Skip shell extension 'dsv' for command environment
[1.819s] DEBUG:colcon.colcon_core.event_handler.log_command:Invoking command in '/home/joe/workspaces/ros2_ws/src/py_kinematics': PYTHONPATH=/home/joe/workspaces/ros2_ws/build/py_kinematics/prefix_override:/home/joe/workspaces/ros2_ws/install/py_kinematics/lib/python3.10/site-packages:${PYTHONPATH} /usr/bin/python3 -W ignore:setup.py install is deprecated setup.py egg_info --egg-base ../../build/py_kinematics build --build-base /home/joe/workspaces/ros2_ws/build/py_kinematics/build install --record /home/joe/workspaces/ros2_ws/build/py_kinematics/install.log --single-version-externally-managed install_data
[1.827s] DEBUG:colcon.colcon_core.event_handler.log_command:Invoking command in '/home/joe/workspaces/ros2_ws/src/py_controller_pub': PYTHONPATH=/home/joe/workspaces/ros2_ws/build/py_controller_pub/prefix_override:/home/joe/workspaces/ros2_ws/install/py_controller_pub/lib/python3.10/site-packages:${PYTHONPATH} /usr/bin/python3 -W ignore:setup.py install is deprecated setup.py egg_info --egg-base ../../build/py_controller_pub build --build-base /home/joe/workspaces/ros2_ws/build/py_controller_pub/build install --record /home/joe/workspaces/ros2_ws/build/py_controller_pub/install.log --single-version-externally-managed install_data
[1.833s] DEBUG:colcon.colcon_core.event_handler.log_command:Invoking command in '/home/joe/workspaces/ros2_ws/src/py_pid': PYTHONPATH=/home/joe/workspaces/ros2_ws/build/py_pid/prefix_override:/home/joe/workspaces/ros2_ws/install/py_pid/lib/python3.10/site-packages:${PYTHONPATH} /usr/bin/python3 -W ignore:setup.py install is deprecated setup.py egg_info --egg-base ../../build/py_pid build --build-base /home/joe/workspaces/ros2_ws/build/py_pid/build install --record /home/joe/workspaces/ros2_ws/build/py_pid/install.log --single-version-externally-managed install_data
[2.196s] DEBUG:colcon.colcon_core.event_handler.log_command:Invoked command in '/home/joe/workspaces/ros2_ws/src/py_kinematics' returned '0': PYTHONPATH=/home/joe/workspaces/ros2_ws/build/py_kinematics/prefix_override:/home/joe/workspaces/ros2_ws/install/py_kinematics/lib/python3.10/site-packages:${PYTHONPATH} /usr/bin/python3 -W ignore:setup.py install is deprecated setup.py egg_info --egg-base ../../build/py_kinematics build --build-base /home/joe/workspaces/ros2_ws/build/py_kinematics/build install --record /home/joe/workspaces/ros2_ws/build/py_kinematics/install.log --single-version-externally-managed install_data
[2.201s] Level 1:colcon.colcon_core.environment:checking '/home/joe/workspaces/ros2_ws/install/py_kinematics' for CMake module files
[2.202s] Level 1:colcon.colcon_core.environment:checking '/home/joe/workspaces/ros2_ws/install/py_kinematics' for CMake config files
[2.204s] Level 1:colcon.colcon_core.environment:checking '/home/joe/workspaces/ros2_ws/install/py_kinematics/lib'
[2.204s] Level 1:colcon.colcon_core.environment:checking '/home/joe/workspaces/ros2_ws/install/py_kinematics/bin'
[2.205s] Level 1:colcon.colcon_core.environment:checking '/home/joe/workspaces/ros2_ws/install/py_kinematics/lib/pkgconfig/py_kinematics.pc'
[2.205s] Level 1:colcon.colcon_core.environment:checking '/home/joe/workspaces/ros2_ws/install/py_kinematics/lib/python3.10/site-packages'
[2.205s] Level 1:colcon.colcon_core.shell:create_environment_hook('py_kinematics', 'pythonpath')
[2.206s] INFO:colcon.colcon_core.shell:Creating environment hook '/home/joe/workspaces/ros2_ws/install/py_kinematics/share/py_kinematics/hook/pythonpath.ps1'
[2.207s] INFO:colcon.colcon_core.shell:Creating environment descriptor '/home/joe/workspaces/ros2_ws/install/py_kinematics/share/py_kinematics/hook/pythonpath.dsv'
[2.208s] INFO:colcon.colcon_core.shell:Creating environment hook '/home/joe/workspaces/ros2_ws/install/py_kinematics/share/py_kinematics/hook/pythonpath.sh'
[2.209s] Level 1:colcon.colcon_core.environment:checking '/home/joe/workspaces/ros2_ws/install/py_kinematics/bin'
[2.209s] Level 1:colcon.colcon_core.environment:create_environment_scripts_only(py_kinematics)
[2.210s] INFO:colcon.colcon_core.shell:Creating package script '/home/joe/workspaces/ros2_ws/install/py_kinematics/share/py_kinematics/package.ps1'
[2.211s] INFO:colcon.colcon_core.shell:Creating package descriptor '/home/joe/workspaces/ros2_ws/install/py_kinematics/share/py_kinematics/package.dsv'
[2.212s] INFO:colcon.colcon_core.shell:Creating package script '/home/joe/workspaces/ros2_ws/install/py_kinematics/share/py_kinematics/package.sh'
[2.213s] INFO:colcon.colcon_core.shell:Creating package script '/home/joe/workspaces/ros2_ws/install/py_kinematics/share/py_kinematics/package.bash'
[2.214s] INFO:colcon.colcon_core.shell:Creating package script '/home/joe/workspaces/ros2_ws/install/py_kinematics/share/py_kinematics/package.zsh'
[2.215s] Level 1:colcon.colcon_core.environment:create_file_with_runtime_dependencies(/home/joe/workspaces/ros2_ws/install/py_kinematics/share/colcon-core/packages/py_kinematics)
[2.217s] Level 1:colcon.colcon_core.environment:checking '/home/joe/workspaces/ros2_ws/install/py_controller_pub' for CMake module files
[2.218s] DEBUG:colcon.colcon_core.event_handler.log_command:Invoked command in '/home/joe/workspaces/ros2_ws/src/py_controller_pub' returned '0': PYTHONPATH=/home/joe/workspaces/ros2_ws/build/py_controller_pub/prefix_override:/home/joe/workspaces/ros2_ws/install/py_controller_pub/lib/python3.10/site-packages:${PYTHONPATH} /usr/bin/python3 -W ignore:setup.py install is deprecated setup.py egg_info --egg-base ../../build/py_controller_pub build --build-base /home/joe/workspaces/ros2_ws/build/py_controller_pub/build install --record /home/joe/workspaces/ros2_ws/build/py_controller_pub/install.log --single-version-externally-managed install_data
[2.218s] Level 1:colcon.colcon_core.environment:checking '/home/joe/workspaces/ros2_ws/install/py_controller_pub' for CMake config files
[2.219s] Level 1:colcon.colcon_core.environment:checking '/home/joe/workspaces/ros2_ws/install/py_controller_pub/lib'
[2.219s] Level 1:colcon.colcon_core.environment:checking '/home/joe/workspaces/ros2_ws/install/py_controller_pub/bin'
[2.220s] Level 1:colcon.colcon_core.environment:checking '/home/joe/workspaces/ros2_ws/install/py_controller_pub/lib/pkgconfig/py_controller_pub.pc'
[2.220s] Level 1:colcon.colcon_core.environment:checking '/home/joe/workspaces/ros2_ws/install/py_controller_pub/lib/python3.10/site-packages'
[2.220s] Level 1:colcon.colcon_core.shell:create_environment_hook('py_controller_pub', 'pythonpath')
[2.220s] INFO:colcon.colcon_core.shell:Creating environment hook '/home/joe/workspaces/ros2_ws/install/py_controller_pub/share/py_controller_pub/hook/pythonpath.ps1'
[2.221s] INFO:colcon.colcon_core.shell:Creating environment descriptor '/home/joe/workspaces/ros2_ws/install/py_controller_pub/share/py_controller_pub/hook/pythonpath.dsv'
[2.221s] INFO:colcon.colcon_core.shell:Creating environment hook '/home/joe/workspaces/ros2_ws/install/py_controller_pub/share/py_controller_pub/hook/pythonpath.sh'
[2.222s] Level 1:colcon.colcon_core.environment:checking '/home/joe/workspaces/ros2_ws/install/py_controller_pub/bin'
[2.222s] Level 1:colcon.colcon_core.environment:create_environment_scripts_only(py_controller_pub)
[2.223s] INFO:colcon.colcon_core.shell:Creating package script '/home/joe/workspaces/ros2_ws/install/py_controller_pub/share/py_controller_pub/package.ps1'
[2.224s] INFO:colcon.colcon_core.shell:Creating package descriptor '/home/joe/workspaces/ros2_ws/install/py_controller_pub/share/py_controller_pub/package.dsv'
[2.224s] INFO:colcon.colcon_core.shell:Creating package script '/home/joe/workspaces/ros2_ws/install/py_controller_pub/share/py_controller_pub/package.sh'
[2.225s] INFO:colcon.colcon_core.shell:Creating package script '/home/joe/workspaces/ros2_ws/install/py_controller_pub/share/py_controller_pub/package.bash'
[2.225s] INFO:colcon.colcon_core.shell:Creating package script '/home/joe/workspaces/ros2_ws/install/py_controller_pub/share/py_controller_pub/package.zsh'
[2.226s] Level 1:colcon.colcon_core.environment:create_file_with_runtime_dependencies(/home/joe/workspaces/ros2_ws/install/py_controller_pub/share/colcon-core/packages/py_controller_pub)
[2.228s] Level 1:colcon.colcon_core.environment:checking '/home/joe/workspaces/ros2_ws/install/py_pid' for CMake module files
[2.229s] DEBUG:colcon.colcon_core.event_handler.log_command:Invoked command in '/home/joe/workspaces/ros2_ws/src/py_pid' returned '0': PYTHONPATH=/home/joe/workspaces/ros2_ws/build/py_pid/prefix_override:/home/joe/workspaces/ros2_ws/install/py_pid/lib/python3.10/site-packages:${PYTHONPATH} /usr/bin/python3 -W ignore:setup.py install is deprecated setup.py egg_info --egg-base ../../build/py_pid build --build-base /home/joe/workspaces/ros2_ws/build/py_pid/build install --record /home/joe/workspaces/ros2_ws/build/py_pid/install.log --single-version-externally-managed install_data
[2.230s] Level 1:colcon.colcon_core.environment:checking '/home/joe/workspaces/ros2_ws/install/py_pid' for CMake config files
[2.231s] Level 1:colcon.colcon_core.environment:checking '/home/joe/workspaces/ros2_ws/install/py_pid/lib'
[2.231s] Level 1:colcon.colcon_core.environment:checking '/home/joe/workspaces/ros2_ws/install/py_pid/bin'
[2.231s] Level 1:colcon.colcon_core.environment:checking '/home/joe/workspaces/ros2_ws/install/py_pid/lib/pkgconfig/py_pid.pc'
[2.232s] Level 1:colcon.colcon_core.environment:checking '/home/joe/workspaces/ros2_ws/install/py_pid/lib/python3.10/site-packages'
[2.232s] Level 1:colcon.colcon_core.shell:create_environment_hook('py_pid', 'pythonpath')
[2.232s] INFO:colcon.colcon_core.shell:Creating environment hook '/home/joe/workspaces/ros2_ws/install/py_pid/share/py_pid/hook/pythonpath.ps1'
[2.233s] INFO:colcon.colcon_core.shell:Creating environment descriptor '/home/joe/workspaces/ros2_ws/install/py_pid/share/py_pid/hook/pythonpath.dsv'
[2.234s] INFO:colcon.colcon_core.shell:Creating environment hook '/home/joe/workspaces/ros2_ws/install/py_pid/share/py_pid/hook/pythonpath.sh'
[2.235s] Level 1:colcon.colcon_core.environment:checking '/home/joe/workspaces/ros2_ws/install/py_pid/bin'
[2.235s] Level 1:colcon.colcon_core.environment:create_environment_scripts_only(py_pid)
[2.235s] INFO:colcon.colcon_core.shell:Creating package script '/home/joe/workspaces/ros2_ws/install/py_pid/share/py_pid/package.ps1'
[2.236s] INFO:colcon.colcon_core.shell:Creating package descriptor '/home/joe/workspaces/ros2_ws/install/py_pid/share/py_pid/package.dsv'
[2.237s] INFO:colcon.colcon_core.shell:Creating package script '/home/joe/workspaces/ros2_ws/install/py_pid/share/py_pid/package.sh'
[2.238s] INFO:colcon.colcon_core.shell:Creating package script '/home/joe/workspaces/ros2_ws/install/py_pid/share/py_pid/package.bash'
[2.238s] INFO:colcon.colcon_core.shell:Creating package script '/home/joe/workspaces/ros2_ws/install/py_pid/share/py_pid/package.zsh'
[2.239s] Level 1:colcon.colcon_core.environment:create_file_with_runtime_dependencies(/home/joe/workspaces/ros2_ws/install/py_pid/share/colcon-core/packages/py_pid)
[2.239s] DEBUG:colcon.colcon_parallel_executor.executor.parallel:closing loop
[2.240s] DEBUG:colcon.colcon_parallel_executor.executor.parallel:loop closed
[2.240s] DEBUG:colcon.colcon_parallel_executor.executor.parallel:run_until_complete finished with '0'
[2.240s] DEBUG:colcon.colcon_core.event_reactor:joining thread
[2.249s] INFO:colcon.colcon_core.plugin_system:Skipping extension 'colcon_notification.desktop_notification.terminal_notifier': Not used on non-Darwin systems
[2.249s] INFO:colcon.colcon_core.plugin_system:Skipping extension 'colcon_notification.desktop_notification.win32': Not used on non-Windows systems
[2.249s] INFO:colcon.colcon_notification.desktop_notification:Sending desktop notification using 'notify2'
[2.267s] DEBUG:colcon.colcon_core.event_reactor:joined thread
[2.268s] INFO:colcon.colcon_core.shell:Creating prefix script '/home/joe/workspaces/ros2_ws/install/local_setup.ps1'
[2.270s] INFO:colcon.colcon_core.shell:Creating prefix util module '/home/joe/workspaces/ros2_ws/install/_local_setup_util_ps1.py'
[2.273s] INFO:colcon.colcon_core.shell:Creating prefix chain script '/home/joe/workspaces/ros2_ws/install/setup.ps1'
[2.274s] INFO:colcon.colcon_core.shell:Creating prefix script '/home/joe/workspaces/ros2_ws/install/local_setup.sh'
[2.275s] INFO:colcon.colcon_core.shell:Creating prefix util module '/home/joe/workspaces/ros2_ws/install/_local_setup_util_sh.py'
[2.276s] INFO:colcon.colcon_core.shell:Creating prefix chain script '/home/joe/workspaces/ros2_ws/install/setup.sh'
[2.278s] INFO:colcon.colcon_core.shell:Creating prefix script '/home/joe/workspaces/ros2_ws/install/local_setup.bash'
[2.278s] INFO:colcon.colcon_core.shell:Creating prefix chain script '/home/joe/workspaces/ros2_ws/install/setup.bash'
[2.280s] INFO:colcon.colcon_core.shell:Creating prefix script '/home/joe/workspaces/ros2_ws/install/local_setup.zsh'
[2.281s] INFO:colcon.colcon_core.shell:Creating prefix chain script '/home/joe/workspaces/ros2_ws/install/setup.zsh'
