[0.125s] DEBUG:colcon:Command line arguments: ['/usr/bin/colcon', 'build', '--packages-select', 'py_pid']
[0.125s] DEBUG:colcon:Parsed command line arguments: Namespace(log_base=None, log_level=None, verb_name='build', build_base='build', install_base='install', merge_install=False, symlink_install=False, test_result_base=None, continue_on_error=False, executor='parallel', parallel_workers=8, event_handlers=None, ignore_user_meta=False, metas=['./colcon.meta'], base_paths=['.'], packages_ignore=None, packages_ignore_regex=None, paths=None, packages_up_to=None, packages_up_to_regex=None, packages_above=None, packages_above_and_dependencies=None, packages_above_depth=None, packages_select_by_dep=None, packages_skip_by_dep=None, packages_skip_up_to=None, packages_select_build_failed=False, packages_skip_build_finished=False, packages_select_test_failures=False, packages_skip_test_passed=False, packages_select=['py_pid'], packages_skip=None, packages_select_regex=None, packages_skip_regex=None, packages_start=None, packages_end=None, allow_overriding=[], cmake_args=None, cmake_target=None, cmake_target_skip_unavailable=False, cmake_clean_cache=False, cmake_clean_first=False, cmake_force_configure=False, ament_cmake_args=None, catkin_cmake_args=None, catkin_skip_building_tests=False, verb_parser=<colcon_defaults.argument_parser.defaults.DefaultArgumentsDecorator object at 0x72e172b50070>, verb_extension=<colcon_core.verb.build.BuildVerb object at 0x72e172cbcfd0>, main=<bound method BuildVerb.main of <colcon_core.verb.build.BuildVerb object at 0x72e172cbcfd0>>)
[0.305s] Level 1:colcon.colcon_core.package_discovery:discover_packages(colcon_meta) check parameters
[0.305s] Level 1:colcon.colcon_core.package_discovery:discover_packages(recursive) check parameters
[0.305s] Level 1:colcon.colcon_core.package_discovery:discover_packages(ignore) check parameters
[0.305s] Level 1:colcon.colcon_core.package_discovery:discover_packages(path) check parameters
[0.305s] Level 1:colcon.colcon_core.package_discovery:discover_packages(colcon_meta) discover
[0.305s] Level 1:colcon.colcon_core.package_discovery:discover_packages(recursive) discover
[0.305s] INFO:colcon.colcon_core.package_discovery:Crawling recursively for packages in '/home/joe/workspaces/ros2_ws/src'
[0.305s] Level 1:colcon.colcon_core.package_identification:_identify(.) by extensions ['ignore', 'ignore_ament_install']
[0.306s] Level 1:colcon.colcon_core.package_identification:_identify(.) by extension 'ignore'
[0.306s] Level 1:colcon.colcon_core.package_identification:_identify(.) by extension 'ignore_ament_install'
[0.306s] Level 1:colcon.colcon_core.package_identification:_identify(.) by extensions ['colcon_pkg']
[0.306s] Level 1:colcon.colcon_core.package_identification:_identify(.) by extension 'colcon_pkg'
[0.306s] Level 1:colcon.colcon_core.package_identification:_identify(.) by extensions ['colcon_meta']
[0.306s] Level 1:colcon.colcon_core.package_identification:_identify(.) by extension 'colcon_meta'
[0.306s] Level 1:colcon.colcon_core.package_identification:_identify(.) by extensions ['ros']
[0.306s] Level 1:colcon.colcon_core.package_identification:_identify(.) by extension 'ros'
[0.319s] Level 1:colcon.colcon_core.package_identification:_identify(.) by extensions ['cmake', 'python']
[0.319s] Level 1:colcon.colcon_core.package_identification:_identify(.) by extension 'cmake'
[0.319s] Level 1:colcon.colcon_core.package_identification:_identify(.) by extension 'python'
[0.319s] Level 1:colcon.colcon_core.package_identification:_identify(.) by extensions ['python_setup_py']
[0.319s] Level 1:colcon.colcon_core.package_identification:_identify(.) by extension 'python_setup_py'
[0.319s] Level 1:colcon.colcon_core.package_identification:_identify(build) by extensions ['ignore', 'ignore_ament_install']
[0.319s] Level 1:colcon.colcon_core.package_identification:_identify(build) by extension 'ignore'
[0.319s] Level 1:colcon.colcon_core.package_identification:_identify(build) ignored
[0.320s] Level 1:colcon.colcon_core.package_identification:_identify(install) by extensions ['ignore', 'ignore_ament_install']
[0.320s] Level 1:colcon.colcon_core.package_identification:_identify(install) by extension 'ignore'
[0.320s] Level 1:colcon.colcon_core.package_identification:_identify(install) ignored
[0.320s] Level 1:colcon.colcon_core.package_identification:_identify(log) by extensions ['ignore', 'ignore_ament_install']
[0.320s] Level 1:colcon.colcon_core.package_identification:_identify(log) by extension 'ignore'
[0.320s] Level 1:colcon.colcon_core.package_identification:_identify(log) ignored
[0.320s] Level 1:colcon.colcon_core.package_identification:_identify(py_controller_pub) by extensions ['ignore', 'ignore_ament_install']
[0.320s] Level 1:colcon.colcon_core.package_identification:_identify(py_controller_pub) by extension 'ignore'
[0.320s] Level 1:colcon.colcon_core.package_identification:_identify(py_controller_pub) by extension 'ignore_ament_install'
[0.320s] Level 1:colcon.colcon_core.package_identification:_identify(py_controller_pub) by extensions ['colcon_pkg']
[0.320s] Level 1:colcon.colcon_core.package_identification:_identify(py_controller_pub) by extension 'colcon_pkg'
[0.320s] Level 1:colcon.colcon_core.package_identification:_identify(py_controller_pub) by extensions ['colcon_meta']
[0.320s] Level 1:colcon.colcon_core.package_identification:_identify(py_controller_pub) by extension 'colcon_meta'
[0.321s] Level 1:colcon.colcon_core.package_identification:_identify(py_controller_pub) by extensions ['ros']
[0.321s] Level 1:colcon.colcon_core.package_identification:_identify(py_controller_pub) by extension 'ros'
[0.323s] DEBUG:colcon.colcon_core.package_identification:Package 'py_controller_pub' with type 'ros.ament_python' and name 'py_controller_pub'
[0.323s] Level 1:colcon.colcon_core.package_identification:_identify(py_pid) by extensions ['ignore', 'ignore_ament_install']
[0.323s] Level 1:colcon.colcon_core.package_identification:_identify(py_pid) by extension 'ignore'
[0.323s] Level 1:colcon.colcon_core.package_identification:_identify(py_pid) by extension 'ignore_ament_install'
[0.324s] Level 1:colcon.colcon_core.package_identification:_identify(py_pid) by extensions ['colcon_pkg']
[0.324s] Level 1:colcon.colcon_core.package_identification:_identify(py_pid) by extension 'colcon_pkg'
[0.324s] Level 1:colcon.colcon_core.package_identification:_identify(py_pid) by extensions ['colcon_meta']
[0.324s] Level 1:colcon.colcon_core.package_identification:_identify(py_pid) by extension 'colcon_meta'
[0.324s] Level 1:colcon.colcon_core.package_identification:_identify(py_pid) by extensions ['ros']
[0.324s] Level 1:colcon.colcon_core.package_identification:_identify(py_pid) by extension 'ros'
[0.324s] DEBUG:colcon.colcon_core.package_identification:Failed to parse potential ROS package manifest in'py_pid': Error(s) in package 'py_pid/package.xml':
The manifest contains invalid XML:
not well-formed (invalid token): line 7, column 45
[0.324s] Level 1:colcon.colcon_core.package_identification:_identify(py_pid) by extensions ['cmake', 'python']
[0.324s] Level 1:colcon.colcon_core.package_identification:_identify(py_pid) by extension 'cmake'
[0.324s] Level 1:colcon.colcon_core.package_identification:_identify(py_pid) by extension 'python'
[0.324s] DEBUG:colcon.colcon_core.package_identification:Python package in 'py_pid' passes arguments to the setup() function which requires a different identification extension than 'python'
[0.324s] Level 1:colcon.colcon_core.package_identification:_identify(py_pid) by extensions ['python_setup_py']
[0.325s] Level 1:colcon.colcon_core.package_identification:_identify(py_pid) by extension 'python_setup_py'
[0.599s] DEBUG:colcon.colcon_core.package_identification:Package 'py_pid' with type 'python' and name 'py_pid'
[0.599s] Level 1:colcon.colcon_core.package_discovery:discover_packages(recursive) using defaults
[0.599s] Level 1:colcon.colcon_core.package_discovery:discover_packages(ignore) discover
[0.599s] Level 1:colcon.colcon_core.package_discovery:discover_packages(ignore) using defaults
[0.599s] Level 1:colcon.colcon_core.package_discovery:discover_packages(path) discover
[0.599s] Level 1:colcon.colcon_core.package_discovery:discover_packages(path) using defaults
[0.623s] INFO:colcon.colcon_core.package_selection:Skipping not selected package 'py_controller_pub' in 'py_controller_pub'
[0.623s] Level 1:colcon.colcon_core.package_discovery:discover_packages(prefix_path) check parameters
[0.623s] Level 1:colcon.colcon_core.package_discovery:discover_packages(prefix_path) discover
[0.625s] DEBUG:colcon.colcon_installed_package_information.package_discovery:Found 1 installed packages in /home/joe/workspaces/ros2_ws/src/install
[0.626s] DEBUG:colcon.colcon_installed_package_information.package_discovery:Found 1 installed packages in /home/joe/workspaces/ros2_ws/install
[0.628s] DEBUG:colcon.colcon_installed_package_information.package_discovery:Found 270 installed packages in /opt/ros/humble
[0.630s] Level 1:colcon.colcon_core.package_discovery:discover_packages(prefix_path) using defaults
[0.689s] Level 5:colcon.colcon_core.verb:set package 'py_pid' build argument 'cmake_args' from command line to 'None'
[0.689s] Level 5:colcon.colcon_core.verb:set package 'py_pid' build argument 'cmake_target' from command line to 'None'
[0.689s] Level 5:colcon.colcon_core.verb:set package 'py_pid' build argument 'cmake_target_skip_unavailable' from command line to 'False'
[0.689s] Level 5:colcon.colcon_core.verb:set package 'py_pid' build argument 'cmake_clean_cache' from command line to 'False'
[0.689s] Level 5:colcon.colcon_core.verb:set package 'py_pid' build argument 'cmake_clean_first' from command line to 'False'
[0.689s] Level 5:colcon.colcon_core.verb:set package 'py_pid' build argument 'cmake_force_configure' from command line to 'False'
[0.689s] Level 5:colcon.colcon_core.verb:set package 'py_pid' build argument 'ament_cmake_args' from command line to 'None'
[0.689s] Level 5:colcon.colcon_core.verb:set package 'py_pid' build argument 'catkin_cmake_args' from command line to 'None'
[0.689s] Level 5:colcon.colcon_core.verb:set package 'py_pid' build argument 'catkin_skip_building_tests' from command line to 'False'
[0.689s] DEBUG:colcon.colcon_core.verb:Building package 'py_pid' with the following arguments: {'ament_cmake_args': None, 'build_base': '/home/joe/workspaces/ros2_ws/src/build/py_pid', 'catkin_cmake_args': None, 'catkin_skip_building_tests': False, 'cmake_args': None, 'cmake_clean_cache': False, 'cmake_clean_first': False, 'cmake_force_configure': False, 'cmake_target': None, 'cmake_target_skip_unavailable': False, 'install_base': '/home/joe/workspaces/ros2_ws/src/install/py_pid', 'merge_install': False, 'path': '/home/joe/workspaces/ros2_ws/src/py_pid', 'symlink_install': False, 'test_result_base': None}
[0.689s] INFO:colcon.colcon_core.executor:Executing jobs using 'parallel' executor
[0.690s] DEBUG:colcon.colcon_parallel_executor.executor.parallel:run_until_complete
[0.690s] INFO:colcon.colcon_core.task.python.build:Building Python package in '/home/joe/workspaces/ros2_ws/src/py_pid'
[0.693s] INFO:colcon.colcon_core.plugin_system:Skipping extension 'colcon_core.shell.bat': Not used on non-Windows systems
[0.693s] INFO:colcon.colcon_core.shell:Skip shell extension 'powershell' for command environment: Not usable outside of PowerShell
[0.693s] DEBUG:colcon.colcon_core.shell:Skip shell extension 'dsv' for command environment
[1.384s] DEBUG:colcon.colcon_core.event_handler.log_command:Invoking command in '/home/joe/workspaces/ros2_ws/src/py_pid': PYTHONPATH=/home/joe/workspaces/ros2_ws/src/build/py_pid/prefix_override:/home/joe/workspaces/ros2_ws/src/install/py_pid/lib/python3.10/site-packages:${PYTHONPATH} /usr/bin/python3 -W ignore:setup.py install is deprecated setup.py egg_info --egg-base ../build/py_pid build --build-base /home/joe/workspaces/ros2_ws/src/build/py_pid/build install --record /home/joe/workspaces/ros2_ws/src/build/py_pid/install.log --single-version-externally-managed install_data
[1.723s] DEBUG:colcon.colcon_core.event_handler.log_command:Invoked command in '/home/joe/workspaces/ros2_ws/src/py_pid' returned '0': PYTHONPATH=/home/joe/workspaces/ros2_ws/src/build/py_pid/prefix_override:/home/joe/workspaces/ros2_ws/src/install/py_pid/lib/python3.10/site-packages:${PYTHONPATH} /usr/bin/python3 -W ignore:setup.py install is deprecated setup.py egg_info --egg-base ../build/py_pid build --build-base /home/joe/workspaces/ros2_ws/src/build/py_pid/build install --record /home/joe/workspaces/ros2_ws/src/build/py_pid/install.log --single-version-externally-managed install_data
[1.727s] Level 1:colcon.colcon_core.environment:checking '/home/joe/workspaces/ros2_ws/src/install/py_pid' for CMake module files
[1.727s] Level 1:colcon.colcon_core.environment:checking '/home/joe/workspaces/ros2_ws/src/install/py_pid' for CMake config files
[1.728s] Level 1:colcon.colcon_core.environment:checking '/home/joe/workspaces/ros2_ws/src/install/py_pid/lib'
[1.729s] Level 1:colcon.colcon_core.environment:checking '/home/joe/workspaces/ros2_ws/src/install/py_pid/bin'
[1.729s] Level 1:colcon.colcon_core.environment:checking '/home/joe/workspaces/ros2_ws/src/install/py_pid/lib/pkgconfig/py_pid.pc'
[1.729s] Level 1:colcon.colcon_core.environment:checking '/home/joe/workspaces/ros2_ws/src/install/py_pid/lib/python3.10/site-packages'
[1.729s] Level 1:colcon.colcon_core.shell:create_environment_hook('py_pid', 'pythonpath')
[1.730s] INFO:colcon.colcon_core.shell:Creating environment hook '/home/joe/workspaces/ros2_ws/src/install/py_pid/share/py_pid/hook/pythonpath.ps1'
[1.731s] INFO:colcon.colcon_core.shell:Creating environment descriptor '/home/joe/workspaces/ros2_ws/src/install/py_pid/share/py_pid/hook/pythonpath.dsv'
[1.731s] INFO:colcon.colcon_core.shell:Creating environment hook '/home/joe/workspaces/ros2_ws/src/install/py_pid/share/py_pid/hook/pythonpath.sh'
[1.732s] Level 1:colcon.colcon_core.environment:checking '/home/joe/workspaces/ros2_ws/src/install/py_pid/bin'
[1.732s] Level 1:colcon.colcon_core.environment:create_environment_scripts_only(py_pid)
[1.733s] INFO:colcon.colcon_core.shell:Creating package script '/home/joe/workspaces/ros2_ws/src/install/py_pid/share/py_pid/package.ps1'
[1.734s] INFO:colcon.colcon_core.shell:Creating package descriptor '/home/joe/workspaces/ros2_ws/src/install/py_pid/share/py_pid/package.dsv'
[1.734s] INFO:colcon.colcon_core.shell:Creating package script '/home/joe/workspaces/ros2_ws/src/install/py_pid/share/py_pid/package.sh'
[1.735s] INFO:colcon.colcon_core.shell:Creating package script '/home/joe/workspaces/ros2_ws/src/install/py_pid/share/py_pid/package.bash'
[1.736s] INFO:colcon.colcon_core.shell:Creating package script '/home/joe/workspaces/ros2_ws/src/install/py_pid/share/py_pid/package.zsh'
[1.737s] Level 1:colcon.colcon_core.environment:create_file_with_runtime_dependencies(/home/joe/workspaces/ros2_ws/src/install/py_pid/share/colcon-core/packages/py_pid)
[1.738s] DEBUG:colcon.colcon_parallel_executor.executor.parallel:closing loop
[1.738s] DEBUG:colcon.colcon_parallel_executor.executor.parallel:loop closed
[1.738s] DEBUG:colcon.colcon_parallel_executor.executor.parallel:run_until_complete finished with '0'
[1.738s] DEBUG:colcon.colcon_core.event_reactor:joining thread
[1.745s] INFO:colcon.colcon_core.plugin_system:Skipping extension 'colcon_notification.desktop_notification.terminal_notifier': Not used on non-Darwin systems
[1.745s] INFO:colcon.colcon_core.plugin_system:Skipping extension 'colcon_notification.desktop_notification.win32': Not used on non-Windows systems
[1.745s] INFO:colcon.colcon_notification.desktop_notification:Sending desktop notification using 'notify2'
[1.762s] DEBUG:colcon.colcon_core.event_reactor:joined thread
[1.763s] INFO:colcon.colcon_core.shell:Creating prefix script '/home/joe/workspaces/ros2_ws/src/install/local_setup.ps1'
[1.764s] INFO:colcon.colcon_core.shell:Creating prefix util module '/home/joe/workspaces/ros2_ws/src/install/_local_setup_util_ps1.py'
[1.766s] INFO:colcon.colcon_core.shell:Creating prefix chain script '/home/joe/workspaces/ros2_ws/src/install/setup.ps1'
[1.768s] INFO:colcon.colcon_core.shell:Creating prefix script '/home/joe/workspaces/ros2_ws/src/install/local_setup.sh'
[1.769s] INFO:colcon.colcon_core.shell:Creating prefix util module '/home/joe/workspaces/ros2_ws/src/install/_local_setup_util_sh.py'
[1.770s] INFO:colcon.colcon_core.shell:Creating prefix chain script '/home/joe/workspaces/ros2_ws/src/install/setup.sh'
[1.771s] INFO:colcon.colcon_core.shell:Creating prefix script '/home/joe/workspaces/ros2_ws/src/install/local_setup.bash'
[1.772s] INFO:colcon.colcon_core.shell:Creating prefix chain script '/home/joe/workspaces/ros2_ws/src/install/setup.bash'
[1.774s] INFO:colcon.colcon_core.shell:Creating prefix script '/home/joe/workspaces/ros2_ws/src/install/local_setup.zsh'
[1.774s] INFO:colcon.colcon_core.shell:Creating prefix chain script '/home/joe/workspaces/ros2_ws/src/install/setup.zsh'
