[2.933s] Invoking command in '/home/joe/workspaces/ros2_ws/src/py_launch': PYTHONPATH=/home/joe/workspaces/ros2_ws/build/py_launch/prefix_override:/home/joe/workspaces/ros2_ws/install/py_launch/lib/python3.10/site-packages:${PYTHONPATH} /usr/bin/python3 -W ignore:setup.py install is deprecated setup.py egg_info --egg-base ../../build/py_launch build --build-base /home/joe/workspaces/ros2_ws/build/py_launch/build install --record /home/joe/workspaces/ros2_ws/build/py_launch/install.log --single-version-externally-managed install_data
[3.493s] running egg_info
[3.494s] writing ../../build/py_launch/py_launch.egg-info/PKG-INFO
[3.494s] writing dependency_links to ../../build/py_launch/py_launch.egg-info/dependency_links.txt
[3.494s] writing entry points to ../../build/py_launch/py_launch.egg-info/entry_points.txt
[3.494s] writing requirements to ../../build/py_launch/py_launch.egg-info/requires.txt
[3.495s] writing top-level names to ../../build/py_launch/py_launch.egg-info/top_level.txt
[3.504s] reading manifest file '../../build/py_launch/py_launch.egg-info/SOURCES.txt'
[3.504s] writing manifest file '../../build/py_launch/py_launch.egg-info/SOURCES.txt'
[3.504s] running build
[3.505s] running build_py
[3.505s] running install
[3.505s] running install_lib
[3.506s] running install_data
[3.506s] running install_egg_info
[3.510s] removing '/home/joe/workspaces/ros2_ws/install/py_launch/lib/python3.10/site-packages/py_launch-0.0.0-py3.10.egg-info' (and everything under it)
[3.511s] Copying ../../build/py_launch/py_launch.egg-info to /home/joe/workspaces/ros2_ws/install/py_launch/lib/python3.10/site-packages/py_launch-0.0.0-py3.10.egg-info
[3.512s] running install_scripts
[3.550s] writing list of installed files to '/home/joe/workspaces/ros2_ws/build/py_launch/install.log'
[3.599s] Invoked command in '/home/joe/workspaces/ros2_ws/src/py_launch' returned '0': PYTHONPATH=/home/joe/workspaces/ros2_ws/build/py_launch/prefix_override:/home/joe/workspaces/ros2_ws/install/py_launch/lib/python3.10/site-packages:${PYTHONPATH} /usr/bin/python3 -W ignore:setup.py install is deprecated setup.py egg_info --egg-base ../../build/py_launch build --build-base /home/joe/workspaces/ros2_ws/build/py_launch/build install --record /home/joe/workspaces/ros2_ws/build/py_launch/install.log --single-version-externally-managed install_data
