[2.161s] Invoking command in '/home/joe/workspaces/ros2_ws/src/py_launch': PYTHONPATH=/home/joe/workspaces/ros2_ws/src/build/py_launch/prefix_override:/home/joe/workspaces/ros2_ws/src/install/py_launch/lib/python3.10/site-packages:${PYTHONPATH} /usr/bin/python3 -W ignore:setup.py install is deprecated setup.py egg_info --egg-base ../build/py_launch build --build-base /home/joe/workspaces/ros2_ws/src/build/py_launch/build install --record /home/joe/workspaces/ros2_ws/src/build/py_launch/install.log --single-version-externally-managed install_data
[2.648s] running egg_info
[2.649s] writing ../build/py_launch/py_launch.egg-info/PKG-INFO
[2.650s] writing dependency_links to ../build/py_launch/py_launch.egg-info/dependency_links.txt
[2.650s] writing entry points to ../build/py_launch/py_launch.egg-info/entry_points.txt
[2.650s] writing requirements to ../build/py_launch/py_launch.egg-info/requires.txt
[2.650s] writing top-level names to ../build/py_launch/py_launch.egg-info/top_level.txt
[2.654s] reading manifest file '../build/py_launch/py_launch.egg-info/SOURCES.txt'
[2.657s] writing manifest file '../build/py_launch/py_launch.egg-info/SOURCES.txt'
[2.657s] running build
[2.657s] running build_py
[2.657s] copying py_launch/launch.py -> /home/joe/workspaces/ros2_ws/src/build/py_launch/build/lib/py_launch
[2.658s] running install
[2.660s] running install_lib
[2.661s] copying /home/joe/workspaces/ros2_ws/src/build/py_launch/build/lib/py_launch/launch.py -> /home/joe/workspaces/ros2_ws/src/install/py_launch/lib/python3.10/site-packages/py_launch
[2.662s] byte-compiling /home/joe/workspaces/ros2_ws/src/install/py_launch/lib/python3.10/site-packages/py_launch/launch.py to launch.cpython-310.pyc
[2.662s] running install_data
[2.663s] copying py_launch/launch.py -> /home/joe/workspaces/ros2_ws/src/install/py_launch/share/py_launch
[2.663s] running install_egg_info
[2.669s] removing '/home/joe/workspaces/ros2_ws/src/install/py_launch/lib/python3.10/site-packages/py_launch-0.0.0-py3.10.egg-info' (and everything under it)
[2.670s] Copying ../build/py_launch/py_launch.egg-info to /home/joe/workspaces/ros2_ws/src/install/py_launch/lib/python3.10/site-packages/py_launch-0.0.0-py3.10.egg-info
[2.670s] running install_scripts
[2.713s] writing list of installed files to '/home/joe/workspaces/ros2_ws/src/build/py_launch/install.log'
[2.758s] Invoked command in '/home/joe/workspaces/ros2_ws/src/py_launch' returned '0': PYTHONPATH=/home/joe/workspaces/ros2_ws/src/build/py_launch/prefix_override:/home/joe/workspaces/ros2_ws/src/install/py_launch/lib/python3.10/site-packages:${PYTHONPATH} /usr/bin/python3 -W ignore:setup.py install is deprecated setup.py egg_info --egg-base ../build/py_launch build --build-base /home/joe/workspaces/ros2_ws/src/build/py_launch/build install --record /home/joe/workspaces/ros2_ws/src/build/py_launch/install.log --single-version-externally-managed install_data
