[0.706s] Invoking command in '/home/joe/workspaces/ros2_ws/src/py_launch': PYTHONPATH=/home/joe/workspaces/ros2_ws/build/py_launch/prefix_override:/home/joe/workspaces/ros2_ws/install/py_launch/lib/python3.10/site-packages:${PYTHONPATH} /usr/bin/python3 -W ignore:setup.py install is deprecated setup.py egg_info --egg-base ../../build/py_launch build --build-base /home/joe/workspaces/ros2_ws/build/py_launch/build install --record /home/joe/workspaces/ros2_ws/build/py_launch/install.log --single-version-externally-managed install_data
[0.980s] running egg_info
[0.981s] writing ../../build/py_launch/py_launch.egg-info/PKG-INFO
[0.981s] writing dependency_links to ../../build/py_launch/py_launch.egg-info/dependency_links.txt
[0.981s] writing entry points to ../../build/py_launch/py_launch.egg-info/entry_points.txt
[0.981s] writing requirements to ../../build/py_launch/py_launch.egg-info/requires.txt
[0.981s] writing top-level names to ../../build/py_launch/py_launch.egg-info/top_level.txt
[0.983s] reading manifest file '../../build/py_launch/py_launch.egg-info/SOURCES.txt'
[0.984s] writing manifest file '../../build/py_launch/py_launch.egg-info/SOURCES.txt'
[0.984s] running build
[0.984s] running build_py
[0.984s] running install
[0.985s] running install_lib
[0.986s] running install_data
[0.986s] running install_egg_info
[0.988s] removing '/home/joe/workspaces/ros2_ws/install/py_launch/lib/python3.10/site-packages/py_launch-0.0.0-py3.10.egg-info' (and everything under it)
[0.988s] Copying ../../build/py_launch/py_launch.egg-info to /home/joe/workspaces/ros2_ws/install/py_launch/lib/python3.10/site-packages/py_launch-0.0.0-py3.10.egg-info
[0.989s] running install_scripts
[1.013s] writing list of installed files to '/home/joe/workspaces/ros2_ws/build/py_launch/install.log'
[1.041s] Invoked command in '/home/joe/workspaces/ros2_ws/src/py_launch' returned '0': PYTHONPATH=/home/joe/workspaces/ros2_ws/build/py_launch/prefix_override:/home/joe/workspaces/ros2_ws/install/py_launch/lib/python3.10/site-packages:${PYTHONPATH} /usr/bin/python3 -W ignore:setup.py install is deprecated setup.py egg_info --egg-base ../../build/py_launch build --build-base /home/joe/workspaces/ros2_ws/build/py_launch/build install --record /home/joe/workspaces/ros2_ws/build/py_launch/install.log --single-version-externally-managed install_data
