[3.419s] Invoking command in '/home/joe/workspaces/ros2_ws/src/py_pid': PYTHONPATH=/home/joe/workspaces/ros2_ws/build/py_pid/prefix_override:/home/joe/workspaces/ros2_ws/install/py_pid/lib/python3.10/site-packages:${PYTHONPATH} /usr/bin/python3 -W ignore:setup.py install is deprecated setup.py egg_info --egg-base ../../build/py_pid build --build-base /home/joe/workspaces/ros2_ws/build/py_pid/build install --record /home/joe/workspaces/ros2_ws/build/py_pid/install.log --single-version-externally-managed install_data
[3.985s] running egg_info
[3.986s] writing ../../build/py_pid/py_pid.egg-info/PKG-INFO
[3.987s] writing dependency_links to ../../build/py_pid/py_pid.egg-info/dependency_links.txt
[3.987s] writing entry points to ../../build/py_pid/py_pid.egg-info/entry_points.txt
[3.989s] writing requirements to ../../build/py_pid/py_pid.egg-info/requires.txt
[3.989s] writing top-level names to ../../build/py_pid/py_pid.egg-info/top_level.txt
[3.992s] reading manifest file '../../build/py_pid/py_pid.egg-info/SOURCES.txt'
[3.994s] writing manifest file '../../build/py_pid/py_pid.egg-info/SOURCES.txt'
[3.994s] running build
[3.994s] running build_py
[3.995s] running install
[3.996s] running install_lib
[3.998s] running install_data
[3.998s] running install_egg_info
[4.002s] removing '/home/joe/workspaces/ros2_ws/install/py_pid/lib/python3.10/site-packages/py_pid-0.0.0-py3.10.egg-info' (and everything under it)
[4.009s] Copying ../../build/py_pid/py_pid.egg-info to /home/joe/workspaces/ros2_ws/install/py_pid/lib/python3.10/site-packages/py_pid-0.0.0-py3.10.egg-info
[4.016s] running install_scripts
[4.078s] Installing ball_control_pid script to /home/joe/workspaces/ros2_ws/install/py_pid/lib/py_pid
[4.080s] writing list of installed files to '/home/joe/workspaces/ros2_ws/build/py_pid/install.log'
[4.179s] Invoked command in '/home/joe/workspaces/ros2_ws/src/py_pid' returned '0': PYTHONPATH=/home/joe/workspaces/ros2_ws/build/py_pid/prefix_override:/home/joe/workspaces/ros2_ws/install/py_pid/lib/python3.10/site-packages:${PYTHONPATH} /usr/bin/python3 -W ignore:setup.py install is deprecated setup.py egg_info --egg-base ../../build/py_pid build --build-base /home/joe/workspaces/ros2_ws/build/py_pid/build install --record /home/joe/workspaces/ros2_ws/build/py_pid/install.log --single-version-externally-managed install_data
