[1.563s] Invoking command in '/home/joe/workspaces/ros2_ws/src/py_pid': PYTHONPATH=/home/joe/workspaces/ros2_ws/build/py_pid/prefix_override:/home/joe/workspaces/ros2_ws/install/py_pid/lib/python3.10/site-packages:${PYTHONPATH} /usr/bin/python3 -W ignore:setup.py install is deprecated setup.py egg_info --egg-base ../../build/py_pid build --build-base /home/joe/workspaces/ros2_ws/build/py_pid/build install --record /home/joe/workspaces/ros2_ws/build/py_pid/install.log --single-version-externally-managed install_data
[1.875s] running egg_info
[1.877s] writing ../../build/py_pid/py_pid.egg-info/PKG-INFO
[1.877s] writing dependency_links to ../../build/py_pid/py_pid.egg-info/dependency_links.txt
[1.877s] writing entry points to ../../build/py_pid/py_pid.egg-info/entry_points.txt
[1.877s] writing requirements to ../../build/py_pid/py_pid.egg-info/requires.txt
[1.877s] writing top-level names to ../../build/py_pid/py_pid.egg-info/top_level.txt
[1.879s] reading manifest file '../../build/py_pid/py_pid.egg-info/SOURCES.txt'
[1.880s] writing manifest file '../../build/py_pid/py_pid.egg-info/SOURCES.txt'
[1.880s] running build
[1.880s] running build_py
[1.881s] running install
[1.881s] running install_lib
[1.883s] running install_data
[1.883s] running install_egg_info
[1.885s] removing '/home/joe/workspaces/ros2_ws/install/py_pid/lib/python3.10/site-packages/py_pid-0.0.0-py3.10.egg-info' (and everything under it)
[1.885s] Copying ../../build/py_pid/py_pid.egg-info to /home/joe/workspaces/ros2_ws/install/py_pid/lib/python3.10/site-packages/py_pid-0.0.0-py3.10.egg-info
[1.886s] running install_scripts
[1.915s] Installing ball_control_pid script to /home/joe/workspaces/ros2_ws/install/py_pid/lib/py_pid
[1.915s] writing list of installed files to '/home/joe/workspaces/ros2_ws/build/py_pid/install.log'
[1.950s] Invoked command in '/home/joe/workspaces/ros2_ws/src/py_pid' returned '0': PYTHONPATH=/home/joe/workspaces/ros2_ws/build/py_pid/prefix_override:/home/joe/workspaces/ros2_ws/install/py_pid/lib/python3.10/site-packages:${PYTHONPATH} /usr/bin/python3 -W ignore:setup.py install is deprecated setup.py egg_info --egg-base ../../build/py_pid build --build-base /home/joe/workspaces/ros2_ws/build/py_pid/build install --record /home/joe/workspaces/ros2_ws/build/py_pid/install.log --single-version-externally-managed install_data
